#
# There is insufficient memory for the Java Runtime Environment to continue.
# Native memory allocation (malloc) failed to allocate 377008 bytes. Error detail: Chunk::new
# Possible reasons:
#   The system is out of physical RAM or swap space
#   This process is running with CompressedOops enabled, and the Java Heap may be blocking the growth of the native heap
# Possible solutions:
#   Reduce memory load on the system
#   Increase physical memory or swap space
#   Check if swap backing store is full
#   Decrease Java heap size (-Xmx/-Xms)
#   Decrease number of Java threads
#   Decrease Java thread stack sizes (-Xss)
#   Set larger code cache with -XX:ReservedCodeCacheSize=
#   JVM is running with Unscaled Compressed Oops mode in which the Java heap is
#     placed in the first 4GB address space. The Java Heap base address is the
#     maximum limit for the native heap growth. Please use -XX:HeapBaseMinAddress
#     to set the Java Heap base and to place the Java Heap above 4GB virtual address.
# This output file may be truncated or incomplete.
#
#  Out of Memory Error (arena.cpp:150), pid=11292, tid=8040
#
# JRE version: OpenJDK Runtime Environment (22.0.2+9) (build 22.0.2+9-70)
# Java VM: OpenJDK 64-Bit Server VM (22.0.2+9-70, mixed mode, sharing, tiered, compressed oops, compressed class ptrs, g1 gc, windows-amd64)
# No core dump will be written. Minidumps are not enabled by default on client versions of Windows
#

---------------  S U M M A R Y ------------

Command Line: -javaagent:C:\Users\Ric\AppData\Local\Programs\IntelliJ IDEA Community Edition\lib\idea_rt.jar=3996:C:\Users\Ric\AppData\Local\Programs\IntelliJ IDEA Community Edition\bin -Dfile.encoding=UTF-8 -Dsun.stdout.encoding=UTF-8 -Dsun.stderr.encoding=UTF-8 com.hasnreziga.auteur.AuteurApplication

Host: Intel(R) Core(TM) i5-3210M CPU @ 2.50GHz, 4 cores, 3G,  Windows 10 , 64 bit Build 19041 (10.0.19041.4842)
Time: Thu Sep 19 15:21:04 2024 E. Africa Standard Time elapsed time: 45.981085 seconds (0d 0h 0m 45s)

---------------  T H R E A D  ---------------

Current thread (0x000001ff41154b20):  JavaThread "C2 CompilerThread0" daemon [_thread_in_native, id=8040, stack(0x000000b251700000,0x000000b251800000) (1024K)]


Current CompileTask:
C2:45982 6135 %     4       java.util.Properties$LineReader::readLine @ 293 (584 bytes)

Stack: [0x000000b251700000,0x000000b251800000]
Native frames: (J=compiled Java code, j=interpreted, Vv=VM code, C=native code)
V  [jvm.dll+0x6e26e9]  (no source info available)
V  [jvm.dll+0x875753]  (no source info available)
V  [jvm.dll+0x877b7e]  (no source info available)
V  [jvm.dll+0x878253]  (no source info available)
V  [jvm.dll+0x27fc86]  (no source info available)
V  [jvm.dll+0xc3d0f]  (no source info available)
V  [jvm.dll+0xc3f6b]  (no source info available)
V  [jvm.dll+0x3bb47c]  (no source info available)
V  [jvm.dll+0x387d4b]  (no source info available)
V  [jvm.dll+0x3871ba]  (no source info available)
V  [jvm.dll+0x2477f8]  (no source info available)
V  [jvm.dll+0x246e9f]  (no source info available)
V  [jvm.dll+0x1c4e80]  (no source info available)
V  [jvm.dll+0x2568f3]  (no source info available)
V  [jvm.dll+0x254baa]  (no source info available)
V  [jvm.dll+0x3f57a6]  (no source info available)
V  [jvm.dll+0x81dc0b]  (no source info available)
V  [jvm.dll+0x6e0d85]  (no source info available)
C  [ucrtbase.dll+0x21bb2]  (no source info available)
C  [KERNEL32.DLL+0x17374]  (no source info available)
C  [ntdll.dll+0x4cc91]  (no source info available)


---------------  P R O C E S S  ---------------

Threads class SMR info:
_java_thread_list=0x000001ff4878b970, length=31, elements={
0x000001ff4113b080, 0x000001ff4113b7f0, 0x000001ff41144900, 0x000001ff41145580,
0x000001ff4114bc10, 0x000001ff41153d70, 0x000001ff41154b20, 0x000001ff411555f0,
0x000001ff411fde80, 0x000001ff415c2070, 0x000001ff417f8e90, 0x000001ff46d11e20,
0x000001ff46575d90, 0x000001ff465777d0, 0x000001ff46577140, 0x000001ff46577e60,
0x000001ff465749e0, 0x000001ff49235440, 0x000001ff49237510, 0x000001ff49236160,
0x000001ff49235ad0, 0x000001ff49234090, 0x000001ff492367f0, 0x000001ff49236e80,
0x000001ff49234720, 0x000001ff49234db0, 0x000001ff46c3e910, 0x000001ff46c43e60,
0x000001ff46c43140, 0x000001ff46c3efa0, 0x000001ff46c41d90
}

Java Threads: ( => current thread )
  0x000001ff4113b080 JavaThread "Reference Handler"          daemon [_thread_blocked, id=5912, stack(0x000000b251100000,0x000000b251200000) (1024K)]
  0x000001ff4113b7f0 JavaThread "Finalizer"                  daemon [_thread_blocked, id=1412, stack(0x000000b251200000,0x000000b251300000) (1024K)]
  0x000001ff41144900 JavaThread "Signal Dispatcher"          daemon [_thread_blocked, id=10456, stack(0x000000b251300000,0x000000b251400000) (1024K)]
  0x000001ff41145580 JavaThread "Attach Listener"            daemon [_thread_blocked, id=9268, stack(0x000000b251400000,0x000000b251500000) (1024K)]
  0x000001ff4114bc10 JavaThread "Service Thread"             daemon [_thread_blocked, id=11176, stack(0x000000b251500000,0x000000b251600000) (1024K)]
  0x000001ff41153d70 JavaThread "Monitor Deflation Thread"   daemon [_thread_blocked, id=11768, stack(0x000000b251600000,0x000000b251700000) (1024K)]
=>0x000001ff41154b20 JavaThread "C2 CompilerThread0"         daemon [_thread_in_native, id=8040, stack(0x000000b251700000,0x000000b251800000) (1024K)]
  0x000001ff411555f0 JavaThread "C1 CompilerThread0"         daemon [_thread_blocked, id=5536, stack(0x000000b251800000,0x000000b251900000) (1024K)]
  0x000001ff411fde80 JavaThread "Common-Cleaner"             daemon [_thread_blocked, id=6368, stack(0x000000b251900000,0x000000b251a00000) (1024K)]
  0x000001ff415c2070 JavaThread "Monitor Ctrl-Break"         daemon [_thread_in_native, id=2012, stack(0x000000b251a00000,0x000000b251b00000) (1024K)]
  0x000001ff417f8e90 JavaThread "Notification Thread"        daemon [_thread_blocked, id=3020, stack(0x000000b251b00000,0x000000b251c00000) (1024K)]
  0x000001ff46d11e20 JavaThread "Catalina-utility-1"                [_thread_blocked, id=8224, stack(0x000000b252100000,0x000000b252200000) (1024K)]
  0x000001ff46575d90 JavaThread "Catalina-utility-2"                [_thread_blocked, id=11288, stack(0x000000b252200000,0x000000b252300000) (1024K)]
  0x000001ff465777d0 JavaThread "container-0"                       [_thread_blocked, id=2424, stack(0x000000b252300000,0x000000b252400000) (1024K)]
  0x000001ff46577140 JavaThread "PostgreSQL-JDBC-Cleaner"    daemon [_thread_blocked, id=2400, stack(0x000000b252500000,0x000000b252600000) (1024K)]
  0x000001ff46577e60 JavaThread "HikariPool-1 housekeeper"   daemon [_thread_blocked, id=5152, stack(0x000000b252600000,0x000000b252700000) (1024K)]
  0x000001ff465749e0 JavaThread "File Watcher"               daemon [_thread_blocked, id=12096, stack(0x000000b252700000,0x000000b252800000) (1024K)]
  0x000001ff49235440 JavaThread "Live Reload Server"         daemon [_thread_in_native, id=10780, stack(0x000000b252900000,0x000000b252a00000) (1024K)]
  0x000001ff49237510 JavaThread "http-nio-8087-exec-1"       daemon [_thread_in_vm, id=4532, stack(0x000000b252800000,0x000000b252900000) (1024K)]
  0x000001ff49236160 JavaThread "http-nio-8087-exec-2"       daemon [_thread_blocked, id=10088, stack(0x000000b252a00000,0x000000b252b00000) (1024K)]
  0x000001ff49235ad0 JavaThread "http-nio-8087-exec-3"       daemon [_thread_blocked, id=8996, stack(0x000000b252b00000,0x000000b252c00000) (1024K)]
  0x000001ff49234090 JavaThread "http-nio-8087-exec-4"       daemon [_thread_blocked, id=11132, stack(0x000000b252c00000,0x000000b252d00000) (1024K)]
  0x000001ff492367f0 JavaThread "http-nio-8087-exec-5"       daemon [_thread_blocked, id=4408, stack(0x000000b252d00000,0x000000b252e00000) (1024K)]
  0x000001ff49236e80 JavaThread "http-nio-8087-exec-6"       daemon [_thread_blocked, id=9724, stack(0x000000b252e00000,0x000000b252f00000) (1024K)]
  0x000001ff49234720 JavaThread "http-nio-8087-exec-7"       daemon [_thread_blocked, id=11312, stack(0x000000b252f00000,0x000000b253000000) (1024K)]
  0x000001ff49234db0 JavaThread "http-nio-8087-exec-8"       daemon [_thread_blocked, id=9180, stack(0x000000b253000000,0x000000b253100000) (1024K)]
  0x000001ff46c3e910 JavaThread "http-nio-8087-exec-9"       daemon [_thread_blocked, id=1000, stack(0x000000b253100000,0x000000b253200000) (1024K)]
  0x000001ff46c43e60 JavaThread "http-nio-8087-exec-10"      daemon [_thread_blocked, id=4116, stack(0x000000b253200000,0x000000b253300000) (1024K)]
  0x000001ff46c43140 JavaThread "http-nio-8087-Poller"       daemon [_thread_in_native, id=5172, stack(0x000000b253300000,0x000000b253400000) (1024K)]
  0x000001ff46c3efa0 JavaThread "http-nio-8087-Acceptor"     daemon [_thread_in_native, id=8564, stack(0x000000b253400000,0x000000b253500000) (1024K)]
  0x000001ff46c41d90 JavaThread "DestroyJavaVM"                     [_thread_blocked, id=12264, stack(0x000000b250900000,0x000000b250a00000) (1024K)]
Total: 31

Other Threads:
  0x000001ff4111e050 VMThread "VM Thread"                           [id=10876, stack(0x000000b251000000,0x000000b251100000) (1024K)] _threads_hazard_ptr=0x000001ff4878b970
  0x000001ff4111ac60 WatcherThread "VM Periodic Task Thread"        [id=10400, stack(0x000000b250f00000,0x000000b251000000) (1024K)]
  0x000001ff4fed5b20 WorkerThread "GC Thread#0"                     [id=9764, stack(0x000000b250a00000,0x000000b250b00000) (1024K)]
  0x000001ff4111ef10 WorkerThread "GC Thread#1"                     [id=9304, stack(0x000000b251c00000,0x000000b251d00000) (1024K)]
  0x000001ff4111f2c0 WorkerThread "GC Thread#2"                     [id=9936, stack(0x000000b251d00000,0x000000b251e00000) (1024K)]
  0x000001ff4111eb60 WorkerThread "GC Thread#3"                     [id=9652, stack(0x000000b251e00000,0x000000b251f00000) (1024K)]
  0x000001ff4fede520 ConcurrentGCThread "G1 Main Marker"            [id=11040, stack(0x000000b250b00000,0x000000b250c00000) (1024K)]
  0x000001ff4fee0ca0 WorkerThread "G1 Conc#0"                       [id=7992, stack(0x000000b250c00000,0x000000b250d00000) (1024K)]
  0x000001ff4ff3ae20 ConcurrentGCThread "G1 Refine#0"               [id=8976, stack(0x000000b250d00000,0x000000b250e00000) (1024K)]
  0x000001ff4ff3b4c0 ConcurrentGCThread "G1 Service"                [id=10860, stack(0x000000b250e00000,0x000000b250f00000) (1024K)]
Total: 10

Threads with active compile tasks:
C2 CompilerThread0  46227 6135 %     4       java.util.Properties$LineReader::readLine @ 293 (584 bytes)
Total: 1

VM state: synchronizing (normal execution)

VM Mutex/Monitor currently owned by a thread:  ([mutex/lock_event])
[0x00007ff9cf71ab00] Metaspace_lock - owner thread: 0x000001ff49237510
[0x00007ff9cf71cb80] Threads_lock - owner thread: 0x000001ff4111e050
[0x00007ff9cf71cc80] Heap_lock - owner thread: 0x000001ff4fede520

Heap address: 0x00000000c2800000, size: 984 MB, Compressed Oops mode: 32-bit

CDS archive(s) mapped at: [0x000001ff00000000-0x000001ff00c60000-0x000001ff00c60000), size 12976128, SharedBaseAddress: 0x000001ff00000000, ArchiveRelocationMode: 1.
Compressed class space mapped at: 0x000001ff01000000-0x000001ff41000000, reserved size: 1073741824
Narrow klass base: 0x000001ff00000000, Narrow klass shift: 0, Narrow klass range: 0x41000000

GC Precious Log:
 CardTable entry size: 512
 Card Set container configuration: InlinePtr #cards 5 size 8 Array Of Cards #cards 12 size 40 Howl #buckets 4 coarsen threshold 1843 Howl Bitmap #cards 512 size 80 coarsen threshold 460 Card regions per heap region 1 cards per card region 2048
 CPUs: 4 total, 4 available
 Memory: 3933M
 Large Page Support: Disabled
 NUMA Support: Disabled
 Compressed Oops: Enabled (32-bit)
 Heap Region Size: 1M
 Heap Min Capacity: 8M
 Heap Initial Capacity: 62M
 Heap Max Capacity: 984M
 Pre-touch: Disabled
 Parallel Workers: 4
 Concurrent Workers: 1
 Concurrent Refinement Workers: 4
 Periodic GC: Disabled

Heap:
 garbage-first heap   total reserved 1007616K, committed 51200K, used 31917K [0x00000000c2800000, 0x0000000100000000)
  region size 1024K, 3 young (3072K), 2 survivors (2048K)
 Metaspace       used 66286K, committed 66944K, reserved 1114112K
  class space    used 9233K, committed 9536K, reserved 1048576K

Heap Regions: E=young(eden), S=young(survivor), O=old, HS=humongous(starts), HC=humongous(continues), CS=collection set, F=free, TAMS=top-at-mark-start, PB=parsable bottom
|   0|0x00000000c2800000, 0x00000000c2900000, 0x00000000c2900000|100%|HS|  |TAMS 0x00000000c2900000| PB 0x00000000c2800000| Complete |  0
|   1|0x00000000c2900000, 0x00000000c2a00000, 0x00000000c2a00000|100%| O|  |TAMS 0x00000000c2a00000| PB 0x00000000c2900000| Untracked |  0
|   2|0x00000000c2a00000, 0x00000000c2b00000, 0x00000000c2b00000|100%| O|  |TAMS 0x00000000c2b00000| PB 0x00000000c2a00000| Untracked |  0
|   3|0x00000000c2b00000, 0x00000000c2c00000, 0x00000000c2c00000|100%| O|  |TAMS 0x00000000c2c00000| PB 0x00000000c2b00000| Untracked |  0
|   4|0x00000000c2c00000, 0x00000000c2d00000, 0x00000000c2d00000|100%| O|  |TAMS 0x00000000c2d00000| PB 0x00000000c2c00000| Untracked |  0
|   5|0x00000000c2d00000, 0x00000000c2e00000, 0x00000000c2e00000|100%| O|  |TAMS 0x00000000c2e00000| PB 0x00000000c2d00000| Untracked |  0
|   6|0x00000000c2e00000, 0x00000000c2f00000, 0x00000000c2f00000|100%| O|  |TAMS 0x00000000c2f00000| PB 0x00000000c2e00000| Untracked |  0
|   7|0x00000000c2f00000, 0x00000000c3000000, 0x00000000c3000000|100%| O|  |TAMS 0x00000000c3000000| PB 0x00000000c2f00000| Untracked |  0
|   8|0x00000000c3000000, 0x00000000c3100000, 0x00000000c3100000|100%| O|  |TAMS 0x00000000c3100000| PB 0x00000000c3000000| Untracked |  0
|   9|0x00000000c3100000, 0x00000000c3200000, 0x00000000c3200000|100%| O|  |TAMS 0x00000000c3200000| PB 0x00000000c3100000| Untracked |  0
|  10|0x00000000c3200000, 0x00000000c3300000, 0x00000000c3300000|100%| O|  |TAMS 0x00000000c3300000| PB 0x00000000c3200000| Untracked |  0
|  11|0x00000000c3300000, 0x00000000c3400000, 0x00000000c3400000|100%| O|  |TAMS 0x00000000c3400000| PB 0x00000000c3300000| Untracked |  0
|  12|0x00000000c3400000, 0x00000000c3500000, 0x00000000c3500000|100%| O|  |TAMS 0x00000000c3500000| PB 0x00000000c3400000| Untracked |  0
|  13|0x00000000c3500000, 0x00000000c3600000, 0x00000000c3600000|100%| O|  |TAMS 0x00000000c3600000| PB 0x00000000c3500000| Untracked |  0
|  14|0x00000000c3600000, 0x00000000c3700000, 0x00000000c3700000|100%| O|  |TAMS 0x00000000c3700000| PB 0x00000000c3600000| Untracked |  0
|  15|0x00000000c3700000, 0x00000000c3800000, 0x00000000c3800000|100%| O|  |TAMS 0x00000000c3800000| PB 0x00000000c3700000| Untracked |  0
|  16|0x00000000c3800000, 0x00000000c3900000, 0x00000000c3900000|100%| O|  |TAMS 0x00000000c3800000| PB 0x00000000c3800000| Untracked |  0
|  17|0x00000000c3900000, 0x00000000c3a00000, 0x00000000c3a00000|100%| O|  |TAMS 0x00000000c3a00000| PB 0x00000000c3900000| Untracked |  0
|  18|0x00000000c3a00000, 0x00000000c3b00000, 0x00000000c3b00000|100%| O|  |TAMS 0x00000000c3b00000| PB 0x00000000c3a00000| Untracked |  0
|  19|0x00000000c3b00000, 0x00000000c3c00000, 0x00000000c3c00000|100%| O|  |TAMS 0x00000000c3c00000| PB 0x00000000c3b00000| Untracked |  0
|  20|0x00000000c3c00000, 0x00000000c3d00000, 0x00000000c3d00000|100%| O|  |TAMS 0x00000000c3d00000| PB 0x00000000c3c00000| Untracked |  0
|  21|0x00000000c3d00000, 0x00000000c3e00000, 0x00000000c3e00000|100%| O|  |TAMS 0x00000000c3e00000| PB 0x00000000c3d00000| Untracked |  0
|  22|0x00000000c3e00000, 0x00000000c3f00000, 0x00000000c3f00000|100%| O|  |TAMS 0x00000000c3f00000| PB 0x00000000c3e00000| Untracked |  0
|  23|0x00000000c3f00000, 0x00000000c4000000, 0x00000000c4000000|100%| O|  |TAMS 0x00000000c4000000| PB 0x00000000c3f00000| Untracked |  0
|  24|0x00000000c4000000, 0x00000000c4100000, 0x00000000c4100000|100%| O|  |TAMS 0x00000000c4100000| PB 0x00000000c4000000| Untracked |  0
|  25|0x00000000c4100000, 0x00000000c4200000, 0x00000000c4200000|100%| O|  |TAMS 0x00000000c4200000| PB 0x00000000c4100000| Untracked |  0
|  26|0x00000000c4200000, 0x00000000c4300000, 0x00000000c4300000|100%| O|  |TAMS 0x00000000c4300000| PB 0x00000000c4200000| Untracked |  0
|  27|0x00000000c4300000, 0x00000000c43ab9a0, 0x00000000c4400000| 67%| O|  |TAMS 0x00000000c4300000| PB 0x00000000c4300000| Untracked |  0
|  28|0x00000000c4400000, 0x00000000c4400000, 0x00000000c4500000|  0%| F|  |TAMS 0x00000000c4400000| PB 0x00000000c4400000| Untracked |  0
|  29|0x00000000c4500000, 0x00000000c457faf8, 0x00000000c4600000| 49%| S|CS|TAMS 0x00000000c4500000| PB 0x00000000c4500000| Complete |  0
|  30|0x00000000c4600000, 0x00000000c4700000, 0x00000000c4700000|100%| O|  |TAMS 0x00000000c4700000| PB 0x00000000c4600000| Untracked |  0
|  31|0x00000000c4700000, 0x00000000c4800000, 0x00000000c4800000|100%| O|  |TAMS 0x00000000c4796780| PB 0x00000000c4700000| Untracked |  0
|  32|0x00000000c4800000, 0x00000000c4900000, 0x00000000c4900000|100%| S|CS|TAMS 0x00000000c4800000| PB 0x00000000c4800000| Complete |  0
|  33|0x00000000c4900000, 0x00000000c4900000, 0x00000000c4a00000|  0%| F|  |TAMS 0x00000000c4900000| PB 0x00000000c4900000| Untracked |  0
|  34|0x00000000c4a00000, 0x00000000c4a00000, 0x00000000c4b00000|  0%| F|  |TAMS 0x00000000c4a00000| PB 0x00000000c4a00000| Untracked |  0
|  35|0x00000000c4b00000, 0x00000000c4b00000, 0x00000000c4c00000|  0%| F|  |TAMS 0x00000000c4b00000| PB 0x00000000c4b00000| Untracked |  0
|  36|0x00000000c4c00000, 0x00000000c4c00000, 0x00000000c4d00000|  0%| F|  |TAMS 0x00000000c4c00000| PB 0x00000000c4c00000| Untracked |  0
|  37|0x00000000c4d00000, 0x00000000c4d00000, 0x00000000c4e00000|  0%| F|  |TAMS 0x00000000c4d00000| PB 0x00000000c4d00000| Untracked |  0
|  38|0x00000000c4e00000, 0x00000000c4e00000, 0x00000000c4f00000|  0%| F|  |TAMS 0x00000000c4e00000| PB 0x00000000c4e00000| Untracked |  0
|  39|0x00000000c4f00000, 0x00000000c4f00000, 0x00000000c5000000|  0%| F|  |TAMS 0x00000000c4f00000| PB 0x00000000c4f00000| Untracked |  0
|  40|0x00000000c5000000, 0x00000000c5000000, 0x00000000c5100000|  0%| F|  |TAMS 0x00000000c5000000| PB 0x00000000c5000000| Untracked |  0
|  41|0x00000000c5100000, 0x00000000c5100000, 0x00000000c5200000|  0%| F|  |TAMS 0x00000000c5100000| PB 0x00000000c5100000| Untracked |  0
|  42|0x00000000c5200000, 0x00000000c5200000, 0x00000000c5300000|  0%| F|  |TAMS 0x00000000c5200000| PB 0x00000000c5200000| Untracked |  0
|  43|0x00000000c5300000, 0x00000000c5300000, 0x00000000c5400000|  0%| F|  |TAMS 0x00000000c5300000| PB 0x00000000c5300000| Untracked |  0
|  44|0x00000000c5400000, 0x00000000c5400000, 0x00000000c5500000|  0%| F|  |TAMS 0x00000000c5400000| PB 0x00000000c5400000| Untracked |  0
|  45|0x00000000c5500000, 0x00000000c5500000, 0x00000000c5600000|  0%| F|  |TAMS 0x00000000c5500000| PB 0x00000000c5500000| Untracked |  0
|  46|0x00000000c5600000, 0x00000000c5600000, 0x00000000c5700000|  0%| F|  |TAMS 0x00000000c5600000| PB 0x00000000c5600000| Untracked |  0
|  47|0x00000000c5700000, 0x00000000c5700000, 0x00000000c5800000|  0%| F|  |TAMS 0x00000000c5700000| PB 0x00000000c5700000| Untracked |  0
|  56|0x00000000c6000000, 0x00000000c6000000, 0x00000000c6100000|  0%| F|  |TAMS 0x00000000c6000000| PB 0x00000000c6000000| Untracked |  0
|  61|0x00000000c6500000, 0x00000000c65d71d8, 0x00000000c6600000| 84%| E|  |TAMS 0x00000000c6500000| PB 0x00000000c6500000| Complete |  0

Card table byte_map: [0x000001ff691e0000,0x000001ff693d0000] _byte_map_base: 0x000001ff68bcc000

Marking Bits: (CMBitMap*) 0x000001ff4fed6140
 Bits: [0x000001ff693d0000, 0x000001ff6a330000)

Polling page: 0x000001ff4ff60000

Metaspace:

Usage:
  Non-class:     55.72 MB used.
      Class:      9.02 MB used.
       Both:     64.73 MB used.

Virtual space:
  Non-class space:       64.00 MB reserved,      56.06 MB ( 88%) committed,  1 nodes.
      Class space:        1.00 GB reserved,       9.31 MB ( <1%) committed,  1 nodes.
             Both:        1.06 GB reserved,      65.38 MB (  6%) committed. 

Chunk freelists:
   Non-Class:  7.61 MB
       Class:  6.62 MB
        Both:  14.23 MB

MaxMetaspaceSize: unlimited
CompressedClassSpaceSize: 1.00 GB
Initial GC threshold: 21.00 MB
Current GC threshold: 98.38 MB
CDS: on
 - commit_granule_bytes: 65536.
 - commit_granule_words: 8192.
 - virtual_space_node_default_size: 8388608.
 - enlarge_chunks_in_place: 1.
 - use_allocation_guard: 0.


Internal statistics:

num_allocs_failed_limit: 9.
num_arena_births: 992.
num_arena_deaths: 0.
num_vsnodes_births: 2.
num_vsnodes_deaths: 0.
num_space_committed: 1046.
num_space_uncommitted: 0.
num_chunks_returned_to_freelist: 9.
num_chunks_taken_from_freelist: 3413.
num_chunk_merges: 9.
num_chunk_splits: 2429.
num_chunks_enlarged: 1852.
num_inconsistent_stats: 0.

CodeHeap 'non-profiled nmethods': size=120000Kb used=3267Kb max_used=3267Kb free=116732Kb
 bounds [0x000001ff614a0000, 0x000001ff617e0000, 0x000001ff689d0000]
CodeHeap 'profiled nmethods': size=120000Kb used=10260Kb max_used=10260Kb free=109739Kb
 bounds [0x000001ff599d0000, 0x000001ff5a3e0000, 0x000001ff60f00000]
CodeHeap 'non-nmethods': size=5760Kb used=1688Kb max_used=1729Kb free=4071Kb
 bounds [0x000001ff60f00000, 0x000001ff61170000, 0x000001ff614a0000]
 total_blobs=6225 nmethods=5503 adapters=625
 compilation: enabled
              stopped_count=0, restarted_count=0
 full_count=0

Compilation events (20 events):
Event: 45.459 Thread 0x000001ff411555f0 nmethod 6124 0x000001ff5a3c6c90 code [0x000001ff5a3c6e40, 0x000001ff5a3c7080]
Event: 45.827 Thread 0x000001ff41154b20 6125       4       jdk.internal.org.objectweb.asm.Frame::setLocal (65 bytes)
Event: 45.834 Thread 0x000001ff41154b20 nmethod 6125 0x000001ff617cdb10 code [0x000001ff617cdcc0, 0x000001ff617ce2c8]
Event: 45.834 Thread 0x000001ff41154b20 6130       4       java.lang.invoke.LambdaForm$Name::replaceNames (175 bytes)
Event: 45.835 Thread 0x000001ff411555f0 6132       3       java.nio.HeapByteBuffer::put (17 bytes)
Event: 45.835 Thread 0x000001ff411555f0 nmethod 6132 0x000001ff5a3c7190 code [0x000001ff5a3c7340, 0x000001ff5a3c75a0]
Event: 45.835 Thread 0x000001ff411555f0 6133   !   3       org.apache.tomcat.util.http.parser.HttpParser::isControl (9 bytes)
Event: 45.835 Thread 0x000001ff411555f0 nmethod 6133 0x000001ff5a3c7710 code [0x000001ff5a3c78a0, 0x000001ff5a3c7a10]
Event: 45.871 Thread 0x000001ff41154b20 nmethod 6130 0x000001ff617ce490 code [0x000001ff617ce6c0, 0x000001ff617cf6b0]
Event: 45.871 Thread 0x000001ff41154b20 6134       4       java.nio.HeapByteBuffer::get (14 bytes)
Event: 45.872 Thread 0x000001ff41154b20 nmethod 6134 0x000001ff617cfd10 code [0x000001ff617cfea0, 0x000001ff617cffa0]
Event: 45.932 Thread 0x000001ff41154b20 6135 %     4       java.util.Properties$LineReader::readLine @ 293 (584 bytes)
Event: 45.933 Thread 0x000001ff411555f0 6136       3       java.lang.invoke.MethodHandles::dropArgumentChecks (92 bytes)
Event: 45.936 Thread 0x000001ff411555f0 nmethod 6136 0x000001ff5a3c7b10 code [0x000001ff5a3c7f00, 0x000001ff5a3c9f68]
Event: 45.936 Thread 0x000001ff411555f0 6137       3       java.lang.invoke.BoundMethodHandle$Species_LL::speciesData (4 bytes)
Event: 45.936 Thread 0x000001ff411555f0 nmethod 6137 0x000001ff5a3ca990 code [0x000001ff5a3cab20, 0x000001ff5a3cac38]
Event: 45.947 Thread 0x000001ff411555f0 6142       3       java.lang.StringBuilder::append (8 bytes)
Event: 45.947 Thread 0x000001ff411555f0 nmethod 6142 0x000001ff5a3cad10 code [0x000001ff5a3caec0, 0x000001ff5a3cb010]
Event: 45.947 Thread 0x000001ff411555f0 6143       3       java.lang.AbstractStringBuilder::append (60 bytes)
Event: 45.948 Thread 0x000001ff411555f0 nmethod 6143 0x000001ff5a3cb090 code [0x000001ff5a3cb280, 0x000001ff5a3cb5c8]

GC Heap History (20 events):
Event: 9.895 GC heap before
{Heap before GC invocations=7 (full 0):
 garbage-first heap   total reserved 1007616K, committed 51200K, used 41124K [0x00000000c2800000, 0x0000000100000000)
  region size 1024K, 27 young (27648K), 3 survivors (3072K)
 Metaspace       used 29945K, committed 30464K, reserved 1114112K
  class space    used 3799K, committed 4032K, reserved 1048576K
}
Event: 9.903 GC heap after
{Heap after GC invocations=8 (full 0):
 garbage-first heap   total reserved 1007616K, committed 51200K, used 19228K [0x00000000c2800000, 0x0000000100000000)
  region size 1024K, 3 young (3072K), 3 survivors (3072K)
 Metaspace       used 29945K, committed 30464K, reserved 1114112K
  class space    used 3799K, committed 4032K, reserved 1048576K
}
Event: 12.391 GC heap before
{Heap before GC invocations=8 (full 0):
 garbage-first heap   total reserved 1007616K, committed 51200K, used 40732K [0x00000000c2800000, 0x0000000100000000)
  region size 1024K, 25 young (25600K), 3 survivors (3072K)
 Metaspace       used 34360K, committed 34880K, reserved 1114112K
  class space    used 4412K, committed 4672K, reserved 1048576K
}
Event: 12.399 GC heap after
{Heap after GC invocations=9 (full 0):
 garbage-first heap   total reserved 1007616K, committed 51200K, used 20621K [0x00000000c2800000, 0x0000000100000000)
  region size 1024K, 2 young (2048K), 2 survivors (2048K)
 Metaspace       used 34360K, committed 34880K, reserved 1114112K
  class space    used 4412K, committed 4672K, reserved 1048576K
}
Event: 12.611 GC heap before
{Heap before GC invocations=9 (full 0):
 garbage-first heap   total reserved 1007616K, committed 51200K, used 24717K [0x00000000c2800000, 0x0000000100000000)
  region size 1024K, 7 young (7168K), 2 survivors (2048K)
 Metaspace       used 35449K, committed 35968K, reserved 1114112K
  class space    used 4600K, committed 4800K, reserved 1048576K
}
Event: 12.615 GC heap after
{Heap after GC invocations=10 (full 0):
 garbage-first heap   total reserved 1007616K, committed 51200K, used 20638K [0x00000000c2800000, 0x0000000100000000)
  region size 1024K, 2 young (2048K), 2 survivors (2048K)
 Metaspace       used 35449K, committed 35968K, reserved 1114112K
  class space    used 4600K, committed 4800K, reserved 1048576K
}
Event: 14.547 GC heap before
{Heap before GC invocations=11 (full 0):
 garbage-first heap   total reserved 1007616K, committed 51200K, used 43166K [0x00000000c2800000, 0x0000000100000000)
  region size 1024K, 25 young (25600K), 2 survivors (2048K)
 Metaspace       used 42047K, committed 42624K, reserved 1114112K
  class space    used 5570K, committed 5824K, reserved 1048576K
}
Event: 14.552 GC heap after
{Heap after GC invocations=12 (full 0):
 garbage-first heap   total reserved 1007616K, committed 51200K, used 22190K [0x00000000c2800000, 0x0000000100000000)
  region size 1024K, 4 young (4096K), 4 survivors (4096K)
 Metaspace       used 42047K, committed 42624K, reserved 1114112K
  class space    used 5570K, committed 5824K, reserved 1048576K
}
Event: 15.534 GC heap before
{Heap before GC invocations=12 (full 0):
 garbage-first heap   total reserved 1007616K, committed 51200K, used 41646K [0x00000000c2800000, 0x0000000100000000)
  region size 1024K, 24 young (24576K), 4 survivors (4096K)
 Metaspace       used 46880K, committed 47488K, reserved 1114112K
  class space    used 6186K, committed 6464K, reserved 1048576K
}
Event: 15.542 GC heap after
{Heap after GC invocations=13 (full 0):
 garbage-first heap   total reserved 1007616K, committed 51200K, used 23247K [0x00000000c2800000, 0x0000000100000000)
  region size 1024K, 3 young (3072K), 3 survivors (3072K)
 Metaspace       used 46880K, committed 47488K, reserved 1114112K
  class space    used 6186K, committed 6464K, reserved 1048576K
}
Event: 17.567 GC heap before
{Heap before GC invocations=13 (full 0):
 garbage-first heap   total reserved 1007616K, committed 51200K, used 43727K [0x00000000c2800000, 0x0000000100000000)
  region size 1024K, 24 young (24576K), 3 survivors (3072K)
 Metaspace       used 52901K, committed 53504K, reserved 1114112K
  class space    used 7219K, committed 7488K, reserved 1048576K
}
Event: 17.574 GC heap after
{Heap after GC invocations=14 (full 0):
 garbage-first heap   total reserved 1007616K, committed 51200K, used 24249K [0x00000000c2800000, 0x0000000100000000)
  region size 1024K, 3 young (3072K), 3 survivors (3072K)
 Metaspace       used 52901K, committed 53504K, reserved 1114112K
  class space    used 7219K, committed 7488K, reserved 1048576K
}
Event: 19.196 GC heap before
{Heap before GC invocations=14 (full 0):
 garbage-first heap   total reserved 1007616K, committed 51200K, used 43705K [0x00000000c2800000, 0x0000000100000000)
  region size 1024K, 22 young (22528K), 3 survivors (3072K)
 Metaspace       used 57230K, committed 57856K, reserved 1114112K
  class space    used 7849K, committed 8128K, reserved 1048576K
}
Event: 19.203 GC heap after
{Heap after GC invocations=15 (full 0):
 garbage-first heap   total reserved 1007616K, committed 51200K, used 25598K [0x00000000c2800000, 0x0000000100000000)
  region size 1024K, 3 young (3072K), 3 survivors (3072K)
 Metaspace       used 57230K, committed 57856K, reserved 1114112K
  class space    used 7849K, committed 8128K, reserved 1048576K
}
Event: 19.691 GC heap before
{Heap before GC invocations=15 (full 0):
 garbage-first heap   total reserved 1007616K, committed 51200K, used 36862K [0x00000000c2800000, 0x0000000100000000)
  region size 1024K, 15 young (15360K), 3 survivors (3072K)
 Metaspace       used 59553K, committed 60160K, reserved 1114112K
  class space    used 8173K, committed 8448K, reserved 1048576K
}
Event: 19.699 GC heap after
{Heap after GC invocations=16 (full 0):
 garbage-first heap   total reserved 1007616K, committed 51200K, used 27045K [0x00000000c2800000, 0x0000000100000000)
  region size 1024K, 3 young (3072K), 3 survivors (3072K)
 Metaspace       used 59553K, committed 60160K, reserved 1114112K
  class space    used 8173K, committed 8448K, reserved 1048576K
}
Event: 20.704 GC heap before
{Heap before GC invocations=17 (full 0):
 garbage-first heap   total reserved 1007616K, committed 51200K, used 44453K [0x00000000c2800000, 0x0000000100000000)
  region size 1024K, 20 young (20480K), 3 survivors (3072K)
 Metaspace       used 62043K, committed 62720K, reserved 1114112K
  class space    used 8609K, committed 8896K, reserved 1048576K
}
Event: 20.713 GC heap after
{Heap after GC invocations=18 (full 0):
 garbage-first heap   total reserved 1007616K, committed 51200K, used 28628K [0x00000000c2800000, 0x0000000100000000)
  region size 1024K, 3 young (3072K), 3 survivors (3072K)
 Metaspace       used 62043K, committed 62720K, reserved 1114112K
  class space    used 8609K, committed 8896K, reserved 1048576K
}
Event: 21.468 GC heap before
{Heap before GC invocations=18 (full 0):
 garbage-first heap   total reserved 1007616K, committed 51200K, used 42964K [0x00000000c2800000, 0x0000000100000000)
  region size 1024K, 18 young (18432K), 3 survivors (3072K)
 Metaspace       used 63816K, committed 64512K, reserved 1114112K
  class space    used 8880K, committed 9152K, reserved 1048576K
}
Event: 21.478 GC heap after
{Heap after GC invocations=19 (full 0):
 garbage-first heap   total reserved 1007616K, committed 51200K, used 30297K [0x00000000c2800000, 0x0000000100000000)
  region size 1024K, 2 young (2048K), 2 survivors (2048K)
 Metaspace       used 63816K, committed 64512K, reserved 1114112K
  class space    used 8880K, committed 9152K, reserved 1048576K
}

Dll operation events (15 events):
Event: 0.031 Loaded shared library C:\Users\Ric\.jdks\openjdk-22.0.2\bin\java.dll
Event: 0.087 Loaded shared library C:\Users\Ric\.jdks\openjdk-22.0.2\bin\jsvml.dll
Event: 0.409 Loaded shared library C:\Users\Ric\.jdks\openjdk-22.0.2\bin\zip.dll
Event: 0.420 Loaded shared library C:\Users\Ric\.jdks\openjdk-22.0.2\bin\instrument.dll
Event: 0.429 Loaded shared library C:\Users\Ric\.jdks\openjdk-22.0.2\bin\net.dll
Event: 0.432 Loaded shared library C:\Users\Ric\.jdks\openjdk-22.0.2\bin\nio.dll
Event: 0.445 Loaded shared library C:\Users\Ric\.jdks\openjdk-22.0.2\bin\zip.dll
Event: 0.988 Loaded shared library C:\Users\Ric\AppData\Local\Programs\IntelliJ IDEA Community Edition\bin\breakgen64.dll
Event: 1.012 Loaded shared library C:\Users\Ric\.jdks\openjdk-22.0.2\bin\extnet.dll
Event: 1.122 Loaded shared library C:\Users\Ric\.jdks\openjdk-22.0.2\bin\jimage.dll
Event: 1.954 Loaded shared library C:\Users\Ric\.jdks\openjdk-22.0.2\bin\management.dll
Event: 1.958 Loaded shared library C:\Users\Ric\.jdks\openjdk-22.0.2\bin\management_ext.dll
Event: 3.263 Loaded shared library C:\Users\Ric\.jdks\openjdk-22.0.2\bin\le.dll
Event: 4.736 Loaded shared library C:\Users\Ric\.jdks\openjdk-22.0.2\bin\sunmscapi.dll
Event: 12.588 Loaded shared library C:\Users\Ric\.jdks\openjdk-22.0.2\bin\verify.dll

Deoptimization events (20 events):
Event: 21.577 Thread 0x000001ff41efc950 Uncommon trap: trap_request=0xffffff45 fr.pc=0x000001ff61541db4 relative=0x00000000000001f4
Event: 21.577 Thread 0x000001ff41efc950 Uncommon trap: reason=unstable_if action=reinterpret pc=0x000001ff61541db4 method=org.springframework.util.ClassUtils.isAssignable(Ljava/lang/Class;Ljava/lang/Class;)Z @ 26 c2
Event: 21.577 Thread 0x000001ff41efc950 DEOPT PACKING pc=0x000001ff61541db4 sp=0x000000b2520fe4e0
Event: 21.577 Thread 0x000001ff41efc950 DEOPT UNPACKING pc=0x000001ff60f546a2 sp=0x000000b2520fe488 mode 2
Event: 21.745 Thread 0x000001ff41efc950 Uncommon trap: trap_request=0xffffff45 fr.pc=0x000001ff61532838 relative=0x00000000000000f8
Event: 21.745 Thread 0x000001ff41efc950 Uncommon trap: reason=unstable_if action=reinterpret pc=0x000001ff61532838 method=java.lang.ref.ReferenceQueue.poll()Ljava/lang/ref/Reference; @ 4 c2
Event: 21.745 Thread 0x000001ff41efc950 DEOPT PACKING pc=0x000001ff61532838 sp=0x000000b2520feba0
Event: 21.745 Thread 0x000001ff41efc950 DEOPT UNPACKING pc=0x000001ff60f546a2 sp=0x000000b2520fea68 mode 2
Event: 21.796 Thread 0x000001ff41efc950 Uncommon trap: trap_request=0xffffff45 fr.pc=0x000001ff61755e24 relative=0x0000000000000e64
Event: 21.796 Thread 0x000001ff41efc950 Uncommon trap: reason=unstable_if action=reinterpret pc=0x000001ff61755e24 method=java.lang.String.<init>(Ljava/nio/charset/Charset;[BII)V @ 6 c2
Event: 21.796 Thread 0x000001ff41efc950 DEOPT PACKING pc=0x000001ff61755e24 sp=0x000000b2520fe0f0
Event: 21.796 Thread 0x000001ff41efc950 DEOPT UNPACKING pc=0x000001ff60f546a2 sp=0x000000b2520fe0c0 mode 2
Event: 21.813 Thread 0x000001ff41efc950 Uncommon trap: trap_request=0xffffff45 fr.pc=0x000001ff615c9b30 relative=0x0000000000000110
Event: 21.813 Thread 0x000001ff41efc950 Uncommon trap: reason=unstable_if action=reinterpret pc=0x000001ff615c9b30 method=java.util.ArrayList.indexOfRange(Ljava/lang/Object;II)I @ 7 c2
Event: 21.813 Thread 0x000001ff41efc950 DEOPT PACKING pc=0x000001ff615c9b30 sp=0x000000b2520fe8c0
Event: 21.813 Thread 0x000001ff41efc950 DEOPT UNPACKING pc=0x000001ff60f546a2 sp=0x000000b2520fe840 mode 2
Event: 21.832 Thread 0x000001ff41efc950 Uncommon trap: trap_request=0xffffff45 fr.pc=0x000001ff615fcaec relative=0x00000000000001ac
Event: 21.832 Thread 0x000001ff41efc950 Uncommon trap: reason=unstable_if action=reinterpret pc=0x000001ff615fcaec method=java.util.IdentityHashMap.nextKeyIndex(II)I @ 4 c2
Event: 21.832 Thread 0x000001ff41efc950 DEOPT PACKING pc=0x000001ff615fcaec sp=0x000000b2520fe3b0
Event: 21.832 Thread 0x000001ff41efc950 DEOPT UNPACKING pc=0x000001ff60f546a2 sp=0x000000b2520fe2c8 mode 2

Classes loaded (20 events):
Event: 45.415 Loading class java/nio/channels/WritePendingException
Event: 45.415 Loading class java/nio/channels/WritePendingException done
Event: 45.433 Loading class java/util/concurrent/Semaphore
Event: 45.438 Loading class java/util/concurrent/Semaphore done
Event: 45.438 Loading class java/util/concurrent/Semaphore$NonfairSync
Event: 45.442 Loading class java/util/concurrent/Semaphore$Sync
Event: 45.442 Loading class java/util/concurrent/Semaphore$Sync done
Event: 45.442 Loading class java/util/concurrent/Semaphore$NonfairSync done
Event: 45.442 Loading class sun/nio/ch/SocketAdaptor
Event: 45.447 Loading class sun/nio/ch/SocketAdaptor done
Event: 45.447 Loading class sun/nio/ch/SocketChannelImpl$DefaultOptionsHolder
Event: 45.453 Loading class sun/nio/ch/SocketChannelImpl$DefaultOptionsHolder done
Event: 45.458 Loading class sun/nio/ch/SelectionKeyImpl
Event: 45.463 Loading class java/nio/channels/spi/AbstractSelectionKey
Event: 45.467 Loading class java/nio/channels/SelectionKey
Event: 45.467 Loading class java/nio/channels/SelectionKey done
Event: 45.467 Loading class java/nio/channels/spi/AbstractSelectionKey done
Event: 45.467 Loading class sun/nio/ch/SelectionKeyImpl done
Event: 45.467 Loading class java/lang/invoke/ConstantBootstraps
Event: 45.474 Loading class java/lang/invoke/ConstantBootstraps done

Classes unloaded (0 events):
No events

Classes redefined (0 events):
No events

Internal exceptions (20 events):
Event: 18.499 Thread 0x000001ff41efc950 Exception <a 'java/lang/NoSuchMethodError'{0x00000000c50c0ca8}: 'java.lang.Object java.lang.invoke.DirectMethodHandle$Holder.invokeSpecial(java.lang.Object, java.lang.Object, java.lang.Object, java.lang.Object, java.lang.Object, java.lang.Object, java.lang.Object, java.lang.Object, int)'> (0x00000000c50c0ca8) 
thrown [s\open\src\hotspot\share\interpreter\linkResolver.cpp, line 774]
Event: 18.501 Thread 0x000001ff41efc950 Exception <a 'java/lang/NoSuchMethodError'{0x00000000c50c4cc0}: 'java.lang.Object java.lang.invoke.Invokers$Holder.linkToTargetMethod(java.lang.Object, java.lang.Object, java.lang.Object, java.lang.Object, java.lang.Object, java.lang.Object, int, java.lang.Object)'> (0x00000000c50c4cc0) 
thrown [s\open\src\hotspot\share\interpreter\linkResolver.cpp, line 774]
Event: 18.562 Thread 0x000001ff41efc950 Exception <a 'java/lang/NoSuchMethodError'{0x00000000c4f72c28}: 'void java.lang.invoke.DirectMethodHandle$Holder.invokeInterface(java.lang.Object, java.lang.Object)'> (0x00000000c4f72c28) 
thrown [s\open\src\hotspot\share\interpreter\linkResolver.cpp, line 774]
Event: 19.020 Thread 0x000001ff41efc950 Exception <a 'java/lang/NoSuchMethodError'{0x00000000c4b7c458}: 'java.lang.Object java.lang.invoke.DirectMethodHandle$Holder.invokeSpecial(java.lang.Object, java.lang.Object, int, java.lang.Object, int)'> (0x00000000c4b7c458) 
thrown [s\open\src\hotspot\share\interpreter\linkResolver.cpp, line 774]
Event: 19.075 Thread 0x000001ff41efc950 Exception <a 'java/lang/NoSuchMethodError'{0x00000000c4a43da0}: 'void java.lang.invoke.Invokers$Holder.invokeExact_MT(java.lang.Object, java.lang.Object, java.lang.Object, java.lang.Object)'> (0x00000000c4a43da0) 
thrown [s\open\src\hotspot\share\interpreter\linkResolver.cpp, line 774]
Event: 19.117 Thread 0x000001ff41efc950 Implicit null exception at 0x000001ff6173c4f3 to 0x000001ff6173c75c
Event: 19.138 Thread 0x000001ff41efc950 Implicit null exception at 0x000001ff6172e89a to 0x000001ff6172e8d4
Event: 19.212 Thread 0x000001ff41efc950 Exception <a 'java/lang/IncompatibleClassChangeError'{0x00000000c6547d48}: Found class java.lang.Object, but interface was expected> (0x00000000c6547d48) 
thrown [s\open\src\hotspot\share\interpreter\linkResolver.cpp, line 841]
Event: 19.229 Thread 0x000001ff41efc950 Exception <a 'java/lang/IncompatibleClassChangeError'{0x00000000c65cbd28}: Found class java.lang.Object, but interface was expected> (0x00000000c65cbd28) 
thrown [s\open\src\hotspot\share\interpreter\linkResolver.cpp, line 841]
Event: 19.285 Thread 0x000001ff41efc950 Exception <a 'java/lang/IncompatibleClassChangeError'{0x00000000c5756678}: Found class java.lang.Object, but interface was expected> (0x00000000c5756678) 
thrown [s\open\src\hotspot\share\interpreter\linkResolver.cpp, line 841]
Event: 19.615 Thread 0x000001ff41efc950 Exception <a 'java/lang/IncompatibleClassChangeError'{0x00000000c5067440}: Found class java.lang.Object, but interface was expected> (0x00000000c5067440) 
thrown [s\open\src\hotspot\share\interpreter\linkResolver.cpp, line 841]
Event: 19.768 Thread 0x000001ff41efc950 Exception <a 'java/lang/IncompatibleClassChangeError'{0x00000000c65d9810}: Found class java.lang.Object, but interface was expected> (0x00000000c65d9810) 
thrown [s\open\src\hotspot\share\interpreter\linkResolver.cpp, line 841]
Event: 20.128 Thread 0x000001ff41efc950 Implicit null exception at 0x000001ff61688904 to 0x000001ff61688aa0
Event: 20.205 Thread 0x000001ff41efc950 Exception <a 'java/lang/NoSuchMethodError'{0x00000000c52c7ba0}: 'java.lang.Object java.lang.invoke.DirectMethodHandle$Holder.newInvokeSpecial(java.lang.Object, java.lang.Object, java.lang.Object, java.lang.Object, java.lang.Object, java.lang.Object, java.lang.Object, java.lang.Object)'> (0x00000000c52c7ba0) 
thrown [s\open\src\hotspot\share\interpreter\linkResolver.cpp, line 774]
Event: 21.000 Thread 0x000001ff41efc950 Exception <a 'java/lang/IncompatibleClassChangeError'{0x00000000c5464910}: Found class java.lang.Object, but interface was expected> (0x00000000c5464910) 
thrown [s\open\src\hotspot\share\interpreter\linkResolver.cpp, line 841]
Event: 21.358 Thread 0x000001ff41efc950 Exception <a 'java/lang/NoSuchMethodError'{0x00000000c4ea0bf0}: 'void java.lang.invoke.DirectMethodHandle$Holder.invokeVirtual(java.lang.Object, java.lang.Object, long)'> (0x00000000c4ea0bf0) 
thrown [s\open\src\hotspot\share\interpreter\linkResolver.cpp, line 774]
Event: 21.561 Thread 0x000001ff41efc950 Exception <a 'java/lang/IncompatibleClassChangeError'{0x00000000c60fa010}: Found class java.lang.Object, but interface was expected> (0x00000000c60fa010) 
thrown [s\open\src\hotspot\share\interpreter\linkResolver.cpp, line 841]
Event: 21.747 Thread 0x000001ff41efc950 Exception <a 'java/lang/NoSuchMethodError'{0x00000000c5247e58}: 'java.lang.Object java.lang.invoke.DirectMethodHandle$Holder.newInvokeSpecial(java.lang.Object, java.lang.Object, int, java.lang.Object, java.lang.Object)'> (0x00000000c5247e58) 
thrown [s\open\src\hotspot\share\interpreter\linkResolver.cpp, line 774]
Event: 45.831 Thread 0x000001ff49237510 Exception <a 'java/lang/NoSuchMethodError'{0x00000000c4db15d0}: 'java.lang.Object java.lang.invoke.DirectMethodHandle$Holder.invokeSpecial(java.lang.Object, java.lang.Object, java.lang.Object, java.lang.Object, java.lang.Object, long)'> (0x00000000c4db15d0) 
thrown [s\open\src\hotspot\share\interpreter\linkResolver.cpp, line 774]
Event: 45.831 Thread 0x000001ff49237510 Exception <a 'java/lang/NoSuchMethodError'{0x00000000c4db4d90}: 'java.lang.Object java.lang.invoke.Invokers$Holder.linkToTargetMethod(java.lang.Object, java.lang.Object, java.lang.Object, long, java.lang.Object)'> (0x00000000c4db4d90) 
thrown [s\open\src\hotspot\share\interpreter\linkResolver.cpp, line 774]

ZGC Phase Switch (0 events):
No events

VM Operations (20 events):
Event: 20.682 Executing VM operation: HandshakeAllThreads (Deoptimize)
Event: 20.682 Executing VM operation: HandshakeAllThreads (Deoptimize) done
Event: 20.704 Executing VM operation: G1CollectForAllocation (G1 Evacuation Pause)
Event: 20.713 Executing VM operation: G1CollectForAllocation (G1 Evacuation Pause) done
Event: 21.394 Executing VM operation: HandshakeAllThreads (Deoptimize)
Event: 21.394 Executing VM operation: HandshakeAllThreads (Deoptimize) done
Event: 21.468 Executing VM operation: G1CollectForAllocation (G1 Evacuation Pause)
Event: 21.478 Executing VM operation: G1CollectForAllocation (G1 Evacuation Pause) done
Event: 21.745 Executing VM operation: HandshakeAllThreads (Deoptimize)
Event: 21.745 Executing VM operation: HandshakeAllThreads (Deoptimize) done
Event: 22.757 Executing VM operation: Cleanup
Event: 22.757 Executing VM operation: Cleanup done
Event: 23.759 Executing VM operation: Cleanup
Event: 23.760 Executing VM operation: Cleanup done
Event: 27.775 Executing VM operation: Cleanup
Event: 27.775 Executing VM operation: Cleanup done
Event: 45.891 Executing VM operation: HandshakeAllThreads (Deoptimize)
Event: 45.891 Executing VM operation: HandshakeAllThreads (Deoptimize) done
Event: 45.891 Executing VM operation: Cleanup
Event: 45.891 Executing VM operation: Cleanup done

Memory protections (0 events):
No events

Nmethod flushes (20 events):
Event: 19.757 Thread 0x000001ff4111e050 flushing  nmethod 0x000001ff5a03f690
Event: 19.757 Thread 0x000001ff4111e050 flushing  nmethod 0x000001ff5a03fa90
Event: 19.757 Thread 0x000001ff4111e050 flushing  nmethod 0x000001ff5a046410
Event: 19.757 Thread 0x000001ff4111e050 flushing  nmethod 0x000001ff5a048090
Event: 19.757 Thread 0x000001ff4111e050 flushing  nmethod 0x000001ff5a071990
Event: 19.757 Thread 0x000001ff4111e050 flushing  nmethod 0x000001ff5a073810
Event: 19.757 Thread 0x000001ff4111e050 flushing  nmethod 0x000001ff5a079b90
Event: 19.757 Thread 0x000001ff4111e050 flushing  nmethod 0x000001ff5a0ac510
Event: 19.757 Thread 0x000001ff4111e050 flushing  nmethod 0x000001ff5a0b4310
Event: 19.757 Thread 0x000001ff4111e050 flushing  nmethod 0x000001ff5a0e6490
Event: 19.757 Thread 0x000001ff4111e050 flushing  nmethod 0x000001ff5a0e9590
Event: 19.757 Thread 0x000001ff4111e050 flushing  nmethod 0x000001ff5a118090
Event: 19.757 Thread 0x000001ff4111e050 flushing  nmethod 0x000001ff5a11ad90
Event: 19.757 Thread 0x000001ff4111e050 flushing  nmethod 0x000001ff5a19f610
Event: 19.757 Thread 0x000001ff4111e050 flushing  nmethod 0x000001ff5a1a7110
Event: 19.757 Thread 0x000001ff4111e050 flushing  nmethod 0x000001ff5a1a7a90
Event: 19.757 Thread 0x000001ff4111e050 flushing  nmethod 0x000001ff5a1c9690
Event: 19.757 Thread 0x000001ff4111e050 flushing  nmethod 0x000001ff5a1e7b10
Event: 19.757 Thread 0x000001ff4111e050 flushing  nmethod 0x000001ff5a1ec510
Event: 19.757 Thread 0x000001ff4111e050 flushing  nmethod 0x000001ff5a27ee10

Events (20 events):
Event: 21.717 Thread 0x000001ff41efc950 Thread added: 0x000001ff465749e0
Event: 21.726 Thread 0x000001ff41efc950 Thread added: 0x000001ff49235ad0
Event: 21.726 Thread 0x000001ff49235ad0 Thread exited: 0x000001ff49235ad0
Event: 21.726 Thread 0x000001ff41efc950 Thread added: 0x000001ff49235440
Event: 21.763 Thread 0x000001ff41efc950 Thread added: 0x000001ff49237510
Event: 21.764 Thread 0x000001ff41efc950 Thread added: 0x000001ff49236160
Event: 21.764 Thread 0x000001ff41efc950 Thread added: 0x000001ff49235ad0
Event: 21.764 Thread 0x000001ff41efc950 Thread added: 0x000001ff49234090
Event: 21.764 Thread 0x000001ff41efc950 Thread added: 0x000001ff492367f0
Event: 21.764 Thread 0x000001ff41efc950 Thread added: 0x000001ff49236e80
Event: 21.764 Thread 0x000001ff41efc950 Thread added: 0x000001ff49234720
Event: 21.765 Thread 0x000001ff41efc950 Thread added: 0x000001ff49234db0
Event: 21.765 Thread 0x000001ff41efc950 Thread added: 0x000001ff46c3e910
Event: 21.765 Thread 0x000001ff41efc950 Thread added: 0x000001ff46c43e60
Event: 21.801 Thread 0x000001ff41efc950 Thread added: 0x000001ff46c43140
Event: 21.804 Thread 0x000001ff41efc950 Thread added: 0x000001ff46c3efa0
Event: 21.840 Thread 0x000001ff41efc950 Thread exited: 0x000001ff41efc950
Event: 21.846 Thread 0x000001ff418f36f0 Thread exited: 0x000001ff418f36f0
Event: 21.846 Thread 0x000001ff4fd9c300 Thread exited: 0x000001ff4fd9c300
Event: 21.846 Thread 0x000001ff46c41d90 Thread added: 0x000001ff46c41d90


Dynamic libraries:
0x00007ff79d800000 - 0x00007ff79d80e000 	C:\Users\Ric\.jdks\openjdk-22.0.2\bin\java.exe
0x00007ff9fe930000 - 0x00007ff9feb28000 	C:\Windows\SYSTEM32\ntdll.dll
0x00007ff9fd380000 - 0x00007ff9fd441000 	C:\Windows\System32\KERNEL32.DLL
0x00007ff9fc150000 - 0x00007ff9fc44d000 	C:\Windows\System32\KERNELBASE.dll
0x00007ff9fc640000 - 0x00007ff9fc740000 	C:\Windows\System32\ucrtbase.dll
0x00007ff9f89c0000 - 0x00007ff9f89db000 	C:\Users\Ric\.jdks\openjdk-22.0.2\bin\VCRUNTIME140.dll
0x00007ff9f89a0000 - 0x00007ff9f89b7000 	C:\Users\Ric\.jdks\openjdk-22.0.2\bin\jli.dll
0x00007ff9fe190000 - 0x00007ff9fe32d000 	C:\Windows\System32\USER32.dll
0x00007ff9fc4f0000 - 0x00007ff9fc512000 	C:\Windows\System32\win32u.dll
0x00007ff9fdf20000 - 0x00007ff9fdf4b000 	C:\Windows\System32\GDI32.dll
0x00007ff9e9d90000 - 0x00007ff9ea02a000 	C:\Windows\WinSxS\amd64_microsoft.windows.common-controls_6595b64144ccf1df_6.0.19041.4355_none_60b8b9eb71f62e16\COMCTL32.dll
0x00007ff9fc520000 - 0x00007ff9fc637000 	C:\Windows\System32\gdi32full.dll
0x00007ff9fc450000 - 0x00007ff9fc4ed000 	C:\Windows\System32\msvcp_win.dll
0x00007ff9fd450000 - 0x00007ff9fd4ee000 	C:\Windows\System32\msvcrt.dll
0x00007ff9fd350000 - 0x00007ff9fd37f000 	C:\Windows\System32\IMM32.DLL
0x00007ff9f8990000 - 0x00007ff9f899c000 	C:\Users\Ric\.jdks\openjdk-22.0.2\bin\vcruntime140_1.dll
0x00007ff9f2290000 - 0x00007ff9f231e000 	C:\Users\Ric\.jdks\openjdk-22.0.2\bin\msvcp140.dll
0x00007ff9ceab0000 - 0x00007ff9cf7f9000 	C:\Users\Ric\.jdks\openjdk-22.0.2\bin\server\jvm.dll
0x00007ff9fdc60000 - 0x00007ff9fdd10000 	C:\Windows\System32\ADVAPI32.dll
0x00007ff9fe3e0000 - 0x00007ff9fe480000 	C:\Windows\System32\sechost.dll
0x00007ff9fce40000 - 0x00007ff9fcf63000 	C:\Windows\System32\RPCRT4.dll
0x00007ff9fbfe0000 - 0x00007ff9fc007000 	C:\Windows\System32\bcrypt.dll
0x00007ff9fddf0000 - 0x00007ff9fde5b000 	C:\Windows\System32\WS2_32.dll
0x00007ff9fbd90000 - 0x00007ff9fbddb000 	C:\Windows\SYSTEM32\POWRPROF.dll
0x00007ff9e9ce0000 - 0x00007ff9e9d07000 	C:\Windows\SYSTEM32\WINMM.dll
0x00007ff9ee650000 - 0x00007ff9ee65a000 	C:\Windows\SYSTEM32\VERSION.dll
0x00007ff9fbd70000 - 0x00007ff9fbd82000 	C:\Windows\SYSTEM32\UMPDC.dll
0x00007ff9f9e20000 - 0x00007ff9f9e32000 	C:\Windows\SYSTEM32\kernel.appcore.dll
0x00007ff9f8980000 - 0x00007ff9f898a000 	C:\Users\Ric\.jdks\openjdk-22.0.2\bin\jimage.dll
0x00007ff9e3df0000 - 0x00007ff9e3fd4000 	C:\Windows\SYSTEM32\DBGHELP.DLL
0x00007ff9e3ce0000 - 0x00007ff9e3d14000 	C:\Windows\SYSTEM32\dbgcore.DLL
0x00007ff9fc0c0000 - 0x00007ff9fc142000 	C:\Windows\System32\bcryptPrimitives.dll
0x00007ff9f8950000 - 0x00007ff9f895f000 	C:\Users\Ric\.jdks\openjdk-22.0.2\bin\instrument.dll
0x00007ff9f8960000 - 0x00007ff9f897e000 	C:\Users\Ric\.jdks\openjdk-22.0.2\bin\java.dll
0x00007ff9fd4f0000 - 0x00007ff9fdc5f000 	C:\Windows\System32\SHELL32.dll
0x00007ff9fe040000 - 0x00007ff9fe16b000 	C:\Windows\System32\ole32.dll
0x00007ff9fcae0000 - 0x00007ff9fce33000 	C:\Windows\System32\combase.dll
0x00007ff9fa020000 - 0x00007ff9fa7c3000 	C:\Windows\SYSTEM32\windows.storage.dll
0x00007ff9fb8c0000 - 0x00007ff9fb8ee000 	C:\Windows\SYSTEM32\Wldp.dll
0x00007ff9fd280000 - 0x00007ff9fd34d000 	C:\Windows\System32\OLEAUT32.dll
0x00007ff9fe330000 - 0x00007ff9fe3dd000 	C:\Windows\System32\SHCORE.dll
0x00007ff9fca80000 - 0x00007ff9fcad5000 	C:\Windows\System32\shlwapi.dll
0x00007ff9fbf10000 - 0x00007ff9fbf34000 	C:\Windows\SYSTEM32\profapi.dll
0x00007ff9ec860000 - 0x00007ff9ec937000 	C:\Users\Ric\.jdks\openjdk-22.0.2\bin\jsvml.dll
0x00007ff9f51d0000 - 0x00007ff9f51e7000 	C:\Users\Ric\.jdks\openjdk-22.0.2\bin\zip.dll
0x00007ff9f62a0000 - 0x00007ff9f62b0000 	C:\Users\Ric\.jdks\openjdk-22.0.2\bin\net.dll
0x00007ff9fb6a0000 - 0x00007ff9fb70a000 	C:\Windows\system32\mswsock.dll
0x00007ff9f51f0000 - 0x00007ff9f5206000 	C:\Users\Ric\.jdks\openjdk-22.0.2\bin\nio.dll
0x00007ff9f2260000 - 0x00007ff9f227a000 	C:\Users\Ric\AppData\Local\Programs\IntelliJ IDEA Community Edition\bin\breakgen64.dll
0x00007ff9f2250000 - 0x00007ff9f2259000 	C:\Users\Ric\.jdks\openjdk-22.0.2\bin\extnet.dll
0x00007ff9f2520000 - 0x00007ff9f252a000 	C:\Users\Ric\.jdks\openjdk-22.0.2\bin\management.dll
0x00007ff9f2280000 - 0x00007ff9f228b000 	C:\Users\Ric\.jdks\openjdk-22.0.2\bin\management_ext.dll
0x00007ff9fcfd0000 - 0x00007ff9fcfd8000 	C:\Windows\System32\PSAPI.DLL
0x00007ff9f2230000 - 0x00007ff9f223b000 	C:\Users\Ric\.jdks\openjdk-22.0.2\bin\le.dll
0x00007ff9f2240000 - 0x00007ff9f224e000 	C:\Users\Ric\.jdks\openjdk-22.0.2\bin\sunmscapi.dll
0x00007ff9fc7b0000 - 0x00007ff9fc90c000 	C:\Windows\System32\CRYPT32.dll
0x00007ff9fb930000 - 0x00007ff9fb959000 	C:\Windows\SYSTEM32\ncrypt.dll
0x00007ff9fb8f0000 - 0x00007ff9fb92b000 	C:\Windows\SYSTEM32\NTASN1.dll
0x00007ff9fbc50000 - 0x00007ff9fbc68000 	C:\Windows\SYSTEM32\CRYPTSP.dll
0x00007ff9fafe0000 - 0x00007ff9fb014000 	C:\Windows\system32\rsaenh.dll
0x00007ff9fbed0000 - 0x00007ff9fbefe000 	C:\Windows\SYSTEM32\USERENV.dll
0x00007ff9fb830000 - 0x00007ff9fb83c000 	C:\Windows\SYSTEM32\CRYPTBASE.dll
0x00007ff9fb3a0000 - 0x00007ff9fb3db000 	C:\Windows\SYSTEM32\IPHLPAPI.DLL
0x00007ff9fcfe0000 - 0x00007ff9fcfe8000 	C:\Windows\System32\NSI.dll
0x00007ff9f2220000 - 0x00007ff9f2230000 	C:\Users\Ric\.jdks\openjdk-22.0.2\bin\verify.dll
0x00007ff9fb3e0000 - 0x00007ff9fb4aa000 	C:\Windows\SYSTEM32\DNSAPI.dll
0x00007ff9f2580000 - 0x00007ff9f258a000 	C:\Windows\System32\rasadhlp.dll
0x00007ff9f43d0000 - 0x00007ff9f4450000 	C:\Windows\System32\fwpuclnt.dll
0x00007ff9cac10000 - 0x00007ff9cac17000 	C:\Windows\system32\wshunix.dll

dbghelp: loaded successfully - version: 4.0.5 - missing functions: none
symbol engine: initialized successfully - sym options: 0x614 - pdb path: .;C:\Users\Ric\.jdks\openjdk-22.0.2\bin;C:\Windows\SYSTEM32;C:\Windows\WinSxS\amd64_microsoft.windows.common-controls_6595b64144ccf1df_6.0.19041.4355_none_60b8b9eb71f62e16;C:\Users\Ric\.jdks\openjdk-22.0.2\bin\server;C:\Users\Ric\AppData\Local\Programs\IntelliJ IDEA Community Edition\bin

VM Arguments:
jvm_args: -javaagent:C:\Users\Ric\AppData\Local\Programs\IntelliJ IDEA Community Edition\lib\idea_rt.jar=3996:C:\Users\Ric\AppData\Local\Programs\IntelliJ IDEA Community Edition\bin -Dfile.encoding=UTF-8 -Dsun.stdout.encoding=UTF-8 -Dsun.stderr.encoding=UTF-8 
java_command: com.hasnreziga.auteur.AuteurApplication
java_class_path (initial): C:\Users\Ric\Documents\projects\work\modules\modules\Auteur\target\classes;C:\Users\Ric\.m2\repository\org\springframework\boot\spring-boot-starter-web\3.3.3\spring-boot-starter-web-3.3.3.jar;C:\Users\Ric\.m2\repository\org\springframework\boot\spring-boot-starter\3.3.3\spring-boot-starter-3.3.3.jar;C:\Users\Ric\.m2\repository\org\springframework\boot\spring-boot-starter-logging\3.3.3\spring-boot-starter-logging-3.3.3.jar;C:\Users\Ric\.m2\repository\ch\qos\logback\logback-classic\1.5.7\logback-classic-1.5.7.jar;C:\Users\Ric\.m2\repository\ch\qos\logback\logback-core\1.5.7\logback-core-1.5.7.jar;C:\Users\Ric\.m2\repository\org\apache\logging\log4j\log4j-to-slf4j\2.23.1\log4j-to-slf4j-2.23.1.jar;C:\Users\Ric\.m2\repository\org\apache\logging\log4j\log4j-api\2.23.1\log4j-api-2.23.1.jar;C:\Users\Ric\.m2\repository\org\slf4j\jul-to-slf4j\2.0.16\jul-to-slf4j-2.0.16.jar;C:\Users\Ric\.m2\repository\jakarta\annotation\jakarta.annotation-api\2.1.1\jakarta.annotation-api-2.1.1.jar;C:\Users\Ric\.m2\repository\org\yaml\snakeyaml\2.2\snakeyaml-2.2.jar;C:\Users\Ric\.m2\repository\org\springframework\boot\spring-boot-starter-json\3.3.3\spring-boot-starter-json-3.3.3.jar;C:\Users\Ric\.m2\repository\com\fasterxml\jackson\core\jackson-databind\2.17.2\jackson-databind-2.17.2.jar;C:\Users\Ric\.m2\repository\com\fasterxml\jackson\core\jackson-annotations\2.17.2\jackson-annotations-2.17.2.jar;C:\Users\Ric\.m2\repository\com\fasterxml\jackson\core\jackson-core\2.17.2\jackson-core-2.17.2.jar;C:\Users\Ric\.m2\repository\com\fasterxml\jackson\datatype\jackson-datatype-jdk8\2.17.2\jackson-datatype-jdk8-2.17.2.jar;C:\Users\Ric\.m2\repository\com\fasterxml\jackson\datatype\jackson-datatype-jsr310\2.17.2\jackson-datatype-jsr310-2.17.2.jar;C:\Users\Ric\.m2\repository\com\fasterxml\jackson\module\jackson-module-parameter-names\2.17.2\jackson-module-parameter-names-2.17.2.jar;C:\Users\Ric\.m2\repository\org\springframework\boot\spring-boot-starter-tomcat\3.3.3\spring-boot-starter-tomcat-3.3.3.jar;C:\Users\Ric\.m2\repository\org\apache\tomcat\embed\tomcat-embed-core\10.1.28\tomcat-embed-core-10.1.28.jar;C:\Users\Ric\.m2\repository\org\apache\tomcat\embed\tomcat-embed-el\10.1.28\tomcat-embed-el-10.1.28.jar;C:\Users\Ric\.m2\repository\org\apache\tomcat\embed\tomcat-embed-websocket\10.1.28\tomcat-embed-websocket-10.1.28.jar;C:\Users\Ric\.m2\repository\org\springframework\spring-web\6.1.12\spring-web-6.1.12.jar;C:\Users\Ric\.m2\repository\org\springframework\spring-beans\6.1.12\spring-beans-6.1.12.jar;C:\Users\Ric\.m2\repository\io\micrometer\micrometer-observation\1.13.3\micrometer-observation-1.13.3.jar;C:\Users\Ric\.m2\repository\io\micrometer\micrometer-commons\1.13.3\micrometer-commons-1.13.3.jar;C:\Users\Ric\.m2\repository\org\springframework\spring-webmvc\6.1.12\spring-webmvc-6.1.12.jar;C:\Users\Ric\.m2\repository\org\springframework\spring-context\6.1.12\spring-context-6.1.12.jar;C:\Users\Ric\.m2\repository\org\springframework\spring-expression\6.1.12\spring-expression-6.1.12.jar;C:\Users\Ric\.m2\repository\org\springframework\boot\spring-boot-starter-thymeleaf\3.3.3\spring-boot-starter-thymeleaf-3.3.3.jar;C:\Users\Ric\.m2\repository\org\thymeleaf\thymeleaf-spring6\3.1.2.RELEASE\thymeleaf-spring6-3.1.2.RELEASE.jar;C:\Users\Ric\.m2\repository\org\thymeleaf\thymeleaf\3.1.2.RELEASE\thymeleaf-3.1.2.RELEASE.jar;C:\Users\Ric\.m2\repository\org\attoparser\attoparser\2.0.7.RELEASE\attoparser-2.0.7.RELEASE.jar;C:\Users\Ric\.m2\repository\org\unbescape\unbescape\1.1.6.RELEASE\unbescape-1.1.6.RELEASE.jar;C:\Users\Ric\.m2\repository\org\slf4j\slf4j-api\2.0.16\slf4j-api-2.0.16.jar;C:\Users\Ric\.m2\repository\org\springframework\boot\spring-boot-starter-security\3.3.3\spring-boot-starter-security-3.3.3.jar;C:\Users\Ric\.m2\repository\org\springframework\spring-aop\6.1.12\spring-aop-6.1.12.jar;C:\Users\Ric\.m2\repository\org\springframework\security\spring-security-config\6.3.3\spring-security-config-6.3.3.jar;C:\Users\Ric\.m2\repository\org\springframework\security\spring-security-web\6.3.3\spring-security-web-6.3.3.jar;C:\Users\Ric\.m2\repository\org\springframework\boot\spring-boot-starter-data-jpa\3.3.3\spring-boot-starter-data-jpa-3.3.3.jar;C:\Users\Ric\.m2\repository\org\springframework\boot\spring-boot-starter-aop\3.3.3\spring-boot-starter-aop-3.3.3.jar;C:\Users\Ric\.m2\repository\org\aspectj\aspectjweaver\1.9.22.1\aspectjweaver-1.9.22.1.jar;C:\Users\Ric\.m2\repository\org\springframework\boot\spring-boot-starter-jdbc\3.3.3\spring-boot-starter-jdbc-3.3.3.jar;C:\Users\Ric\.m2\repository\com\zaxxer\HikariCP\5.1.0\HikariCP-5.1.0.jar;C:\Users\Ric\.m2\repository\org\springframework\spring-jdbc\6.1.12\spring-jdbc-6.1.12.jar;C:\Users\Ric\.m2\repository\org\hibernate\orm\hibernate-core\6.5.2.Final\hibernate-core-6.5.2.Final.jar;C:\Users\Ric\.m2\repository\jakarta\persistence\jakarta.persistence-api\3.1.0\jakarta.persistence-api-3.1.0.jar;C:\Users\Ric\.m2\repository\jakarta\transaction\jakarta.transaction-api\2.0.1\jakarta.transaction-api-2.0.1.jar;C:\Users\Ric\.m2\repository\org\jboss\logging\jboss-logging\3.5.3.Final\jboss-logging-3.5.3.Final.jar;C:\Users\Ric\.m2\repository\org\hibernate\common\hibernate-commons-annotations\6.0.6.Final\hibernate-commons-annotations-6.0.6.Final.jar;C:\Users\Ric\.m2\repository\io\smallrye\jandex\3.1.2\jandex-3.1.2.jar;C:\Users\Ric\.m2\repository\com\fasterxml\classmate\1.7.0\classmate-1.7.0.jar;C:\Users\Ric\.m2\repository\net\bytebuddy\byte-buddy\1.14.19\byte-buddy-1.14.19.jar;C:\Users\Ric\.m2\repository\org\glassfish\jaxb\jaxb-runtime\4.0.5\jaxb-runtime-4.0.5.jar;C:\Users\Ric\.m2\repository\org\glassfish\jaxb\jaxb-core\4.0.5\jaxb-core-4.0.5.jar;C:\Users\Ric\.m2\repository\org\eclipse\angus\angus-activation\2.0.2\angus-activation-2.0.2.jar;C:\Users\Ric\.m2\repository\org\glassfish\jaxb\txw2\4.0.5\txw2-4.0.5.jar;C:\Users\Ric\.m2\repository\com\sun\istack\istack-commons-runtime\4.1.2\istack-commons-runtime-4.1.2.jar;C:\Users\Ric\.m2\repository\jakarta\inject\jakarta.inject-api\2.0.1\jakarta.inject-api-2.0.1.jar;C:\Users\Ric\.m2\repository\org\antlr\antlr4-runtime\4.13.0\antlr4-runtime-4.13.0.jar;C:\Users\Ric\.m2\repository\org\springframework\data\spring-data-jpa\3.3.3\spring-data-jpa-3.3.3.jar;C:\Users\Ric\.m2\repository\org\springframework\data\spring-data-commons\3.3.3\spring-data-commons-3.3.3.jar;C:\Users\Ric\.m2\repository\org\springframework\spring-orm\6.1.12\spring-orm-6.1.12.jar;C:\Users\Ric\.m2\repository\org\springframework\spring-tx\6.1.12\spring-tx-6.1.12.jar;C:\Users\Ric\.m2\repository\org\springframework\spring-aspects\6.1.12\spring-aspects-6.1.12.jar;C:\Users\Ric\.m2\repository\org\projectlombok\lombok\1.18.34\lombok-1.18.34.jar;C:\Users\Ric\.m2\repository\org\postgresql\postgresql\42.7.3\postgresql-42.7.3.jar;C:\Users\Ric\.m2\repository\org\checkerframework\checker-qual\3.42.0\checker-qual-3.42.0.jar;C:\Users\Ric\.m2\repository\org\springframework\boot\spring-boot-devtools\3.3.3\spring-boot-devtools-3.3.3.jar;C:\Users\Ric\.m2\repository\org\springframework\boot\spring-boot\3.3.3\spring-boot-3.3.3.jar;C:\Users\Ric\.m2\repository\org\springframework\boot\spring-boot-autoconfigure\3.3.3\spring-boot-autoconfigure-3.3.3.jar;C:\Users\Ric\.m2\repository\jakarta\xml\bind\jakarta.xml.bind-api\4.0.2\jakarta.xml.bind-api-4.0.2.jar;C:\Users\Ric\.m2\repository\jakarta\activation\jakarta.activation-api\2.1.3\jakarta.activation-api-2.1.3.jar;C:\Users\Ric\.m2\repository\org\springframework\spring-core\6.1.12\spring-core-6.1.12.jar;C:\Users\Ric\.m2\repository\org\springframework\spring-jcl\6.1.12\spring-jcl-6.1.12.jar;C:\Users\Ric\.m2\repository\org\springframework\security\spring-security-core\6.3.3\spring-security-core-6.3.3.jar;C:\Users\Ric\.m2\repository\org\springframework\security\spring-security-crypto\6.3.3\spring-security-crypto-6.3.3.jar
Launcher Type: SUN_STANDARD

[Global flags]
     intx CICompilerCount                          = 3                                         {product} {ergonomic}
     uint ConcGCThreads                            = 1                                         {product} {ergonomic}
     uint G1ConcRefinementThreads                  = 4                                         {product} {ergonomic}
   size_t G1HeapRegionSize                         = 1048576                                   {product} {ergonomic}
   size_t InitialHeapSize                          = 65011712                                  {product} {ergonomic}
   size_t MarkStackSize                            = 4194304                                   {product} {ergonomic}
   size_t MaxHeapSize                              = 1031798784                                {product} {ergonomic}
   size_t MaxNewSize                               = 618659840                                 {product} {ergonomic}
   size_t MinHeapDeltaBytes                        = 1048576                                   {product} {ergonomic}
   size_t MinHeapSize                              = 8388608                                   {product} {ergonomic}
    uintx NonNMethodCodeHeapSize                   = 5832780                                {pd product} {ergonomic}
    uintx NonProfiledCodeHeapSize                  = 122912730                              {pd product} {ergonomic}
    uintx ProfiledCodeHeapSize                     = 122912730                              {pd product} {ergonomic}
    uintx ReservedCodeCacheSize                    = 251658240                              {pd product} {ergonomic}
     bool SegmentedCodeCache                       = true                                      {product} {ergonomic}
   size_t SoftMaxHeapSize                          = 1031798784                             {manageable} {ergonomic}
     bool UseCompressedOops                        = true                           {product lp64_product} {ergonomic}
     bool UseG1GC                                  = true                                      {product} {ergonomic}
     bool UseLargePagesIndividualAllocation        = false                                  {pd product} {ergonomic}

Logging:
Log output configuration:
 #0: stdout all=warning uptime,level,tags foldmultilines=false
 #1: stderr all=off uptime,level,tags foldmultilines=false

Environment Variables:
PATH=C:\Program Files\Common Files\Oracle\Java\javapath;C:\Windows\system32;C:\Windows;C:\Windows\System32\Wbem;C:\Windows\System32\WindowsPowerShell\v1.0\;C:\Windows\System32\OpenSSH\;C:\Program Files\Microsoft SQL Server\150\Tools\Binn\;C:\Program Files\Git\bin;C:\Users\Ric\AppData\Roaming\nvm;C:\Program Files\nodejs;C:\Program Files\Docker\Docker\resources\bin;C:\Users\Ric\AppData\Local\Programs\Python\Python311\Scripts\;C:\Users\Ric\AppData\Local\Programs\Python\Python311\;C:\Users\Ric\AppData\Local\Microsoft\WindowsApps;C:\Users\Ric\.dotnet\tools;C:\Users\Ric\AppData\Local\Programs\Microsoft VS Code\bin;C:\dev\flutter\bin;C:\Users\Ric\AppData\Roaming\npm;C:\Users\Ric\AppData\Roaming\nvm;C:\Program Files\nodejs;C:\Users\Ric\AppData\Local\JetBrains\Toolbox\scripts;C:\Users\Ric\modelio\Modelio Open Source 5.4\plugins\org.apache.ant_1.10.9.v20201106-1946\META-INF;C:\Users\Ric\Documents\projects\work\biblio;C:\Program Files\PostgreSQL\16\bin;
USERNAME=Ric
OS=Windows_NT
PROCESSOR_IDENTIFIER=Intel64 Family 6 Model 58 Stepping 9, GenuineIntel
TMP=C:\Users\Ric\AppData\Local\Temp
TEMP=C:\Users\Ric\AppData\Local\Temp




Periodic native trim disabled

---------------  S Y S T E M  ---------------

OS:
 Windows 10 , 64 bit Build 19041 (10.0.19041.4842)
OS uptime: 0 days 1:36 hours
Hyper-V role detected

CPU: total 4 (initial active 4) (2 cores per cpu, 2 threads per core) family 6 model 58 stepping 9 microcode 0x21, cx8, cmov, fxsr, ht, mmx, sse, sse2, sse3, ssse3, sse4.1, sse4.2, popcnt, tsc, tscinvbit, avx, aes, erms, clmul, vzeroupper, clflush, hv, rdtscp, f16c
Processor Information for all 4 processors :
  Max Mhz: 2501, Current Mhz: 2501, Mhz Limit: 2501

Memory: 4k page, system-wide physical 3933M (204M free)
TotalPageFile size 8109M (AvailPageFile size 0M)
current process WorkingSet (physical memory assigned to process): 207M, peak: 230M
current process commit charge ("private bytes"): 246M, peak: 269M

vm_info: OpenJDK 64-Bit Server VM (22.0.2+9-70) for windows-amd64 JRE (22.0.2+9-70), built on 2024-06-04T16:52:23Z by "mach5one" with MS VC++ 17.6 (VS2022)

END.
