#
# There is insufficient memory for the Java Runtime Environment to continue.
# Native memory allocation (malloc) failed to allocate 248000 bytes. Error detail: Chunk::new
# Possible reasons:
#   The system is out of physical RAM or swap space
#   This process is running with CompressedOops enabled, and the Java Heap may be blocking the growth of the native heap
# Possible solutions:
#   Reduce memory load on the system
#   Increase physical memory or swap space
#   Check if swap backing store is full
#   Decrease Java heap size (-Xmx/-Xms)
#   Decrease number of Java threads
#   Decrease Java thread stack sizes (-Xss)
#   Set larger code cache with -XX:ReservedCodeCacheSize=
#   JVM is running with Unscaled Compressed Oops mode in which the Java heap is
#     placed in the first 4GB address space. The Java Heap base address is the
#     maximum limit for the native heap growth. Please use -XX:HeapBaseMinAddress
#     to set the Java Heap base and to place the Java Heap above 4GB virtual address.
# This output file may be truncated or incomplete.
#
#  Out of Memory Error (arena.cpp:150), pid=7076, tid=12496
#
# JRE version: OpenJDK Runtime Environment (22.0.2+9) (build 22.0.2+9-70)
# Java VM: OpenJDK 64-Bit Server VM (22.0.2+9-70, mixed mode, sharing, tiered, compressed oops, compressed class ptrs, g1 gc, windows-amd64)
# No core dump will be written. Minidumps are not enabled by default on client versions of Windows
#

---------------  S U M M A R Y ------------

Command Line: -javaagent:C:\Users\Ric\AppData\Local\Programs\IntelliJ IDEA Community Edition\lib\idea_rt.jar=2867:C:\Users\Ric\AppData\Local\Programs\IntelliJ IDEA Community Edition\bin -Dfile.encoding=UTF-8 -Dsun.stdout.encoding=UTF-8 -Dsun.stderr.encoding=UTF-8 com.hasnreziga.auteur.AuteurApplication

Host: Intel(R) Core(TM) i5-3210M CPU @ 2.50GHz, 4 cores, 3G,  Windows 10 , 64 bit Build 19041 (10.0.19041.4842)
Time: Thu Sep 19 10:16:40 2024 E. Africa Standard Time elapsed time: 1.882626 seconds (0d 0h 0m 1s)

---------------  T H R E A D  ---------------

Current thread (0x00000203453d4f00):  JavaThread "C2 CompilerThread0" daemon [_thread_in_native, id=12496, stack(0x000000e11a600000,0x000000e11a700000) (1024K)]


Current CompileTask:
C2:1882 1094       4       java.util.HashMap::resize (356 bytes)

Stack: [0x000000e11a600000,0x000000e11a700000]
Native frames: (J=compiled Java code, j=interpreted, Vv=VM code, C=native code)
V  [jvm.dll+0x6e26e9]  (no source info available)
V  [jvm.dll+0x875753]  (no source info available)
V  [jvm.dll+0x877b7e]  (no source info available)
V  [jvm.dll+0x878253]  (no source info available)
V  [jvm.dll+0x27fc86]  (no source info available)
V  [jvm.dll+0xc3d0f]  (no source info available)
V  [jvm.dll+0xc3f6b]  (no source info available)
V  [jvm.dll+0x3bb47c]  (no source info available)
V  [jvm.dll+0x387d4b]  (no source info available)
V  [jvm.dll+0x3871ba]  (no source info available)
V  [jvm.dll+0x2477f8]  (no source info available)
V  [jvm.dll+0x246e9f]  (no source info available)
V  [jvm.dll+0x1c4e80]  (no source info available)
V  [jvm.dll+0x2568f3]  (no source info available)
V  [jvm.dll+0x254baa]  (no source info available)
V  [jvm.dll+0x3f57a6]  (no source info available)
V  [jvm.dll+0x81dc0b]  (no source info available)
V  [jvm.dll+0x6e0d85]  (no source info available)
C  [ucrtbase.dll+0x21bb2]  (no source info available)
C  [KERNEL32.DLL+0x17374]  (no source info available)
C  [ntdll.dll+0x4cc91]  (no source info available)


---------------  P R O C E S S  ---------------

Threads class SMR info:
_java_thread_list=0x000002038b79c9f0, length=15, elements={
0x000002032a8ba5a0, 0x00000203453a69d0, 0x00000203453a96f0, 0x00000203453ac670,
0x00000203453ad0d0, 0x00000203453ade90, 0x00000203453d1810, 0x00000203453d4f00,
0x00000203453f1a00, 0x000002032a96a6b0, 0x000002038b079890, 0x00000203458331b0,
0x000002038b410990, 0x000002038b6edff0, 0x00000203453f2e70
}

Java Threads: ( => current thread )
  0x000002032a8ba5a0 JavaThread "main"                              [_thread_blocked, id=9312, stack(0x000000e119800000,0x000000e119900000) (1024K)]
  0x00000203453a69d0 JavaThread "Reference Handler"          daemon [_thread_blocked, id=2028, stack(0x000000e11a000000,0x000000e11a100000) (1024K)]
  0x00000203453a96f0 JavaThread "Finalizer"                  daemon [_thread_blocked, id=12420, stack(0x000000e11a100000,0x000000e11a200000) (1024K)]
  0x00000203453ac670 JavaThread "Signal Dispatcher"          daemon [_thread_blocked, id=412, stack(0x000000e11a200000,0x000000e11a300000) (1024K)]
  0x00000203453ad0d0 JavaThread "Attach Listener"            daemon [_thread_blocked, id=9480, stack(0x000000e11a300000,0x000000e11a400000) (1024K)]
  0x00000203453ade90 JavaThread "Service Thread"             daemon [_thread_blocked, id=12880, stack(0x000000e11a400000,0x000000e11a500000) (1024K)]
  0x00000203453d1810 JavaThread "Monitor Deflation Thread"   daemon [_thread_blocked, id=9688, stack(0x000000e11a500000,0x000000e11a600000) (1024K)]
=>0x00000203453d4f00 JavaThread "C2 CompilerThread0"         daemon [_thread_in_native, id=12496, stack(0x000000e11a600000,0x000000e11a700000) (1024K)]
  0x00000203453f1a00 JavaThread "C1 CompilerThread0"         daemon [_thread_blocked, id=3368, stack(0x000000e11a700000,0x000000e11a800000) (1024K)]
  0x000002032a96a6b0 JavaThread "Common-Cleaner"             daemon [_thread_blocked, id=10080, stack(0x000000e11a800000,0x000000e11a900000) (1024K)]
  0x000002038b079890 JavaThread "Monitor Ctrl-Break"         daemon [_thread_in_native, id=8288, stack(0x000000e11aa00000,0x000000e11ab00000) (1024K)]
  0x00000203458331b0 JavaThread "Notification Thread"        daemon [_thread_blocked, id=6400, stack(0x000000e11ab00000,0x000000e11ac00000) (1024K)]
  0x000002038b410990 JavaThread "Thread-0"                          [_thread_blocked, id=7404, stack(0x000000e11a900000,0x000000e11aa00000) (1024K)]
  0x000002038b6edff0 JavaThread "restartedMain"                     [_thread_in_vm, id=5064, stack(0x000000e11af00000,0x000000e11b000000) (1024K)]
  0x00000203453f2e70 JavaThread "C2 CompilerThread1"         daemon [_thread_blocked, id=7388, stack(0x000000e11b000000,0x000000e11b100000) (1024K)]
Total: 15

Other Threads:
  0x000002034538dfd0 VMThread "VM Thread"                           [id=4792, stack(0x000000e119f00000,0x000000e11a000000) (1024K)]
  0x000002034538d120 WatcherThread "VM Periodic Task Thread"        [id=6828, stack(0x000000e119e00000,0x000000e119f00000) (1024K)]
  0x000002032a8f48e0 WorkerThread "GC Thread#0"                     [id=6132, stack(0x000000e119900000,0x000000e119a00000) (1024K)]
  0x000002038b457a30 WorkerThread "GC Thread#1"                     [id=6328, stack(0x000000e11ac00000,0x000000e11ad00000) (1024K)]
  0x000002038b69ec20 WorkerThread "GC Thread#2"                     [id=13244, stack(0x000000e11ad00000,0x000000e11ae00000) (1024K)]
  0x000002038b2e5930 WorkerThread "GC Thread#3"                     [id=7048, stack(0x000000e11ae00000,0x000000e11af00000) (1024K)]
  0x000002032a8fd3d0 ConcurrentGCThread "G1 Main Marker"            [id=8352, stack(0x000000e119a00000,0x000000e119b00000) (1024K)]
  0x000002032a8fe090 WorkerThread "G1 Conc#0"                       [id=10720, stack(0x000000e119b00000,0x000000e119c00000) (1024K)]
  0x000002032a954400 ConcurrentGCThread "G1 Refine#0"               [id=10868, stack(0x000000e119c00000,0x000000e119d00000) (1024K)]
  0x000002032a954f80 ConcurrentGCThread "G1 Service"                [id=10648, stack(0x000000e119d00000,0x000000e119e00000) (1024K)]
Total: 10

Threads with active compile tasks:
C2 CompilerThread0  2085 1094       4       java.util.HashMap::resize (356 bytes)
Total: 1

VM state: not at safepoint (normal execution)

VM Mutex/Monitor currently owned by a thread: None

Heap address: 0x00000000c2800000, size: 984 MB, Compressed Oops mode: 32-bit

CDS archive(s) mapped at: [0x0000020346000000-0x0000020346c60000-0x0000020346c60000), size 12976128, SharedBaseAddress: 0x0000020346000000, ArchiveRelocationMode: 1.
Compressed class space mapped at: 0x0000020347000000-0x0000020387000000, reserved size: 1073741824
Narrow klass base: 0x0000020346000000, Narrow klass shift: 0, Narrow klass range: 0x41000000

GC Precious Log:
 CardTable entry size: 512
 Card Set container configuration: InlinePtr #cards 5 size 8 Array Of Cards #cards 12 size 40 Howl #buckets 4 coarsen threshold 1843 Howl Bitmap #cards 512 size 80 coarsen threshold 460 Card regions per heap region 1 cards per card region 2048
 CPUs: 4 total, 4 available
 Memory: 3933M
 Large Page Support: Disabled
 NUMA Support: Disabled
 Compressed Oops: Enabled (32-bit)
 Heap Region Size: 1M
 Heap Min Capacity: 8M
 Heap Initial Capacity: 62M
 Heap Max Capacity: 984M
 Pre-touch: Disabled
 Parallel Workers: 4
 Concurrent Workers: 1
 Concurrent Refinement Workers: 4
 Periodic GC: Disabled

Heap:
 garbage-first heap   total reserved 1007616K, committed 63488K, used 15296K [0x00000000c2800000, 0x0000000100000000)
  region size 1024K, 12 young (12288K), 2 survivors (2048K)
 Metaspace       used 5472K, committed 5696K, reserved 1114112K
  class space    used 605K, committed 704K, reserved 1048576K

Heap Regions: E=young(eden), S=young(survivor), O=old, HS=humongous(starts), HC=humongous(continues), CS=collection set, F=free, TAMS=top-at-mark-start, PB=parsable bottom
|   0|0x00000000c2800000, 0x00000000c2900000, 0x00000000c2900000|100%|HS|  |TAMS 0x00000000c2800000| PB 0x00000000c2800000| Complete |  0
|   1|0x00000000c2900000, 0x00000000c2a00000, 0x00000000c2a00000|100%| O|  |TAMS 0x00000000c2900000| PB 0x00000000c2900000| Untracked |  0
|   2|0x00000000c2a00000, 0x00000000c2b00000, 0x00000000c2b00000|100%| O|  |TAMS 0x00000000c2a00000| PB 0x00000000c2a00000| Untracked |  0
|   3|0x00000000c2b00000, 0x00000000c2c00000, 0x00000000c2c00000|100%| O|  |TAMS 0x00000000c2b00000| PB 0x00000000c2b00000| Untracked |  0
|   4|0x00000000c2c00000, 0x00000000c2cf0000, 0x00000000c2d00000| 93%| O|  |TAMS 0x00000000c2c00000| PB 0x00000000c2c00000| Untracked |  0
|   5|0x00000000c2d00000, 0x00000000c2d00000, 0x00000000c2e00000|  0%| F|  |TAMS 0x00000000c2d00000| PB 0x00000000c2d00000| Untracked |  0
|   6|0x00000000c2e00000, 0x00000000c2e00000, 0x00000000c2f00000|  0%| F|  |TAMS 0x00000000c2e00000| PB 0x00000000c2e00000| Untracked |  0
|   7|0x00000000c2f00000, 0x00000000c2f00000, 0x00000000c3000000|  0%| F|  |TAMS 0x00000000c2f00000| PB 0x00000000c2f00000| Untracked |  0
|   8|0x00000000c3000000, 0x00000000c3000000, 0x00000000c3100000|  0%| F|  |TAMS 0x00000000c3000000| PB 0x00000000c3000000| Untracked |  0
|   9|0x00000000c3100000, 0x00000000c3100000, 0x00000000c3200000|  0%| F|  |TAMS 0x00000000c3100000| PB 0x00000000c3100000| Untracked |  0
|  10|0x00000000c3200000, 0x00000000c3200000, 0x00000000c3300000|  0%| F|  |TAMS 0x00000000c3200000| PB 0x00000000c3200000| Untracked |  0
|  11|0x00000000c3300000, 0x00000000c3300000, 0x00000000c3400000|  0%| F|  |TAMS 0x00000000c3300000| PB 0x00000000c3300000| Untracked |  0
|  12|0x00000000c3400000, 0x00000000c3400000, 0x00000000c3500000|  0%| F|  |TAMS 0x00000000c3400000| PB 0x00000000c3400000| Untracked |  0
|  13|0x00000000c3500000, 0x00000000c3500000, 0x00000000c3600000|  0%| F|  |TAMS 0x00000000c3500000| PB 0x00000000c3500000| Untracked |  0
|  14|0x00000000c3600000, 0x00000000c3600000, 0x00000000c3700000|  0%| F|  |TAMS 0x00000000c3600000| PB 0x00000000c3600000| Untracked |  0
|  15|0x00000000c3700000, 0x00000000c3700000, 0x00000000c3800000|  0%| F|  |TAMS 0x00000000c3700000| PB 0x00000000c3700000| Untracked |  0
|  16|0x00000000c3800000, 0x00000000c3800000, 0x00000000c3900000|  0%| F|  |TAMS 0x00000000c3800000| PB 0x00000000c3800000| Untracked |  0
|  17|0x00000000c3900000, 0x00000000c3900000, 0x00000000c3a00000|  0%| F|  |TAMS 0x00000000c3900000| PB 0x00000000c3900000| Untracked |  0
|  18|0x00000000c3a00000, 0x00000000c3a00000, 0x00000000c3b00000|  0%| F|  |TAMS 0x00000000c3a00000| PB 0x00000000c3a00000| Untracked |  0
|  19|0x00000000c3b00000, 0x00000000c3b00000, 0x00000000c3c00000|  0%| F|  |TAMS 0x00000000c3b00000| PB 0x00000000c3b00000| Untracked |  0
|  20|0x00000000c3c00000, 0x00000000c3c00000, 0x00000000c3d00000|  0%| F|  |TAMS 0x00000000c3c00000| PB 0x00000000c3c00000| Untracked |  0
|  21|0x00000000c3d00000, 0x00000000c3d00000, 0x00000000c3e00000|  0%| F|  |TAMS 0x00000000c3d00000| PB 0x00000000c3d00000| Untracked |  0
|  22|0x00000000c3e00000, 0x00000000c3e00000, 0x00000000c3f00000|  0%| F|  |TAMS 0x00000000c3e00000| PB 0x00000000c3e00000| Untracked |  0
|  23|0x00000000c3f00000, 0x00000000c3f00000, 0x00000000c4000000|  0%| F|  |TAMS 0x00000000c3f00000| PB 0x00000000c3f00000| Untracked |  0
|  24|0x00000000c4000000, 0x00000000c4000000, 0x00000000c4100000|  0%| F|  |TAMS 0x00000000c4000000| PB 0x00000000c4000000| Untracked |  0
|  25|0x00000000c4100000, 0x00000000c4100000, 0x00000000c4200000|  0%| F|  |TAMS 0x00000000c4100000| PB 0x00000000c4100000| Untracked |  0
|  26|0x00000000c4200000, 0x00000000c4200000, 0x00000000c4300000|  0%| F|  |TAMS 0x00000000c4200000| PB 0x00000000c4200000| Untracked |  0
|  27|0x00000000c4300000, 0x00000000c4300000, 0x00000000c4400000|  0%| F|  |TAMS 0x00000000c4300000| PB 0x00000000c4300000| Untracked |  0
|  28|0x00000000c4400000, 0x00000000c4400000, 0x00000000c4500000|  0%| F|  |TAMS 0x00000000c4400000| PB 0x00000000c4400000| Untracked |  0
|  29|0x00000000c4500000, 0x00000000c4500000, 0x00000000c4600000|  0%| F|  |TAMS 0x00000000c4500000| PB 0x00000000c4500000| Untracked |  0
|  30|0x00000000c4600000, 0x00000000c4600000, 0x00000000c4700000|  0%| F|  |TAMS 0x00000000c4600000| PB 0x00000000c4600000| Untracked |  0
|  31|0x00000000c4700000, 0x00000000c4700000, 0x00000000c4800000|  0%| F|  |TAMS 0x00000000c4700000| PB 0x00000000c4700000| Untracked |  0
|  32|0x00000000c4800000, 0x00000000c4800000, 0x00000000c4900000|  0%| F|  |TAMS 0x00000000c4800000| PB 0x00000000c4800000| Untracked |  0
|  33|0x00000000c4900000, 0x00000000c4900000, 0x00000000c4a00000|  0%| F|  |TAMS 0x00000000c4900000| PB 0x00000000c4900000| Untracked |  0
|  34|0x00000000c4a00000, 0x00000000c4a00000, 0x00000000c4b00000|  0%| F|  |TAMS 0x00000000c4a00000| PB 0x00000000c4a00000| Untracked |  0
|  35|0x00000000c4b00000, 0x00000000c4b00000, 0x00000000c4c00000|  0%| F|  |TAMS 0x00000000c4b00000| PB 0x00000000c4b00000| Untracked |  0
|  36|0x00000000c4c00000, 0x00000000c4c00000, 0x00000000c4d00000|  0%| F|  |TAMS 0x00000000c4c00000| PB 0x00000000c4c00000| Untracked |  0
|  37|0x00000000c4d00000, 0x00000000c4d00000, 0x00000000c4e00000|  0%| F|  |TAMS 0x00000000c4d00000| PB 0x00000000c4d00000| Untracked |  0
|  38|0x00000000c4e00000, 0x00000000c4e00000, 0x00000000c4f00000|  0%| F|  |TAMS 0x00000000c4e00000| PB 0x00000000c4e00000| Untracked |  0
|  39|0x00000000c4f00000, 0x00000000c4f00000, 0x00000000c5000000|  0%| F|  |TAMS 0x00000000c4f00000| PB 0x00000000c4f00000| Untracked |  0
|  40|0x00000000c5000000, 0x00000000c5000000, 0x00000000c5100000|  0%| F|  |TAMS 0x00000000c5000000| PB 0x00000000c5000000| Untracked |  0
|  41|0x00000000c5100000, 0x00000000c5100000, 0x00000000c5200000|  0%| F|  |TAMS 0x00000000c5100000| PB 0x00000000c5100000| Untracked |  0
|  42|0x00000000c5200000, 0x00000000c5200000, 0x00000000c5300000|  0%| F|  |TAMS 0x00000000c5200000| PB 0x00000000c5200000| Untracked |  0
|  43|0x00000000c5300000, 0x00000000c5300000, 0x00000000c5400000|  0%| F|  |TAMS 0x00000000c5300000| PB 0x00000000c5300000| Untracked |  0
|  44|0x00000000c5400000, 0x00000000c5400000, 0x00000000c5500000|  0%| F|  |TAMS 0x00000000c5400000| PB 0x00000000c5400000| Untracked |  0
|  45|0x00000000c5500000, 0x00000000c5500000, 0x00000000c5600000|  0%| F|  |TAMS 0x00000000c5500000| PB 0x00000000c5500000| Untracked |  0
|  46|0x00000000c5600000, 0x00000000c5700000, 0x00000000c5700000|100%| S|CS|TAMS 0x00000000c5600000| PB 0x00000000c5600000| Complete |  0
|  47|0x00000000c5700000, 0x00000000c5800000, 0x00000000c5800000|100%| S|CS|TAMS 0x00000000c5700000| PB 0x00000000c5700000| Complete |  0
|  48|0x00000000c5800000, 0x00000000c5800000, 0x00000000c5900000|  0%| F|  |TAMS 0x00000000c5800000| PB 0x00000000c5800000| Untracked |  0
|  49|0x00000000c5900000, 0x00000000c5900000, 0x00000000c5a00000|  0%| F|  |TAMS 0x00000000c5900000| PB 0x00000000c5900000| Untracked |  0
|  50|0x00000000c5a00000, 0x00000000c5a00000, 0x00000000c5b00000|  0%| F|  |TAMS 0x00000000c5a00000| PB 0x00000000c5a00000| Untracked |  0
|  51|0x00000000c5b00000, 0x00000000c5b00000, 0x00000000c5c00000|  0%| F|  |TAMS 0x00000000c5b00000| PB 0x00000000c5b00000| Untracked |  0
|  52|0x00000000c5c00000, 0x00000000c5c3e8c0, 0x00000000c5d00000| 24%| E|  |TAMS 0x00000000c5c00000| PB 0x00000000c5c00000| Complete |  1
|  53|0x00000000c5d00000, 0x00000000c5e00000, 0x00000000c5e00000|100%| E|CS|TAMS 0x00000000c5d00000| PB 0x00000000c5d00000| Complete |  0
|  54|0x00000000c5e00000, 0x00000000c5f00000, 0x00000000c5f00000|100%| E|CS|TAMS 0x00000000c5e00000| PB 0x00000000c5e00000| Complete |  0
|  55|0x00000000c5f00000, 0x00000000c6000000, 0x00000000c6000000|100%| E|CS|TAMS 0x00000000c5f00000| PB 0x00000000c5f00000| Complete |  0
|  56|0x00000000c6000000, 0x00000000c6100000, 0x00000000c6100000|100%| E|  |TAMS 0x00000000c6000000| PB 0x00000000c6000000| Complete |  0
|  57|0x00000000c6100000, 0x00000000c6200000, 0x00000000c6200000|100%| E|CS|TAMS 0x00000000c6100000| PB 0x00000000c6100000| Complete |  0
|  58|0x00000000c6200000, 0x00000000c6300000, 0x00000000c6300000|100%| E|CS|TAMS 0x00000000c6200000| PB 0x00000000c6200000| Complete |  0
|  59|0x00000000c6300000, 0x00000000c6400000, 0x00000000c6400000|100%| E|CS|TAMS 0x00000000c6300000| PB 0x00000000c6300000| Complete |  0
|  60|0x00000000c6400000, 0x00000000c6500000, 0x00000000c6500000|100%| E|CS|TAMS 0x00000000c6400000| PB 0x00000000c6400000| Complete |  0
|  61|0x00000000c6500000, 0x00000000c6600000, 0x00000000c6600000|100%| E|CS|TAMS 0x00000000c6500000| PB 0x00000000c6500000| Complete |  0

Card table byte_map: [0x0000020341df0000,0x0000020341fe0000] _byte_map_base: 0x00000203417dc000

Marking Bits: (CMBitMap*) 0x000002032a8f4ff0
 Bits: [0x0000020341fe0000, 0x0000020342f40000)

Polling page: 0x0000020328760000

Metaspace:

Usage:
  Non-class:      4.78 MB used.
      Class:    607.40 KB used.
       Both:      5.38 MB used.

Virtual space:
  Non-class space:       64.00 MB reserved,       4.94 MB (  8%) committed,  1 nodes.
      Class space:        1.00 GB reserved,     704.00 KB ( <1%) committed,  1 nodes.
             Both:        1.06 GB reserved,       5.62 MB ( <1%) committed. 

Chunk freelists:
   Non-Class:  9.94 MB
       Class:  15.13 MB
        Both:  25.07 MB

MaxMetaspaceSize: unlimited
CompressedClassSpaceSize: 1.00 GB
Initial GC threshold: 21.00 MB
Current GC threshold: 21.00 MB
CDS: on
 - commit_granule_bytes: 65536.
 - commit_granule_words: 8192.
 - virtual_space_node_default_size: 8388608.
 - enlarge_chunks_in_place: 1.
 - use_allocation_guard: 0.


Internal statistics:

num_allocs_failed_limit: 0.
num_arena_births: 162.
num_arena_deaths: 0.
num_vsnodes_births: 2.
num_vsnodes_deaths: 0.
num_space_committed: 90.
num_space_uncommitted: 0.
num_chunks_returned_to_freelist: 0.
num_chunks_taken_from_freelist: 323.
num_chunk_merges: 0.
num_chunk_splits: 190.
num_chunks_enlarged: 92.
num_inconsistent_stats: 0.

CodeHeap 'non-profiled nmethods': size=120000Kb used=405Kb max_used=405Kb free=119594Kb
 bounds [0x000002033a6d0000, 0x000002033a940000, 0x0000020341c00000]
CodeHeap 'profiled nmethods': size=120000Kb used=2104Kb max_used=2104Kb free=117895Kb
 bounds [0x0000020332c00000, 0x0000020332e70000, 0x000002033a130000]
CodeHeap 'non-nmethods': size=5760Kb used=1378Kb max_used=1391Kb free=4381Kb
 bounds [0x000002033a130000, 0x000002033a3a0000, 0x000002033a6d0000]
 total_blobs=1687 nmethods=1210 adapters=382
 compilation: enabled
              stopped_count=0, restarted_count=0
 full_count=0

Compilation events (20 events):
Event: 1.864 Thread 0x00000203453f1a00 nmethod 1099 0x000002033a72ea10 code [0x000002033a72eba0, 0x000002033a72ec68]
Event: 1.865 Thread 0x00000203453f1a00 1100       3       java.lang.Math::addExact (32 bytes)
Event: 1.865 Thread 0x00000203453f1a00 nmethod 1100 0x0000020332dd7b10 code [0x0000020332dd7cc0, 0x0000020332dd7ec0]
Event: 1.865 Thread 0x00000203453f1a00 1101       3       sun.nio.fs.WindowsFileAttributes::lastModifiedTime (8 bytes)
Event: 1.865 Thread 0x00000203453f1a00 nmethod 1101 0x0000020332dd7f90 code [0x0000020332dd8140, 0x0000020332dd8280]
Event: 1.865 Thread 0x00000203453f1a00 1102   !   3       sun.nio.fs.WindowsFileAttributes::toFileTime (47 bytes)
Event: 1.866 Thread 0x00000203453f1a00 nmethod 1102 0x0000020332dd8310 code [0x0000020332dd8500, 0x0000020332dd87a0]
Event: 1.872 Thread 0x00000203453f1a00 1103       1       sun.nio.fs.WindowsPathParser$Result::type (5 bytes)
Event: 1.872 Thread 0x00000203453f1a00 nmethod 1103 0x000002033a72ed10 code [0x000002033a72eea0, 0x000002033a72ef68]
Event: 1.872 Thread 0x00000203453f1a00 1104       1       sun.nio.fs.WindowsPathParser$Result::root (5 bytes)
Event: 1.872 Thread 0x00000203453f1a00 nmethod 1104 0x000002033a72f010 code [0x000002033a72f1a0, 0x000002033a72f268]
Event: 1.872 Thread 0x00000203453f1a00 1105       1       sun.nio.fs.WindowsPathParser$Result::path (5 bytes)
Event: 1.873 Thread 0x00000203453f1a00 nmethod 1105 0x000002033a72f310 code [0x000002033a72f4a0, 0x000002033a72f568]
Event: 1.876 Thread 0x00000203453f1a00 1107       3       java.lang.String::toCharArray (25 bytes)
Event: 1.877 Thread 0x00000203453f1a00 nmethod 1107 0x0000020332dd8910 code [0x0000020332dd8ae0, 0x0000020332dd8d78]
Event: 1.877 Thread 0x00000203453f1a00 1108       3       jdk.internal.misc.Unsafe::checkPrimitivePointer (19 bytes)
Event: 1.878 Thread 0x00000203453f1a00 nmethod 1108 0x0000020332dd8e90 code [0x0000020332dd90a0, 0x0000020332dd9698]
Event: 1.878 Thread 0x00000203453f1a00 1109       3       jdk.internal.misc.Unsafe::checkPointer (19 bytes)
Event: 1.879 Thread 0x00000203453f1a00 nmethod 1109 0x0000020332dd9910 code [0x0000020332dd9ae0, 0x0000020332dd9e68]
Event: 1.879 Thread 0x00000203453f1a00 1112       3       java.lang.ref.Reference::clear (5 bytes)

GC Heap History (2 events):
Event: 1.456 GC heap before
{Heap before GC invocations=0 (full 0):
 garbage-first heap   total reserved 1007616K, committed 63488K, used 15360K [0x00000000c2800000, 0x0000000100000000)
  region size 1024K, 14 young (14336K), 0 survivors (0K)
 Metaspace       used 3581K, committed 3776K, reserved 1114112K
  class space    used 351K, committed 448K, reserved 1048576K
}
Event: 1.469 GC heap after
{Heap after GC invocations=1 (full 0):
 garbage-first heap   total reserved 1007616K, committed 63488K, used 7104K [0x00000000c2800000, 0x0000000100000000)
  region size 1024K, 2 young (2048K), 2 survivors (2048K)
 Metaspace       used 3581K, committed 3776K, reserved 1114112K
  class space    used 351K, committed 448K, reserved 1048576K
}

Dll operation events (12 events):
Event: 0.036 Loaded shared library C:\Users\Ric\.jdks\openjdk-22.0.2\bin\java.dll
Event: 0.125 Loaded shared library C:\Users\Ric\.jdks\openjdk-22.0.2\bin\jsvml.dll
Event: 0.387 Loaded shared library C:\Users\Ric\.jdks\openjdk-22.0.2\bin\zip.dll
Event: 0.399 Loaded shared library C:\Users\Ric\.jdks\openjdk-22.0.2\bin\instrument.dll
Event: 0.411 Loaded shared library C:\Users\Ric\.jdks\openjdk-22.0.2\bin\net.dll
Event: 0.415 Loaded shared library C:\Users\Ric\.jdks\openjdk-22.0.2\bin\nio.dll
Event: 0.424 Loaded shared library C:\Users\Ric\.jdks\openjdk-22.0.2\bin\zip.dll
Event: 0.845 Loaded shared library C:\Users\Ric\AppData\Local\Programs\IntelliJ IDEA Community Edition\bin\breakgen64.dll
Event: 0.871 Loaded shared library C:\Users\Ric\.jdks\openjdk-22.0.2\bin\extnet.dll
Event: 0.971 Loaded shared library C:\Users\Ric\.jdks\openjdk-22.0.2\bin\jimage.dll
Event: 1.789 Loaded shared library C:\Users\Ric\.jdks\openjdk-22.0.2\bin\management.dll
Event: 1.797 Loaded shared library C:\Users\Ric\.jdks\openjdk-22.0.2\bin\management_ext.dll

Deoptimization events (20 events):
Event: 1.138 Thread 0x00000203453ad0d0 Uncommon trap: trap_request=0xffffff45 fr.pc=0x000002033a6ff178 relative=0x0000000000000158
Event: 1.138 Thread 0x00000203453ad0d0 Uncommon trap: reason=unstable_if action=reinterpret pc=0x000002033a6ff178 method=java.util.concurrent.locks.ReentrantLock$NonfairSync.initialTryLock()Z @ 10 c2
Event: 1.138 Thread 0x00000203453ad0d0 DEOPT PACKING pc=0x000002033a6ff178 sp=0x000000e11a3ff1e0
Event: 1.138 Thread 0x00000203453ad0d0 DEOPT UNPACKING pc=0x000002033a1846a2 sp=0x000000e11a3ff188 mode 2
Event: 1.138 Thread 0x00000203453ad0d0 Uncommon trap: trap_request=0xffffff45 fr.pc=0x000002033a6fea6c relative=0x00000000000000cc
Event: 1.138 Thread 0x00000203453ad0d0 Uncommon trap: reason=unstable_if action=reinterpret pc=0x000002033a6fea6c method=java.util.concurrent.locks.ReentrantLock$Sync.tryRelease(I)Z @ 26 c2
Event: 1.138 Thread 0x00000203453ad0d0 DEOPT PACKING pc=0x000002033a6fea6c sp=0x000000e11a3ff1e0
Event: 1.138 Thread 0x00000203453ad0d0 DEOPT UNPACKING pc=0x000002033a1846a2 sp=0x000000e11a3ff180 mode 2
Event: 1.253 Thread 0x000002032a8ba5a0 Uncommon trap: trap_request=0xffffff45 fr.pc=0x000002033a708bf4 relative=0x0000000000000b14
Event: 1.253 Thread 0x000002032a8ba5a0 Uncommon trap: reason=unstable_if action=reinterpret pc=0x000002033a708bf4 method=java.util.HashMap.hash(Ljava/lang/Object;)I @ 1 c2
Event: 1.253 Thread 0x000002032a8ba5a0 DEOPT PACKING pc=0x000002033a708bf4 sp=0x000000e1198fd570
Event: 1.253 Thread 0x000002032a8ba5a0 DEOPT UNPACKING pc=0x000002033a1846a2 sp=0x000000e1198fd520 mode 2
Event: 1.260 Thread 0x000002032a8ba5a0 DEOPT PACKING pc=0x0000020332c44543 sp=0x000000e1198fbdc0
Event: 1.260 Thread 0x000002032a8ba5a0 DEOPT UNPACKING pc=0x000002033a184e42 sp=0x000000e1198fb260 mode 0
Event: 1.310 Thread 0x000002032a8ba5a0 DEOPT PACKING pc=0x0000020332c7f125 sp=0x000000e1198fd160
Event: 1.310 Thread 0x000002032a8ba5a0 DEOPT UNPACKING pc=0x000002033a184e42 sp=0x000000e1198fc5b0 mode 0
Event: 1.469 Thread 0x00000203453a69d0 Uncommon trap: trap_request=0xffffff45 fr.pc=0x000002033a6ff440 relative=0x0000000000000040
Event: 1.469 Thread 0x00000203453a69d0 Uncommon trap: reason=unstable_if action=reinterpret pc=0x000002033a6ff440 method=java.util.concurrent.locks.AbstractQueuedSynchronizer.signalNext(Ljava/util/concurrent/locks/AbstractQueuedSynchronizer$Node;)V @ 1 c2
Event: 1.469 Thread 0x00000203453a69d0 DEOPT PACKING pc=0x000002033a6ff440 sp=0x000000e11a0fef50
Event: 1.469 Thread 0x00000203453a69d0 DEOPT UNPACKING pc=0x000002033a1846a2 sp=0x000000e11a0feee0 mode 2

Classes loaded (20 events):
Event: 1.804 Loading class sun/management/ManagementFactoryHelper$LoggingMXBeanAccess$1
Event: 1.804 Loading class sun/management/ManagementFactoryHelper$LoggingMXBeanAccess$1 done
Event: 1.804 Loading class java/lang/management/DefaultPlatformMBeanProvider$9
Event: 1.804 Loading class java/lang/management/DefaultPlatformMBeanProvider$9 done
Event: 1.804 Loading class java/lang/management/DefaultPlatformMBeanProvider$10
Event: 1.804 Loading class java/lang/management/DefaultPlatformMBeanProvider$10 done
Event: 1.805 Loading class java/lang/management/DefaultPlatformMBeanProvider$11
Event: 1.805 Loading class java/lang/management/DefaultPlatformMBeanProvider$11 done
Event: 1.805 Loading class jdk/management/jfr/FlightRecorderMXBean
Event: 1.805 Loading class jdk/management/jfr/FlightRecorderMXBean done
Event: 1.805 Loading class jdk/management/jfr/internal/FlightRecorderMXBeanProvider$SingleMBeanComponent
Event: 1.805 Loading class jdk/management/jfr/internal/FlightRecorderMXBeanProvider$SingleMBeanComponent done
Event: 1.807 Loading class java/util/stream/ReduceOps$2
Event: 1.807 Loading class java/util/stream/ReduceOps$2 done
Event: 1.807 Loading class java/util/stream/ReduceOps$2ReducingSink
Event: 1.807 Loading class java/util/stream/ReduceOps$2ReducingSink done
Event: 1.808 Loading class sun/management/RuntimeImpl
Event: 1.808 Loading class sun/management/RuntimeImpl done
Event: 1.808 Loading class java/util/Collections$2
Event: 1.808 Loading class java/util/Collections$2 done

Classes unloaded (0 events):
No events

Classes redefined (0 events):
No events

Internal exceptions (16 events):
Event: 0.821 Thread 0x000002032a8ba5a0 Exception <a 'java/lang/NoSuchMethodError'{0x00000000c5ffb590}: 'void java.lang.invoke.DirectMethodHandle$Holder.invokeStatic(java.lang.Object, java.lang.Object, java.lang.Object)'> (0x00000000c5ffb590) 
thrown [s\open\src\hotspot\share\interpreter\linkResolver.cpp, line 774]
Event: 0.833 Thread 0x000002032a8ba5a0 Exception <a 'java/lang/NoSuchMethodError'{0x00000000c5e13530}: 'java.lang.Object java.lang.invoke.Invokers$Holder.invokeExact_MT(java.lang.Object, java.lang.Object, java.lang.Object, java.lang.Object, java.lang.Object)'> (0x00000000c5e13530) 
thrown [s\open\src\hotspot\share\interpreter\linkResolver.cpp, line 774]
Event: 0.875 Thread 0x000002038b079890 Exception <a 'java/lang/NoSuchMethodError'{0x00000000c5e50a68}: 'void java.lang.invoke.DirectMethodHandle$Holder.invokeStatic(java.lang.Object, java.lang.Object)'> (0x00000000c5e50a68) 
thrown [s\open\src\hotspot\share\interpreter\linkResolver.cpp, line 774]
Event: 1.098 Thread 0x000002032a8ba5a0 Exception <a 'java/lang/ClassNotFoundException'{0x00000000c5cad388}: javax/smartcardio/CardPermission> (0x00000000c5cad388) 
thrown [s\open\src\hotspot\share\classfile\systemDictionary.cpp, line 313]
Event: 1.109 Thread 0x000002032a8ba5a0 Exception <a 'java/io/FileNotFoundException'{0x00000000c5cbb200}> (0x00000000c5cbb200) 
thrown [s\open\src\hotspot\share\prims\jni.cpp, line 520]
Event: 1.135 Thread 0x00000203453ad0d0 Exception <a 'java/lang/NoSuchMethodError'{0x00000000c5b8e7f0}: 'java.lang.Object java.lang.invoke.Invokers$Holder.invokeExact_MT(java.lang.Object, java.lang.Object, java.lang.Object, java.lang.Object, java.lang.Object, java.lang.Object)'> (0x00000000c5b8e7f0) 
thrown [s\open\src\hotspot\share\interpreter\linkResolver.cpp, line 774]
Event: 1.192 Thread 0x000002032a8ba5a0 Exception <a 'java/lang/NoSuchMethodError'{0x00000000c5a46200}: 'java.lang.Object java.lang.invoke.DirectMethodHandle$Holder.invokeSpecial(java.lang.Object, java.lang.Object, java.lang.Object, long, java.lang.Object)'> (0x00000000c5a46200) 
thrown [s\open\src\hotspot\share\interpreter\linkResolver.cpp, line 774]
Event: 1.193 Thread 0x000002032a8ba5a0 Exception <a 'java/lang/NoSuchMethodError'{0x00000000c5a49f48}: 'java.lang.Object java.lang.invoke.Invokers$Holder.linkToTargetMethod(java.lang.Object, long, java.lang.Object, java.lang.Object)'> (0x00000000c5a49f48) 
thrown [s\open\src\hotspot\share\interpreter\linkResolver.cpp, line 774]
Event: 1.253 Thread 0x000002032a8ba5a0 Implicit null exception at 0x000002033a70812d to 0x000002033a708bdd
Event: 1.370 Thread 0x000002032a8ba5a0 Exception <a 'java/lang/NoSuchMethodError'{0x00000000c59e2e80}: 'void java.lang.invoke.DirectMethodHandle$Holder.invokeStatic(java.lang.Object, java.lang.Object, java.lang.Object, java.lang.Object)'> (0x00000000c59e2e80) 
thrown [s\open\src\hotspot\share\interpreter\linkResolver.cpp, line 774]
Event: 1.474 Thread 0x000002032a8ba5a0 Exception <a 'java/lang/NoSuchMethodError'{0x00000000c6509b80}: 'int java.lang.invoke.DirectMethodHandle$Holder.invokeStaticInit(java.lang.Object, java.lang.Object)'> (0x00000000c6509b80) 
thrown [s\open\src\hotspot\share\interpreter\linkResolver.cpp, line 774]
Event: 1.502 Thread 0x000002032a8ba5a0 Exception <a 'java/lang/NoSuchMethodError'{0x00000000c65986b0}: 'void java.lang.invoke.DirectMethodHandle$Holder.invokeInterface(java.lang.Object, java.lang.Object, java.lang.Object, java.lang.Object)'> (0x00000000c65986b0) 
thrown [s\open\src\hotspot\share\interpreter\linkResolver.cpp, line 774]
Event: 1.685 Thread 0x000002032a8ba5a0 Exception <a 'java/lang/NoSuchMethodError'{0x00000000c63d4fa0}: 'java.lang.Object java.lang.invoke.DirectMethodHandle$Holder.invokeInterface(java.lang.Object, java.lang.Object)'> (0x00000000c63d4fa0) 
thrown [s\open\src\hotspot\share\interpreter\linkResolver.cpp, line 774]
Event: 1.704 Thread 0x000002032a8ba5a0 Exception <a 'java/lang/NoSuchMethodError'{0x00000000c6226fa0}: 'java.lang.Object java.lang.invoke.DirectMethodHandle$Holder.invokeSpecialIFC(java.lang.Object, java.lang.Object, java.lang.Object, java.lang.Object)'> (0x00000000c6226fa0) 
thrown [s\open\src\hotspot\share\interpreter\linkResolver.cpp, line 774]
Event: 1.713 Thread 0x000002032a8ba5a0 Exception <a 'java/lang/NoSuchMethodError'{0x00000000c6249168}: 'java.lang.Object java.lang.invoke.DirectMethodHandle$Holder.invokeInterface(java.lang.Object, java.lang.Object, java.lang.Object)'> (0x00000000c6249168) 
thrown [s\open\src\hotspot\share\interpreter\linkResolver.cpp, line 774]
Event: 1.809 Thread 0x000002032a8ba5a0 Exception <a 'java/lang/NoSuchMethodError'{0x00000000c61742a8}: 'int java.lang.invoke.DirectMethodHandle$Holder.invokeSpecial(java.lang.Object, java.lang.Object, java.lang.Object)'> (0x00000000c61742a8) 
thrown [s\open\src\hotspot\share\interpreter\linkResolver.cpp, line 774]

ZGC Phase Switch (0 events):
No events

VM Operations (14 events):
Event: 0.346 Executing VM operation: HandshakeAllThreads (Deoptimize)
Event: 0.346 Executing VM operation: HandshakeAllThreads (Deoptimize) done
Event: 0.983 Executing VM operation: HandshakeAllThreads (Deoptimize)
Event: 0.983 Executing VM operation: HandshakeAllThreads (Deoptimize) done
Event: 1.090 Executing VM operation: HandshakeAllThreads (Deoptimize)
Event: 1.090 Executing VM operation: HandshakeAllThreads (Deoptimize) done
Event: 1.090 Executing VM operation: Cleanup
Event: 1.090 Executing VM operation: Cleanup done
Event: 1.456 Executing VM operation: G1CollectForAllocation (G1 Evacuation Pause)
Event: 1.469 Executing VM operation: G1CollectForAllocation (G1 Evacuation Pause) done
Event: 1.674 Executing VM operation: HandshakeAllThreads (Deoptimize)
Event: 1.674 Executing VM operation: HandshakeAllThreads (Deoptimize) done
Event: 1.674 Executing VM operation: HandshakeAllThreads (Deoptimize)
Event: 1.674 Executing VM operation: HandshakeAllThreads (Deoptimize) done

Memory protections (0 events):
No events

Nmethod flushes (0 events):
No events

Events (16 events):
Event: 0.083 Thread 0x000002032a8ba5a0 Thread added: 0x000002032a8ba5a0
Event: 0.119 Thread 0x000002032a8ba5a0 Thread added: 0x00000203453a69d0
Event: 0.119 Thread 0x000002032a8ba5a0 Thread added: 0x00000203453a96f0
Event: 0.120 Thread 0x000002032a8ba5a0 Thread added: 0x00000203453ac670
Event: 0.120 Thread 0x000002032a8ba5a0 Thread added: 0x00000203453ad0d0
Event: 0.120 Thread 0x000002032a8ba5a0 Thread added: 0x00000203453ade90
Event: 0.120 Thread 0x000002032a8ba5a0 Thread added: 0x00000203453d1810
Event: 0.121 Thread 0x000002032a8ba5a0 Thread added: 0x00000203453d4f00
Event: 0.121 Thread 0x000002032a8ba5a0 Thread added: 0x00000203453f1a00
Event: 0.327 Thread 0x000002032a8ba5a0 Thread added: 0x000002032a96a6b0
Event: 0.573 Thread 0x00000203453f1a00 Thread added: 0x00000203453f1330
Event: 0.847 Thread 0x000002032a8ba5a0 Thread added: 0x000002038b079890
Event: 0.847 Thread 0x000002032a8ba5a0 Thread added: 0x00000203458331b0
Event: 0.869 Thread 0x00000203453f1330 Thread exited: 0x00000203453f1330
Event: 1.116 Thread 0x00000203453f1a00 Thread added: 0x00000203453f2e70
Event: 1.713 Thread 0x00000203453f2e70 Thread exited: 0x00000203453f2e70


Dynamic libraries:
0x00007ff7fd910000 - 0x00007ff7fd91e000 	C:\Users\Ric\.jdks\openjdk-22.0.2\bin\java.exe
0x00007ff8763d0000 - 0x00007ff8765c8000 	C:\Windows\SYSTEM32\ntdll.dll
0x00007ff875be0000 - 0x00007ff875ca1000 	C:\Windows\System32\KERNEL32.DLL
0x00007ff8740d0000 - 0x00007ff8743cd000 	C:\Windows\System32\KERNELBASE.dll
0x00007ff873ee0000 - 0x00007ff873fe0000 	C:\Windows\System32\ucrtbase.dll
0x00007ff86e1d0000 - 0x00007ff86e1eb000 	C:\Users\Ric\.jdks\openjdk-22.0.2\bin\VCRUNTIME140.dll
0x00007ff8706a0000 - 0x00007ff8706b7000 	C:\Users\Ric\.jdks\openjdk-22.0.2\bin\jli.dll
0x00007ff874760000 - 0x00007ff8748fd000 	C:\Windows\System32\USER32.dll
0x00007ff861eb0000 - 0x00007ff86214a000 	C:\Windows\WinSxS\amd64_microsoft.windows.common-controls_6595b64144ccf1df_6.0.19041.4355_none_60b8b9eb71f62e16\COMCTL32.dll
0x00007ff873db0000 - 0x00007ff873dd2000 	C:\Windows\System32\win32u.dll
0x00007ff874d70000 - 0x00007ff874e0e000 	C:\Windows\System32\msvcrt.dll
0x00007ff876300000 - 0x00007ff87632b000 	C:\Windows\System32\GDI32.dll
0x00007ff873c90000 - 0x00007ff873da7000 	C:\Windows\System32\gdi32full.dll
0x00007ff873fe0000 - 0x00007ff87407d000 	C:\Windows\System32\msvcp_win.dll
0x00007ff875a80000 - 0x00007ff875aaf000 	C:\Windows\System32\IMM32.DLL
0x00007ff86cce0000 - 0x00007ff86ccec000 	C:\Users\Ric\.jdks\openjdk-22.0.2\bin\vcruntime140_1.dll
0x00007ff860bf0000 - 0x00007ff860c7e000 	C:\Users\Ric\.jdks\openjdk-22.0.2\bin\msvcp140.dll
0x00007ff842440000 - 0x00007ff843189000 	C:\Users\Ric\.jdks\openjdk-22.0.2\bin\server\jvm.dll
0x00007ff874e10000 - 0x00007ff874ec0000 	C:\Windows\System32\ADVAPI32.dll
0x00007ff875cb0000 - 0x00007ff875d50000 	C:\Windows\System32\sechost.dll
0x00007ff875ab0000 - 0x00007ff875bd3000 	C:\Windows\System32\RPCRT4.dll
0x00007ff8743d0000 - 0x00007ff8743f7000 	C:\Windows\System32\bcrypt.dll
0x00007ff876040000 - 0x00007ff8760ab000 	C:\Windows\System32\WS2_32.dll
0x00007ff861550000 - 0x00007ff861577000 	C:\Windows\SYSTEM32\WINMM.dll
0x00007ff8738e0000 - 0x00007ff87392b000 	C:\Windows\SYSTEM32\POWRPROF.dll
0x00007ff8665a0000 - 0x00007ff8665aa000 	C:\Windows\SYSTEM32\VERSION.dll
0x00007ff873810000 - 0x00007ff873822000 	C:\Windows\SYSTEM32\UMPDC.dll
0x00007ff8718c0000 - 0x00007ff8718d2000 	C:\Windows\SYSTEM32\kernel.appcore.dll
0x00007ff86ccd0000 - 0x00007ff86ccda000 	C:\Users\Ric\.jdks\openjdk-22.0.2\bin\jimage.dll
0x00007ff85b270000 - 0x00007ff85b454000 	C:\Windows\SYSTEM32\DBGHELP.DLL
0x00007ff85b230000 - 0x00007ff85b264000 	C:\Windows\SYSTEM32\dbgcore.DLL
0x00007ff873de0000 - 0x00007ff873e62000 	C:\Windows\System32\bcryptPrimitives.dll
0x00007ff86bd20000 - 0x00007ff86bd2f000 	C:\Users\Ric\.jdks\openjdk-22.0.2\bin\instrument.dll
0x00007ff86cc80000 - 0x00007ff86cc9e000 	C:\Users\Ric\.jdks\openjdk-22.0.2\bin\java.dll
0x00007ff8750e0000 - 0x00007ff87584f000 	C:\Windows\System32\SHELL32.dll
0x00007ff874f90000 - 0x00007ff8750bb000 	C:\Windows\System32\ole32.dll
0x00007ff874400000 - 0x00007ff874753000 	C:\Windows\System32\combase.dll
0x00007ff871ac0000 - 0x00007ff872263000 	C:\Windows\SYSTEM32\windows.storage.dll
0x00007ff873360000 - 0x00007ff87338e000 	C:\Windows\SYSTEM32\Wldp.dll
0x00007ff874ec0000 - 0x00007ff874f8d000 	C:\Windows\System32\OLEAUT32.dll
0x00007ff875e10000 - 0x00007ff875ebd000 	C:\Windows\System32\SHCORE.dll
0x00007ff875d50000 - 0x00007ff875da5000 	C:\Windows\System32\shlwapi.dll
0x00007ff8739b0000 - 0x00007ff8739d4000 	C:\Windows\SYSTEM32\profapi.dll
0x00007ff8611d0000 - 0x00007ff8612a7000 	C:\Users\Ric\.jdks\openjdk-22.0.2\bin\jsvml.dll
0x00007ff86b420000 - 0x00007ff86b437000 	C:\Users\Ric\.jdks\openjdk-22.0.2\bin\zip.dll
0x00007ff86c990000 - 0x00007ff86c9a0000 	C:\Users\Ric\.jdks\openjdk-22.0.2\bin\net.dll
0x00007ff873140000 - 0x00007ff8731aa000 	C:\Windows\system32\mswsock.dll
0x00007ff86c410000 - 0x00007ff86c426000 	C:\Users\Ric\.jdks\openjdk-22.0.2\bin\nio.dll
0x00007ff86b9a0000 - 0x00007ff86b9ba000 	C:\Users\Ric\AppData\Local\Programs\IntelliJ IDEA Community Edition\bin\breakgen64.dll
0x00007ff870c80000 - 0x00007ff870c89000 	C:\Users\Ric\.jdks\openjdk-22.0.2\bin\extnet.dll
0x00007ff86b460000 - 0x00007ff86b46a000 	C:\Users\Ric\.jdks\openjdk-22.0.2\bin\management.dll
0x00007ff86b3f0000 - 0x00007ff86b3fb000 	C:\Users\Ric\.jdks\openjdk-22.0.2\bin\management_ext.dll
0x00007ff8750c0000 - 0x00007ff8750c8000 	C:\Windows\System32\PSAPI.DLL

dbghelp: loaded successfully - version: 4.0.5 - missing functions: none
symbol engine: initialized successfully - sym options: 0x614 - pdb path: .;C:\Users\Ric\.jdks\openjdk-22.0.2\bin;C:\Windows\SYSTEM32;C:\Windows\WinSxS\amd64_microsoft.windows.common-controls_6595b64144ccf1df_6.0.19041.4355_none_60b8b9eb71f62e16;C:\Users\Ric\.jdks\openjdk-22.0.2\bin\server;C:\Users\Ric\AppData\Local\Programs\IntelliJ IDEA Community Edition\bin

VM Arguments:
jvm_args: -javaagent:C:\Users\Ric\AppData\Local\Programs\IntelliJ IDEA Community Edition\lib\idea_rt.jar=2867:C:\Users\Ric\AppData\Local\Programs\IntelliJ IDEA Community Edition\bin -Dfile.encoding=UTF-8 -Dsun.stdout.encoding=UTF-8 -Dsun.stderr.encoding=UTF-8 
java_command: com.hasnreziga.auteur.AuteurApplication
java_class_path (initial): C:\Users\Ric\Documents\projects\work\modules\modules\Auteur\target\classes;C:\Users\Ric\.m2\repository\org\springframework\boot\spring-boot-starter-web\3.3.3\spring-boot-starter-web-3.3.3.jar;C:\Users\Ric\.m2\repository\org\springframework\boot\spring-boot-starter\3.3.3\spring-boot-starter-3.3.3.jar;C:\Users\Ric\.m2\repository\org\springframework\boot\spring-boot-starter-logging\3.3.3\spring-boot-starter-logging-3.3.3.jar;C:\Users\Ric\.m2\repository\ch\qos\logback\logback-classic\1.5.7\logback-classic-1.5.7.jar;C:\Users\Ric\.m2\repository\ch\qos\logback\logback-core\1.5.7\logback-core-1.5.7.jar;C:\Users\Ric\.m2\repository\org\apache\logging\log4j\log4j-to-slf4j\2.23.1\log4j-to-slf4j-2.23.1.jar;C:\Users\Ric\.m2\repository\org\apache\logging\log4j\log4j-api\2.23.1\log4j-api-2.23.1.jar;C:\Users\Ric\.m2\repository\org\slf4j\jul-to-slf4j\2.0.16\jul-to-slf4j-2.0.16.jar;C:\Users\Ric\.m2\repository\jakarta\annotation\jakarta.annotation-api\2.1.1\jakarta.annotation-api-2.1.1.jar;C:\Users\Ric\.m2\repository\org\yaml\snakeyaml\2.2\snakeyaml-2.2.jar;C:\Users\Ric\.m2\repository\org\springframework\boot\spring-boot-starter-json\3.3.3\spring-boot-starter-json-3.3.3.jar;C:\Users\Ric\.m2\repository\com\fasterxml\jackson\core\jackson-databind\2.17.2\jackson-databind-2.17.2.jar;C:\Users\Ric\.m2\repository\com\fasterxml\jackson\core\jackson-annotations\2.17.2\jackson-annotations-2.17.2.jar;C:\Users\Ric\.m2\repository\com\fasterxml\jackson\core\jackson-core\2.17.2\jackson-core-2.17.2.jar;C:\Users\Ric\.m2\repository\com\fasterxml\jackson\datatype\jackson-datatype-jdk8\2.17.2\jackson-datatype-jdk8-2.17.2.jar;C:\Users\Ric\.m2\repository\com\fasterxml\jackson\datatype\jackson-datatype-jsr310\2.17.2\jackson-datatype-jsr310-2.17.2.jar;C:\Users\Ric\.m2\repository\com\fasterxml\jackson\module\jackson-module-parameter-names\2.17.2\jackson-module-parameter-names-2.17.2.jar;C:\Users\Ric\.m2\repository\org\springframework\boot\spring-boot-starter-tomcat\3.3.3\spring-boot-starter-tomcat-3.3.3.jar;C:\Users\Ric\.m2\repository\org\apache\tomcat\embed\tomcat-embed-core\10.1.28\tomcat-embed-core-10.1.28.jar;C:\Users\Ric\.m2\repository\org\apache\tomcat\embed\tomcat-embed-el\10.1.28\tomcat-embed-el-10.1.28.jar;C:\Users\Ric\.m2\repository\org\apache\tomcat\embed\tomcat-embed-websocket\10.1.28\tomcat-embed-websocket-10.1.28.jar;C:\Users\Ric\.m2\repository\org\springframework\spring-web\6.1.12\spring-web-6.1.12.jar;C:\Users\Ric\.m2\repository\org\springframework\spring-beans\6.1.12\spring-beans-6.1.12.jar;C:\Users\Ric\.m2\repository\io\micrometer\micrometer-observation\1.13.3\micrometer-observation-1.13.3.jar;C:\Users\Ric\.m2\repository\io\micrometer\micrometer-commons\1.13.3\micrometer-commons-1.13.3.jar;C:\Users\Ric\.m2\repository\org\springframework\spring-webmvc\6.1.12\spring-webmvc-6.1.12.jar;C:\Users\Ric\.m2\repository\org\springframework\spring-context\6.1.12\spring-context-6.1.12.jar;C:\Users\Ric\.m2\repository\org\springframework\spring-expression\6.1.12\spring-expression-6.1.12.jar;C:\Users\Ric\.m2\repository\org\springframework\boot\spring-boot-starter-thymeleaf\3.3.3\spring-boot-starter-thymeleaf-3.3.3.jar;C:\Users\Ric\.m2\repository\org\thymeleaf\thymeleaf-spring6\3.1.2.RELEASE\thymeleaf-spring6-3.1.2.RELEASE.jar;C:\Users\Ric\.m2\repository\org\thymeleaf\thymeleaf\3.1.2.RELEASE\thymeleaf-3.1.2.RELEASE.jar;C:\Users\Ric\.m2\repository\org\attoparser\attoparser\2.0.7.RELEASE\attoparser-2.0.7.RELEASE.jar;C:\Users\Ric\.m2\repository\org\unbescape\unbescape\1.1.6.RELEASE\unbescape-1.1.6.RELEASE.jar;C:\Users\Ric\.m2\repository\org\slf4j\slf4j-api\2.0.16\slf4j-api-2.0.16.jar;C:\Users\Ric\.m2\repository\org\springframework\boot\spring-boot-starter-security\3.3.3\spring-boot-starter-security-3.3.3.jar;C:\Users\Ric\.m2\repository\org\springframework\spring-aop\6.1.12\spring-aop-6.1.12.jar;C:\Users\Ric\.m2\repository\org\springframework\security\spring-security-config\6.3.3\spring-security-config-6.3.3.jar;C:\Users\Ric\.m2\repository\org\springframework\security\spring-security-web\6.3.3\spring-security-web-6.3.3.jar;C:\Users\Ric\.m2\repository\org\springframework\boot\spring-boot-starter-data-jpa\3.3.3\spring-boot-starter-data-jpa-3.3.3.jar;C:\Users\Ric\.m2\repository\org\springframework\boot\spring-boot-starter-aop\3.3.3\spring-boot-starter-aop-3.3.3.jar;C:\Users\Ric\.m2\repository\org\aspectj\aspectjweaver\1.9.22.1\aspectjweaver-1.9.22.1.jar;C:\Users\Ric\.m2\repository\org\springframework\boot\spring-boot-starter-jdbc\3.3.3\spring-boot-starter-jdbc-3.3.3.jar;C:\Users\Ric\.m2\repository\com\zaxxer\HikariCP\5.1.0\HikariCP-5.1.0.jar;C:\Users\Ric\.m2\repository\org\springframework\spring-jdbc\6.1.12\spring-jdbc-6.1.12.jar;C:\Users\Ric\.m2\repository\org\hibernate\orm\hibernate-core\6.5.2.Final\hibernate-core-6.5.2.Final.jar;C:\Users\Ric\.m2\repository\jakarta\persistence\jakarta.persistence-api\3.1.0\jakarta.persistence-api-3.1.0.jar;C:\Users\Ric\.m2\repository\jakarta\transaction\jakarta.transaction-api\2.0.1\jakarta.transaction-api-2.0.1.jar;C:\Users\Ric\.m2\repository\org\jboss\logging\jboss-logging\3.5.3.Final\jboss-logging-3.5.3.Final.jar;C:\Users\Ric\.m2\repository\org\hibernate\common\hibernate-commons-annotations\6.0.6.Final\hibernate-commons-annotations-6.0.6.Final.jar;C:\Users\Ric\.m2\repository\io\smallrye\jandex\3.1.2\jandex-3.1.2.jar;C:\Users\Ric\.m2\repository\com\fasterxml\classmate\1.7.0\classmate-1.7.0.jar;C:\Users\Ric\.m2\repository\net\bytebuddy\byte-buddy\1.14.19\byte-buddy-1.14.19.jar;C:\Users\Ric\.m2\repository\org\glassfish\jaxb\jaxb-runtime\4.0.5\jaxb-runtime-4.0.5.jar;C:\Users\Ric\.m2\repository\org\glassfish\jaxb\jaxb-core\4.0.5\jaxb-core-4.0.5.jar;C:\Users\Ric\.m2\repository\org\eclipse\angus\angus-activation\2.0.2\angus-activation-2.0.2.jar;C:\Users\Ric\.m2\repository\org\glassfish\jaxb\txw2\4.0.5\txw2-4.0.5.jar;C:\Users\Ric\.m2\repository\com\sun\istack\istack-commons-runtime\4.1.2\istack-commons-runtime-4.1.2.jar;C:\Users\Ric\.m2\repository\jakarta\inject\jakarta.inject-api\2.0.1\jakarta.inject-api-2.0.1.jar;C:\Users\Ric\.m2\repository\org\antlr\antlr4-runtime\4.13.0\antlr4-runtime-4.13.0.jar;C:\Users\Ric\.m2\repository\org\springframework\data\spring-data-jpa\3.3.3\spring-data-jpa-3.3.3.jar;C:\Users\Ric\.m2\repository\org\springframework\data\spring-data-commons\3.3.3\spring-data-commons-3.3.3.jar;C:\Users\Ric\.m2\repository\org\springframework\spring-orm\6.1.12\spring-orm-6.1.12.jar;C:\Users\Ric\.m2\repository\org\springframework\spring-tx\6.1.12\spring-tx-6.1.12.jar;C:\Users\Ric\.m2\repository\org\springframework\spring-aspects\6.1.12\spring-aspects-6.1.12.jar;C:\Users\Ric\.m2\repository\org\projectlombok\lombok\1.18.34\lombok-1.18.34.jar;C:\Users\Ric\.m2\repository\org\postgresql\postgresql\42.7.3\postgresql-42.7.3.jar;C:\Users\Ric\.m2\repository\org\checkerframework\checker-qual\3.42.0\checker-qual-3.42.0.jar;C:\Users\Ric\.m2\repository\com\h2database\h2\2.2.224\h2-2.2.224.jar;C:\Users\Ric\.m2\repository\org\springframework\boot\spring-boot-devtools\3.3.3\spring-boot-devtools-3.3.3.jar;C:\Users\Ric\.m2\repository\org\springframework\boot\spring-boot\3.3.3\spring-boot-3.3.3.jar;C:\Users\Ric\.m2\repository\org\springframework\boot\spring-boot-autoconfigure\3.3.3\spring-boot-autoconfigure-3.3.3.jar;C:\Users\Ric\.m2\repository\jakarta\xml\bind\jakarta.xml.bind-api\4.0.2\jakarta.xml.bind-api-4.0.2.jar;C:\Users\Ric\.m2\repository\jakarta\activation\jakarta.activation-api\2.1.3\jakarta.activation-api-2.1.3.jar;C:\Users\Ric\.m2\repository\org\springframework\spring-core\6.1.12\spring-core-6.1.12.jar;C:\Users\Ric\.m2\repository\org\springframework\spring-jcl\6.1.12\spring-jcl-6.1.12.jar;C:\Users\Ric\.m2\repository\org\springframework\security\spring-security-core\6.3.3\spring-security-core-6.3.3.jar;C:\Users\Ric\.m2\repository\org\springframework\security\spring-security-crypto\6.3.3\spring-security-crypto-6.3.3.jar
Launcher Type: SUN_STANDARD

[Global flags]
     intx CICompilerCount                          = 3                                         {product} {ergonomic}
     uint ConcGCThreads                            = 1                                         {product} {ergonomic}
     uint G1ConcRefinementThreads                  = 4                                         {product} {ergonomic}
   size_t G1HeapRegionSize                         = 1048576                                   {product} {ergonomic}
   size_t InitialHeapSize                          = 65011712                                  {product} {ergonomic}
   size_t MarkStackSize                            = 4194304                                   {product} {ergonomic}
   size_t MaxHeapSize                              = 1031798784                                {product} {ergonomic}
   size_t MaxNewSize                               = 618659840                                 {product} {ergonomic}
   size_t MinHeapDeltaBytes                        = 1048576                                   {product} {ergonomic}
   size_t MinHeapSize                              = 8388608                                   {product} {ergonomic}
    uintx NonNMethodCodeHeapSize                   = 5832780                                {pd product} {ergonomic}
    uintx NonProfiledCodeHeapSize                  = 122912730                              {pd product} {ergonomic}
    uintx ProfiledCodeHeapSize                     = 122912730                              {pd product} {ergonomic}
    uintx ReservedCodeCacheSize                    = 251658240                              {pd product} {ergonomic}
     bool SegmentedCodeCache                       = true                                      {product} {ergonomic}
   size_t SoftMaxHeapSize                          = 1031798784                             {manageable} {ergonomic}
     bool UseCompressedOops                        = true                           {product lp64_product} {ergonomic}
     bool UseG1GC                                  = true                                      {product} {ergonomic}
     bool UseLargePagesIndividualAllocation        = false                                  {pd product} {ergonomic}

Logging:
Log output configuration:
 #0: stdout all=warning uptime,level,tags foldmultilines=false
 #1: stderr all=off uptime,level,tags foldmultilines=false

Environment Variables:
PATH=C:\Program Files\Common Files\Oracle\Java\javapath;C:\Windows\system32;C:\Windows;C:\Windows\System32\Wbem;C:\Windows\System32\WindowsPowerShell\v1.0\;C:\Windows\System32\OpenSSH\;C:\Program Files\Microsoft SQL Server\150\Tools\Binn\;C:\Program Files\Git\bin;C:\Users\Ric\AppData\Roaming\nvm;C:\Program Files\nodejs;C:\Program Files\Docker\Docker\resources\bin;C:\Users\Ric\AppData\Local\Programs\Python\Python311\Scripts\;C:\Users\Ric\AppData\Local\Programs\Python\Python311\;C:\Users\Ric\AppData\Local\Microsoft\WindowsApps;C:\Users\Ric\.dotnet\tools;C:\Users\Ric\AppData\Local\Programs\Microsoft VS Code\bin;C:\dev\flutter\bin;C:\Users\Ric\AppData\Roaming\npm;C:\Users\Ric\AppData\Roaming\nvm;C:\Program Files\nodejs;C:\Users\Ric\AppData\Local\JetBrains\Toolbox\scripts;C:\Users\Ric\modelio\Modelio Open Source 5.4\plugins\org.apache.ant_1.10.9.v20201106-1946\META-INF;C:\Users\Ric\Documents\projects\work\biblio;C:\Program Files\PostgreSQL\16\bin;
USERNAME=Ric
OS=Windows_NT
PROCESSOR_IDENTIFIER=Intel64 Family 6 Model 58 Stepping 9, GenuineIntel
TMP=C:\Users\Ric\AppData\Local\Temp
TEMP=C:\Users\Ric\AppData\Local\Temp




Periodic native trim disabled

---------------  S Y S T E M  ---------------

OS:
 Windows 10 , 64 bit Build 19041 (10.0.19041.4842)
OS uptime: 0 days 13:50 hours
Hyper-V role detected

CPU: total 4 (initial active 4) (2 cores per cpu, 2 threads per core) family 6 model 58 stepping 9 microcode 0x21, cx8, cmov, fxsr, ht, mmx, sse, sse2, sse3, ssse3, sse4.1, sse4.2, popcnt, tsc, tscinvbit, avx, aes, erms, clmul, vzeroupper, clflush, hv, rdtscp, f16c
Processor Information for all 4 processors :
  Max Mhz: 2501, Current Mhz: 2100, Mhz Limit: 2075

Memory: 4k page, system-wide physical 3933M (879M free)
TotalPageFile size 8109M (AvailPageFile size 7M)
current process WorkingSet (physical memory assigned to process): 75M, peak: 75M
current process commit charge ("private bytes"): 151M, peak: 151M

vm_info: OpenJDK 64-Bit Server VM (22.0.2+9-70) for windows-amd64 JRE (22.0.2+9-70), built on 2024-06-04T16:52:23Z by "mach5one" with MS VC++ 17.6 (VS2022)

END.
