#
# There is insufficient memory for the Java Runtime Environment to continue.
# Native memory allocation (malloc) failed to allocate 297136 bytes. Error detail: Chunk::new
# Possible reasons:
#   The system is out of physical RAM or swap space
#   This process is running with CompressedOops enabled, and the Java Heap may be blocking the growth of the native heap
# Possible solutions:
#   Reduce memory load on the system
#   Increase physical memory or swap space
#   Check if swap backing store is full
#   Decrease Java heap size (-Xmx/-Xms)
#   Decrease number of Java threads
#   Decrease Java thread stack sizes (-Xss)
#   Set larger code cache with -XX:ReservedCodeCacheSize=
#   JVM is running with Unscaled Compressed Oops mode in which the Java heap is
#     placed in the first 4GB address space. The Java Heap base address is the
#     maximum limit for the native heap growth. Please use -XX:HeapBaseMinAddress
#     to set the Java Heap base and to place the Java Heap above 4GB virtual address.
# This output file may be truncated or incomplete.
#
#  Out of Memory Error (arena.cpp:150), pid=6680, tid=6612
#
# JRE version: OpenJDK Runtime Environment (22.0.2+9) (build 22.0.2+9-70)
# Java VM: OpenJDK 64-Bit Server VM (22.0.2+9-70, mixed mode, sharing, tiered, compressed oops, compressed class ptrs, g1 gc, windows-amd64)
# No core dump will be written. Minidumps are not enabled by default on client versions of Windows
#

---------------  S U M M A R Y ------------

Command Line: -javaagent:C:\Users\Ric\AppData\Local\Programs\IntelliJ IDEA Community Edition\lib\idea_rt.jar=2838:C:\Users\Ric\AppData\Local\Programs\IntelliJ IDEA Community Edition\bin -Dfile.encoding=UTF-8 -Dsun.stdout.encoding=UTF-8 -Dsun.stderr.encoding=UTF-8 com.hasnreziga.auteur.AuteurApplication

Host: Intel(R) Core(TM) i5-3210M CPU @ 2.50GHz, 4 cores, 3G,  Windows 10 , 64 bit Build 19041 (10.0.19041.4842)
Time: Thu Sep 19 10:15:11 2024 E. Africa Standard Time elapsed time: 5.038131 seconds (0d 0h 0m 5s)

---------------  T H R E A D  ---------------

Current thread (0x000001a531a6e560):  JavaThread "C2 CompilerThread0" daemon [_thread_in_native, id=6612, stack(0x0000003072c00000,0x0000003072d00000) (1024K)]


Current CompileTask:
C2:5038 2481       4       java.lang.invoke.MethodType::makeImpl (109 bytes)

Stack: [0x0000003072c00000,0x0000003072d00000]
Native frames: (J=compiled Java code, j=interpreted, Vv=VM code, C=native code)
V  [jvm.dll+0x6e26e9]  (no source info available)
V  [jvm.dll+0x875753]  (no source info available)
V  [jvm.dll+0x877b7e]  (no source info available)
V  [jvm.dll+0x878253]  (no source info available)
V  [jvm.dll+0x27fc86]  (no source info available)
V  [jvm.dll+0xc3d0f]  (no source info available)
V  [jvm.dll+0xc3f6b]  (no source info available)
V  [jvm.dll+0x5edbaa]  (no source info available)
V  [jvm.dll+0x387d7a]  (no source info available)
V  [jvm.dll+0x3871ba]  (no source info available)
V  [jvm.dll+0x2477f8]  (no source info available)
V  [jvm.dll+0x246e9f]  (no source info available)
V  [jvm.dll+0x1c4e80]  (no source info available)
V  [jvm.dll+0x2568f3]  (no source info available)
V  [jvm.dll+0x254baa]  (no source info available)
V  [jvm.dll+0x3f57a6]  (no source info available)
V  [jvm.dll+0x81dc0b]  (no source info available)
V  [jvm.dll+0x6e0d85]  (no source info available)
C  [ucrtbase.dll+0x21bb2]  (no source info available)
C  [KERNEL32.DLL+0x17374]  (no source info available)
C  [ntdll.dll+0x4cc91]  (no source info available)


---------------  P R O C E S S  ---------------

Threads class SMR info:
_java_thread_list=0x000001a577e95d00, length=14, elements={
0x000001a516f2e010, 0x000001a531a53090, 0x000001a531a55400, 0x000001a531a58f40,
0x000001a531a5a110, 0x000001a531a5b720, 0x000001a531a603c0, 0x000001a531a6e560,
0x000001a531a77050, 0x000001a531a60a50, 0x000001a531a5f010, 0x000001a531a5e980,
0x000001a531a61e00, 0x000001a531a61770
}

Java Threads: ( => current thread )
  0x000001a516f2e010 JavaThread "main"                              [_thread_blocked, id=13224, stack(0x0000003071e00000,0x0000003071f00000) (1024K)]
  0x000001a531a53090 JavaThread "Reference Handler"          daemon [_thread_blocked, id=8140, stack(0x0000003072600000,0x0000003072700000) (1024K)]
  0x000001a531a55400 JavaThread "Finalizer"                  daemon [_thread_blocked, id=4340, stack(0x0000003072700000,0x0000003072800000) (1024K)]
  0x000001a531a58f40 JavaThread "Signal Dispatcher"          daemon [_thread_blocked, id=6328, stack(0x0000003072800000,0x0000003072900000) (1024K)]
  0x000001a531a5a110 JavaThread "Attach Listener"            daemon [_thread_blocked, id=13244, stack(0x0000003072900000,0x0000003072a00000) (1024K)]
  0x000001a531a5b720 JavaThread "Service Thread"             daemon [_thread_blocked, id=7048, stack(0x0000003072a00000,0x0000003072b00000) (1024K)]
  0x000001a531a603c0 JavaThread "Monitor Deflation Thread"   daemon [_thread_blocked, id=7556, stack(0x0000003072b00000,0x0000003072c00000) (1024K)]
=>0x000001a531a6e560 JavaThread "C2 CompilerThread0"         daemon [_thread_in_native, id=6612, stack(0x0000003072c00000,0x0000003072d00000) (1024K)]
  0x000001a531a77050 JavaThread "C1 CompilerThread0"         daemon [_thread_blocked, id=6164, stack(0x0000003072d00000,0x0000003072e00000) (1024K)]
  0x000001a531a60a50 JavaThread "Common-Cleaner"             daemon [_thread_blocked, id=6720, stack(0x0000003072e00000,0x0000003072f00000) (1024K)]
  0x000001a531a5f010 JavaThread "Monitor Ctrl-Break"         daemon [_thread_in_native, id=11888, stack(0x0000003072f00000,0x0000003073000000) (1024K)]
  0x000001a531a5e980 JavaThread "Notification Thread"        daemon [_thread_blocked, id=3196, stack(0x0000003073000000,0x0000003073100000) (1024K)]
  0x000001a531a61e00 JavaThread "Thread-0"                          [_thread_blocked, id=12864, stack(0x0000003073400000,0x0000003073500000) (1024K)]
  0x000001a531a61770 JavaThread "restartedMain"                     [_thread_in_native, id=7968, stack(0x0000003073500000,0x0000003073600000) (1024K)]
Total: 14

Other Threads:
  0x000001a531a345d0 VMThread "VM Thread"                           [id=4448, stack(0x0000003072500000,0x0000003072600000) (1024K)]
  0x000001a531a1c490 WatcherThread "VM Periodic Task Thread"        [id=6636, stack(0x0000003072400000,0x0000003072500000) (1024K)]
  0x000001a516f67dd0 WorkerThread "GC Thread#0"                     [id=7592, stack(0x0000003071f00000,0x0000003072000000) (1024K)]
  0x000001a531a34d30 WorkerThread "GC Thread#1"                     [id=7204, stack(0x0000003073100000,0x0000003073200000) (1024K)]
  0x000001a531a34980 WorkerThread "GC Thread#2"                     [id=2960, stack(0x0000003073200000,0x0000003073300000) (1024K)]
  0x000001a531a350e0 WorkerThread "GC Thread#3"                     [id=7708, stack(0x0000003073300000,0x0000003073400000) (1024K)]
  0x000001a516f71590 ConcurrentGCThread "G1 Main Marker"            [id=8124, stack(0x0000003072000000,0x0000003072100000) (1024K)]
  0x000001a516f72900 WorkerThread "G1 Conc#0"                       [id=12128, stack(0x0000003072100000,0x0000003072200000) (1024K)]
  0x000001a516fee8d0 ConcurrentGCThread "G1 Refine#0"               [id=8288, stack(0x0000003072200000,0x0000003072300000) (1024K)]
  0x000001a5318f2cb0 ConcurrentGCThread "G1 Service"                [id=6400, stack(0x0000003072300000,0x0000003072400000) (1024K)]
Total: 10

Threads with active compile tasks:
C2 CompilerThread0  5261 2481       4       java.lang.invoke.MethodType::makeImpl (109 bytes)
C1 CompilerThread0  5261 2721       2       java.net.URL::isValidProtocol (78 bytes)
Total: 2

VM state: not at safepoint (normal execution)

VM Mutex/Monitor currently owned by a thread: None

Heap address: 0x00000000c2800000, size: 984 MB, Compressed Oops mode: 32-bit

CDS archive(s) mapped at: [0x000001a532000000-0x000001a532c60000-0x000001a532c60000), size 12976128, SharedBaseAddress: 0x000001a532000000, ArchiveRelocationMode: 1.
Compressed class space mapped at: 0x000001a533000000-0x000001a573000000, reserved size: 1073741824
Narrow klass base: 0x000001a532000000, Narrow klass shift: 0, Narrow klass range: 0x41000000

GC Precious Log:
 CardTable entry size: 512
 Card Set container configuration: InlinePtr #cards 5 size 8 Array Of Cards #cards 12 size 40 Howl #buckets 4 coarsen threshold 1843 Howl Bitmap #cards 512 size 80 coarsen threshold 460 Card regions per heap region 1 cards per card region 2048
 CPUs: 4 total, 4 available
 Memory: 3933M
 Large Page Support: Disabled
 NUMA Support: Disabled
 Compressed Oops: Enabled (32-bit)
 Heap Region Size: 1M
 Heap Min Capacity: 8M
 Heap Initial Capacity: 62M
 Heap Max Capacity: 984M
 Pre-touch: Disabled
 Parallel Workers: 4
 Concurrent Workers: 1
 Concurrent Refinement Workers: 4
 Periodic GC: Disabled

Heap:
 garbage-first heap   total reserved 1007616K, committed 63488K, used 38192K [0x00000000c2800000, 0x0000000100000000)
  region size 1024K, 33 young (33792K), 4 survivors (4096K)
 Metaspace       used 20548K, committed 20864K, reserved 1114112K
  class space    used 2503K, committed 2624K, reserved 1048576K

Heap Regions: E=young(eden), S=young(survivor), O=old, HS=humongous(starts), HC=humongous(continues), CS=collection set, F=free, TAMS=top-at-mark-start, PB=parsable bottom
|   0|0x00000000c2800000, 0x00000000c2900000, 0x00000000c2900000|100%|HS|  |TAMS 0x00000000c2800000| PB 0x00000000c2800000| Complete |  0
|   1|0x00000000c2900000, 0x00000000c2a00000, 0x00000000c2a00000|100%| O|  |TAMS 0x00000000c2900000| PB 0x00000000c2900000| Untracked |  0
|   2|0x00000000c2a00000, 0x00000000c2b00000, 0x00000000c2b00000|100%| O|  |TAMS 0x00000000c2a00000| PB 0x00000000c2a00000| Untracked |  0
|   3|0x00000000c2b00000, 0x00000000c2c00000, 0x00000000c2c00000|100%| O|  |TAMS 0x00000000c2b00000| PB 0x00000000c2b00000| Untracked |  0
|   4|0x00000000c2c00000, 0x00000000c2d00000, 0x00000000c2d00000|100%| O|  |TAMS 0x00000000c2c00000| PB 0x00000000c2c00000| Untracked |  0
|   5|0x00000000c2d00000, 0x00000000c2e00000, 0x00000000c2e00000|100%| O|  |TAMS 0x00000000c2d00000| PB 0x00000000c2d00000| Untracked |  0
|   6|0x00000000c2e00000, 0x00000000c2ed6eb8, 0x00000000c2f00000| 83%| O|  |TAMS 0x00000000c2e00000| PB 0x00000000c2e00000| Untracked |  0
|   7|0x00000000c2f00000, 0x00000000c2f00000, 0x00000000c3000000|  0%| F|  |TAMS 0x00000000c2f00000| PB 0x00000000c2f00000| Untracked |  0
|   8|0x00000000c3000000, 0x00000000c3000000, 0x00000000c3100000|  0%| F|  |TAMS 0x00000000c3000000| PB 0x00000000c3000000| Untracked |  0
|   9|0x00000000c3100000, 0x00000000c3100000, 0x00000000c3200000|  0%| F|  |TAMS 0x00000000c3100000| PB 0x00000000c3100000| Untracked |  0
|  10|0x00000000c3200000, 0x00000000c3200000, 0x00000000c3300000|  0%| F|  |TAMS 0x00000000c3200000| PB 0x00000000c3200000| Untracked |  0
|  11|0x00000000c3300000, 0x00000000c3300000, 0x00000000c3400000|  0%| F|  |TAMS 0x00000000c3300000| PB 0x00000000c3300000| Untracked |  0
|  12|0x00000000c3400000, 0x00000000c3400000, 0x00000000c3500000|  0%| F|  |TAMS 0x00000000c3400000| PB 0x00000000c3400000| Untracked |  0
|  13|0x00000000c3500000, 0x00000000c3500000, 0x00000000c3600000|  0%| F|  |TAMS 0x00000000c3500000| PB 0x00000000c3500000| Untracked |  0
|  14|0x00000000c3600000, 0x00000000c3600000, 0x00000000c3700000|  0%| F|  |TAMS 0x00000000c3600000| PB 0x00000000c3600000| Untracked |  0
|  15|0x00000000c3700000, 0x00000000c3700000, 0x00000000c3800000|  0%| F|  |TAMS 0x00000000c3700000| PB 0x00000000c3700000| Untracked |  0
|  16|0x00000000c3800000, 0x00000000c3800000, 0x00000000c3900000|  0%| F|  |TAMS 0x00000000c3800000| PB 0x00000000c3800000| Untracked |  0
|  17|0x00000000c3900000, 0x00000000c3900000, 0x00000000c3a00000|  0%| F|  |TAMS 0x00000000c3900000| PB 0x00000000c3900000| Untracked |  0
|  18|0x00000000c3a00000, 0x00000000c3a00000, 0x00000000c3b00000|  0%| F|  |TAMS 0x00000000c3a00000| PB 0x00000000c3a00000| Untracked |  0
|  19|0x00000000c3b00000, 0x00000000c3b00000, 0x00000000c3c00000|  0%| F|  |TAMS 0x00000000c3b00000| PB 0x00000000c3b00000| Untracked |  0
|  20|0x00000000c3c00000, 0x00000000c3c00000, 0x00000000c3d00000|  0%| F|  |TAMS 0x00000000c3c00000| PB 0x00000000c3c00000| Untracked |  0
|  21|0x00000000c3d00000, 0x00000000c3d00000, 0x00000000c3e00000|  0%| F|  |TAMS 0x00000000c3d00000| PB 0x00000000c3d00000| Untracked |  0
|  22|0x00000000c3e00000, 0x00000000c3e00000, 0x00000000c3f00000|  0%| F|  |TAMS 0x00000000c3e00000| PB 0x00000000c3e00000| Untracked |  0
|  23|0x00000000c3f00000, 0x00000000c3f00000, 0x00000000c4000000|  0%| F|  |TAMS 0x00000000c3f00000| PB 0x00000000c3f00000| Untracked |  0
|  24|0x00000000c4000000, 0x00000000c4000000, 0x00000000c4100000|  0%| F|  |TAMS 0x00000000c4000000| PB 0x00000000c4000000| Untracked |  0
|  25|0x00000000c4100000, 0x00000000c4100000, 0x00000000c4200000|  0%| F|  |TAMS 0x00000000c4100000| PB 0x00000000c4100000| Untracked |  0
|  26|0x00000000c4200000, 0x00000000c4200000, 0x00000000c4300000|  0%| F|  |TAMS 0x00000000c4200000| PB 0x00000000c4200000| Untracked |  0
|  27|0x00000000c4300000, 0x00000000c4300000, 0x00000000c4400000|  0%| F|  |TAMS 0x00000000c4300000| PB 0x00000000c4300000| Untracked |  0
|  28|0x00000000c4400000, 0x00000000c4400000, 0x00000000c4500000|  0%| F|  |TAMS 0x00000000c4400000| PB 0x00000000c4400000| Untracked |  0
|  29|0x00000000c4500000, 0x00000000c45aa948, 0x00000000c4600000| 66%| E|  |TAMS 0x00000000c4500000| PB 0x00000000c4500000| Complete |  0
|  30|0x00000000c4600000, 0x00000000c4675208, 0x00000000c4700000| 45%| S|CS|TAMS 0x00000000c4600000| PB 0x00000000c4600000| Complete |  0
|  31|0x00000000c4700000, 0x00000000c4800000, 0x00000000c4800000|100%| S|CS|TAMS 0x00000000c4700000| PB 0x00000000c4700000| Complete |  0
|  32|0x00000000c4800000, 0x00000000c4900000, 0x00000000c4900000|100%| S|CS|TAMS 0x00000000c4800000| PB 0x00000000c4800000| Complete |  0
|  33|0x00000000c4900000, 0x00000000c4a00000, 0x00000000c4a00000|100%| S|CS|TAMS 0x00000000c4900000| PB 0x00000000c4900000| Complete |  0
|  34|0x00000000c4a00000, 0x00000000c4b00000, 0x00000000c4b00000|100%| E|CS|TAMS 0x00000000c4a00000| PB 0x00000000c4a00000| Complete |  0
|  35|0x00000000c4b00000, 0x00000000c4c00000, 0x00000000c4c00000|100%| E|CS|TAMS 0x00000000c4b00000| PB 0x00000000c4b00000| Complete |  0
|  36|0x00000000c4c00000, 0x00000000c4d00000, 0x00000000c4d00000|100%| E|CS|TAMS 0x00000000c4c00000| PB 0x00000000c4c00000| Complete |  0
|  37|0x00000000c4d00000, 0x00000000c4e00000, 0x00000000c4e00000|100%| E|CS|TAMS 0x00000000c4d00000| PB 0x00000000c4d00000| Complete |  0
|  38|0x00000000c4e00000, 0x00000000c4f00000, 0x00000000c4f00000|100%| E|CS|TAMS 0x00000000c4e00000| PB 0x00000000c4e00000| Complete |  0
|  39|0x00000000c4f00000, 0x00000000c5000000, 0x00000000c5000000|100%| E|CS|TAMS 0x00000000c4f00000| PB 0x00000000c4f00000| Complete |  0
|  40|0x00000000c5000000, 0x00000000c5100000, 0x00000000c5100000|100%| E|CS|TAMS 0x00000000c5000000| PB 0x00000000c5000000| Complete |  0
|  41|0x00000000c5100000, 0x00000000c5200000, 0x00000000c5200000|100%| E|CS|TAMS 0x00000000c5100000| PB 0x00000000c5100000| Complete |  0
|  42|0x00000000c5200000, 0x00000000c5300000, 0x00000000c5300000|100%| E|CS|TAMS 0x00000000c5200000| PB 0x00000000c5200000| Complete |  0
|  43|0x00000000c5300000, 0x00000000c5400000, 0x00000000c5400000|100%| E|CS|TAMS 0x00000000c5300000| PB 0x00000000c5300000| Complete |  0
|  44|0x00000000c5400000, 0x00000000c5500000, 0x00000000c5500000|100%| E|CS|TAMS 0x00000000c5400000| PB 0x00000000c5400000| Complete |  0
|  45|0x00000000c5500000, 0x00000000c5600000, 0x00000000c5600000|100%| E|CS|TAMS 0x00000000c5500000| PB 0x00000000c5500000| Complete |  0
|  46|0x00000000c5600000, 0x00000000c5700000, 0x00000000c5700000|100%| E|CS|TAMS 0x00000000c5600000| PB 0x00000000c5600000| Complete |  0
|  47|0x00000000c5700000, 0x00000000c5800000, 0x00000000c5800000|100%| E|CS|TAMS 0x00000000c5700000| PB 0x00000000c5700000| Complete |  0
|  48|0x00000000c5800000, 0x00000000c5900000, 0x00000000c5900000|100%| E|CS|TAMS 0x00000000c5800000| PB 0x00000000c5800000| Complete |  0
|  49|0x00000000c5900000, 0x00000000c5a00000, 0x00000000c5a00000|100%| E|CS|TAMS 0x00000000c5900000| PB 0x00000000c5900000| Complete |  0
|  50|0x00000000c5a00000, 0x00000000c5b00000, 0x00000000c5b00000|100%| E|CS|TAMS 0x00000000c5a00000| PB 0x00000000c5a00000| Complete |  0
|  51|0x00000000c5b00000, 0x00000000c5c00000, 0x00000000c5c00000|100%| E|CS|TAMS 0x00000000c5b00000| PB 0x00000000c5b00000| Complete |  0
|  52|0x00000000c5c00000, 0x00000000c5d00000, 0x00000000c5d00000|100%| E|CS|TAMS 0x00000000c5c00000| PB 0x00000000c5c00000| Complete |  0
|  53|0x00000000c5d00000, 0x00000000c5e00000, 0x00000000c5e00000|100%| E|CS|TAMS 0x00000000c5d00000| PB 0x00000000c5d00000| Complete |  0
|  54|0x00000000c5e00000, 0x00000000c5f00000, 0x00000000c5f00000|100%| E|CS|TAMS 0x00000000c5e00000| PB 0x00000000c5e00000| Complete |  0
|  55|0x00000000c5f00000, 0x00000000c6000000, 0x00000000c6000000|100%| E|CS|TAMS 0x00000000c5f00000| PB 0x00000000c5f00000| Complete |  0
|  56|0x00000000c6000000, 0x00000000c6100000, 0x00000000c6100000|100%| E|  |TAMS 0x00000000c6000000| PB 0x00000000c6000000| Complete |  0
|  57|0x00000000c6100000, 0x00000000c6200000, 0x00000000c6200000|100%| E|CS|TAMS 0x00000000c6100000| PB 0x00000000c6100000| Complete |  0
|  58|0x00000000c6200000, 0x00000000c6300000, 0x00000000c6300000|100%| E|CS|TAMS 0x00000000c6200000| PB 0x00000000c6200000| Complete |  0
|  59|0x00000000c6300000, 0x00000000c6400000, 0x00000000c6400000|100%| E|CS|TAMS 0x00000000c6300000| PB 0x00000000c6300000| Complete |  0
|  60|0x00000000c6400000, 0x00000000c6500000, 0x00000000c6500000|100%| E|CS|TAMS 0x00000000c6400000| PB 0x00000000c6400000| Complete |  0
|  61|0x00000000c6500000, 0x00000000c6600000, 0x00000000c6600000|100%| E|CS|TAMS 0x00000000c6500000| PB 0x00000000c6500000| Complete |  0

Card table byte_map: [0x000001a52e460000,0x000001a52e650000] _byte_map_base: 0x000001a52de4c000

Marking Bits: (CMBitMap*) 0x000001a516f683f0
 Bits: [0x000001a52e650000, 0x000001a52f5b0000)

Polling page: 0x000001a514f00000

Metaspace:

Usage:
  Non-class:     17.63 MB used.
      Class:      2.44 MB used.
       Both:     20.07 MB used.

Virtual space:
  Non-class space:       64.00 MB reserved,      17.81 MB ( 28%) committed,  1 nodes.
      Class space:        1.00 GB reserved,       2.56 MB ( <1%) committed,  1 nodes.
             Both:        1.06 GB reserved,      20.38 MB (  2%) committed. 

Chunk freelists:
   Non-Class:  13.41 MB
       Class:  13.31 MB
        Both:  26.72 MB

MaxMetaspaceSize: unlimited
CompressedClassSpaceSize: 1.00 GB
Initial GC threshold: 21.00 MB
Current GC threshold: 21.00 MB
CDS: on
 - commit_granule_bytes: 65536.
 - commit_granule_words: 8192.
 - virtual_space_node_default_size: 8388608.
 - enlarge_chunks_in_place: 1.
 - use_allocation_guard: 0.


Internal statistics:

num_allocs_failed_limit: 0.
num_arena_births: 284.
num_arena_deaths: 0.
num_vsnodes_births: 2.
num_vsnodes_deaths: 0.
num_space_committed: 326.
num_space_uncommitted: 0.
num_chunks_returned_to_freelist: 0.
num_chunks_taken_from_freelist: 935.
num_chunk_merges: 0.
num_chunk_splits: 626.
num_chunks_enlarged: 445.
num_inconsistent_stats: 0.

CodeHeap 'non-profiled nmethods': size=120000Kb used=931Kb max_used=931Kb free=119068Kb
 bounds [0x000001a526d40000, 0x000001a526fb0000, 0x000001a52e270000]
CodeHeap 'profiled nmethods': size=120000Kb used=5288Kb max_used=5288Kb free=114711Kb
 bounds [0x000001a51f270000, 0x000001a51f7a0000, 0x000001a5267a0000]
CodeHeap 'non-nmethods': size=5760Kb used=1453Kb max_used=1470Kb free=4306Kb
 bounds [0x000001a5267a0000, 0x000001a526a10000, 0x000001a526d40000]
 total_blobs=3254 nmethods=2716 adapters=442
 compilation: enabled
              stopped_count=0, restarted_count=0
 full_count=0

Compilation events (20 events):
Event: 5.015 Thread 0x000001a531a77050 2590       3       java.lang.Thread::getContextClassLoader (30 bytes)
Event: 5.015 Thread 0x000001a531a77050 nmethod 2590 0x000001a51f754110 code [0x000001a51f7542c0, 0x000001a51f754518]
Event: 5.018 Thread 0x000001a531a77050 2591       3       org.springframework.asm.ClassReader::readElementValue (1237 bytes)
Event: 5.027 Thread 0x000001a531a77050 nmethod 2591 0x000001a51f754610 code [0x000001a51f754ec0, 0x000001a51f7595e0]
Event: 5.027 Thread 0x000001a531a77050 2596       3       org.springframework.core.annotation.AbstractMergedAnnotation::isDirectlyPresent (20 bytes)
Event: 5.027 Thread 0x000001a531a77050 nmethod 2596 0x000001a51f75af10 code [0x000001a51f75b0c0, 0x000001a51f75b3d8]
Event: 5.027 Thread 0x000001a531a77050 2592       3       org.springframework.core.type.classreading.SimpleMethodMetadataReadingVisitor::visitEnd (56 bytes)
Event: 5.029 Thread 0x000001a531a77050 nmethod 2592 0x000001a51f75b490 code [0x000001a51f75b700, 0x000001a51f75c048]
Event: 5.030 Thread 0x000001a531a77050 2593       3       java.security.AccessController::checkContext (49 bytes)
Event: 5.030 Thread 0x000001a531a77050 nmethod 2593 0x000001a51f75c410 code [0x000001a51f75c5c0, 0x000001a51f75c798]
Event: 5.030 Thread 0x000001a531a77050 2594       1       java.net.JarURLConnection::getJarFileURL (5 bytes)
Event: 5.030 Thread 0x000001a531a77050 nmethod 2594 0x000001a526e1df90 code [0x000001a526e1e120, 0x000001a526e1e1e8]
Event: 5.030 Thread 0x000001a531a77050 2595       1       java.net.JarURLConnection::getEntryName (5 bytes)
Event: 5.030 Thread 0x000001a531a77050 nmethod 2595 0x000001a526e1e290 code [0x000001a526e1e420, 0x000001a526e1e4e8]
Event: 5.032 Thread 0x000001a531a77050 2597       3       org.springframework.asm.MethodVisitor::<init> (7 bytes)
Event: 5.033 Thread 0x000001a531a77050 nmethod 2597 0x000001a51f75c890 code [0x000001a51f75ca40, 0x000001a51f75cb88]
Event: 5.033 Thread 0x000001a531a77050 2598       3       org.springframework.asm.MethodVisitor::<init> (71 bytes)
Event: 5.034 Thread 0x000001a531a77050 nmethod 2598 0x000001a51f75cc10 code [0x000001a51f75cde0, 0x000001a51f75d248]
Event: 5.034 Thread 0x000001a531a77050 2599       3       org.springframework.core.type.classreading.SimpleAnnotationMetadataReadingVisitor$$Lambda/0x000001a53323cd80::accept (14 bytes)
Event: 5.034 Thread 0x000001a531a77050 nmethod 2599 0x000001a51f75d390 code [0x000001a51f75d540, 0x000001a51f75d7f0]

GC Heap History (6 events):
Event: 1.505 GC heap before
{Heap before GC invocations=0 (full 0):
 garbage-first heap   total reserved 1007616K, committed 63488K, used 15360K [0x00000000c2800000, 0x0000000100000000)
  region size 1024K, 14 young (14336K), 0 survivors (0K)
 Metaspace       used 3608K, committed 3776K, reserved 1114112K
  class space    used 353K, committed 448K, reserved 1048576K
}
Event: 1.519 GC heap after
{Heap after GC invocations=1 (full 0):
 garbage-first heap   total reserved 1007616K, committed 63488K, used 7104K [0x00000000c2800000, 0x0000000100000000)
  region size 1024K, 2 young (2048K), 2 survivors (2048K)
 Metaspace       used 3608K, committed 3776K, reserved 1114112K
  class space    used 353K, committed 448K, reserved 1048576K
}
Event: 2.353 GC heap before
{Heap before GC invocations=1 (full 0):
 garbage-first heap   total reserved 1007616K, committed 63488K, used 19392K [0x00000000c2800000, 0x0000000100000000)
  region size 1024K, 15 young (15360K), 2 survivors (2048K)
 Metaspace       used 6831K, committed 7040K, reserved 1114112K
  class space    used 778K, committed 896K, reserved 1048576K
}
Event: 2.359 GC heap after
{Heap after GC invocations=2 (full 0):
 garbage-first heap   total reserved 1007616K, committed 63488K, used 7885K [0x00000000c2800000, 0x0000000100000000)
  region size 1024K, 1 young (1024K), 1 survivors (1024K)
 Metaspace       used 6831K, committed 7040K, reserved 1114112K
  class space    used 778K, committed 896K, reserved 1048576K
}
Event: 3.892 GC heap before
{Heap before GC invocations=2 (full 0):
 garbage-first heap   total reserved 1007616K, committed 63488K, used 34509K [0x00000000c2800000, 0x0000000100000000)
  region size 1024K, 28 young (28672K), 1 survivors (1024K)
 Metaspace       used 15450K, committed 15744K, reserved 1114112K
  class space    used 1824K, committed 1920K, reserved 1048576K
}
Event: 3.904 GC heap after
{Heap after GC invocations=3 (full 0):
 garbage-first heap   total reserved 1007616K, committed 63488K, used 10544K [0x00000000c2800000, 0x0000000100000000)
  region size 1024K, 4 young (4096K), 4 survivors (4096K)
 Metaspace       used 15450K, committed 15744K, reserved 1114112K
  class space    used 1824K, committed 1920K, reserved 1048576K
}

Dll operation events (14 events):
Event: 0.033 Loaded shared library C:\Users\Ric\.jdks\openjdk-22.0.2\bin\java.dll
Event: 0.122 Loaded shared library C:\Users\Ric\.jdks\openjdk-22.0.2\bin\jsvml.dll
Event: 0.396 Loaded shared library C:\Users\Ric\.jdks\openjdk-22.0.2\bin\zip.dll
Event: 0.409 Loaded shared library C:\Users\Ric\.jdks\openjdk-22.0.2\bin\instrument.dll
Event: 0.421 Loaded shared library C:\Users\Ric\.jdks\openjdk-22.0.2\bin\net.dll
Event: 0.425 Loaded shared library C:\Users\Ric\.jdks\openjdk-22.0.2\bin\nio.dll
Event: 0.432 Loaded shared library C:\Users\Ric\.jdks\openjdk-22.0.2\bin\zip.dll
Event: 0.825 Loaded shared library C:\Users\Ric\AppData\Local\Programs\IntelliJ IDEA Community Edition\bin\breakgen64.dll
Event: 0.871 Loaded shared library C:\Users\Ric\.jdks\openjdk-22.0.2\bin\extnet.dll
Event: 0.965 Loaded shared library C:\Users\Ric\.jdks\openjdk-22.0.2\bin\jimage.dll
Event: 1.815 Loaded shared library C:\Users\Ric\.jdks\openjdk-22.0.2\bin\management.dll
Event: 1.820 Loaded shared library C:\Users\Ric\.jdks\openjdk-22.0.2\bin\management_ext.dll
Event: 3.207 Loaded shared library C:\Users\Ric\.jdks\openjdk-22.0.2\bin\le.dll
Event: 4.381 Loaded shared library C:\Users\Ric\.jdks\openjdk-22.0.2\bin\sunmscapi.dll

Deoptimization events (20 events):
Event: 4.431 Thread 0x000001a531a61770 Uncommon trap: trap_request=0xffffff45 fr.pc=0x000001a526dff944 relative=0x00000000000000a4
Event: 4.431 Thread 0x000001a531a61770 Uncommon trap: reason=unstable_if action=reinterpret pc=0x000001a526dff944 method=java.lang.ref.ReferenceQueue.poll()Ljava/lang/ref/Reference; @ 4 c2
Event: 4.431 Thread 0x000001a531a61770 DEOPT PACKING pc=0x000001a526dff944 sp=0x00000030735fe300
Event: 4.431 Thread 0x000001a531a61770 DEOPT UNPACKING pc=0x000001a5267f46a2 sp=0x00000030735fe1e8 mode 2
Event: 4.464 Thread 0x000001a531a61770 Uncommon trap: trap_request=0xffffffc6 fr.pc=0x000001a526e0e6bc relative=0x00000000000008dc
Event: 4.464 Thread 0x000001a531a61770 Uncommon trap: reason=bimorphic_or_optimized_type_check action=maybe_recompile pc=0x000001a526e0e6bc method=java.util.HashMap.putVal(ILjava/lang/Object;Ljava/lang/Object;ZZ)Ljava/lang/Object; @ 203 c2
Event: 4.464 Thread 0x000001a531a61770 DEOPT PACKING pc=0x000001a526e0e6bc sp=0x00000030735fe410
Event: 4.464 Thread 0x000001a531a61770 DEOPT UNPACKING pc=0x000001a5267f46a2 sp=0x00000030735fe3a0 mode 2
Event: 4.465 Thread 0x000001a531a61770 Uncommon trap: trap_request=0xffffffc6 fr.pc=0x000001a526e0e688 relative=0x00000000000008a8
Event: 4.465 Thread 0x000001a531a61770 Uncommon trap: reason=bimorphic_or_optimized_type_check action=maybe_recompile pc=0x000001a526e0e688 method=java.util.HashMap.putVal(ILjava/lang/Object;Ljava/lang/Object;ZZ)Ljava/lang/Object; @ 91 c2
Event: 4.465 Thread 0x000001a531a61770 DEOPT PACKING pc=0x000001a526e0e688 sp=0x00000030735fe410
Event: 4.465 Thread 0x000001a531a61770 DEOPT UNPACKING pc=0x000001a5267f46a2 sp=0x00000030735fe3a0 mode 2
Event: 4.465 Thread 0x000001a531a61770 Uncommon trap: trap_request=0xffffffc6 fr.pc=0x000001a526e0e688 relative=0x00000000000008a8
Event: 4.465 Thread 0x000001a531a61770 Uncommon trap: reason=bimorphic_or_optimized_type_check action=maybe_recompile pc=0x000001a526e0e688 method=java.util.HashMap.putVal(ILjava/lang/Object;Ljava/lang/Object;ZZ)Ljava/lang/Object; @ 91 c2
Event: 4.465 Thread 0x000001a531a61770 DEOPT PACKING pc=0x000001a526e0e688 sp=0x00000030735fe410
Event: 4.465 Thread 0x000001a531a61770 DEOPT UNPACKING pc=0x000001a5267f46a2 sp=0x00000030735fe3a0 mode 2
Event: 4.465 Thread 0x000001a531a61770 Uncommon trap: trap_request=0xffffffc6 fr.pc=0x000001a526e0e688 relative=0x00000000000008a8
Event: 4.465 Thread 0x000001a531a61770 Uncommon trap: reason=bimorphic_or_optimized_type_check action=maybe_recompile pc=0x000001a526e0e688 method=java.util.HashMap.putVal(ILjava/lang/Object;Ljava/lang/Object;ZZ)Ljava/lang/Object; @ 91 c2
Event: 4.465 Thread 0x000001a531a61770 DEOPT PACKING pc=0x000001a526e0e688 sp=0x00000030735fe410
Event: 4.465 Thread 0x000001a531a61770 DEOPT UNPACKING pc=0x000001a5267f46a2 sp=0x00000030735fe3a0 mode 2

Classes loaded (20 events):
Event: 4.364 Loading class javax/security/auth/login/FailedLoginException
Event: 4.364 Loading class javax/security/auth/login/FailedLoginException done
Event: 4.365 Loading class javax/security/auth/Subject
Event: 4.365 Loading class javax/security/auth/Subject done
Event: 4.366 Loading class javax/security/auth/callback/CallbackHandler
Event: 4.366 Loading class javax/security/auth/callback/CallbackHandler done
Event: 4.385 Loading class com/sun/security/sasl/Provider
Event: 4.385 Loading class com/sun/security/sasl/Provider done
Event: 4.386 Loading class com/sun/security/sasl/Provider$1
Event: 4.386 Loading class com/sun/security/sasl/Provider$1 done
Event: 4.386 Loading class com/sun/security/sasl/Provider$ProviderService
Event: 4.386 Loading class com/sun/security/sasl/Provider$ProviderService done
Event: 4.387 Loading class sun/security/provider/certpath/ldap/JdkLDAP
Event: 4.387 Loading class sun/security/provider/certpath/ldap/JdkLDAP done
Event: 4.388 Loading class sun/security/provider/certpath/ldap/JdkLDAP$ProviderService
Event: 4.388 Loading class sun/security/provider/certpath/ldap/JdkLDAP$ProviderService done
Event: 4.740 Loading class javax/naming/ldap/LdapContext
Event: 4.741 Loading class javax/naming/directory/DirContext
Event: 4.742 Loading class javax/naming/directory/DirContext done
Event: 4.742 Loading class javax/naming/ldap/LdapContext done

Classes unloaded (0 events):
No events

Classes redefined (0 events):
No events

Internal exceptions (20 events):
Event: 2.916 Thread 0x000001a531a61770 Exception <a 'java/lang/NoSuchMethodError'{0x00000000c5e7ed60}: 'java.lang.Object java.lang.invoke.DirectMethodHandle$Holder.newInvokeSpecial(java.lang.Object, long)'> (0x00000000c5e7ed60) 
thrown [s\open\src\hotspot\share\interpreter\linkResolver.cpp, line 774]
Event: 2.963 Thread 0x000001a531a61770 Exception <a 'java/lang/NoSuchMethodError'{0x00000000c5eda0f8}: 'void java.lang.invoke.DirectMethodHandle$Holder.invokeVirtual(java.lang.Object, java.lang.Object, java.lang.Object, java.lang.Object)'> (0x00000000c5eda0f8) 
thrown [s\open\src\hotspot\share\interpreter\linkResolver.cpp, line 774]
Event: 3.146 Thread 0x000001a531a61770 Exception <a 'java/lang/IncompatibleClassChangeError'{0x00000000c5b29ff0}: Found class java.lang.Object, but interface was expected> (0x00000000c5b29ff0) 
thrown [s\open\src\hotspot\share\interpreter\linkResolver.cpp, line 841]
Event: 3.148 Thread 0x000001a531a610e0 Exception <a 'java/lang/NoClassDefFoundError'{0x00000000c5b16990}: jakarta/validation/Validation> (0x00000000c5b16990) 
thrown [s\open\src\hotspot\share\classfile\systemDictionary.cpp, line 302]
Event: 3.158 Thread 0x000001a531a61770 Exception <a 'java/lang/NoSuchMethodError'{0x00000000c5b3f9e0}: 'java.lang.Object java.lang.invoke.DirectMethodHandle$Holder.invokeStaticInit(java.lang.Object, int)'> (0x00000000c5b3f9e0) 
thrown [s\open\src\hotspot\share\interpreter\linkResolver.cpp, line 774]
Event: 3.164 Thread 0x000001a531a61770 Exception <a 'java/lang/NoSuchMethodError'{0x00000000c5b49e60}: 'java.lang.Object java.lang.invoke.DirectMethodHandle$Holder.invokeStatic(java.lang.Object, int, java.lang.Object)'> (0x00000000c5b49e60) 
thrown [s\open\src\hotspot\share\interpreter\linkResolver.cpp, line 774]
Event: 3.164 Thread 0x000001a531a61770 Exception <a 'java/lang/NoSuchMethodError'{0x00000000c5b85758}: 'java.lang.Object java.lang.invoke.DirectMethodHandle$Holder.invokeStaticInit(java.lang.Object, int, java.lang.Object)'> (0x00000000c5b85758) 
thrown [s\open\src\hotspot\share\interpreter\linkResolver.cpp, line 774]
Event: 3.191 Thread 0x000001a531a61770 Exception <a 'sun/nio/fs/WindowsException'{0x00000000c5a37960}> (0x00000000c5a37960) 
thrown [s\open\src\hotspot\share\prims\jni.cpp, line 520]
Event: 3.212 Thread 0x000001a531a61770 Exception <a 'jdk/internal/org/jline/terminal/impl/jna/LastErrorException'{0x00000000c5a44018}> (0x00000000c5a44018) 
thrown [s\open\src\hotspot\share\prims\jni.cpp, line 520]
Event: 3.213 Thread 0x000001a531a61770 Exception <a 'jdk/internal/org/jline/terminal/impl/jna/LastErrorException'{0x00000000c5a446d8}> (0x00000000c5a446d8) 
thrown [s\open\src\hotspot\share\prims\jni.cpp, line 520]
Event: 3.213 Thread 0x000001a531a61770 Exception <a 'jdk/internal/org/jline/terminal/impl/jna/LastErrorException'{0x00000000c5a44d48}> (0x00000000c5a44d48) 
thrown [s\open\src\hotspot\share\prims\jni.cpp, line 520]
Event: 4.132 Thread 0x000001a531a610e0 Exception <a 'java/lang/NoSuchMethodError'{0x00000000c5da86e8}: 'long java.lang.invoke.DirectMethodHandle$Holder.invokeSpecial(java.lang.Object, java.lang.Object)'> (0x00000000c5da86e8) 
thrown [s\open\src\hotspot\share\interpreter\linkResolver.cpp, line 774]
Event: 4.137 Thread 0x000001a531a610e0 Exception <a 'java/lang/NoSuchMethodError'{0x00000000c5db2548}: 'long java.lang.invoke.DirectMethodHandle$Holder.invokeStatic(java.lang.Object, java.lang.Object)'> (0x00000000c5db2548) 
thrown [s\open\src\hotspot\share\interpreter\linkResolver.cpp, line 774]
Event: 4.137 Thread 0x000001a531a610e0 Exception <a 'java/lang/NoSuchMethodError'{0x00000000c5db5630}: 'long java.lang.invoke.DirectMethodHandle$Holder.invokeStaticInit(java.lang.Object, java.lang.Object)'> (0x00000000c5db5630) 
thrown [s\open\src\hotspot\share\interpreter\linkResolver.cpp, line 774]
Event: 4.143 Thread 0x000001a531a610e0 Exception <a 'java/lang/NoSuchMethodError'{0x00000000c5dc1ad0}: 'long java.lang.invoke.DirectMethodHandle$Holder.invokeInterface(java.lang.Object, java.lang.Object)'> (0x00000000c5dc1ad0) 
thrown [s\open\src\hotspot\share\interpreter\linkResolver.cpp, line 774]
Event: 4.144 Thread 0x000001a531a610e0 Exception <a 'java/lang/IncompatibleClassChangeError'{0x00000000c5dc4ae0}: Found class java.lang.Object, but interface was expected> (0x00000000c5dc4ae0) 
thrown [s\open\src\hotspot\share\interpreter\linkResolver.cpp, line 841]
Event: 4.151 Thread 0x000001a531a610e0 Exception <a 'java/lang/NoSuchMethodError'{0x00000000c5c00918}: 'java.lang.Object java.lang.invoke.DirectMethodHandle$Holder.invokeVirtual(java.lang.Object, java.lang.Object, java.lang.Object, java.lang.Object)'> (0x00000000c5c00918) 
thrown [s\open\src\hotspot\share\interpreter\linkResolver.cpp, line 774]
Event: 4.209 Thread 0x000001a531a61770 Exception <a 'java/lang/NoSuchMethodError'{0x00000000c5b514b0}: 'int java.lang.invoke.DirectMethodHandle$Holder.invokeSpecial(java.lang.Object, java.lang.Object, java.lang.Object, java.lang.Object, java.lang.Object)'> (0x00000000c5b514b0) 
thrown [s\open\src\hotspot\share\interpreter\linkResolver.cpp, line 774]
Event: 4.216 Thread 0x000001a531a61770 Exception <a 'java/lang/NoSuchMethodError'{0x00000000c5b59850}: 'void java.lang.invoke.DirectMethodHandle$Holder.invokeVirtual(java.lang.Object, java.lang.Object)'> (0x00000000c5b59850) 
thrown [s\open\src\hotspot\share\interpreter\linkResolver.cpp, line 774]
Event: 4.925 Thread 0x000001a531a61770 Exception <a 'java/lang/IncompatibleClassChangeError'{0x00000000c4e031a0}: Found class java.lang.Object, but interface was expected> (0x00000000c4e031a0) 
thrown [s\open\src\hotspot\share\interpreter\linkResolver.cpp, line 841]

ZGC Phase Switch (0 events):
No events

VM Operations (20 events):
Event: 3.068 Executing VM operation: HandshakeAllThreads (Deoptimize)
Event: 3.068 Executing VM operation: HandshakeAllThreads (Deoptimize) done
Event: 3.068 Executing VM operation: HandshakeAllThreads (Deoptimize)
Event: 3.068 Executing VM operation: HandshakeAllThreads (Deoptimize) done
Event: 3.334 Executing VM operation: ICBufferFull
Event: 3.334 Executing VM operation: ICBufferFull done
Event: 3.675 Executing VM operation: HandshakeAllThreads (Deoptimize)
Event: 3.675 Executing VM operation: HandshakeAllThreads (Deoptimize) done
Event: 3.892 Executing VM operation: G1CollectForAllocation (G1 Evacuation Pause)
Event: 3.904 Executing VM operation: G1CollectForAllocation (G1 Evacuation Pause) done
Event: 4.052 Executing VM operation: HandshakeAllThreads (Deoptimize)
Event: 4.052 Executing VM operation: HandshakeAllThreads (Deoptimize) done
Event: 4.162 Executing VM operation: HandshakeAllThreads (Deoptimize)
Event: 4.163 Executing VM operation: HandshakeAllThreads (Deoptimize) done
Event: 4.237 Executing VM operation: HandshakeAllThreads (Deoptimize)
Event: 4.237 Executing VM operation: HandshakeAllThreads (Deoptimize) done
Event: 4.318 Executing VM operation: HandshakeAllThreads (Deoptimize)
Event: 4.318 Executing VM operation: HandshakeAllThreads (Deoptimize) done
Event: 4.951 Executing VM operation: ICBufferFull
Event: 4.951 Executing VM operation: ICBufferFull done

Memory protections (0 events):
No events

Nmethod flushes (0 events):
No events

Events (18 events):
Event: 0.065 Thread 0x000001a516f2e010 Thread added: 0x000001a516f2e010
Event: 0.117 Thread 0x000001a516f2e010 Thread added: 0x000001a531a53090
Event: 0.117 Thread 0x000001a516f2e010 Thread added: 0x000001a531a55400
Event: 0.118 Thread 0x000001a516f2e010 Thread added: 0x000001a531a58f40
Event: 0.119 Thread 0x000001a516f2e010 Thread added: 0x000001a531a5a110
Event: 0.119 Thread 0x000001a516f2e010 Thread added: 0x000001a531a5b720
Event: 0.119 Thread 0x000001a516f2e010 Thread added: 0x000001a531a603c0
Event: 0.119 Thread 0x000001a516f2e010 Thread added: 0x000001a531a6e560
Event: 0.120 Thread 0x000001a516f2e010 Thread added: 0x000001a531a77050
Event: 0.335 Thread 0x000001a516f2e010 Thread added: 0x000001a531a60a50
Event: 0.826 Thread 0x000001a516f2e010 Thread added: 0x000001a531a5f010
Event: 0.827 Thread 0x000001a516f2e010 Thread added: 0x000001a531a5e980
Event: 1.949 Thread 0x000001a516f2e010 Thread added: 0x000001a531a61e00
Event: 1.956 Thread 0x000001a531a61e00 Thread added: 0x000001a531a61770
Event: 3.140 Thread 0x000001a531a61770 Thread added: 0x000001a531a610e0
Event: 4.394 Thread 0x000001a531a610e0 Thread exited: 0x000001a531a610e0
Event: 4.627 Thread 0x000001a531a61770 Thread added: 0x000001a577f6a630
Event: 4.893 Thread 0x000001a577f6a630 Thread exited: 0x000001a577f6a630


Dynamic libraries:
0x00007ff7b4e90000 - 0x00007ff7b4e9e000 	C:\Users\Ric\.jdks\openjdk-22.0.2\bin\java.exe
0x00007ff8763d0000 - 0x00007ff8765c8000 	C:\Windows\SYSTEM32\ntdll.dll
0x00007ff875be0000 - 0x00007ff875ca1000 	C:\Windows\System32\KERNEL32.DLL
0x00007ff8740d0000 - 0x00007ff8743cd000 	C:\Windows\System32\KERNELBASE.dll
0x00007ff873ee0000 - 0x00007ff873fe0000 	C:\Windows\System32\ucrtbase.dll
0x00007ff870c70000 - 0x00007ff870c87000 	C:\Users\Ric\.jdks\openjdk-22.0.2\bin\jli.dll
0x00007ff8706a0000 - 0x00007ff8706bb000 	C:\Users\Ric\.jdks\openjdk-22.0.2\bin\VCRUNTIME140.dll
0x00007ff874760000 - 0x00007ff8748fd000 	C:\Windows\System32\USER32.dll
0x00007ff873db0000 - 0x00007ff873dd2000 	C:\Windows\System32\win32u.dll
0x00007ff876300000 - 0x00007ff87632b000 	C:\Windows\System32\GDI32.dll
0x00007ff873c90000 - 0x00007ff873da7000 	C:\Windows\System32\gdi32full.dll
0x00007ff873fe0000 - 0x00007ff87407d000 	C:\Windows\System32\msvcp_win.dll
0x00007ff861eb0000 - 0x00007ff86214a000 	C:\Windows\WinSxS\amd64_microsoft.windows.common-controls_6595b64144ccf1df_6.0.19041.4355_none_60b8b9eb71f62e16\COMCTL32.dll
0x00007ff874d70000 - 0x00007ff874e0e000 	C:\Windows\System32\msvcrt.dll
0x00007ff875a80000 - 0x00007ff875aaf000 	C:\Windows\System32\IMM32.DLL
0x00007ff86e1e0000 - 0x00007ff86e1ec000 	C:\Users\Ric\.jdks\openjdk-22.0.2\bin\vcruntime140_1.dll
0x00007ff866150000 - 0x00007ff8661de000 	C:\Users\Ric\.jdks\openjdk-22.0.2\bin\msvcp140.dll
0x00007ff842440000 - 0x00007ff843189000 	C:\Users\Ric\.jdks\openjdk-22.0.2\bin\server\jvm.dll
0x00007ff874e10000 - 0x00007ff874ec0000 	C:\Windows\System32\ADVAPI32.dll
0x00007ff875cb0000 - 0x00007ff875d50000 	C:\Windows\System32\sechost.dll
0x00007ff875ab0000 - 0x00007ff875bd3000 	C:\Windows\System32\RPCRT4.dll
0x00007ff8743d0000 - 0x00007ff8743f7000 	C:\Windows\System32\bcrypt.dll
0x00007ff876040000 - 0x00007ff8760ab000 	C:\Windows\System32\WS2_32.dll
0x00007ff861550000 - 0x00007ff861577000 	C:\Windows\SYSTEM32\WINMM.dll
0x00007ff8738e0000 - 0x00007ff87392b000 	C:\Windows\SYSTEM32\POWRPROF.dll
0x00007ff8665a0000 - 0x00007ff8665aa000 	C:\Windows\SYSTEM32\VERSION.dll
0x00007ff873810000 - 0x00007ff873822000 	C:\Windows\SYSTEM32\UMPDC.dll
0x00007ff8718c0000 - 0x00007ff8718d2000 	C:\Windows\SYSTEM32\kernel.appcore.dll
0x00007ff86e1d0000 - 0x00007ff86e1da000 	C:\Users\Ric\.jdks\openjdk-22.0.2\bin\jimage.dll
0x00007ff85b270000 - 0x00007ff85b454000 	C:\Windows\SYSTEM32\DBGHELP.DLL
0x00007ff85b230000 - 0x00007ff85b264000 	C:\Windows\SYSTEM32\dbgcore.DLL
0x00007ff873de0000 - 0x00007ff873e62000 	C:\Windows\System32\bcryptPrimitives.dll
0x00007ff86b460000 - 0x00007ff86b46f000 	C:\Users\Ric\.jdks\openjdk-22.0.2\bin\instrument.dll
0x00007ff86cc80000 - 0x00007ff86cc9e000 	C:\Users\Ric\.jdks\openjdk-22.0.2\bin\java.dll
0x00007ff8750e0000 - 0x00007ff87584f000 	C:\Windows\System32\SHELL32.dll
0x00007ff874f90000 - 0x00007ff8750bb000 	C:\Windows\System32\ole32.dll
0x00007ff874400000 - 0x00007ff874753000 	C:\Windows\System32\combase.dll
0x00007ff871ac0000 - 0x00007ff872263000 	C:\Windows\SYSTEM32\windows.storage.dll
0x00007ff873360000 - 0x00007ff87338e000 	C:\Windows\SYSTEM32\Wldp.dll
0x00007ff874ec0000 - 0x00007ff874f8d000 	C:\Windows\System32\OLEAUT32.dll
0x00007ff875e10000 - 0x00007ff875ebd000 	C:\Windows\System32\SHCORE.dll
0x00007ff875d50000 - 0x00007ff875da5000 	C:\Windows\System32\shlwapi.dll
0x00007ff8739b0000 - 0x00007ff8739d4000 	C:\Windows\SYSTEM32\profapi.dll
0x00007ff861b00000 - 0x00007ff861bd7000 	C:\Users\Ric\.jdks\openjdk-22.0.2\bin\jsvml.dll
0x00007ff86c980000 - 0x00007ff86c997000 	C:\Users\Ric\.jdks\openjdk-22.0.2\bin\zip.dll
0x00007ff86ccd0000 - 0x00007ff86cce0000 	C:\Users\Ric\.jdks\openjdk-22.0.2\bin\net.dll
0x00007ff873140000 - 0x00007ff8731aa000 	C:\Windows\system32\mswsock.dll
0x00007ff86c410000 - 0x00007ff86c426000 	C:\Users\Ric\.jdks\openjdk-22.0.2\bin\nio.dll
0x00007ff86b420000 - 0x00007ff86b43a000 	C:\Users\Ric\AppData\Local\Programs\IntelliJ IDEA Community Edition\bin\breakgen64.dll
0x00007ff86bd20000 - 0x00007ff86bd29000 	C:\Users\Ric\.jdks\openjdk-22.0.2\bin\extnet.dll
0x00007ff86b390000 - 0x00007ff86b39a000 	C:\Users\Ric\.jdks\openjdk-22.0.2\bin\management.dll
0x00007ff86b380000 - 0x00007ff86b38b000 	C:\Users\Ric\.jdks\openjdk-22.0.2\bin\management_ext.dll
0x00007ff8750c0000 - 0x00007ff8750c8000 	C:\Windows\System32\PSAPI.DLL
0x00007ff86b1c0000 - 0x00007ff86b1cb000 	C:\Users\Ric\.jdks\openjdk-22.0.2\bin\le.dll
0x00007ff86b220000 - 0x00007ff86b22e000 	C:\Users\Ric\.jdks\openjdk-22.0.2\bin\sunmscapi.dll
0x00007ff873b30000 - 0x00007ff873c8c000 	C:\Windows\System32\CRYPT32.dll
0x00007ff8733d0000 - 0x00007ff8733f9000 	C:\Windows\SYSTEM32\ncrypt.dll
0x00007ff873390000 - 0x00007ff8733cb000 	C:\Windows\SYSTEM32\NTASN1.dll

dbghelp: loaded successfully - version: 4.0.5 - missing functions: none
symbol engine: initialized successfully - sym options: 0x614 - pdb path: .;C:\Users\Ric\.jdks\openjdk-22.0.2\bin;C:\Windows\SYSTEM32;C:\Windows\WinSxS\amd64_microsoft.windows.common-controls_6595b64144ccf1df_6.0.19041.4355_none_60b8b9eb71f62e16;C:\Users\Ric\.jdks\openjdk-22.0.2\bin\server;C:\Users\Ric\AppData\Local\Programs\IntelliJ IDEA Community Edition\bin

VM Arguments:
jvm_args: -javaagent:C:\Users\Ric\AppData\Local\Programs\IntelliJ IDEA Community Edition\lib\idea_rt.jar=2838:C:\Users\Ric\AppData\Local\Programs\IntelliJ IDEA Community Edition\bin -Dfile.encoding=UTF-8 -Dsun.stdout.encoding=UTF-8 -Dsun.stderr.encoding=UTF-8 
java_command: com.hasnreziga.auteur.AuteurApplication
java_class_path (initial): C:\Users\Ric\Documents\projects\work\modules\modules\Auteur\target\classes;C:\Users\Ric\.m2\repository\org\springframework\boot\spring-boot-starter-web\3.3.3\spring-boot-starter-web-3.3.3.jar;C:\Users\Ric\.m2\repository\org\springframework\boot\spring-boot-starter\3.3.3\spring-boot-starter-3.3.3.jar;C:\Users\Ric\.m2\repository\org\springframework\boot\spring-boot-starter-logging\3.3.3\spring-boot-starter-logging-3.3.3.jar;C:\Users\Ric\.m2\repository\ch\qos\logback\logback-classic\1.5.7\logback-classic-1.5.7.jar;C:\Users\Ric\.m2\repository\ch\qos\logback\logback-core\1.5.7\logback-core-1.5.7.jar;C:\Users\Ric\.m2\repository\org\apache\logging\log4j\log4j-to-slf4j\2.23.1\log4j-to-slf4j-2.23.1.jar;C:\Users\Ric\.m2\repository\org\apache\logging\log4j\log4j-api\2.23.1\log4j-api-2.23.1.jar;C:\Users\Ric\.m2\repository\org\slf4j\jul-to-slf4j\2.0.16\jul-to-slf4j-2.0.16.jar;C:\Users\Ric\.m2\repository\jakarta\annotation\jakarta.annotation-api\2.1.1\jakarta.annotation-api-2.1.1.jar;C:\Users\Ric\.m2\repository\org\yaml\snakeyaml\2.2\snakeyaml-2.2.jar;C:\Users\Ric\.m2\repository\org\springframework\boot\spring-boot-starter-json\3.3.3\spring-boot-starter-json-3.3.3.jar;C:\Users\Ric\.m2\repository\com\fasterxml\jackson\core\jackson-databind\2.17.2\jackson-databind-2.17.2.jar;C:\Users\Ric\.m2\repository\com\fasterxml\jackson\core\jackson-annotations\2.17.2\jackson-annotations-2.17.2.jar;C:\Users\Ric\.m2\repository\com\fasterxml\jackson\core\jackson-core\2.17.2\jackson-core-2.17.2.jar;C:\Users\Ric\.m2\repository\com\fasterxml\jackson\datatype\jackson-datatype-jdk8\2.17.2\jackson-datatype-jdk8-2.17.2.jar;C:\Users\Ric\.m2\repository\com\fasterxml\jackson\datatype\jackson-datatype-jsr310\2.17.2\jackson-datatype-jsr310-2.17.2.jar;C:\Users\Ric\.m2\repository\com\fasterxml\jackson\module\jackson-module-parameter-names\2.17.2\jackson-module-parameter-names-2.17.2.jar;C:\Users\Ric\.m2\repository\org\springframework\boot\spring-boot-starter-tomcat\3.3.3\spring-boot-starter-tomcat-3.3.3.jar;C:\Users\Ric\.m2\repository\org\apache\tomcat\embed\tomcat-embed-core\10.1.28\tomcat-embed-core-10.1.28.jar;C:\Users\Ric\.m2\repository\org\apache\tomcat\embed\tomcat-embed-el\10.1.28\tomcat-embed-el-10.1.28.jar;C:\Users\Ric\.m2\repository\org\apache\tomcat\embed\tomcat-embed-websocket\10.1.28\tomcat-embed-websocket-10.1.28.jar;C:\Users\Ric\.m2\repository\org\springframework\spring-web\6.1.12\spring-web-6.1.12.jar;C:\Users\Ric\.m2\repository\org\springframework\spring-beans\6.1.12\spring-beans-6.1.12.jar;C:\Users\Ric\.m2\repository\io\micrometer\micrometer-observation\1.13.3\micrometer-observation-1.13.3.jar;C:\Users\Ric\.m2\repository\io\micrometer\micrometer-commons\1.13.3\micrometer-commons-1.13.3.jar;C:\Users\Ric\.m2\repository\org\springframework\spring-webmvc\6.1.12\spring-webmvc-6.1.12.jar;C:\Users\Ric\.m2\repository\org\springframework\spring-context\6.1.12\spring-context-6.1.12.jar;C:\Users\Ric\.m2\repository\org\springframework\spring-expression\6.1.12\spring-expression-6.1.12.jar;C:\Users\Ric\.m2\repository\org\springframework\boot\spring-boot-starter-thymeleaf\3.3.3\spring-boot-starter-thymeleaf-3.3.3.jar;C:\Users\Ric\.m2\repository\org\thymeleaf\thymeleaf-spring6\3.1.2.RELEASE\thymeleaf-spring6-3.1.2.RELEASE.jar;C:\Users\Ric\.m2\repository\org\thymeleaf\thymeleaf\3.1.2.RELEASE\thymeleaf-3.1.2.RELEASE.jar;C:\Users\Ric\.m2\repository\org\attoparser\attoparser\2.0.7.RELEASE\attoparser-2.0.7.RELEASE.jar;C:\Users\Ric\.m2\repository\org\unbescape\unbescape\1.1.6.RELEASE\unbescape-1.1.6.RELEASE.jar;C:\Users\Ric\.m2\repository\org\slf4j\slf4j-api\2.0.16\slf4j-api-2.0.16.jar;C:\Users\Ric\.m2\repository\org\springframework\boot\spring-boot-starter-security\3.3.3\spring-boot-starter-security-3.3.3.jar;C:\Users\Ric\.m2\repository\org\springframework\spring-aop\6.1.12\spring-aop-6.1.12.jar;C:\Users\Ric\.m2\repository\org\springframework\security\spring-security-config\6.3.3\spring-security-config-6.3.3.jar;C:\Users\Ric\.m2\repository\org\springframework\security\spring-security-web\6.3.3\spring-security-web-6.3.3.jar;C:\Users\Ric\.m2\repository\org\springframework\boot\spring-boot-starter-data-jpa\3.3.3\spring-boot-starter-data-jpa-3.3.3.jar;C:\Users\Ric\.m2\repository\org\springframework\boot\spring-boot-starter-aop\3.3.3\spring-boot-starter-aop-3.3.3.jar;C:\Users\Ric\.m2\repository\org\aspectj\aspectjweaver\1.9.22.1\aspectjweaver-1.9.22.1.jar;C:\Users\Ric\.m2\repository\org\springframework\boot\spring-boot-starter-jdbc\3.3.3\spring-boot-starter-jdbc-3.3.3.jar;C:\Users\Ric\.m2\repository\com\zaxxer\HikariCP\5.1.0\HikariCP-5.1.0.jar;C:\Users\Ric\.m2\repository\org\springframework\spring-jdbc\6.1.12\spring-jdbc-6.1.12.jar;C:\Users\Ric\.m2\repository\org\hibernate\orm\hibernate-core\6.5.2.Final\hibernate-core-6.5.2.Final.jar;C:\Users\Ric\.m2\repository\jakarta\persistence\jakarta.persistence-api\3.1.0\jakarta.persistence-api-3.1.0.jar;C:\Users\Ric\.m2\repository\jakarta\transaction\jakarta.transaction-api\2.0.1\jakarta.transaction-api-2.0.1.jar;C:\Users\Ric\.m2\repository\org\jboss\logging\jboss-logging\3.5.3.Final\jboss-logging-3.5.3.Final.jar;C:\Users\Ric\.m2\repository\org\hibernate\common\hibernate-commons-annotations\6.0.6.Final\hibernate-commons-annotations-6.0.6.Final.jar;C:\Users\Ric\.m2\repository\io\smallrye\jandex\3.1.2\jandex-3.1.2.jar;C:\Users\Ric\.m2\repository\com\fasterxml\classmate\1.7.0\classmate-1.7.0.jar;C:\Users\Ric\.m2\repository\net\bytebuddy\byte-buddy\1.14.19\byte-buddy-1.14.19.jar;C:\Users\Ric\.m2\repository\org\glassfish\jaxb\jaxb-runtime\4.0.5\jaxb-runtime-4.0.5.jar;C:\Users\Ric\.m2\repository\org\glassfish\jaxb\jaxb-core\4.0.5\jaxb-core-4.0.5.jar;C:\Users\Ric\.m2\repository\org\eclipse\angus\angus-activation\2.0.2\angus-activation-2.0.2.jar;C:\Users\Ric\.m2\repository\org\glassfish\jaxb\txw2\4.0.5\txw2-4.0.5.jar;C:\Users\Ric\.m2\repository\com\sun\istack\istack-commons-runtime\4.1.2\istack-commons-runtime-4.1.2.jar;C:\Users\Ric\.m2\repository\jakarta\inject\jakarta.inject-api\2.0.1\jakarta.inject-api-2.0.1.jar;C:\Users\Ric\.m2\repository\org\antlr\antlr4-runtime\4.13.0\antlr4-runtime-4.13.0.jar;C:\Users\Ric\.m2\repository\org\springframework\data\spring-data-jpa\3.3.3\spring-data-jpa-3.3.3.jar;C:\Users\Ric\.m2\repository\org\springframework\data\spring-data-commons\3.3.3\spring-data-commons-3.3.3.jar;C:\Users\Ric\.m2\repository\org\springframework\spring-orm\6.1.12\spring-orm-6.1.12.jar;C:\Users\Ric\.m2\repository\org\springframework\spring-tx\6.1.12\spring-tx-6.1.12.jar;C:\Users\Ric\.m2\repository\org\springframework\spring-aspects\6.1.12\spring-aspects-6.1.12.jar;C:\Users\Ric\.m2\repository\org\projectlombok\lombok\1.18.34\lombok-1.18.34.jar;C:\Users\Ric\.m2\repository\org\postgresql\postgresql\42.7.3\postgresql-42.7.3.jar;C:\Users\Ric\.m2\repository\org\checkerframework\checker-qual\3.42.0\checker-qual-3.42.0.jar;C:\Users\Ric\.m2\repository\com\h2database\h2\2.2.224\h2-2.2.224.jar;C:\Users\Ric\.m2\repository\org\springframework\boot\spring-boot-devtools\3.3.3\spring-boot-devtools-3.3.3.jar;C:\Users\Ric\.m2\repository\org\springframework\boot\spring-boot\3.3.3\spring-boot-3.3.3.jar;C:\Users\Ric\.m2\repository\org\springframework\boot\spring-boot-autoconfigure\3.3.3\spring-boot-autoconfigure-3.3.3.jar;C:\Users\Ric\.m2\repository\jakarta\xml\bind\jakarta.xml.bind-api\4.0.2\jakarta.xml.bind-api-4.0.2.jar;C:\Users\Ric\.m2\repository\jakarta\activation\jakarta.activation-api\2.1.3\jakarta.activation-api-2.1.3.jar;C:\Users\Ric\.m2\repository\org\springframework\spring-core\6.1.12\spring-core-6.1.12.jar;C:\Users\Ric\.m2\repository\org\springframework\spring-jcl\6.1.12\spring-jcl-6.1.12.jar;C:\Users\Ric\.m2\repository\org\springframework\security\spring-security-core\6.3.3\spring-security-core-6.3.3.jar;C:\Users\Ric\.m2\repository\org\springframework\security\spring-security-crypto\6.3.3\spring-security-crypto-6.3.3.jar
Launcher Type: SUN_STANDARD

[Global flags]
     intx CICompilerCount                          = 3                                         {product} {ergonomic}
     uint ConcGCThreads                            = 1                                         {product} {ergonomic}
     uint G1ConcRefinementThreads                  = 4                                         {product} {ergonomic}
   size_t G1HeapRegionSize                         = 1048576                                   {product} {ergonomic}
   size_t InitialHeapSize                          = 65011712                                  {product} {ergonomic}
   size_t MarkStackSize                            = 4194304                                   {product} {ergonomic}
   size_t MaxHeapSize                              = 1031798784                                {product} {ergonomic}
   size_t MaxNewSize                               = 618659840                                 {product} {ergonomic}
   size_t MinHeapDeltaBytes                        = 1048576                                   {product} {ergonomic}
   size_t MinHeapSize                              = 8388608                                   {product} {ergonomic}
    uintx NonNMethodCodeHeapSize                   = 5832780                                {pd product} {ergonomic}
    uintx NonProfiledCodeHeapSize                  = 122912730                              {pd product} {ergonomic}
    uintx ProfiledCodeHeapSize                     = 122912730                              {pd product} {ergonomic}
    uintx ReservedCodeCacheSize                    = 251658240                              {pd product} {ergonomic}
     bool SegmentedCodeCache                       = true                                      {product} {ergonomic}
   size_t SoftMaxHeapSize                          = 1031798784                             {manageable} {ergonomic}
     bool UseCompressedOops                        = true                           {product lp64_product} {ergonomic}
     bool UseG1GC                                  = true                                      {product} {ergonomic}
     bool UseLargePagesIndividualAllocation        = false                                  {pd product} {ergonomic}

Logging:
Log output configuration:
 #0: stdout all=warning uptime,level,tags foldmultilines=false
 #1: stderr all=off uptime,level,tags foldmultilines=false

Environment Variables:
PATH=C:\Program Files\Common Files\Oracle\Java\javapath;C:\Windows\system32;C:\Windows;C:\Windows\System32\Wbem;C:\Windows\System32\WindowsPowerShell\v1.0\;C:\Windows\System32\OpenSSH\;C:\Program Files\Microsoft SQL Server\150\Tools\Binn\;C:\Program Files\Git\bin;C:\Users\Ric\AppData\Roaming\nvm;C:\Program Files\nodejs;C:\Program Files\Docker\Docker\resources\bin;C:\Users\Ric\AppData\Local\Programs\Python\Python311\Scripts\;C:\Users\Ric\AppData\Local\Programs\Python\Python311\;C:\Users\Ric\AppData\Local\Microsoft\WindowsApps;C:\Users\Ric\.dotnet\tools;C:\Users\Ric\AppData\Local\Programs\Microsoft VS Code\bin;C:\dev\flutter\bin;C:\Users\Ric\AppData\Roaming\npm;C:\Users\Ric\AppData\Roaming\nvm;C:\Program Files\nodejs;C:\Users\Ric\AppData\Local\JetBrains\Toolbox\scripts;C:\Users\Ric\modelio\Modelio Open Source 5.4\plugins\org.apache.ant_1.10.9.v20201106-1946\META-INF;C:\Users\Ric\Documents\projects\work\biblio;C:\Program Files\PostgreSQL\16\bin;
USERNAME=Ric
OS=Windows_NT
PROCESSOR_IDENTIFIER=Intel64 Family 6 Model 58 Stepping 9, GenuineIntel
TMP=C:\Users\Ric\AppData\Local\Temp
TEMP=C:\Users\Ric\AppData\Local\Temp




Periodic native trim disabled

---------------  S Y S T E M  ---------------

OS:
 Windows 10 , 64 bit Build 19041 (10.0.19041.4842)
OS uptime: 0 days 13:49 hours
Hyper-V role detected

CPU: total 4 (initial active 4) (2 cores per cpu, 2 threads per core) family 6 model 58 stepping 9 microcode 0x21, cx8, cmov, fxsr, ht, mmx, sse, sse2, sse3, ssse3, sse4.1, sse4.2, popcnt, tsc, tscinvbit, avx, aes, erms, clmul, vzeroupper, clflush, hv, rdtscp, f16c
Processor Information for all 4 processors :
  Max Mhz: 2501, Current Mhz: 2100, Mhz Limit: 2075

Memory: 4k page, system-wide physical 3933M (258M free)
TotalPageFile size 8109M (AvailPageFile size 0M)
current process WorkingSet (physical memory assigned to process): 140M, peak: 140M
current process commit charge ("private bytes"): 195M, peak: 195M

vm_info: OpenJDK 64-Bit Server VM (22.0.2+9-70) for windows-amd64 JRE (22.0.2+9-70), built on 2024-06-04T16:52:23Z by "mach5one" with MS VC++ 17.6 (VS2022)

END.
