#
# There is insufficient memory for the Java Runtime Environment to continue.
# Native memory allocation (malloc) failed to allocate 131088 bytes. Error detail: Chunk::new
# Possible reasons:
#   The system is out of physical RAM or swap space
#   This process is running with CompressedOops enabled, and the Java Heap may be blocking the growth of the native heap
# Possible solutions:
#   Reduce memory load on the system
#   Increase physical memory or swap space
#   Check if swap backing store is full
#   Decrease Java heap size (-Xmx/-Xms)
#   Decrease number of Java threads
#   Decrease Java thread stack sizes (-Xss)
#   Set larger code cache with -XX:ReservedCodeCacheSize=
#   JVM is running with Unscaled Compressed Oops mode in which the Java heap is
#     placed in the first 4GB address space. The Java Heap base address is the
#     maximum limit for the native heap growth. Please use -XX:HeapBaseMinAddress
#     to set the Java Heap base and to place the Java Heap above 4GB virtual address.
# This output file may be truncated or incomplete.
#
#  Out of Memory Error (arena.cpp:150), pid=10520, tid=916
#
# JRE version: OpenJDK Runtime Environment (22.0.2+9) (build 22.0.2+9-70)
# Java VM: OpenJDK 64-Bit Server VM (22.0.2+9-70, mixed mode, sharing, tiered, compressed oops, compressed class ptrs, g1 gc, windows-amd64)
# No core dump will be written. Minidumps are not enabled by default on client versions of Windows
#

---------------  S U M M A R Y ------------

Command Line: -javaagent:C:\Users\Ric\AppData\Local\Programs\IntelliJ IDEA Community Edition\lib\idea_rt.jar=10433:C:\Users\Ric\AppData\Local\Programs\IntelliJ IDEA Community Edition\bin -Dfile.encoding=UTF-8 -Dsun.stdout.encoding=UTF-8 -Dsun.stderr.encoding=UTF-8 com.hasnreziga.auteur.AuteurApplication

Host: Intel(R) Core(TM) i5-3210M CPU @ 2.50GHz, 4 cores, 3G,  Windows 10 , 64 bit Build 19041 (10.0.19041.4842)
Time: Fri Sep 20 08:03:03 2024 E. Africa Standard Time elapsed time: 33.382957 seconds (0d 0h 0m 33s)

---------------  T H R E A D  ---------------

Current thread (0x0000019bc5c6b100):  JavaThread "C2 CompilerThread0" daemon [_thread_in_native, id=916, stack(0x0000007ba6100000,0x0000007ba6200000) (1024K)]


Current CompileTask:
C2:33383 6137       4       java.lang.invoke.MethodType::makeImpl (109 bytes)

Stack: [0x0000007ba6100000,0x0000007ba6200000]
Native frames: (J=compiled Java code, j=interpreted, Vv=VM code, C=native code)
V  [jvm.dll+0x6e26e9]  (no source info available)
V  [jvm.dll+0x875753]  (no source info available)
V  [jvm.dll+0x877b7e]  (no source info available)
V  [jvm.dll+0x878253]  (no source info available)
V  [jvm.dll+0x27fc86]  (no source info available)
V  [jvm.dll+0xc3d0f]  (no source info available)
V  [jvm.dll+0xc40fb]  (no source info available)
V  [jvm.dll+0xc3bbb]  (no source info available)
V  [jvm.dll+0x73ab9c]  (no source info available)
V  [jvm.dll+0x616ab7]  (no source info available)
V  [jvm.dll+0x7624bb]  (no source info available)
V  [jvm.dll+0x7615c9]  (no source info available)
V  [jvm.dll+0x6227f2]  (no source info available)
V  [jvm.dll+0x62257a]  (no source info available)
V  [jvm.dll+0x60c819]  (no source info available)
V  [jvm.dll+0x250c92]  (no source info available)
V  [jvm.dll+0x2492a6]  (no source info available)
V  [jvm.dll+0x246da6]  (no source info available)
V  [jvm.dll+0x1c4e80]  (no source info available)
V  [jvm.dll+0x2568f3]  (no source info available)
V  [jvm.dll+0x254baa]  (no source info available)
V  [jvm.dll+0x3f57a6]  (no source info available)
V  [jvm.dll+0x81dc0b]  (no source info available)
V  [jvm.dll+0x6e0d85]  (no source info available)
C  [ucrtbase.dll+0x21bb2]  (no source info available)
C  [KERNEL32.DLL+0x17374]  (no source info available)
C  [ntdll.dll+0x4cc91]  (no source info available)


---------------  P R O C E S S  ---------------

Threads class SMR info:
_java_thread_list=0x0000019c0f99f8c0, length=31, elements={
0x0000019bc5c5ab00, 0x0000019bc5c5ec90, 0x0000019bc5c610e0, 0x0000019bc5c62050,
0x0000019bc5c64880, 0x0000019bc5c670b0, 0x0000019bc5c6b100, 0x0000019bc5c6d980,
0x0000019c0b05ac90, 0x0000019c0b50bf40, 0x0000019c0b50f7c0, 0x0000019c0da557f0,
0x0000019c0da53720, 0x0000019c0da55e80, 0x0000019c0da53db0, 0x0000019c0da54440,
0x0000019c0da53090, 0x0000019c0ceddbc0, 0x0000019c0cedc180, 0x0000019c0cedcea0,
0x0000019c0cee1040, 0x0000019c0cee09b0, 0x0000019c0cee1d60, 0x0000019c0cee37a0,
0x0000019c0cedf600, 0x0000019c0cee16d0, 0x0000019c0cede250, 0x0000019c0cee23f0,
0x0000019c0cee2a80, 0x0000019c0cede8e0, 0x0000019c0c8c7040
}

Java Threads: ( => current thread )
  0x0000019bc5c5ab00 JavaThread "Reference Handler"          daemon [_thread_blocked, id=1036, stack(0x0000007ba5b00000,0x0000007ba5c00000) (1024K)]
  0x0000019bc5c5ec90 JavaThread "Finalizer"                  daemon [_thread_blocked, id=2584, stack(0x0000007ba5c00000,0x0000007ba5d00000) (1024K)]
  0x0000019bc5c610e0 JavaThread "Signal Dispatcher"          daemon [_thread_blocked, id=9332, stack(0x0000007ba5d00000,0x0000007ba5e00000) (1024K)]
  0x0000019bc5c62050 JavaThread "Attach Listener"            daemon [_thread_blocked, id=1192, stack(0x0000007ba5e00000,0x0000007ba5f00000) (1024K)]
  0x0000019bc5c64880 JavaThread "Service Thread"             daemon [_thread_blocked, id=452, stack(0x0000007ba5f00000,0x0000007ba6000000) (1024K)]
  0x0000019bc5c670b0 JavaThread "Monitor Deflation Thread"   daemon [_thread_blocked, id=10160, stack(0x0000007ba6000000,0x0000007ba6100000) (1024K)]
=>0x0000019bc5c6b100 JavaThread "C2 CompilerThread0"         daemon [_thread_in_native, id=916, stack(0x0000007ba6100000,0x0000007ba6200000) (1024K)]
  0x0000019bc5c6d980 JavaThread "C1 CompilerThread0"         daemon [_thread_blocked, id=9288, stack(0x0000007ba6200000,0x0000007ba6300000) (1024K)]
  0x0000019c0b05ac90 JavaThread "Common-Cleaner"             daemon [_thread_blocked, id=8808, stack(0x0000007ba6300000,0x0000007ba6400000) (1024K)]
  0x0000019c0b50bf40 JavaThread "Monitor Ctrl-Break"         daemon [_thread_in_native, id=3868, stack(0x0000007ba6400000,0x0000007ba6500000) (1024K)]
  0x0000019c0b50f7c0 JavaThread "Notification Thread"        daemon [_thread_blocked, id=8172, stack(0x0000007ba6500000,0x0000007ba6600000) (1024K)]
  0x0000019c0da557f0 JavaThread "Catalina-utility-1"                [_thread_blocked, id=448, stack(0x0000007ba6b00000,0x0000007ba6c00000) (1024K)]
  0x0000019c0da53720 JavaThread "Catalina-utility-2"                [_thread_blocked, id=6640, stack(0x0000007ba6c00000,0x0000007ba6d00000) (1024K)]
  0x0000019c0da55e80 JavaThread "container-0"                       [_thread_blocked, id=6764, stack(0x0000007ba6d00000,0x0000007ba6e00000) (1024K)]
  0x0000019c0da53db0 JavaThread "PostgreSQL-JDBC-Cleaner"    daemon [_thread_blocked, id=7544, stack(0x0000007ba7000000,0x0000007ba7100000) (1024K)]
  0x0000019c0da54440 JavaThread "HikariPool-1 housekeeper"   daemon [_thread_blocked, id=10688, stack(0x0000007ba7100000,0x0000007ba7200000) (1024K)]
  0x0000019c0da53090 JavaThread "File Watcher"               daemon [_thread_blocked, id=5768, stack(0x0000007ba7200000,0x0000007ba7300000) (1024K)]
  0x0000019c0ceddbc0 JavaThread "http-nio-8083-exec-1"       daemon [_thread_in_vm, id=12092, stack(0x0000007ba7300000,0x0000007ba7400000) (1024K)]
  0x0000019c0cedc180 JavaThread "http-nio-8083-exec-2"       daemon [_thread_blocked, id=9100, stack(0x0000007ba7400000,0x0000007ba7500000) (1024K)]
  0x0000019c0cedcea0 JavaThread "http-nio-8083-exec-3"       daemon [_thread_blocked, id=8396, stack(0x0000007ba7500000,0x0000007ba7600000) (1024K)]
  0x0000019c0cee1040 JavaThread "http-nio-8083-exec-4"       daemon [_thread_blocked, id=1796, stack(0x0000007ba7600000,0x0000007ba7700000) (1024K)]
  0x0000019c0cee09b0 JavaThread "http-nio-8083-exec-5"       daemon [_thread_blocked, id=8508, stack(0x0000007ba7700000,0x0000007ba7800000) (1024K)]
  0x0000019c0cee1d60 JavaThread "http-nio-8083-exec-6"       daemon [_thread_blocked, id=10864, stack(0x0000007ba7800000,0x0000007ba7900000) (1024K)]
  0x0000019c0cee37a0 JavaThread "http-nio-8083-exec-7"       daemon [_thread_blocked, id=2676, stack(0x0000007ba7900000,0x0000007ba7a00000) (1024K)]
  0x0000019c0cedf600 JavaThread "http-nio-8083-exec-8"       daemon [_thread_blocked, id=11804, stack(0x0000007ba7a00000,0x0000007ba7b00000) (1024K)]
  0x0000019c0cee16d0 JavaThread "http-nio-8083-exec-9"       daemon [_thread_blocked, id=8080, stack(0x0000007ba7b00000,0x0000007ba7c00000) (1024K)]
  0x0000019c0cede250 JavaThread "http-nio-8083-exec-10"      daemon [_thread_blocked, id=4844, stack(0x0000007ba7c00000,0x0000007ba7d00000) (1024K)]
  0x0000019c0cee23f0 JavaThread "http-nio-8083-Poller"       daemon [_thread_in_native, id=5760, stack(0x0000007ba7d00000,0x0000007ba7e00000) (1024K)]
  0x0000019c0cee2a80 JavaThread "http-nio-8083-Acceptor"     daemon [_thread_in_native, id=896, stack(0x0000007ba7e00000,0x0000007ba7f00000) (1024K)]
  0x0000019c0cede8e0 JavaThread "DestroyJavaVM"                     [_thread_blocked, id=11308, stack(0x0000007ba5300000,0x0000007ba5400000) (1024K)]
  0x0000019c0c8c7040 JavaThread "C2 CompilerThread1"         daemon [_thread_in_native, id=10588, stack(0x0000007ba6900000,0x0000007ba6a00000) (1024K)]
Total: 31

Other Threads:
  0x0000019bab22e0c0 VMThread "VM Thread"                           [id=9344, stack(0x0000007ba5a00000,0x0000007ba5b00000) (1024K)]
  0x0000019bc5c3cc40 WatcherThread "VM Periodic Task Thread"        [id=8036, stack(0x0000007ba5900000,0x0000007ba5a00000) (1024K)]
  0x0000019bab1a53e0 WorkerThread "GC Thread#0"                     [id=3532, stack(0x0000007ba5400000,0x0000007ba5500000) (1024K)]
  0x0000019c0b6d3060 WorkerThread "GC Thread#1"                     [id=11120, stack(0x0000007ba6600000,0x0000007ba6700000) (1024K)]
  0x0000019c0b6b1a30 WorkerThread "GC Thread#2"                     [id=10428, stack(0x0000007ba6700000,0x0000007ba6800000) (1024K)]
  0x0000019c0b6b1de0 WorkerThread "GC Thread#3"                     [id=3336, stack(0x0000007ba6800000,0x0000007ba6900000) (1024K)]
  0x0000019bab1aded0 ConcurrentGCThread "G1 Main Marker"            [id=9284, stack(0x0000007ba5500000,0x0000007ba5600000) (1024K)]
  0x0000019bab1aeb90 WorkerThread "G1 Conc#0"                       [id=7556, stack(0x0000007ba5600000,0x0000007ba5700000) (1024K)]
  0x0000019bab204f00 ConcurrentGCThread "G1 Refine#0"               [id=9660, stack(0x0000007ba5700000,0x0000007ba5800000) (1024K)]
  0x0000019bab205c30 ConcurrentGCThread "G1 Service"                [id=10324, stack(0x0000007ba5800000,0x0000007ba5900000) (1024K)]
Total: 10

Threads with active compile tasks:
C2 CompilerThread0  33586 6137       4       java.lang.invoke.MethodType::makeImpl (109 bytes)
C2 CompilerThread1  33586 6148 %     4       java.util.Properties$LineReader::readLine @ 293 (584 bytes)
Total: 2

VM state: not at safepoint (normal execution)

VM Mutex/Monitor currently owned by a thread:  ([mutex/lock_event])
[0x00007ffd556dab00] Metaspace_lock - owner thread: 0x0000019c0ceddbc0

Heap address: 0x00000000c2800000, size: 984 MB, Compressed Oops mode: 32-bit

CDS archive(s) mapped at: [0x0000019bc6000000-0x0000019bc6c60000-0x0000019bc6c60000), size 12976128, SharedBaseAddress: 0x0000019bc6000000, ArchiveRelocationMode: 1.
Compressed class space mapped at: 0x0000019bc7000000-0x0000019c07000000, reserved size: 1073741824
Narrow klass base: 0x0000019bc6000000, Narrow klass shift: 0, Narrow klass range: 0x41000000

GC Precious Log:
 CardTable entry size: 512
 Card Set container configuration: InlinePtr #cards 5 size 8 Array Of Cards #cards 12 size 40 Howl #buckets 4 coarsen threshold 1843 Howl Bitmap #cards 512 size 80 coarsen threshold 460 Card regions per heap region 1 cards per card region 2048
 CPUs: 4 total, 4 available
 Memory: 3933M
 Large Page Support: Disabled
 NUMA Support: Disabled
 Compressed Oops: Enabled (32-bit)
 Heap Region Size: 1M
 Heap Min Capacity: 8M
 Heap Initial Capacity: 62M
 Heap Max Capacity: 984M
 Pre-touch: Disabled
 Parallel Workers: 4
 Concurrent Workers: 1
 Concurrent Refinement Workers: 4
 Periodic GC: Disabled

Heap:
 garbage-first heap   total reserved 1007616K, committed 51200K, used 44557K [0x00000000c2800000, 0x0000000100000000)
  region size 1024K, 17 young (17408K), 2 survivors (2048K)
 Metaspace       used 66316K, committed 67008K, reserved 1114112K
  class space    used 9207K, committed 9536K, reserved 1048576K

Heap Regions: E=young(eden), S=young(survivor), O=old, HS=humongous(starts), HC=humongous(continues), CS=collection set, F=free, TAMS=top-at-mark-start, PB=parsable bottom
|   0|0x00000000c2800000, 0x00000000c2900000, 0x00000000c2900000|100%|HS|  |TAMS 0x00000000c2800000| PB 0x00000000c2800000| Complete |  0
|   1|0x00000000c2900000, 0x00000000c2a00000, 0x00000000c2a00000|100%| O|  |TAMS 0x00000000c2900000| PB 0x00000000c2900000| Untracked |  0
|   2|0x00000000c2a00000, 0x00000000c2b00000, 0x00000000c2b00000|100%| O|  |TAMS 0x00000000c2a00000| PB 0x00000000c2a00000| Untracked |  0
|   3|0x00000000c2b00000, 0x00000000c2c00000, 0x00000000c2c00000|100%| O|  |TAMS 0x00000000c2b00000| PB 0x00000000c2b00000| Untracked |  0
|   4|0x00000000c2c00000, 0x00000000c2d00000, 0x00000000c2d00000|100%| O|  |TAMS 0x00000000c2c00000| PB 0x00000000c2c00000| Untracked |  0
|   5|0x00000000c2d00000, 0x00000000c2e00000, 0x00000000c2e00000|100%| O|  |TAMS 0x00000000c2d00000| PB 0x00000000c2d00000| Untracked |  0
|   6|0x00000000c2e00000, 0x00000000c2f00000, 0x00000000c2f00000|100%| O|  |TAMS 0x00000000c2e00000| PB 0x00000000c2e00000| Untracked |  0
|   7|0x00000000c2f00000, 0x00000000c3000000, 0x00000000c3000000|100%| O|  |TAMS 0x00000000c2f00000| PB 0x00000000c2f00000| Untracked |  0
|   8|0x00000000c3000000, 0x00000000c3100000, 0x00000000c3100000|100%| O|  |TAMS 0x00000000c3000000| PB 0x00000000c3000000| Untracked |  0
|   9|0x00000000c3100000, 0x00000000c3200000, 0x00000000c3200000|100%| O|  |TAMS 0x00000000c3100000| PB 0x00000000c3100000| Untracked |  0
|  10|0x00000000c3200000, 0x00000000c3300000, 0x00000000c3300000|100%| O|  |TAMS 0x00000000c3200000| PB 0x00000000c3200000| Untracked |  0
|  11|0x00000000c3300000, 0x00000000c3400000, 0x00000000c3400000|100%| O|  |TAMS 0x00000000c3300000| PB 0x00000000c3300000| Untracked |  0
|  12|0x00000000c3400000, 0x00000000c3500000, 0x00000000c3500000|100%| O|  |TAMS 0x00000000c3400000| PB 0x00000000c3400000| Untracked |  0
|  13|0x00000000c3500000, 0x00000000c3600000, 0x00000000c3600000|100%| O|  |TAMS 0x00000000c3500000| PB 0x00000000c3500000| Untracked |  0
|  14|0x00000000c3600000, 0x00000000c3700000, 0x00000000c3700000|100%| O|  |TAMS 0x00000000c3600000| PB 0x00000000c3600000| Untracked |  0
|  15|0x00000000c3700000, 0x00000000c3800000, 0x00000000c3800000|100%| O|  |TAMS 0x00000000c3700000| PB 0x00000000c3700000| Untracked |  0
|  16|0x00000000c3800000, 0x00000000c3900000, 0x00000000c3900000|100%| O|  |TAMS 0x00000000c3800000| PB 0x00000000c3800000| Untracked |  0
|  17|0x00000000c3900000, 0x00000000c3a00000, 0x00000000c3a00000|100%| O|  |TAMS 0x00000000c3900000| PB 0x00000000c3900000| Untracked |  0
|  18|0x00000000c3a00000, 0x00000000c3a00000, 0x00000000c3b00000|  0%| F|  |TAMS 0x00000000c3a00000| PB 0x00000000c3a00000| Untracked |  0
|  19|0x00000000c3b00000, 0x00000000c3c00000, 0x00000000c3c00000|100%| O|  |TAMS 0x00000000c3b00000| PB 0x00000000c3b00000| Untracked |  0
|  20|0x00000000c3c00000, 0x00000000c3d00000, 0x00000000c3d00000|100%| O|  |TAMS 0x00000000c3c00000| PB 0x00000000c3c00000| Untracked |  0
|  21|0x00000000c3d00000, 0x00000000c3e00000, 0x00000000c3e00000|100%| O|  |TAMS 0x00000000c3d00000| PB 0x00000000c3d00000| Untracked |  0
|  22|0x00000000c3e00000, 0x00000000c3f00000, 0x00000000c3f00000|100%| O|  |TAMS 0x00000000c3e00000| PB 0x00000000c3e00000| Untracked |  0
|  23|0x00000000c3f00000, 0x00000000c4000000, 0x00000000c4000000|100%| O|  |TAMS 0x00000000c3f00000| PB 0x00000000c3f00000| Untracked |  0
|  24|0x00000000c4000000, 0x00000000c4100000, 0x00000000c4100000|100%| O|  |TAMS 0x00000000c4000000| PB 0x00000000c4000000| Untracked |  0
|  25|0x00000000c4100000, 0x00000000c4200000, 0x00000000c4200000|100%| O|  |TAMS 0x00000000c4100000| PB 0x00000000c4100000| Untracked |  0
|  26|0x00000000c4200000, 0x00000000c4300000, 0x00000000c4300000|100%| O|  |TAMS 0x00000000c4200000| PB 0x00000000c4200000| Untracked |  0
|  27|0x00000000c4300000, 0x00000000c4300000, 0x00000000c4400000|  0%| F|  |TAMS 0x00000000c4300000| PB 0x00000000c4300000| Untracked |  0
|  28|0x00000000c4400000, 0x00000000c4400000, 0x00000000c4500000|  0%| F|  |TAMS 0x00000000c4400000| PB 0x00000000c4400000| Untracked |  0
|  29|0x00000000c4500000, 0x00000000c4500000, 0x00000000c4600000|  0%| F|  |TAMS 0x00000000c4500000| PB 0x00000000c4500000| Untracked |  0
|  30|0x00000000c4600000, 0x00000000c4700000, 0x00000000c4700000|100%| O|  |TAMS 0x00000000c4600000| PB 0x00000000c4600000| Untracked |  0
|  31|0x00000000c4700000, 0x00000000c4783400, 0x00000000c4800000| 51%| O|  |TAMS 0x00000000c4700000| PB 0x00000000c4700000| Untracked |  0
|  32|0x00000000c4800000, 0x00000000c4800000, 0x00000000c4900000|  0%| F|  |TAMS 0x00000000c4800000| PB 0x00000000c4800000| Untracked |  0
|  33|0x00000000c4900000, 0x00000000c4a00000, 0x00000000c4a00000|100%| S|CS|TAMS 0x00000000c4900000| PB 0x00000000c4900000| Complete |  0
|  34|0x00000000c4a00000, 0x00000000c4b00000, 0x00000000c4b00000|100%| S|CS|TAMS 0x00000000c4a00000| PB 0x00000000c4a00000| Complete |  0
|  35|0x00000000c4b00000, 0x00000000c4b5f188, 0x00000000c4c00000| 37%| E|  |TAMS 0x00000000c4b00000| PB 0x00000000c4b00000| Complete |  1
|  36|0x00000000c4c00000, 0x00000000c4d00000, 0x00000000c4d00000|100%| E|CS|TAMS 0x00000000c4c00000| PB 0x00000000c4c00000| Complete |  0
|  37|0x00000000c4d00000, 0x00000000c4e00000, 0x00000000c4e00000|100%| E|CS|TAMS 0x00000000c4d00000| PB 0x00000000c4d00000| Complete |  0
|  38|0x00000000c4e00000, 0x00000000c4f00000, 0x00000000c4f00000|100%| E|CS|TAMS 0x00000000c4e00000| PB 0x00000000c4e00000| Complete |  0
|  39|0x00000000c4f00000, 0x00000000c5000000, 0x00000000c5000000|100%| E|CS|TAMS 0x00000000c4f00000| PB 0x00000000c4f00000| Complete |  0
|  40|0x00000000c5000000, 0x00000000c5100000, 0x00000000c5100000|100%| E|CS|TAMS 0x00000000c5000000| PB 0x00000000c5000000| Complete |  0
|  41|0x00000000c5100000, 0x00000000c5200000, 0x00000000c5200000|100%| E|CS|TAMS 0x00000000c5100000| PB 0x00000000c5100000| Complete |  0
|  42|0x00000000c5200000, 0x00000000c5300000, 0x00000000c5300000|100%| E|CS|TAMS 0x00000000c5200000| PB 0x00000000c5200000| Complete |  0
|  43|0x00000000c5300000, 0x00000000c5400000, 0x00000000c5400000|100%| E|CS|TAMS 0x00000000c5300000| PB 0x00000000c5300000| Complete |  0
|  44|0x00000000c5400000, 0x00000000c5500000, 0x00000000c5500000|100%| E|CS|TAMS 0x00000000c5400000| PB 0x00000000c5400000| Complete |  0
|  45|0x00000000c5500000, 0x00000000c5600000, 0x00000000c5600000|100%| E|CS|TAMS 0x00000000c5500000| PB 0x00000000c5500000| Complete |  0
|  46|0x00000000c5600000, 0x00000000c5700000, 0x00000000c5700000|100%| E|CS|TAMS 0x00000000c5600000| PB 0x00000000c5600000| Complete |  0
|  47|0x00000000c5700000, 0x00000000c5800000, 0x00000000c5800000|100%| E|CS|TAMS 0x00000000c5700000| PB 0x00000000c5700000| Complete |  0
|  55|0x00000000c5f00000, 0x00000000c6000000, 0x00000000c6000000|100%| E|CS|TAMS 0x00000000c5f00000| PB 0x00000000c5f00000| Complete |  0
|  61|0x00000000c6500000, 0x00000000c6600000, 0x00000000c6600000|100%| E|CS|TAMS 0x00000000c6500000| PB 0x00000000c6500000| Complete |  0

Card table byte_map: [0x0000019bc26a0000,0x0000019bc2890000] _byte_map_base: 0x0000019bc208c000

Marking Bits: (CMBitMap*) 0x0000019bab1a5af0
 Bits: [0x0000019bc2890000, 0x0000019bc37f0000)

Polling page: 0x0000019ba9060000

Metaspace:

Usage:
  Non-class:     55.77 MB used.
      Class:      8.99 MB used.
       Both:     64.76 MB used.

Virtual space:
  Non-class space:       64.00 MB reserved,      56.12 MB ( 88%) committed,  1 nodes.
      Class space:        1.00 GB reserved,       9.31 MB ( <1%) committed,  1 nodes.
             Both:        1.06 GB reserved,      65.44 MB (  6%) committed. 

Chunk freelists:
   Non-Class:  7.80 MB
       Class:  6.67 MB
        Both:  14.47 MB

MaxMetaspaceSize: unlimited
CompressedClassSpaceSize: 1.00 GB
Initial GC threshold: 21.00 MB
Current GC threshold: 98.44 MB
CDS: on
 - commit_granule_bytes: 65536.
 - commit_granule_words: 8192.
 - virtual_space_node_default_size: 8388608.
 - enlarge_chunks_in_place: 1.
 - use_allocation_guard: 0.


Internal statistics:

num_allocs_failed_limit: 9.
num_arena_births: 1002.
num_arena_deaths: 0.
num_vsnodes_births: 2.
num_vsnodes_deaths: 0.
num_space_committed: 1047.
num_space_uncommitted: 0.
num_chunks_returned_to_freelist: 9.
num_chunks_taken_from_freelist: 3417.
num_chunk_merges: 9.
num_chunk_splits: 2441.
num_chunks_enlarged: 1846.
num_inconsistent_stats: 0.

CodeHeap 'non-profiled nmethods': size=120000Kb used=3422Kb max_used=3422Kb free=116577Kb
 bounds [0x0000019bbaf80000, 0x0000019bbb2e0000, 0x0000019bc24b0000]
CodeHeap 'profiled nmethods': size=120000Kb used=10353Kb max_used=10353Kb free=109646Kb
 bounds [0x0000019bb34b0000, 0x0000019bb3ed0000, 0x0000019bba9e0000]
CodeHeap 'non-nmethods': size=5760Kb used=1689Kb max_used=1733Kb free=4070Kb
 bounds [0x0000019bba9e0000, 0x0000019bbac50000, 0x0000019bbaf80000]
 total_blobs=6264 nmethods=5541 adapters=626
 compilation: enabled
              stopped_count=0, restarted_count=0
 full_count=0

Compilation events (20 events):
Event: 33.266 Thread 0x0000019bc5c6d980 nmethod 6143 0x0000019bb3ec5510 code [0x0000019bb3ec5720, 0x0000019bb3ec5c18]
Event: 33.270 Thread 0x0000019bc5c6d980 6145       3       java.lang.invoke.MethodTypeForm::findForm (24 bytes)
Event: 33.270 Thread 0x0000019bc5c6d980 nmethod 6145 0x0000019bb3ec5e10 code [0x0000019bb3ec5fe0, 0x0000019bb3ec6228]
Event: 33.271 Thread 0x0000019bc5c6b100 nmethod 6136% 0x0000019bbb2d6390 code [0x0000019bbb2d65a0, 0x0000019bbb2d7088]
Event: 33.271 Thread 0x0000019bc5c6b100 6137       4       java.lang.invoke.MethodType::makeImpl (109 bytes)
Event: 33.325 Thread 0x0000019bc5c6d980 6146       3       jdk.internal.util.ReferencedKeySet::intern (9 bytes)
Event: 33.326 Thread 0x0000019bc5c6d980 nmethod 6146 0x0000019bb3ec6310 code [0x0000019bb3ec64c0, 0x0000019bb3ec66d8]
Event: 33.326 Thread 0x0000019bc5c6d980 6147       3       jdk.internal.util.ReferencedKeyMap::intern (18 bytes)
Event: 33.328 Thread 0x0000019bc5c6d980 nmethod 6147 0x0000019bb3ec6810 code [0x0000019bb3ec6aa0, 0x0000019bb3ec7700]
Event: 33.332 Thread 0x0000019bc5c6d980 6150       3       java.lang.invoke.MethodHandles::dropArgumentChecks (92 bytes)
Event: 33.336 Thread 0x0000019bc5c6d980 nmethod 6150 0x0000019bb3ec7b10 code [0x0000019bb3ec7f00, 0x0000019bb3ec9f68]
Event: 33.336 Thread 0x0000019bc5c6d980 6151       3       java.lang.invoke.BoundMethodHandle$Species_LL::speciesData (4 bytes)
Event: 33.336 Thread 0x0000019bc5c6d980 nmethod 6151 0x0000019bb3eca990 code [0x0000019bb3ecab20, 0x0000019bb3ecac38]
Event: 33.338 Thread 0x0000019bc5c6d980 6152       3       java.lang.invoke.LambdaFormEditor::foldArgumentsForm (95 bytes)
Event: 33.338 Thread 0x0000019bc5c6d980 nmethod 6152 0x0000019bb3ecad10 code [0x0000019bb3ecaf00, 0x0000019bb3ecb208]
Event: 33.356 Thread 0x0000019bc5c6d980 6155       3       java.lang.String::lastIndexOf (18 bytes)
Event: 33.356 Thread 0x0000019bc5c6d980 nmethod 6155 0x0000019bb3ecb390 code [0x0000019bb3ecb560, 0x0000019bb3ecb828]
Event: 33.357 Thread 0x0000019bc5c6d980 6156       3       java.lang.String::lastIndexOf (104 bytes)
Event: 33.358 Thread 0x0000019bc5c6d980 nmethod 6156 0x0000019bb3ecb990 code [0x0000019bb3ecbba0, 0x0000019bb3ecc0d0]
Event: 33.358 Thread 0x0000019c0c8c7040 6148 %     4       java.util.Properties$LineReader::readLine @ 293 (584 bytes)

GC Heap History (20 events):
Event: 10.775 GC heap before
{Heap before GC invocations=7 (full 0):
 garbage-first heap   total reserved 1007616K, committed 51200K, used 41358K [0x00000000c2800000, 0x0000000100000000)
  region size 1024K, 27 young (27648K), 3 survivors (3072K)
 Metaspace       used 29825K, committed 30336K, reserved 1114112K
  class space    used 3785K, committed 4032K, reserved 1048576K
}
Event: 10.787 GC heap after
{Heap after GC invocations=8 (full 0):
 garbage-first heap   total reserved 1007616K, committed 51200K, used 19021K [0x00000000c2800000, 0x0000000100000000)
  region size 1024K, 3 young (3072K), 3 survivors (3072K)
 Metaspace       used 29825K, committed 30336K, reserved 1114112K
  class space    used 3785K, committed 4032K, reserved 1048576K
}
Event: 12.122 GC heap before
{Heap before GC invocations=8 (full 0):
 garbage-first heap   total reserved 1007616K, committed 51200K, used 41549K [0x00000000c2800000, 0x0000000100000000)
  region size 1024K, 25 young (25600K), 3 survivors (3072K)
 Metaspace       used 34397K, committed 35008K, reserved 1114112K
  class space    used 4407K, committed 4672K, reserved 1048576K
}
Event: 12.132 GC heap after
{Heap after GC invocations=9 (full 0):
 garbage-first heap   total reserved 1007616K, committed 51200K, used 20841K [0x00000000c2800000, 0x0000000100000000)
  region size 1024K, 2 young (2048K), 2 survivors (2048K)
 Metaspace       used 34397K, committed 35008K, reserved 1114112K
  class space    used 4407K, committed 4672K, reserved 1048576K
}
Event: 12.301 GC heap before
{Heap before GC invocations=9 (full 0):
 garbage-first heap   total reserved 1007616K, committed 51200K, used 23913K [0x00000000c2800000, 0x0000000100000000)
  region size 1024K, 6 young (6144K), 2 survivors (2048K)
 Metaspace       used 35385K, committed 35968K, reserved 1114112K
  class space    used 4580K, committed 4864K, reserved 1048576K
}
Event: 12.306 GC heap after
{Heap after GC invocations=10 (full 0):
 garbage-first heap   total reserved 1007616K, committed 51200K, used 20960K [0x00000000c2800000, 0x0000000100000000)
  region size 1024K, 2 young (2048K), 2 survivors (2048K)
 Metaspace       used 35385K, committed 35968K, reserved 1114112K
  class space    used 4580K, committed 4864K, reserved 1048576K
}
Event: 14.640 GC heap before
{Heap before GC invocations=11 (full 0):
 garbage-first heap   total reserved 1007616K, committed 51200K, used 42464K [0x00000000c2800000, 0x0000000100000000)
  region size 1024K, 24 young (24576K), 2 survivors (2048K)
 Metaspace       used 41588K, committed 42112K, reserved 1114112K
  class space    used 5484K, committed 5696K, reserved 1048576K
}
Event: 14.649 GC heap after
{Heap after GC invocations=12 (full 0):
 garbage-first heap   total reserved 1007616K, committed 51200K, used 22301K [0x00000000c2800000, 0x0000000100000000)
  region size 1024K, 2 young (2048K), 2 survivors (2048K)
 Metaspace       used 41588K, committed 42112K, reserved 1114112K
  class space    used 5484K, committed 5696K, reserved 1048576K
}
Event: 16.251 GC heap before
{Heap before GC invocations=12 (full 0):
 garbage-first heap   total reserved 1007616K, committed 51200K, used 42781K [0x00000000c2800000, 0x0000000100000000)
  region size 1024K, 23 young (23552K), 2 survivors (2048K)
 Metaspace       used 46415K, committed 46976K, reserved 1114112K
  class space    used 6139K, committed 6400K, reserved 1048576K
}
Event: 16.264 GC heap after
{Heap after GC invocations=13 (full 0):
 garbage-first heap   total reserved 1007616K, committed 51200K, used 23346K [0x00000000c2800000, 0x0000000100000000)
  region size 1024K, 3 young (3072K), 3 survivors (3072K)
 Metaspace       used 46415K, committed 46976K, reserved 1114112K
  class space    used 6139K, committed 6400K, reserved 1048576K
}
Event: 17.630 GC heap before
{Heap before GC invocations=13 (full 0):
 garbage-first heap   total reserved 1007616K, committed 51200K, used 43826K [0x00000000c2800000, 0x0000000100000000)
  region size 1024K, 24 young (24576K), 3 survivors (3072K)
 Metaspace       used 52716K, committed 53312K, reserved 1114112K
  class space    used 7180K, committed 7424K, reserved 1048576K
}
Event: 17.638 GC heap after
{Heap after GC invocations=14 (full 0):
 garbage-first heap   total reserved 1007616K, committed 51200K, used 24592K [0x00000000c2800000, 0x0000000100000000)
  region size 1024K, 3 young (3072K), 3 survivors (3072K)
 Metaspace       used 52716K, committed 53312K, reserved 1114112K
  class space    used 7180K, committed 7424K, reserved 1048576K
}
Event: 18.824 GC heap before
{Heap before GC invocations=14 (full 0):
 garbage-first heap   total reserved 1007616K, committed 51200K, used 44048K [0x00000000c2800000, 0x0000000100000000)
  region size 1024K, 22 young (22528K), 3 survivors (3072K)
 Metaspace       used 57146K, committed 57792K, reserved 1114112K
  class space    used 7858K, committed 8128K, reserved 1048576K
}
Event: 18.832 GC heap after
{Heap after GC invocations=15 (full 0):
 garbage-first heap   total reserved 1007616K, committed 51200K, used 25701K [0x00000000c2800000, 0x0000000100000000)
  region size 1024K, 3 young (3072K), 3 survivors (3072K)
 Metaspace       used 57146K, committed 57792K, reserved 1114112K
  class space    used 7858K, committed 8128K, reserved 1048576K
}
Event: 19.519 GC heap before
{Heap before GC invocations=15 (full 0):
 garbage-first heap   total reserved 1007616K, committed 51200K, used 36965K [0x00000000c2800000, 0x0000000100000000)
  region size 1024K, 16 young (16384K), 3 survivors (3072K)
 Metaspace       used 59602K, committed 60288K, reserved 1114112K
  class space    used 8157K, committed 8512K, reserved 1048576K
}
Event: 19.527 GC heap after
{Heap after GC invocations=16 (full 0):
 garbage-first heap   total reserved 1007616K, committed 51200K, used 27167K [0x00000000c2800000, 0x0000000100000000)
  region size 1024K, 3 young (3072K), 3 survivors (3072K)
 Metaspace       used 59602K, committed 60288K, reserved 1114112K
  class space    used 8157K, committed 8512K, reserved 1048576K
}
Event: 20.713 GC heap before
{Heap before GC invocations=17 (full 0):
 garbage-first heap   total reserved 1007616K, committed 51200K, used 44575K [0x00000000c2800000, 0x0000000100000000)
  region size 1024K, 20 young (20480K), 3 survivors (3072K)
 Metaspace       used 62132K, committed 62848K, reserved 1114112K
  class space    used 8614K, committed 8960K, reserved 1048576K
}
Event: 20.725 GC heap after
{Heap after GC invocations=18 (full 0):
 garbage-first heap   total reserved 1007616K, committed 51200K, used 28722K [0x00000000c2800000, 0x0000000100000000)
  region size 1024K, 3 young (3072K), 3 survivors (3072K)
 Metaspace       used 62132K, committed 62848K, reserved 1114112K
  class space    used 8614K, committed 8960K, reserved 1048576K
}
Event: 21.565 GC heap before
{Heap before GC invocations=18 (full 0):
 garbage-first heap   total reserved 1007616K, committed 51200K, used 44082K [0x00000000c2800000, 0x0000000100000000)
  region size 1024K, 18 young (18432K), 3 survivors (3072K)
 Metaspace       used 63987K, committed 64704K, reserved 1114112K
  class space    used 8892K, committed 9216K, reserved 1048576K
}
Event: 21.577 GC heap after
{Heap after GC invocations=19 (full 0):
 garbage-first heap   total reserved 1007616K, committed 51200K, used 30221K [0x00000000c2800000, 0x0000000100000000)
  region size 1024K, 2 young (2048K), 2 survivors (2048K)
 Metaspace       used 63987K, committed 64704K, reserved 1114112K
  class space    used 8892K, committed 9216K, reserved 1048576K
}

Dll operation events (15 events):
Event: 0.048 Loaded shared library C:\Users\Ric\.jdks\openjdk-22.0.2\bin\java.dll
Event: 0.140 Loaded shared library C:\Users\Ric\.jdks\openjdk-22.0.2\bin\jsvml.dll
Event: 0.611 Loaded shared library C:\Users\Ric\.jdks\openjdk-22.0.2\bin\zip.dll
Event: 0.624 Loaded shared library C:\Users\Ric\.jdks\openjdk-22.0.2\bin\instrument.dll
Event: 0.635 Loaded shared library C:\Users\Ric\.jdks\openjdk-22.0.2\bin\net.dll
Event: 0.640 Loaded shared library C:\Users\Ric\.jdks\openjdk-22.0.2\bin\nio.dll
Event: 0.650 Loaded shared library C:\Users\Ric\.jdks\openjdk-22.0.2\bin\zip.dll
Event: 1.200 Loaded shared library C:\Users\Ric\.jdks\openjdk-22.0.2\bin\jimage.dll
Event: 1.229 Loaded shared library C:\Users\Ric\AppData\Local\Programs\IntelliJ IDEA Community Edition\bin\breakgen64.dll
Event: 1.277 Loaded shared library C:\Users\Ric\.jdks\openjdk-22.0.2\bin\extnet.dll
Event: 2.815 Loaded shared library C:\Users\Ric\.jdks\openjdk-22.0.2\bin\management.dll
Event: 2.819 Loaded shared library C:\Users\Ric\.jdks\openjdk-22.0.2\bin\management_ext.dll
Event: 4.225 Loaded shared library C:\Users\Ric\.jdks\openjdk-22.0.2\bin\le.dll
Event: 5.731 Loaded shared library C:\Users\Ric\.jdks\openjdk-22.0.2\bin\sunmscapi.dll
Event: 12.382 Loaded shared library C:\Users\Ric\.jdks\openjdk-22.0.2\bin\verify.dll

Deoptimization events (20 events):
Event: 21.732 Thread 0x0000019c0bbbc350 DEOPT PACKING pc=0x0000019bbb000460 sp=0x0000007ba6afbbb0
Event: 21.732 Thread 0x0000019c0bbbc350 DEOPT UNPACKING pc=0x0000019bbaa346a2 sp=0x0000007ba6afbb28 mode 2
Event: 22.029 Thread 0x0000019c0bbbc350 Uncommon trap: trap_request=0xffffff45 fr.pc=0x0000019bbb013038 relative=0x00000000000000f8
Event: 22.029 Thread 0x0000019c0bbbc350 Uncommon trap: reason=unstable_if action=reinterpret pc=0x0000019bbb013038 method=java.lang.ref.ReferenceQueue.poll()Ljava/lang/ref/Reference; @ 4 c2
Event: 22.029 Thread 0x0000019c0bbbc350 DEOPT PACKING pc=0x0000019bbb013038 sp=0x0000007ba6afe5e0
Event: 22.029 Thread 0x0000019c0bbbc350 DEOPT UNPACKING pc=0x0000019bbaa346a2 sp=0x0000007ba6afe4a8 mode 2
Event: 22.077 Thread 0x0000019c0bbbc350 Uncommon trap: trap_request=0xffffff45 fr.pc=0x0000019bbb1d3fa4 relative=0x0000000000000e64
Event: 22.077 Thread 0x0000019c0bbbc350 Uncommon trap: reason=unstable_if action=reinterpret pc=0x0000019bbb1d3fa4 method=java.lang.String.<init>(Ljava/nio/charset/Charset;[BII)V @ 6 c2
Event: 22.077 Thread 0x0000019c0bbbc350 DEOPT PACKING pc=0x0000019bbb1d3fa4 sp=0x0000007ba6afdb30
Event: 22.077 Thread 0x0000019c0bbbc350 DEOPT UNPACKING pc=0x0000019bbaa346a2 sp=0x0000007ba6afdb00 mode 2
Event: 22.116 Thread 0x0000019c0bbbc350 DEOPT PACKING pc=0x0000019bb3eb8c6e sp=0x0000007ba6afe3b0
Event: 22.116 Thread 0x0000019c0bbbc350 DEOPT UNPACKING pc=0x0000019bbaa34e42 sp=0x0000007ba6afd888 mode 0
Event: 23.038 Thread 0x0000019c0da53090 DEOPT PACKING pc=0x0000019bb3cd883d sp=0x0000007ba72feea0
Event: 23.038 Thread 0x0000019c0da53090 DEOPT UNPACKING pc=0x0000019bbaa34e42 sp=0x0000007ba72fe368 mode 0
Event: 27.230 Thread 0x0000019c0da53090 DEOPT PACKING pc=0x0000019bb3ebdc32 sp=0x0000007ba72ff040
Event: 27.230 Thread 0x0000019c0da53090 DEOPT UNPACKING pc=0x0000019bbaa34e42 sp=0x0000007ba72fe508 mode 0
Event: 33.211 Thread 0x0000019c0cedc180 Uncommon trap: trap_request=0xffffff54 fr.pc=0x0000019bbb06499c relative=0x000000000000203c
Event: 33.211 Thread 0x0000019c0cedc180 Uncommon trap: reason=speculate_null_assert action=make_not_entrant pc=0x0000019bbb06499c method=jdk.internal.util.ReferencedKeyMap.internKey(Ljdk/internal/util/ReferencedKeyMap;Ljava/lang/Object;)Ljava/lang/Object; @ 28 c2
Event: 33.211 Thread 0x0000019c0cedc180 DEOPT PACKING pc=0x0000019bbb06499c sp=0x0000007ba74fe470
Event: 33.211 Thread 0x0000019c0cedc180 DEOPT UNPACKING pc=0x0000019bbaa346a2 sp=0x0000007ba74fe340 mode 2

Classes loaded (20 events):
Event: 33.198 Loading class java/nio/channels/WritePendingException
Event: 33.198 Loading class java/nio/channels/WritePendingException done
Event: 33.202 Loading class java/util/concurrent/Semaphore
Event: 33.203 Loading class java/util/concurrent/Semaphore done
Event: 33.203 Loading class java/util/concurrent/Semaphore$NonfairSync
Event: 33.203 Loading class java/util/concurrent/Semaphore$Sync
Event: 33.203 Loading class java/util/concurrent/Semaphore$Sync done
Event: 33.203 Loading class java/util/concurrent/Semaphore$NonfairSync done
Event: 33.204 Loading class sun/nio/ch/SocketAdaptor
Event: 33.204 Loading class sun/nio/ch/SocketAdaptor done
Event: 33.204 Loading class sun/nio/ch/SocketChannelImpl$DefaultOptionsHolder
Event: 33.204 Loading class sun/nio/ch/SocketChannelImpl$DefaultOptionsHolder done
Event: 33.206 Loading class sun/nio/ch/SelectionKeyImpl
Event: 33.206 Loading class java/nio/channels/spi/AbstractSelectionKey
Event: 33.207 Loading class java/nio/channels/SelectionKey
Event: 33.207 Loading class java/nio/channels/SelectionKey done
Event: 33.207 Loading class java/nio/channels/spi/AbstractSelectionKey done
Event: 33.207 Loading class sun/nio/ch/SelectionKeyImpl done
Event: 33.208 Loading class java/lang/invoke/ConstantBootstraps
Event: 33.209 Loading class java/lang/invoke/ConstantBootstraps done

Classes unloaded (0 events):
No events

Classes redefined (0 events):
No events

Internal exceptions (20 events):
Event: 18.298 Thread 0x0000019c0bbbc350 Exception <a 'java/lang/NoSuchMethodError'{0x00000000c4d59170}: 'java.lang.Object java.lang.invoke.DirectMethodHandle$Holder.invokeSpecial(java.lang.Object, java.lang.Object, java.lang.Object, java.lang.Object, java.lang.Object, java.lang.Object, java.lang.Object, java.lang.Object, int)'> (0x00000000c4d59170) 
thrown [s\open\src\hotspot\share\interpreter\linkResolver.cpp, line 774]
Event: 18.298 Thread 0x0000019c0bbbc350 Exception <a 'java/lang/NoSuchMethodError'{0x00000000c4d5d198}: 'java.lang.Object java.lang.invoke.Invokers$Holder.linkToTargetMethod(java.lang.Object, java.lang.Object, java.lang.Object, java.lang.Object, java.lang.Object, java.lang.Object, int, java.lang.Object)'> (0x00000000c4d5d198) 
thrown [s\open\src\hotspot\share\interpreter\linkResolver.cpp, line 774]
Event: 18.339 Thread 0x0000019c0bbbc350 Exception <a 'java/lang/NoSuchMethodError'{0x00000000c4c0aef0}: 'void java.lang.invoke.DirectMethodHandle$Holder.invokeInterface(java.lang.Object, java.lang.Object)'> (0x00000000c4c0aef0) 
thrown [s\open\src\hotspot\share\interpreter\linkResolver.cpp, line 774]
Event: 18.694 Thread 0x0000019c0bbbc350 Exception <a 'java/lang/NoSuchMethodError'{0x00000000c48175e0}: 'java.lang.Object java.lang.invoke.DirectMethodHandle$Holder.invokeSpecial(java.lang.Object, java.lang.Object, int, java.lang.Object, int)'> (0x00000000c48175e0) 
thrown [s\open\src\hotspot\share\interpreter\linkResolver.cpp, line 774]
Event: 18.758 Thread 0x0000019c0bbbc350 Exception <a 'java/lang/NoSuchMethodError'{0x00000000c48e06d0}: 'void java.lang.invoke.Invokers$Holder.invokeExact_MT(java.lang.Object, java.lang.Object, java.lang.Object, java.lang.Object)'> (0x00000000c48e06d0) 
thrown [s\open\src\hotspot\share\interpreter\linkResolver.cpp, line 774]
Event: 18.835 Thread 0x0000019c0bbbc350 Implicit null exception at 0x0000019bbb214e73 to 0x0000019bbb2150dc
Event: 18.869 Thread 0x0000019c0bbbc350 Implicit null exception at 0x0000019bbb20231a to 0x0000019bbb202354
Event: 18.962 Thread 0x0000019c0bbbc350 Exception <a 'java/lang/IncompatibleClassChangeError'{0x00000000c5602828}: Found class java.lang.Object, but interface was expected> (0x00000000c5602828) 
thrown [s\open\src\hotspot\share\interpreter\linkResolver.cpp, line 841]
Event: 18.988 Thread 0x0000019c0bbbc350 Exception <a 'java/lang/IncompatibleClassChangeError'{0x00000000c5671668}: Found class java.lang.Object, but interface was expected> (0x00000000c5671668) 
thrown [s\open\src\hotspot\share\interpreter\linkResolver.cpp, line 841]
Event: 19.075 Thread 0x0000019c0bbbc350 Exception <a 'java/lang/IncompatibleClassChangeError'{0x00000000c55e35a8}: Found class java.lang.Object, but interface was expected> (0x00000000c55e35a8) 
thrown [s\open\src\hotspot\share\interpreter\linkResolver.cpp, line 841]
Event: 19.480 Thread 0x0000019c0bbbc350 Exception <a 'java/lang/IncompatibleClassChangeError'{0x00000000c4d10e98}: Found class java.lang.Object, but interface was expected> (0x00000000c4d10e98) 
thrown [s\open\src\hotspot\share\interpreter\linkResolver.cpp, line 841]
Event: 19.754 Thread 0x0000019c0bbbc350 Exception <a 'java/lang/IncompatibleClassChangeError'{0x00000000c5712530}: Found class java.lang.Object, but interface was expected> (0x00000000c5712530) 
thrown [s\open\src\hotspot\share\interpreter\linkResolver.cpp, line 841]
Event: 20.212 Thread 0x0000019c0bbbc350 Exception <a 'java/lang/NoSuchMethodError'{0x00000000c500d8f8}: 'java.lang.Object java.lang.invoke.DirectMethodHandle$Holder.newInvokeSpecial(java.lang.Object, java.lang.Object, java.lang.Object, java.lang.Object, java.lang.Object, java.lang.Object, java.lang.Object, java.lang.Object)'> (0x00000000c500d8f8) 
thrown [s\open\src\hotspot\share\interpreter\linkResolver.cpp, line 774]
Event: 21.058 Thread 0x0000019c0bbbc350 Exception <a 'java/lang/IncompatibleClassChangeError'{0x00000000c536d9e0}: Found class java.lang.Object, but interface was expected> (0x00000000c536d9e0) 
thrown [s\open\src\hotspot\share\interpreter\linkResolver.cpp, line 841]
Event: 21.440 Thread 0x0000019c0bbbc350 Exception <a 'java/lang/NoSuchMethodError'{0x00000000c4da9280}: 'void java.lang.invoke.DirectMethodHandle$Holder.invokeVirtual(java.lang.Object, java.lang.Object, long)'> (0x00000000c4da9280) 
thrown [s\open\src\hotspot\share\interpreter\linkResolver.cpp, line 774]
Event: 21.743 Thread 0x0000019c0bbbc350 Exception <a 'java/lang/IncompatibleClassChangeError'{0x00000000c5608010}: Found class java.lang.Object, but interface was expected> (0x00000000c5608010) 
thrown [s\open\src\hotspot\share\interpreter\linkResolver.cpp, line 841]
Event: 21.996 Thread 0x0000019c0bbbc350 Exception <a 'java/net/BindException'{0x00000000c5278538}: Address already in use: bind> (0x00000000c5278538) 
thrown [s\open\src\hotspot\share\prims\jni.cpp, line 539]
Event: 22.032 Thread 0x0000019c0bbbc350 Exception <a 'java/lang/NoSuchMethodError'{0x00000000c5135400}: 'java.lang.Object java.lang.invoke.DirectMethodHandle$Holder.newInvokeSpecial(java.lang.Object, java.lang.Object, int, java.lang.Object, java.lang.Object)'> (0x00000000c5135400) 
thrown [s\open\src\hotspot\share\interpreter\linkResolver.cpp, line 774]
Event: 33.266 Thread 0x0000019c0ceddbc0 Exception <a 'java/lang/NoSuchMethodError'{0x00000000c4d53d68}: 'java.lang.Object java.lang.invoke.DirectMethodHandle$Holder.invokeSpecial(java.lang.Object, java.lang.Object, java.lang.Object, java.lang.Object, java.lang.Object, long)'> (0x00000000c4d53d68) 
thrown [s\open\src\hotspot\share\interpreter\linkResolver.cpp, line 774]
Event: 33.267 Thread 0x0000019c0ceddbc0 Exception <a 'java/lang/NoSuchMethodError'{0x00000000c4d574f0}: 'java.lang.Object java.lang.invoke.Invokers$Holder.linkToTargetMethod(java.lang.Object, java.lang.Object, java.lang.Object, long, java.lang.Object)'> (0x00000000c4d574f0) 
thrown [s\open\src\hotspot\share\interpreter\linkResolver.cpp, line 774]

ZGC Phase Switch (0 events):
No events

VM Operations (20 events):
Event: 20.776 Executing VM operation: HandshakeAllThreads (Deoptimize)
Event: 20.776 Executing VM operation: HandshakeAllThreads (Deoptimize) done
Event: 21.508 Executing VM operation: HandshakeAllThreads (Deoptimize)
Event: 21.508 Executing VM operation: HandshakeAllThreads (Deoptimize) done
Event: 21.565 Executing VM operation: G1CollectForAllocation (G1 Evacuation Pause)
Event: 21.577 Executing VM operation: G1CollectForAllocation (G1 Evacuation Pause) done
Event: 22.028 Executing VM operation: HandshakeAllThreads (Deoptimize)
Event: 22.028 Executing VM operation: HandshakeAllThreads (Deoptimize) done
Event: 23.030 Executing VM operation: Cleanup
Event: 23.030 Executing VM operation: Cleanup done
Event: 24.031 Executing VM operation: Cleanup
Event: 24.031 Executing VM operation: Cleanup done
Event: 27.035 Executing VM operation: Cleanup
Event: 27.035 Executing VM operation: Cleanup done
Event: 28.047 Executing VM operation: Cleanup
Event: 28.047 Executing VM operation: Cleanup done
Event: 33.301 Executing VM operation: HandshakeAllThreads (Deoptimize)
Event: 33.301 Executing VM operation: HandshakeAllThreads (Deoptimize) done
Event: 33.301 Executing VM operation: Cleanup
Event: 33.301 Executing VM operation: Cleanup done

Memory protections (0 events):
No events

Nmethod flushes (20 events):
Event: 19.632 Thread 0x0000019bab22e0c0 flushing  nmethod 0x0000019bb3944610
Event: 19.632 Thread 0x0000019bab22e0c0 flushing  nmethod 0x0000019bb3985b90
Event: 19.632 Thread 0x0000019bab22e0c0 flushing  nmethod 0x0000019bb3a59010
Event: 19.632 Thread 0x0000019bab22e0c0 flushing  nmethod 0x0000019bb3a82810
Event: 19.632 Thread 0x0000019bab22e0c0 flushing  nmethod 0x0000019bb3ac0610
Event: 19.632 Thread 0x0000019bab22e0c0 flushing  nmethod 0x0000019bb3ac7e90
Event: 19.632 Thread 0x0000019bab22e0c0 flushing  nmethod 0x0000019bb3acb190
Event: 19.632 Thread 0x0000019bab22e0c0 flushing  nmethod 0x0000019bb3accc90
Event: 19.632 Thread 0x0000019bab22e0c0 flushing  nmethod 0x0000019bb3ace190
Event: 19.632 Thread 0x0000019bab22e0c0 flushing  nmethod 0x0000019bb3acf290
Event: 19.632 Thread 0x0000019bab22e0c0 flushing  nmethod 0x0000019bb3af2310
Event: 19.632 Thread 0x0000019bab22e0c0 flushing  nmethod 0x0000019bb3b31f90
Event: 19.632 Thread 0x0000019bab22e0c0 flushing  nmethod 0x0000019bb3b8c810
Event: 19.632 Thread 0x0000019bab22e0c0 flushing  nmethod 0x0000019bb3b8dc10
Event: 19.632 Thread 0x0000019bab22e0c0 flushing  nmethod 0x0000019bb3bff090
Event: 19.632 Thread 0x0000019bab22e0c0 flushing  nmethod 0x0000019bb3c0a310
Event: 19.632 Thread 0x0000019bab22e0c0 flushing  nmethod 0x0000019bb3c7ad10
Event: 19.632 Thread 0x0000019bab22e0c0 flushing  nmethod 0x0000019bb3c7b490
Event: 19.632 Thread 0x0000019bab22e0c0 flushing  nmethod 0x0000019bb3c7c810
Event: 19.632 Thread 0x0000019bab22e0c0 flushing  nmethod 0x0000019bb3cae190

Events (20 events):
Event: 21.633 Thread 0x0000019c0da53090 Thread exited: 0x0000019c0da53090
Event: 21.987 Thread 0x0000019c0bbbc350 Thread added: 0x0000019c0da53090
Event: 22.052 Thread 0x0000019c0bbbc350 Thread added: 0x0000019c0ceddbc0
Event: 22.052 Thread 0x0000019c0bbbc350 Thread added: 0x0000019c0cedc180
Event: 22.053 Thread 0x0000019c0bbbc350 Thread added: 0x0000019c0cedcea0
Event: 22.053 Thread 0x0000019c0bbbc350 Thread added: 0x0000019c0cee1040
Event: 22.053 Thread 0x0000019c0bbbc350 Thread added: 0x0000019c0cee09b0
Event: 22.053 Thread 0x0000019c0bbbc350 Thread added: 0x0000019c0cee1d60
Event: 22.053 Thread 0x0000019c0bbbc350 Thread added: 0x0000019c0cee37a0
Event: 22.054 Thread 0x0000019c0bbbc350 Thread added: 0x0000019c0cedf600
Event: 22.054 Thread 0x0000019c0bbbc350 Thread added: 0x0000019c0cee16d0
Event: 22.054 Thread 0x0000019c0bbbc350 Thread added: 0x0000019c0cede250
Event: 22.082 Thread 0x0000019c0bbbc350 Thread added: 0x0000019c0cee23f0
Event: 22.084 Thread 0x0000019c0bbbc350 Thread added: 0x0000019c0cee2a80
Event: 22.138 Thread 0x0000019c0bbbc350 Thread exited: 0x0000019c0bbbc350
Event: 22.145 Thread 0x0000019c0b8d6440 Thread exited: 0x0000019c0b8d6440
Event: 22.145 Thread 0x0000019bab16b3b0 Thread exited: 0x0000019bab16b3b0
Event: 22.145 Thread 0x0000019c0cede8e0 Thread added: 0x0000019c0cede8e0
Event: 23.650 Thread 0x0000019c0c8c7040 Thread exited: 0x0000019c0c8c7040
Event: 33.357 Thread 0x0000019bc5c6d980 Thread added: 0x0000019c0c8c7040


Dynamic libraries:
0x00007ff6e0300000 - 0x00007ff6e030e000 	C:\Users\Ric\.jdks\openjdk-22.0.2\bin\java.exe
0x00007ffd88450000 - 0x00007ffd88648000 	C:\Windows\SYSTEM32\ntdll.dll
0x00007ffd87a50000 - 0x00007ffd87b11000 	C:\Windows\System32\KERNEL32.DLL
0x00007ffd85de0000 - 0x00007ffd860dd000 	C:\Windows\System32\KERNELBASE.dll
0x00007ffd85b80000 - 0x00007ffd85c80000 	C:\Windows\System32\ucrtbase.dll
0x00007ffd7e670000 - 0x00007ffd7e687000 	C:\Users\Ric\.jdks\openjdk-22.0.2\bin\jli.dll
0x00007ffd828b0000 - 0x00007ffd828cb000 	C:\Users\Ric\.jdks\openjdk-22.0.2\bin\VCRUNTIME140.dll
0x00007ffd87730000 - 0x00007ffd878cd000 	C:\Windows\System32\USER32.dll
0x00007ffd85b00000 - 0x00007ffd85b22000 	C:\Windows\System32\win32u.dll
0x00007ffd86c70000 - 0x00007ffd86c9b000 	C:\Windows\System32\GDI32.dll
0x00007ffd739e0000 - 0x00007ffd73c7a000 	C:\Windows\WinSxS\amd64_microsoft.windows.common-controls_6595b64144ccf1df_6.0.19041.4355_none_60b8b9eb71f62e16\COMCTL32.dll
0x00007ffd861a0000 - 0x00007ffd862b7000 	C:\Windows\System32\gdi32full.dll
0x00007ffd862c0000 - 0x00007ffd8635d000 	C:\Windows\System32\msvcp_win.dll
0x00007ffd87bf0000 - 0x00007ffd87c8e000 	C:\Windows\System32\msvcrt.dll
0x00007ffd86cb0000 - 0x00007ffd86cdf000 	C:\Windows\System32\IMM32.DLL
0x00007ffd818c0000 - 0x00007ffd818cc000 	C:\Users\Ric\.jdks\openjdk-22.0.2\bin\vcruntime140_1.dll
0x00007ffd7bff0000 - 0x00007ffd7c07e000 	C:\Users\Ric\.jdks\openjdk-22.0.2\bin\msvcp140.dll
0x00007ffd54a70000 - 0x00007ffd557b9000 	C:\Users\Ric\.jdks\openjdk-22.0.2\bin\server\jvm.dll
0x00007ffd86bc0000 - 0x00007ffd86c70000 	C:\Windows\System32\ADVAPI32.dll
0x00007ffd86b20000 - 0x00007ffd86bc0000 	C:\Windows\System32\sechost.dll
0x00007ffd86530000 - 0x00007ffd86653000 	C:\Windows\System32\RPCRT4.dll
0x00007ffd86170000 - 0x00007ffd86197000 	C:\Windows\System32\bcrypt.dll
0x00007ffd879e0000 - 0x00007ffd87a4b000 	C:\Windows\System32\WS2_32.dll
0x00007ffd858b0000 - 0x00007ffd858fb000 	C:\Windows\SYSTEM32\POWRPROF.dll
0x00007ffd73990000 - 0x00007ffd739b7000 	C:\Windows\SYSTEM32\WINMM.dll
0x00007ffd77df0000 - 0x00007ffd77dfa000 	C:\Windows\SYSTEM32\VERSION.dll
0x00007ffd85890000 - 0x00007ffd858a2000 	C:\Windows\SYSTEM32\UMPDC.dll
0x00007ffd83940000 - 0x00007ffd83952000 	C:\Windows\SYSTEM32\kernel.appcore.dll
0x00007ffd7ec90000 - 0x00007ffd7ec9a000 	C:\Users\Ric\.jdks\openjdk-22.0.2\bin\jimage.dll
0x00007ffd6d6e0000 - 0x00007ffd6d8c4000 	C:\Windows\SYSTEM32\DBGHELP.DLL
0x00007ffd6d600000 - 0x00007ffd6d634000 	C:\Windows\SYSTEM32\dbgcore.DLL
0x00007ffd860e0000 - 0x00007ffd86162000 	C:\Windows\System32\bcryptPrimitives.dll
0x00007ffd7e660000 - 0x00007ffd7e66f000 	C:\Users\Ric\.jdks\openjdk-22.0.2\bin\instrument.dll
0x00007ffd7da20000 - 0x00007ffd7da3e000 	C:\Users\Ric\.jdks\openjdk-22.0.2\bin\java.dll
0x00007ffd86fa0000 - 0x00007ffd8770f000 	C:\Windows\System32\SHELL32.dll
0x00007ffd87c90000 - 0x00007ffd87dbb000 	C:\Windows\System32\ole32.dll
0x00007ffd86660000 - 0x00007ffd869b3000 	C:\Windows\System32\combase.dll
0x00007ffd83b40000 - 0x00007ffd842e3000 	C:\Windows\SYSTEM32\windows.storage.dll
0x00007ffd853e0000 - 0x00007ffd8540e000 	C:\Windows\SYSTEM32\Wldp.dll
0x00007ffd87b20000 - 0x00007ffd87bed000 	C:\Windows\System32\OLEAUT32.dll
0x00007ffd86480000 - 0x00007ffd8652d000 	C:\Windows\System32\SHCORE.dll
0x00007ffd869c0000 - 0x00007ffd86a15000 	C:\Windows\System32\shlwapi.dll
0x00007ffd85a30000 - 0x00007ffd85a54000 	C:\Windows\SYSTEM32\profapi.dll
0x00007ffd7bf10000 - 0x00007ffd7bfe7000 	C:\Users\Ric\.jdks\openjdk-22.0.2\bin\jsvml.dll
0x00007ffd7bed0000 - 0x00007ffd7bee7000 	C:\Users\Ric\.jdks\openjdk-22.0.2\bin\zip.dll
0x00007ffd7da10000 - 0x00007ffd7da20000 	C:\Users\Ric\.jdks\openjdk-22.0.2\bin\net.dll
0x00007ffd851c0000 - 0x00007ffd8522a000 	C:\Windows\system32\mswsock.dll
0x00007ffd7bef0000 - 0x00007ffd7bf06000 	C:\Users\Ric\.jdks\openjdk-22.0.2\bin\nio.dll
0x00007ffd6edc0000 - 0x00007ffd6edda000 	C:\Users\Ric\AppData\Local\Programs\IntelliJ IDEA Community Edition\bin\breakgen64.dll
0x00007ffd7da00000 - 0x00007ffd7da09000 	C:\Users\Ric\.jdks\openjdk-22.0.2\bin\extnet.dll
0x00007ffd7beb0000 - 0x00007ffd7beba000 	C:\Users\Ric\.jdks\openjdk-22.0.2\bin\management.dll
0x00007ffd7bea0000 - 0x00007ffd7beab000 	C:\Users\Ric\.jdks\openjdk-22.0.2\bin\management_ext.dll
0x00007ffd87710000 - 0x00007ffd87718000 	C:\Windows\System32\PSAPI.DLL
0x00007ffd7c1c0000 - 0x00007ffd7c1cb000 	C:\Users\Ric\.jdks\openjdk-22.0.2\bin\le.dll
0x00007ffd827d0000 - 0x00007ffd827de000 	C:\Users\Ric\.jdks\openjdk-22.0.2\bin\sunmscapi.dll
0x00007ffd85c80000 - 0x00007ffd85ddc000 	C:\Windows\System32\CRYPT32.dll
0x00007ffd85450000 - 0x00007ffd85479000 	C:\Windows\SYSTEM32\ncrypt.dll
0x00007ffd85410000 - 0x00007ffd8544b000 	C:\Windows\SYSTEM32\NTASN1.dll
0x00007ffd85730000 - 0x00007ffd85748000 	C:\Windows\SYSTEM32\CRYPTSP.dll
0x00007ffd84b00000 - 0x00007ffd84b34000 	C:\Windows\system32\rsaenh.dll
0x00007ffd859b0000 - 0x00007ffd859de000 	C:\Windows\SYSTEM32\USERENV.dll
0x00007ffd85350000 - 0x00007ffd8535c000 	C:\Windows\SYSTEM32\CRYPTBASE.dll
0x00007ffd84ec0000 - 0x00007ffd84efb000 	C:\Windows\SYSTEM32\IPHLPAPI.DLL
0x00007ffd86ca0000 - 0x00007ffd86ca8000 	C:\Windows\System32\NSI.dll
0x00007ffd7c1b0000 - 0x00007ffd7c1c0000 	C:\Users\Ric\.jdks\openjdk-22.0.2\bin\verify.dll
0x00007ffd84f00000 - 0x00007ffd84fca000 	C:\Windows\SYSTEM32\DNSAPI.dll
0x00007ffd7b4c0000 - 0x00007ffd7b4ca000 	C:\Windows\System32\rasadhlp.dll
0x00007ffd7dcf0000 - 0x00007ffd7dd70000 	C:\Windows\System32\fwpuclnt.dll
0x00007ffd7cf40000 - 0x00007ffd7cf47000 	C:\Windows\system32\wshunix.dll

dbghelp: loaded successfully - version: 4.0.5 - missing functions: none
symbol engine: initialized successfully - sym options: 0x614 - pdb path: .;C:\Users\Ric\.jdks\openjdk-22.0.2\bin;C:\Windows\SYSTEM32;C:\Windows\WinSxS\amd64_microsoft.windows.common-controls_6595b64144ccf1df_6.0.19041.4355_none_60b8b9eb71f62e16;C:\Users\Ric\.jdks\openjdk-22.0.2\bin\server;C:\Users\Ric\AppData\Local\Programs\IntelliJ IDEA Community Edition\bin

VM Arguments:
jvm_args: -javaagent:C:\Users\Ric\AppData\Local\Programs\IntelliJ IDEA Community Edition\lib\idea_rt.jar=10433:C:\Users\Ric\AppData\Local\Programs\IntelliJ IDEA Community Edition\bin -Dfile.encoding=UTF-8 -Dsun.stdout.encoding=UTF-8 -Dsun.stderr.encoding=UTF-8 
java_command: com.hasnreziga.auteur.AuteurApplication
java_class_path (initial): C:\Users\Ric\Documents\projects\work\modules\modules\Auteur\target\classes;C:\Users\Ric\.m2\repository\org\springframework\boot\spring-boot-starter-web\3.3.3\spring-boot-starter-web-3.3.3.jar;C:\Users\Ric\.m2\repository\org\springframework\boot\spring-boot-starter\3.3.3\spring-boot-starter-3.3.3.jar;C:\Users\Ric\.m2\repository\org\springframework\boot\spring-boot-starter-logging\3.3.3\spring-boot-starter-logging-3.3.3.jar;C:\Users\Ric\.m2\repository\ch\qos\logback\logback-classic\1.5.7\logback-classic-1.5.7.jar;C:\Users\Ric\.m2\repository\ch\qos\logback\logback-core\1.5.7\logback-core-1.5.7.jar;C:\Users\Ric\.m2\repository\org\apache\logging\log4j\log4j-to-slf4j\2.23.1\log4j-to-slf4j-2.23.1.jar;C:\Users\Ric\.m2\repository\org\apache\logging\log4j\log4j-api\2.23.1\log4j-api-2.23.1.jar;C:\Users\Ric\.m2\repository\org\slf4j\jul-to-slf4j\2.0.16\jul-to-slf4j-2.0.16.jar;C:\Users\Ric\.m2\repository\jakarta\annotation\jakarta.annotation-api\2.1.1\jakarta.annotation-api-2.1.1.jar;C:\Users\Ric\.m2\repository\org\yaml\snakeyaml\2.2\snakeyaml-2.2.jar;C:\Users\Ric\.m2\repository\org\springframework\boot\spring-boot-starter-json\3.3.3\spring-boot-starter-json-3.3.3.jar;C:\Users\Ric\.m2\repository\com\fasterxml\jackson\core\jackson-databind\2.17.2\jackson-databind-2.17.2.jar;C:\Users\Ric\.m2\repository\com\fasterxml\jackson\core\jackson-annotations\2.17.2\jackson-annotations-2.17.2.jar;C:\Users\Ric\.m2\repository\com\fasterxml\jackson\core\jackson-core\2.17.2\jackson-core-2.17.2.jar;C:\Users\Ric\.m2\repository\com\fasterxml\jackson\datatype\jackson-datatype-jdk8\2.17.2\jackson-datatype-jdk8-2.17.2.jar;C:\Users\Ric\.m2\repository\com\fasterxml\jackson\datatype\jackson-datatype-jsr310\2.17.2\jackson-datatype-jsr310-2.17.2.jar;C:\Users\Ric\.m2\repository\com\fasterxml\jackson\module\jackson-module-parameter-names\2.17.2\jackson-module-parameter-names-2.17.2.jar;C:\Users\Ric\.m2\repository\org\springframework\boot\spring-boot-starter-tomcat\3.3.3\spring-boot-starter-tomcat-3.3.3.jar;C:\Users\Ric\.m2\repository\org\apache\tomcat\embed\tomcat-embed-core\10.1.28\tomcat-embed-core-10.1.28.jar;C:\Users\Ric\.m2\repository\org\apache\tomcat\embed\tomcat-embed-el\10.1.28\tomcat-embed-el-10.1.28.jar;C:\Users\Ric\.m2\repository\org\apache\tomcat\embed\tomcat-embed-websocket\10.1.28\tomcat-embed-websocket-10.1.28.jar;C:\Users\Ric\.m2\repository\org\springframework\spring-web\6.1.12\spring-web-6.1.12.jar;C:\Users\Ric\.m2\repository\org\springframework\spring-beans\6.1.12\spring-beans-6.1.12.jar;C:\Users\Ric\.m2\repository\io\micrometer\micrometer-observation\1.13.3\micrometer-observation-1.13.3.jar;C:\Users\Ric\.m2\repository\io\micrometer\micrometer-commons\1.13.3\micrometer-commons-1.13.3.jar;C:\Users\Ric\.m2\repository\org\springframework\spring-webmvc\6.1.12\spring-webmvc-6.1.12.jar;C:\Users\Ric\.m2\repository\org\springframework\spring-context\6.1.12\spring-context-6.1.12.jar;C:\Users\Ric\.m2\repository\org\springframework\spring-expression\6.1.12\spring-expression-6.1.12.jar;C:\Users\Ric\.m2\repository\org\springframework\boot\spring-boot-starter-thymeleaf\3.3.3\spring-boot-starter-thymeleaf-3.3.3.jar;C:\Users\Ric\.m2\repository\org\thymeleaf\thymeleaf-spring6\3.1.2.RELEASE\thymeleaf-spring6-3.1.2.RELEASE.jar;C:\Users\Ric\.m2\repository\org\thymeleaf\thymeleaf\3.1.2.RELEASE\thymeleaf-3.1.2.RELEASE.jar;C:\Users\Ric\.m2\repository\org\attoparser\attoparser\2.0.7.RELEASE\attoparser-2.0.7.RELEASE.jar;C:\Users\Ric\.m2\repository\org\unbescape\unbescape\1.1.6.RELEASE\unbescape-1.1.6.RELEASE.jar;C:\Users\Ric\.m2\repository\org\slf4j\slf4j-api\2.0.16\slf4j-api-2.0.16.jar;C:\Users\Ric\.m2\repository\org\springframework\boot\spring-boot-starter-security\3.3.3\spring-boot-starter-security-3.3.3.jar;C:\Users\Ric\.m2\repository\org\springframework\spring-aop\6.1.12\spring-aop-6.1.12.jar;C:\Users\Ric\.m2\repository\org\springframework\security\spring-security-config\6.3.3\spring-security-config-6.3.3.jar;C:\Users\Ric\.m2\repository\org\springframework\security\spring-security-web\6.3.3\spring-security-web-6.3.3.jar;C:\Users\Ric\.m2\repository\org\springframework\boot\spring-boot-starter-data-jpa\3.3.3\spring-boot-starter-data-jpa-3.3.3.jar;C:\Users\Ric\.m2\repository\org\springframework\boot\spring-boot-starter-aop\3.3.3\spring-boot-starter-aop-3.3.3.jar;C:\Users\Ric\.m2\repository\org\aspectj\aspectjweaver\1.9.22.1\aspectjweaver-1.9.22.1.jar;C:\Users\Ric\.m2\repository\org\springframework\boot\spring-boot-starter-jdbc\3.3.3\spring-boot-starter-jdbc-3.3.3.jar;C:\Users\Ric\.m2\repository\com\zaxxer\HikariCP\5.1.0\HikariCP-5.1.0.jar;C:\Users\Ric\.m2\repository\org\springframework\spring-jdbc\6.1.12\spring-jdbc-6.1.12.jar;C:\Users\Ric\.m2\repository\org\hibernate\orm\hibernate-core\6.5.2.Final\hibernate-core-6.5.2.Final.jar;C:\Users\Ric\.m2\repository\jakarta\persistence\jakarta.persistence-api\3.1.0\jakarta.persistence-api-3.1.0.jar;C:\Users\Ric\.m2\repository\jakarta\transaction\jakarta.transaction-api\2.0.1\jakarta.transaction-api-2.0.1.jar;C:\Users\Ric\.m2\repository\org\jboss\logging\jboss-logging\3.5.3.Final\jboss-logging-3.5.3.Final.jar;C:\Users\Ric\.m2\repository\org\hibernate\common\hibernate-commons-annotations\6.0.6.Final\hibernate-commons-annotations-6.0.6.Final.jar;C:\Users\Ric\.m2\repository\io\smallrye\jandex\3.1.2\jandex-3.1.2.jar;C:\Users\Ric\.m2\repository\com\fasterxml\classmate\1.7.0\classmate-1.7.0.jar;C:\Users\Ric\.m2\repository\net\bytebuddy\byte-buddy\1.14.19\byte-buddy-1.14.19.jar;C:\Users\Ric\.m2\repository\org\glassfish\jaxb\jaxb-runtime\4.0.5\jaxb-runtime-4.0.5.jar;C:\Users\Ric\.m2\repository\org\glassfish\jaxb\jaxb-core\4.0.5\jaxb-core-4.0.5.jar;C:\Users\Ric\.m2\repository\org\eclipse\angus\angus-activation\2.0.2\angus-activation-2.0.2.jar;C:\Users\Ric\.m2\repository\org\glassfish\jaxb\txw2\4.0.5\txw2-4.0.5.jar;C:\Users\Ric\.m2\repository\com\sun\istack\istack-commons-runtime\4.1.2\istack-commons-runtime-4.1.2.jar;C:\Users\Ric\.m2\repository\jakarta\inject\jakarta.inject-api\2.0.1\jakarta.inject-api-2.0.1.jar;C:\Users\Ric\.m2\repository\org\antlr\antlr4-runtime\4.13.0\antlr4-runtime-4.13.0.jar;C:\Users\Ric\.m2\repository\org\springframework\data\spring-data-jpa\3.3.3\spring-data-jpa-3.3.3.jar;C:\Users\Ric\.m2\repository\org\springframework\data\spring-data-commons\3.3.3\spring-data-commons-3.3.3.jar;C:\Users\Ric\.m2\repository\org\springframework\spring-orm\6.1.12\spring-orm-6.1.12.jar;C:\Users\Ric\.m2\repository\org\springframework\spring-tx\6.1.12\spring-tx-6.1.12.jar;C:\Users\Ric\.m2\repository\org\springframework\spring-aspects\6.1.12\spring-aspects-6.1.12.jar;C:\Users\Ric\.m2\repository\org\projectlombok\lombok\1.18.34\lombok-1.18.34.jar;C:\Users\Ric\.m2\repository\org\postgresql\postgresql\42.7.3\postgresql-42.7.3.jar;C:\Users\Ric\.m2\repository\org\checkerframework\checker-qual\3.42.0\checker-qual-3.42.0.jar;C:\Users\Ric\.m2\repository\org\springframework\boot\spring-boot-devtools\3.3.3\spring-boot-devtools-3.3.3.jar;C:\Users\Ric\.m2\repository\org\springframework\boot\spring-boot\3.3.3\spring-boot-3.3.3.jar;C:\Users\Ric\.m2\repository\org\springframework\boot\spring-boot-autoconfigure\3.3.3\spring-boot-autoconfigure-3.3.3.jar;C:\Users\Ric\.m2\repository\jakarta\xml\bind\jakarta.xml.bind-api\4.0.2\jakarta.xml.bind-api-4.0.2.jar;C:\Users\Ric\.m2\repository\jakarta\activation\jakarta.activation-api\2.1.3\jakarta.activation-api-2.1.3.jar;C:\Users\Ric\.m2\repository\org\springframework\spring-core\6.1.12\spring-core-6.1.12.jar;C:\Users\Ric\.m2\repository\org\springframework\spring-jcl\6.1.12\spring-jcl-6.1.12.jar;C:\Users\Ric\.m2\repository\org\springframework\security\spring-security-core\6.3.3\spring-security-core-6.3.3.jar;C:\Users\Ric\.m2\repository\org\springframework\security\spring-security-crypto\6.3.3\spring-security-crypto-6.3.3.jar
Launcher Type: SUN_STANDARD

[Global flags]
     intx CICompilerCount                          = 3                                         {product} {ergonomic}
     uint ConcGCThreads                            = 1                                         {product} {ergonomic}
     uint G1ConcRefinementThreads                  = 4                                         {product} {ergonomic}
   size_t G1HeapRegionSize                         = 1048576                                   {product} {ergonomic}
   size_t InitialHeapSize                          = 65011712                                  {product} {ergonomic}
   size_t MarkStackSize                            = 4194304                                   {product} {ergonomic}
   size_t MaxHeapSize                              = 1031798784                                {product} {ergonomic}
   size_t MaxNewSize                               = 618659840                                 {product} {ergonomic}
   size_t MinHeapDeltaBytes                        = 1048576                                   {product} {ergonomic}
   size_t MinHeapSize                              = 8388608                                   {product} {ergonomic}
    uintx NonNMethodCodeHeapSize                   = 5832780                                {pd product} {ergonomic}
    uintx NonProfiledCodeHeapSize                  = 122912730                              {pd product} {ergonomic}
    uintx ProfiledCodeHeapSize                     = 122912730                              {pd product} {ergonomic}
    uintx ReservedCodeCacheSize                    = 251658240                              {pd product} {ergonomic}
     bool SegmentedCodeCache                       = true                                      {product} {ergonomic}
   size_t SoftMaxHeapSize                          = 1031798784                             {manageable} {ergonomic}
     bool UseCompressedOops                        = true                           {product lp64_product} {ergonomic}
     bool UseG1GC                                  = true                                      {product} {ergonomic}
     bool UseLargePagesIndividualAllocation        = false                                  {pd product} {ergonomic}

Logging:
Log output configuration:
 #0: stdout all=warning uptime,level,tags foldmultilines=false
 #1: stderr all=off uptime,level,tags foldmultilines=false

Environment Variables:
PATH=C:\Program Files\Common Files\Oracle\Java\javapath;C:\Windows\system32;C:\Windows;C:\Windows\System32\Wbem;C:\Windows\System32\WindowsPowerShell\v1.0\;C:\Windows\System32\OpenSSH\;C:\Program Files\Microsoft SQL Server\150\Tools\Binn\;C:\Program Files\Git\bin;C:\Users\Ric\AppData\Roaming\nvm;C:\Program Files\nodejs;C:\Program Files\Docker\Docker\resources\bin;C:\Users\Ric\AppData\Local\Programs\Python\Python311\Scripts\;C:\Users\Ric\AppData\Local\Programs\Python\Python311\;C:\Users\Ric\AppData\Local\Microsoft\WindowsApps;C:\Users\Ric\.dotnet\tools;C:\Users\Ric\AppData\Local\Programs\Microsoft VS Code\bin;C:\dev\flutter\bin;C:\Users\Ric\AppData\Roaming\npm;C:\Users\Ric\AppData\Roaming\nvm;C:\Program Files\nodejs;C:\Users\Ric\AppData\Local\JetBrains\Toolbox\scripts;C:\Users\Ric\modelio\Modelio Open Source 5.4\plugins\org.apache.ant_1.10.9.v20201106-1946\META-INF;C:\Users\Ric\Documents\projects\work\biblio;C:\Program Files\PostgreSQL\16\bin;
USERNAME=Ric
OS=Windows_NT
PROCESSOR_IDENTIFIER=Intel64 Family 6 Model 58 Stepping 9, GenuineIntel
TMP=C:\Users\Ric\AppData\Local\Temp
TEMP=C:\Users\Ric\AppData\Local\Temp




Periodic native trim disabled

---------------  S Y S T E M  ---------------

OS:
 Windows 10 , 64 bit Build 19041 (10.0.19041.4842)
OS uptime: 0 days 8:47 hours
Hyper-V role detected

CPU: total 4 (initial active 4) (2 cores per cpu, 2 threads per core) family 6 model 58 stepping 9 microcode 0x21, cx8, cmov, fxsr, ht, mmx, sse, sse2, sse3, ssse3, sse4.1, sse4.2, popcnt, tsc, tscinvbit, avx, aes, erms, clmul, vzeroupper, clflush, hv, rdtscp, f16c
Processor Information for all 4 processors :
  Max Mhz: 2501, Current Mhz: 2100, Mhz Limit: 2075

Memory: 4k page, system-wide physical 3933M (557M free)
TotalPageFile size 8109M (AvailPageFile size 2M)
current process WorkingSet (physical memory assigned to process): 226M, peak: 263M
current process commit charge ("private bytes"): 258M, peak: 294M

vm_info: OpenJDK 64-Bit Server VM (22.0.2+9-70) for windows-amd64 JRE (22.0.2+9-70), built on 2024-06-04T16:52:23Z by "mach5one" with MS VC++ 17.6 (VS2022)

END.
