#
# There is insufficient memory for the Java Runtime Environment to continue.
# Native memory allocation (malloc) failed to allocate 174736 bytes. Error detail: Chunk::new
# Possible reasons:
#   The system is out of physical RAM or swap space
#   This process is running with CompressedOops enabled, and the Java Heap may be blocking the growth of the native heap
# Possible solutions:
#   Reduce memory load on the system
#   Increase physical memory or swap space
#   Check if swap backing store is full
#   Decrease Java heap size (-Xmx/-Xms)
#   Decrease number of Java threads
#   Decrease Java thread stack sizes (-Xss)
#   Set larger code cache with -XX:ReservedCodeCacheSize=
#   JVM is running with Unscaled Compressed Oops mode in which the Java heap is
#     placed in the first 4GB address space. The Java Heap base address is the
#     maximum limit for the native heap growth. Please use -XX:HeapBaseMinAddress
#     to set the Java Heap base and to place the Java Heap above 4GB virtual address.
# This output file may be truncated or incomplete.
#
#  Out of Memory Error (arena.cpp:150), pid=6740, tid=12972
#
# JRE version: OpenJDK Runtime Environment (22.0.2+9) (build 22.0.2+9-70)
# Java VM: OpenJDK 64-Bit Server VM (22.0.2+9-70, mixed mode, sharing, tiered, compressed oops, compressed class ptrs, g1 gc, windows-amd64)
# No core dump will be written. Minidumps are not enabled by default on client versions of Windows
#

---------------  S U M M A R Y ------------

Command Line: -javaagent:C:\Users\Ric\AppData\Local\Programs\IntelliJ IDEA Community Edition\lib\idea_rt.jar=2310:C:\Users\Ric\AppData\Local\Programs\IntelliJ IDEA Community Edition\bin -Dfile.encoding=UTF-8 -Dsun.stdout.encoding=UTF-8 -Dsun.stderr.encoding=UTF-8 com.hasnreziga.auteur.AuteurApplication

Host: Intel(R) Core(TM) i5-3210M CPU @ 2.50GHz, 4 cores, 3G,  Windows 10 , 64 bit Build 19041 (10.0.19041.4842)
Time: Thu Sep 19 11:34:04 2024 E. Africa Standard Time elapsed time: 38.764733 seconds (0d 0h 0m 38s)

---------------  T H R E A D  ---------------

Current thread (0x000001f64cb0dd60):  JavaThread "C2 CompilerThread0" daemon [_thread_in_native, id=12972, stack(0x00000037a6d00000,0x00000037a6e00000) (1024K)]


Current CompileTask:
C2:38764 6115       4       java.lang.invoke.LambdaForm$Name::replaceNames (175 bytes)

Stack: [0x00000037a6d00000,0x00000037a6e00000]
Native frames: (J=compiled Java code, j=interpreted, Vv=VM code, C=native code)
V  [jvm.dll+0x6e26e9]  (no source info available)
V  [jvm.dll+0x875753]  (no source info available)
V  [jvm.dll+0x877b7e]  (no source info available)
V  [jvm.dll+0x878253]  (no source info available)
V  [jvm.dll+0x27fc86]  (no source info available)
V  [jvm.dll+0xc3d0f]  (no source info available)
V  [jvm.dll+0xc3f6b]  (no source info available)
V  [jvm.dll+0x2f3c7f]  (no source info available)
V  [jvm.dll+0x60c0fa]  (no source info available)
V  [jvm.dll+0x250c92]  (no source info available)
V  [jvm.dll+0x248d0e]  (no source info available)
V  [jvm.dll+0x246da6]  (no source info available)
V  [jvm.dll+0x1c4e80]  (no source info available)
V  [jvm.dll+0x2568f3]  (no source info available)
V  [jvm.dll+0x254baa]  (no source info available)
V  [jvm.dll+0x3f57a6]  (no source info available)
V  [jvm.dll+0x81dc0b]  (no source info available)
V  [jvm.dll+0x6e0d85]  (no source info available)
C  [ucrtbase.dll+0x21bb2]  (no source info available)
C  [KERNEL32.DLL+0x17374]  (no source info available)
C  [ntdll.dll+0x4cc91]  (no source info available)


---------------  P R O C E S S  ---------------

Threads class SMR info:
_java_thread_list=0x000001f692b73210, length=31, elements={
0x000001f64caf6160, 0x000001f64caf80e0, 0x000001f64cb01040, 0x000001f64cb01aa0,
0x000001f64cb036c0, 0x000001f64cb0aa10, 0x000001f64cb0dd60, 0x000001f64cb14830,
0x000001f64cb09660, 0x000001f64cb0b0a0, 0x000001f64cb0b730, 0x000001f695808430,
0x000001f6958069f0, 0x000001f695804fb0, 0x000001f695805640, 0x000001f695807da0,
0x000001f695807080, 0x000001f695eea930, 0x000001f695eebce0, 0x000001f695eec370,
0x000001f695eeafc0, 0x000001f695eeca00, 0x000001f695eed090, 0x000001f695eed720,
0x000001f695eeddb0, 0x000001f695eeb650, 0x000001f6937797c0, 0x000001f693778410,
0x000001f69377a4e0, 0x000001f69377c5b0, 0x000001f693777d80
}

Java Threads: ( => current thread )
  0x000001f64caf6160 JavaThread "Reference Handler"          daemon [_thread_blocked, id=6348, stack(0x00000037a6700000,0x00000037a6800000) (1024K)]
  0x000001f64caf80e0 JavaThread "Finalizer"                  daemon [_thread_blocked, id=12704, stack(0x00000037a6800000,0x00000037a6900000) (1024K)]
  0x000001f64cb01040 JavaThread "Signal Dispatcher"          daemon [_thread_blocked, id=5236, stack(0x00000037a6900000,0x00000037a6a00000) (1024K)]
  0x000001f64cb01aa0 JavaThread "Attach Listener"            daemon [_thread_blocked, id=1444, stack(0x00000037a6a00000,0x00000037a6b00000) (1024K)]
  0x000001f64cb036c0 JavaThread "Service Thread"             daemon [_thread_blocked, id=2256, stack(0x00000037a6b00000,0x00000037a6c00000) (1024K)]
  0x000001f64cb0aa10 JavaThread "Monitor Deflation Thread"   daemon [_thread_blocked, id=9364, stack(0x00000037a6c00000,0x00000037a6d00000) (1024K)]
=>0x000001f64cb0dd60 JavaThread "C2 CompilerThread0"         daemon [_thread_in_native, id=12972, stack(0x00000037a6d00000,0x00000037a6e00000) (1024K)]
  0x000001f64cb14830 JavaThread "C1 CompilerThread0"         daemon [_thread_blocked, id=6876, stack(0x00000037a6e00000,0x00000037a6f00000) (1024K)]
  0x000001f64cb09660 JavaThread "Common-Cleaner"             daemon [_thread_blocked, id=12812, stack(0x00000037a6f00000,0x00000037a7000000) (1024K)]
  0x000001f64cb0b0a0 JavaThread "Monitor Ctrl-Break"         daemon [_thread_in_native, id=8792, stack(0x00000037a7100000,0x00000037a7200000) (1024K)]
  0x000001f64cb0b730 JavaThread "Notification Thread"        daemon [_thread_blocked, id=3452, stack(0x00000037a7200000,0x00000037a7300000) (1024K)]
  0x000001f695808430 JavaThread "Catalina-utility-1"                [_thread_blocked, id=7912, stack(0x00000037a7000000,0x00000037a7100000) (1024K)]
  0x000001f6958069f0 JavaThread "Catalina-utility-2"                [_thread_blocked, id=9840, stack(0x00000037a7800000,0x00000037a7900000) (1024K)]
  0x000001f695804fb0 JavaThread "container-0"                       [_thread_blocked, id=5964, stack(0x00000037a7900000,0x00000037a7a00000) (1024K)]
  0x000001f695805640 JavaThread "PostgreSQL-JDBC-Cleaner"    daemon [_thread_blocked, id=8876, stack(0x00000037a7b00000,0x00000037a7c00000) (1024K)]
  0x000001f695807da0 JavaThread "HikariPool-1 housekeeper"   daemon [_thread_blocked, id=8812, stack(0x00000037a7c00000,0x00000037a7d00000) (1024K)]
  0x000001f695807080 JavaThread "File Watcher"               daemon [_thread_blocked, id=2936, stack(0x00000037a7d00000,0x00000037a7e00000) (1024K)]
  0x000001f695eea930 JavaThread "Live Reload Server"         daemon [_thread_in_native, id=3292, stack(0x00000037a7f00000,0x00000037a8000000) (1024K)]
  0x000001f695eebce0 JavaThread "http-nio-8087-exec-1"       daemon [_thread_in_Java, id=9708, stack(0x00000037a7e00000,0x00000037a7f00000) (1024K)]
  0x000001f695eec370 JavaThread "http-nio-8087-exec-2"       daemon [_thread_blocked, id=12472, stack(0x00000037a8000000,0x00000037a8100000) (1024K)]
  0x000001f695eeafc0 JavaThread "http-nio-8087-exec-3"       daemon [_thread_blocked, id=11764, stack(0x00000037a8100000,0x00000037a8200000) (1024K)]
  0x000001f695eeca00 JavaThread "http-nio-8087-exec-4"       daemon [_thread_blocked, id=2400, stack(0x00000037a8200000,0x00000037a8300000) (1024K)]
  0x000001f695eed090 JavaThread "http-nio-8087-exec-5"       daemon [_thread_blocked, id=1264, stack(0x00000037a8300000,0x00000037a8400000) (1024K)]
  0x000001f695eed720 JavaThread "http-nio-8087-exec-6"       daemon [_thread_blocked, id=7600, stack(0x00000037a8400000,0x00000037a8500000) (1024K)]
  0x000001f695eeddb0 JavaThread "http-nio-8087-exec-7"       daemon [_thread_blocked, id=9080, stack(0x00000037a8500000,0x00000037a8600000) (1024K)]
  0x000001f695eeb650 JavaThread "http-nio-8087-exec-8"       daemon [_thread_blocked, id=13272, stack(0x00000037a8600000,0x00000037a8700000) (1024K)]
  0x000001f6937797c0 JavaThread "http-nio-8087-exec-9"       daemon [_thread_blocked, id=11904, stack(0x00000037a8700000,0x00000037a8800000) (1024K)]
  0x000001f693778410 JavaThread "http-nio-8087-exec-10"      daemon [_thread_blocked, id=8848, stack(0x00000037a8800000,0x00000037a8900000) (1024K)]
  0x000001f69377a4e0 JavaThread "http-nio-8087-Poller"       daemon [_thread_in_native, id=6780, stack(0x00000037a8900000,0x00000037a8a00000) (1024K)]
  0x000001f69377c5b0 JavaThread "http-nio-8087-Acceptor"     daemon [_thread_in_native, id=8788, stack(0x00000037a8a00000,0x00000037a8b00000) (1024K)]
  0x000001f693777d80 JavaThread "DestroyJavaVM"                     [_thread_blocked, id=7768, stack(0x00000037a5f00000,0x00000037a6000000) (1024K)]
Total: 31

Other Threads:
  0x000001f63017d470 VMThread "VM Thread"                           [id=12208, stack(0x00000037a6600000,0x00000037a6700000) (1024K)]
  0x000001f63016aac0 WatcherThread "VM Periodic Task Thread"        [id=12468, stack(0x00000037a6500000,0x00000037a6600000) (1024K)]
  0x000001f6300f59e0 WorkerThread "GC Thread#0"                     [id=5648, stack(0x00000037a6000000,0x00000037a6100000) (1024K)]
  0x000001f6928cb290 WorkerThread "GC Thread#1"                     [id=3156, stack(0x00000037a7300000,0x00000037a7400000) (1024K)]
  0x000001f692744360 WorkerThread "GC Thread#2"                     [id=11364, stack(0x00000037a7400000,0x00000037a7500000) (1024K)]
  0x000001f692780320 WorkerThread "GC Thread#3"                     [id=2388, stack(0x00000037a7500000,0x00000037a7600000) (1024K)]
  0x000001f6300fe3e0 ConcurrentGCThread "G1 Main Marker"            [id=3268, stack(0x00000037a6100000,0x00000037a6200000) (1024K)]
  0x000001f6300fee00 WorkerThread "G1 Conc#0"                       [id=9400, stack(0x00000037a6200000,0x00000037a6300000) (1024K)]
  0x000001f630155180 ConcurrentGCThread "G1 Refine#0"               [id=8564, stack(0x00000037a6300000,0x00000037a6400000) (1024K)]
  0x000001f630155dc0 ConcurrentGCThread "G1 Service"                [id=4112, stack(0x00000037a6400000,0x00000037a6500000) (1024K)]
Total: 10

Threads with active compile tasks:
C2 CompilerThread0  38965 6115       4       java.lang.invoke.LambdaForm$Name::replaceNames (175 bytes)
Total: 1

VM state: not at safepoint (normal execution)

VM Mutex/Monitor currently owned by a thread: None

Heap address: 0x00000000c2800000, size: 984 MB, Compressed Oops mode: 32-bit

CDS archive(s) mapped at: [0x000001f64d000000-0x000001f64dc60000-0x000001f64dc60000), size 12976128, SharedBaseAddress: 0x000001f64d000000, ArchiveRelocationMode: 1.
Compressed class space mapped at: 0x000001f64e000000-0x000001f68e000000, reserved size: 1073741824
Narrow klass base: 0x000001f64d000000, Narrow klass shift: 0, Narrow klass range: 0x41000000

GC Precious Log:
 CardTable entry size: 512
 Card Set container configuration: InlinePtr #cards 5 size 8 Array Of Cards #cards 12 size 40 Howl #buckets 4 coarsen threshold 1843 Howl Bitmap #cards 512 size 80 coarsen threshold 460 Card regions per heap region 1 cards per card region 2048
 CPUs: 4 total, 4 available
 Memory: 3933M
 Large Page Support: Disabled
 NUMA Support: Disabled
 Compressed Oops: Enabled (32-bit)
 Heap Region Size: 1M
 Heap Min Capacity: 8M
 Heap Initial Capacity: 62M
 Heap Max Capacity: 984M
 Pre-touch: Disabled
 Parallel Workers: 4
 Concurrent Workers: 1
 Concurrent Refinement Workers: 4
 Periodic GC: Disabled

Heap:
 garbage-first heap   total reserved 1007616K, committed 51200K, used 43136K [0x00000000c2800000, 0x0000000100000000)
  region size 1024K, 17 young (17408K), 3 survivors (3072K)
 Metaspace       used 66213K, committed 67008K, reserved 1114112K
  class space    used 9217K, committed 9536K, reserved 1048576K

Heap Regions: E=young(eden), S=young(survivor), O=old, HS=humongous(starts), HC=humongous(continues), CS=collection set, F=free, TAMS=top-at-mark-start, PB=parsable bottom
|   0|0x00000000c2800000, 0x00000000c2900000, 0x00000000c2900000|100%|HS|  |TAMS 0x00000000c2800000| PB 0x00000000c2800000| Complete |  0
|   1|0x00000000c2900000, 0x00000000c2a00000, 0x00000000c2a00000|100%| O|  |TAMS 0x00000000c2900000| PB 0x00000000c2900000| Untracked |  0
|   2|0x00000000c2a00000, 0x00000000c2b00000, 0x00000000c2b00000|100%| O|  |TAMS 0x00000000c2a00000| PB 0x00000000c2a00000| Untracked |  0
|   3|0x00000000c2b00000, 0x00000000c2c00000, 0x00000000c2c00000|100%| O|  |TAMS 0x00000000c2b00000| PB 0x00000000c2b00000| Untracked |  0
|   4|0x00000000c2c00000, 0x00000000c2d00000, 0x00000000c2d00000|100%| O|  |TAMS 0x00000000c2c00000| PB 0x00000000c2c00000| Untracked |  0
|   5|0x00000000c2d00000, 0x00000000c2e00000, 0x00000000c2e00000|100%| O|  |TAMS 0x00000000c2d00000| PB 0x00000000c2d00000| Untracked |  0
|   6|0x00000000c2e00000, 0x00000000c2f00000, 0x00000000c2f00000|100%| O|  |TAMS 0x00000000c2e00000| PB 0x00000000c2e00000| Untracked |  0
|   7|0x00000000c2f00000, 0x00000000c3000000, 0x00000000c3000000|100%| O|  |TAMS 0x00000000c2f00000| PB 0x00000000c2f00000| Untracked |  0
|   8|0x00000000c3000000, 0x00000000c3100000, 0x00000000c3100000|100%| O|  |TAMS 0x00000000c3000000| PB 0x00000000c3000000| Untracked |  0
|   9|0x00000000c3100000, 0x00000000c3200000, 0x00000000c3200000|100%| O|  |TAMS 0x00000000c3100000| PB 0x00000000c3100000| Untracked |  0
|  10|0x00000000c3200000, 0x00000000c3300000, 0x00000000c3300000|100%| O|  |TAMS 0x00000000c3200000| PB 0x00000000c3200000| Untracked |  0
|  11|0x00000000c3300000, 0x00000000c3400000, 0x00000000c3400000|100%| O|  |TAMS 0x00000000c3300000| PB 0x00000000c3300000| Untracked |  0
|  12|0x00000000c3400000, 0x00000000c3500000, 0x00000000c3500000|100%| O|  |TAMS 0x00000000c3400000| PB 0x00000000c3400000| Untracked |  0
|  13|0x00000000c3500000, 0x00000000c3600000, 0x00000000c3600000|100%| O|  |TAMS 0x00000000c3500000| PB 0x00000000c3500000| Untracked |  0
|  14|0x00000000c3600000, 0x00000000c3700000, 0x00000000c3700000|100%| O|  |TAMS 0x00000000c3600000| PB 0x00000000c3600000| Untracked |  0
|  15|0x00000000c3700000, 0x00000000c3800000, 0x00000000c3800000|100%| O|  |TAMS 0x00000000c3700000| PB 0x00000000c3700000| Untracked |  0
|  16|0x00000000c3800000, 0x00000000c3800000, 0x00000000c3900000|  0%| F|  |TAMS 0x00000000c3800000| PB 0x00000000c3800000| Untracked |  0
|  17|0x00000000c3900000, 0x00000000c3a00000, 0x00000000c3a00000|100%| O|  |TAMS 0x00000000c3900000| PB 0x00000000c3900000| Untracked |  0
|  18|0x00000000c3a00000, 0x00000000c3b00000, 0x00000000c3b00000|100%| O|  |TAMS 0x00000000c3a00000| PB 0x00000000c3a00000| Untracked |  0
|  19|0x00000000c3b00000, 0x00000000c3c00000, 0x00000000c3c00000|100%| O|  |TAMS 0x00000000c3b00000| PB 0x00000000c3b00000| Untracked |  0
|  20|0x00000000c3c00000, 0x00000000c3d00000, 0x00000000c3d00000|100%| O|  |TAMS 0x00000000c3c00000| PB 0x00000000c3c00000| Untracked |  0
|  21|0x00000000c3d00000, 0x00000000c3e00000, 0x00000000c3e00000|100%| O|  |TAMS 0x00000000c3d00000| PB 0x00000000c3d00000| Untracked |  0
|  22|0x00000000c3e00000, 0x00000000c3f00000, 0x00000000c3f00000|100%| O|  |TAMS 0x00000000c3e00000| PB 0x00000000c3e00000| Untracked |  0
|  23|0x00000000c3f00000, 0x00000000c4000000, 0x00000000c4000000|100%| O|  |TAMS 0x00000000c3f00000| PB 0x00000000c3f00000| Untracked |  0
|  24|0x00000000c4000000, 0x00000000c4100000, 0x00000000c4100000|100%| O|  |TAMS 0x00000000c4000000| PB 0x00000000c4000000| Untracked |  0
|  25|0x00000000c4100000, 0x00000000c4200000, 0x00000000c4200000|100%| O|  |TAMS 0x00000000c4100000| PB 0x00000000c4100000| Untracked |  0
|  26|0x00000000c4200000, 0x00000000c4300000, 0x00000000c4300000|100%| O|  |TAMS 0x00000000c4200000| PB 0x00000000c4200000| Untracked |  0
|  27|0x00000000c4300000, 0x00000000c4300000, 0x00000000c4400000|  0%| F|  |TAMS 0x00000000c4300000| PB 0x00000000c4300000| Untracked |  0
|  28|0x00000000c4400000, 0x00000000c4400000, 0x00000000c4500000|  0%| F|  |TAMS 0x00000000c4400000| PB 0x00000000c4400000| Untracked |  0
|  29|0x00000000c4500000, 0x00000000c4500000, 0x00000000c4600000|  0%| F|  |TAMS 0x00000000c4500000| PB 0x00000000c4500000| Untracked |  0
|  30|0x00000000c4600000, 0x00000000c4700000, 0x00000000c4700000|100%| O|  |TAMS 0x00000000c4600000| PB 0x00000000c4600000| Untracked |  0
|  31|0x00000000c4700000, 0x00000000c47201e8, 0x00000000c4800000| 12%| S|CS|TAMS 0x00000000c4700000| PB 0x00000000c4700000| Complete |  0
|  32|0x00000000c4800000, 0x00000000c4900000, 0x00000000c4900000|100%| S|CS|TAMS 0x00000000c4800000| PB 0x00000000c4800000| Complete |  0
|  33|0x00000000c4900000, 0x00000000c4a00000, 0x00000000c4a00000|100%| S|CS|TAMS 0x00000000c4900000| PB 0x00000000c4900000| Complete |  0
|  34|0x00000000c4a00000, 0x00000000c4a00000, 0x00000000c4b00000|  0%| F|  |TAMS 0x00000000c4a00000| PB 0x00000000c4a00000| Untracked |  0
|  35|0x00000000c4b00000, 0x00000000c4b00000, 0x00000000c4c00000|  0%| F|  |TAMS 0x00000000c4b00000| PB 0x00000000c4b00000| Untracked |  0
|  36|0x00000000c4c00000, 0x00000000c4c3b660, 0x00000000c4d00000| 23%| E|  |TAMS 0x00000000c4c00000| PB 0x00000000c4c00000| Complete |  0
|  37|0x00000000c4d00000, 0x00000000c4e00000, 0x00000000c4e00000|100%| E|CS|TAMS 0x00000000c4d00000| PB 0x00000000c4d00000| Complete |  0
|  38|0x00000000c4e00000, 0x00000000c4f00000, 0x00000000c4f00000|100%| E|CS|TAMS 0x00000000c4e00000| PB 0x00000000c4e00000| Complete |  0
|  39|0x00000000c4f00000, 0x00000000c5000000, 0x00000000c5000000|100%| E|CS|TAMS 0x00000000c4f00000| PB 0x00000000c4f00000| Complete |  0
|  40|0x00000000c5000000, 0x00000000c5100000, 0x00000000c5100000|100%| E|CS|TAMS 0x00000000c5000000| PB 0x00000000c5000000| Complete |  1
|  41|0x00000000c5100000, 0x00000000c5200000, 0x00000000c5200000|100%| E|CS|TAMS 0x00000000c5100000| PB 0x00000000c5100000| Complete |  0
|  42|0x00000000c5200000, 0x00000000c5300000, 0x00000000c5300000|100%| E|CS|TAMS 0x00000000c5200000| PB 0x00000000c5200000| Complete |  0
|  43|0x00000000c5300000, 0x00000000c5400000, 0x00000000c5400000|100%| E|CS|TAMS 0x00000000c5300000| PB 0x00000000c5300000| Complete |  0
|  44|0x00000000c5400000, 0x00000000c5500000, 0x00000000c5500000|100%| E|CS|TAMS 0x00000000c5400000| PB 0x00000000c5400000| Complete |  0
|  45|0x00000000c5500000, 0x00000000c5600000, 0x00000000c5600000|100%| E|CS|TAMS 0x00000000c5500000| PB 0x00000000c5500000| Complete |  0
|  46|0x00000000c5600000, 0x00000000c5700000, 0x00000000c5700000|100%| E|CS|TAMS 0x00000000c5600000| PB 0x00000000c5600000| Complete |  0
|  47|0x00000000c5700000, 0x00000000c5800000, 0x00000000c5800000|100%| E|CS|TAMS 0x00000000c5700000| PB 0x00000000c5700000| Complete |  0
|  57|0x00000000c6100000, 0x00000000c6200000, 0x00000000c6200000|100%| E|CS|TAMS 0x00000000c6100000| PB 0x00000000c6100000| Complete |  0
|  61|0x00000000c6500000, 0x00000000c6600000, 0x00000000c6600000|100%| E|CS|TAMS 0x00000000c6500000| PB 0x00000000c6500000| Complete |  0

Card table byte_map: [0x000001f649400000,0x000001f6495f0000] _byte_map_base: 0x000001f648dec000

Marking Bits: (CMBitMap*) 0x000001f6300f6000
 Bits: [0x000001f6495f0000, 0x000001f64a550000)

Polling page: 0x000001f639bb0000

Metaspace:

Usage:
  Non-class:     55.67 MB used.
      Class:      9.00 MB used.
       Both:     64.67 MB used.

Virtual space:
  Non-class space:       64.00 MB reserved,      56.12 MB ( 88%) committed,  1 nodes.
      Class space:        1.00 GB reserved,       9.31 MB ( <1%) committed,  1 nodes.
             Both:        1.06 GB reserved,      65.44 MB (  6%) committed. 

Chunk freelists:
   Non-Class:  7.73 MB
       Class:  6.62 MB
        Both:  14.36 MB

MaxMetaspaceSize: unlimited
CompressedClassSpaceSize: 1.00 GB
Initial GC threshold: 21.00 MB
Current GC threshold: 98.69 MB
CDS: on
 - commit_granule_bytes: 65536.
 - commit_granule_words: 8192.
 - virtual_space_node_default_size: 8388608.
 - enlarge_chunks_in_place: 1.
 - use_allocation_guard: 0.


Internal statistics:

num_allocs_failed_limit: 9.
num_arena_births: 1004.
num_arena_deaths: 0.
num_vsnodes_births: 2.
num_vsnodes_deaths: 0.
num_space_committed: 1047.
num_space_uncommitted: 0.
num_chunks_returned_to_freelist: 9.
num_chunks_taken_from_freelist: 3420.
num_chunk_merges: 9.
num_chunk_splits: 2441.
num_chunks_enlarged: 1855.
num_inconsistent_stats: 0.

CodeHeap 'non-profiled nmethods': size=120000Kb used=3219Kb max_used=3219Kb free=116780Kb
 bounds [0x000001f6416a0000, 0x000001f6419f0000, 0x000001f648bd0000]
CodeHeap 'profiled nmethods': size=120000Kb used=10202Kb max_used=10202Kb free=109797Kb
 bounds [0x000001f639bd0000, 0x000001f63a5d0000, 0x000001f641100000]
CodeHeap 'non-nmethods': size=5760Kb used=1689Kb max_used=1733Kb free=4070Kb
 bounds [0x000001f641100000, 0x000001f641370000, 0x000001f6416a0000]
 total_blobs=6154 nmethods=5432 adapters=625
 compilation: enabled
              stopped_count=0, restarted_count=0
 full_count=0

Compilation events (20 events):
Event: 32.459 Thread 0x000001f64cb0dd60 nmethod 6103 0x000001f64189eb90 code [0x000001f64189ed20, 0x000001f64189ee48]
Event: 32.878 Thread 0x000001f64cb0dd60 6104       4       java.util.HashSet::contains (9 bytes)
Event: 32.896 Thread 0x000001f64cb0dd60 nmethod 6104 0x000001f64189e010 code [0x000001f64189e200, 0x000001f64189e7e0]
Event: 33.506 Thread 0x000001f64cb14830 6105       3       java.io.File::getName (42 bytes)
Event: 33.507 Thread 0x000001f64cb14830 nmethod 6105 0x000001f63a5bbf90 code [0x000001f63a5bc1e0, 0x000001f63a5bc9f0]
Event: 38.626 Thread 0x000001f64cb14830 6106       3       jdk.internal.misc.Unsafe::getAndAddLong (27 bytes)
Event: 38.626 Thread 0x000001f64cb14830 nmethod 6106 0x000001f63a5bcd90 code [0x000001f63a5bcf40, 0x000001f63a5bd180]
Event: 38.733 Thread 0x000001f64cb0dd60 6107       4       java.nio.Buffer::checkIndex (12 bytes)
Event: 38.734 Thread 0x000001f64cb0dd60 nmethod 6107 0x000001f64189dd10 code [0x000001f64189dea0, 0x000001f64189df70]
Event: 38.740 Thread 0x000001f64cb14830 6110       3       java.lang.invoke.MethodHandles::dropArgumentsTrusted (111 bytes)
Event: 38.742 Thread 0x000001f64cb0dd60 6115       4       java.lang.invoke.LambdaForm$Name::replaceNames (175 bytes)
Event: 38.742 Thread 0x000001f64cb14830 nmethod 6110 0x000001f63a5bd290 code [0x000001f63a5bd500, 0x000001f63a5bdf40]
Event: 38.742 Thread 0x000001f64cb14830 6112       3       java.lang.invoke.LambdaForm$Name::<init> (65 bytes)
Event: 38.742 Thread 0x000001f64cb14830 nmethod 6112 0x000001f63a5be410 code [0x000001f63a5be5c0, 0x000001f63a5be7c8]
Event: 38.742 Thread 0x000001f64cb14830 6111       3       java.lang.invoke.MethodHandles::dropArgumentChecks (92 bytes)
Event: 38.745 Thread 0x000001f64cb14830 nmethod 6111 0x000001f63a5be910 code [0x000001f63a5bed00, 0x000001f63a5c0d68]
Event: 38.748 Thread 0x000001f64cb14830 6118       3       java.nio.HeapByteBuffer::put (17 bytes)
Event: 38.748 Thread 0x000001f64cb14830 nmethod 6118 0x000001f63a5c1790 code [0x000001f63a5c1940, 0x000001f63a5c1b90]
Event: 38.748 Thread 0x000001f64cb14830 6119   !   3       org.apache.tomcat.util.http.parser.HttpParser::isControl (9 bytes)
Event: 38.748 Thread 0x000001f64cb14830 nmethod 6119 0x000001f63a5c1d10 code [0x000001f63a5c1ea0, 0x000001f63a5c2010]

GC Heap History (20 events):
Event: 9.621 GC heap before
{Heap before GC invocations=7 (full 0):
 garbage-first heap   total reserved 1007616K, committed 51200K, used 40090K [0x00000000c2800000, 0x0000000100000000)
  region size 1024K, 27 young (27648K), 3 survivors (3072K)
 Metaspace       used 30040K, committed 30528K, reserved 1114112K
  class space    used 3806K, committed 4032K, reserved 1048576K
}
Event: 9.635 GC heap after
{Heap after GC invocations=8 (full 0):
 garbage-first heap   total reserved 1007616K, committed 51200K, used 18853K [0x00000000c2800000, 0x0000000100000000)
  region size 1024K, 3 young (3072K), 3 survivors (3072K)
 Metaspace       used 30040K, committed 30528K, reserved 1114112K
  class space    used 3806K, committed 4032K, reserved 1048576K
}
Event: 11.186 GC heap before
{Heap before GC invocations=8 (full 0):
 garbage-first heap   total reserved 1007616K, committed 51200K, used 41381K [0x00000000c2800000, 0x0000000100000000)
  region size 1024K, 25 young (25600K), 3 survivors (3072K)
 Metaspace       used 34345K, committed 34944K, reserved 1114112K
  class space    used 4410K, committed 4672K, reserved 1048576K
}
Event: 11.197 GC heap after
{Heap after GC invocations=9 (full 0):
 garbage-first heap   total reserved 1007616K, committed 51200K, used 20517K [0x00000000c2800000, 0x0000000100000000)
  region size 1024K, 2 young (2048K), 2 survivors (2048K)
 Metaspace       used 34345K, committed 34944K, reserved 1114112K
  class space    used 4410K, committed 4672K, reserved 1048576K
}
Event: 11.545 GC heap before
{Heap before GC invocations=9 (full 0):
 garbage-first heap   total reserved 1007616K, committed 51200K, used 24613K [0x00000000c2800000, 0x0000000100000000)
  region size 1024K, 7 young (7168K), 2 survivors (2048K)
 Metaspace       used 35449K, committed 35968K, reserved 1114112K
  class space    used 4596K, committed 4800K, reserved 1048576K
}
Event: 11.549 GC heap after
{Heap after GC invocations=10 (full 0):
 garbage-first heap   total reserved 1007616K, committed 51200K, used 20526K [0x00000000c2800000, 0x0000000100000000)
  region size 1024K, 2 young (2048K), 2 survivors (2048K)
 Metaspace       used 35449K, committed 35968K, reserved 1114112K
  class space    used 4596K, committed 4800K, reserved 1048576K
}
Event: 14.380 GC heap before
{Heap before GC invocations=11 (full 0):
 garbage-first heap   total reserved 1007616K, committed 51200K, used 43054K [0x00000000c2800000, 0x0000000100000000)
  region size 1024K, 25 young (25600K), 2 survivors (2048K)
 Metaspace       used 42012K, committed 42560K, reserved 1114112K
  class space    used 5559K, committed 5824K, reserved 1048576K
}
Event: 14.392 GC heap after
{Heap after GC invocations=12 (full 0):
 garbage-first heap   total reserved 1007616K, committed 51200K, used 21940K [0x00000000c2800000, 0x0000000100000000)
  region size 1024K, 3 young (3072K), 3 survivors (3072K)
 Metaspace       used 42012K, committed 42560K, reserved 1114112K
  class space    used 5559K, committed 5824K, reserved 1048576K
}
Event: 19.813 GC heap before
{Heap before GC invocations=12 (full 0):
 garbage-first heap   total reserved 1007616K, committed 51200K, used 44468K [0x00000000c2800000, 0x0000000100000000)
  region size 1024K, 25 young (25600K), 3 survivors (3072K)
 Metaspace       used 47118K, committed 47680K, reserved 1114112K
  class space    used 6220K, committed 6464K, reserved 1048576K
}
Event: 19.824 GC heap after
{Heap after GC invocations=13 (full 0):
 garbage-first heap   total reserved 1007616K, committed 51200K, used 23216K [0x00000000c2800000, 0x0000000100000000)
  region size 1024K, 4 young (4096K), 4 survivors (4096K)
 Metaspace       used 47118K, committed 47680K, reserved 1114112K
  class space    used 6220K, committed 6464K, reserved 1048576K
}
Event: 21.553 GC heap before
{Heap before GC invocations=13 (full 0):
 garbage-first heap   total reserved 1007616K, committed 51200K, used 42672K [0x00000000c2800000, 0x0000000100000000)
  region size 1024K, 23 young (23552K), 4 survivors (4096K)
 Metaspace       used 52902K, committed 53504K, reserved 1114112K
  class space    used 7223K, committed 7488K, reserved 1048576K
}
Event: 21.563 GC heap after
{Heap after GC invocations=14 (full 0):
 garbage-first heap   total reserved 1007616K, committed 51200K, used 23968K [0x00000000c2800000, 0x0000000100000000)
  region size 1024K, 3 young (3072K), 3 survivors (3072K)
 Metaspace       used 52902K, committed 53504K, reserved 1114112K
  class space    used 7223K, committed 7488K, reserved 1048576K
}
Event: 23.634 GC heap before
{Heap before GC invocations=14 (full 0):
 garbage-first heap   total reserved 1007616K, committed 51200K, used 44448K [0x00000000c2800000, 0x0000000100000000)
  region size 1024K, 23 young (23552K), 3 survivors (3072K)
 Metaspace       used 57267K, committed 57920K, reserved 1114112K
  class space    used 7851K, committed 8128K, reserved 1048576K
}
Event: 23.644 GC heap after
{Heap after GC invocations=15 (full 0):
 garbage-first heap   total reserved 1007616K, committed 51200K, used 25460K [0x00000000c2800000, 0x0000000100000000)
  region size 1024K, 3 young (3072K), 3 survivors (3072K)
 Metaspace       used 57267K, committed 57920K, reserved 1114112K
  class space    used 7851K, committed 8128K, reserved 1048576K
}
Event: 24.406 GC heap before
{Heap before GC invocations=15 (full 0):
 garbage-first heap   total reserved 1007616K, committed 51200K, used 36724K [0x00000000c2800000, 0x0000000100000000)
  region size 1024K, 15 young (15360K), 3 survivors (3072K)
 Metaspace       used 59645K, committed 60288K, reserved 1114112K
  class space    used 8187K, committed 8448K, reserved 1048576K
}
Event: 24.412 GC heap after
{Heap after GC invocations=16 (full 0):
 garbage-first heap   total reserved 1007616K, committed 51200K, used 26413K [0x00000000c2800000, 0x0000000100000000)
  region size 1024K, 3 young (3072K), 3 survivors (3072K)
 Metaspace       used 59645K, committed 60288K, reserved 1114112K
  class space    used 8187K, committed 8448K, reserved 1048576K
}
Event: 25.362 GC heap before
{Heap before GC invocations=17 (full 0):
 garbage-first heap   total reserved 1007616K, committed 51200K, used 43821K [0x00000000c2800000, 0x0000000100000000)
  region size 1024K, 20 young (20480K), 3 survivors (3072K)
 Metaspace       used 62070K, committed 62720K, reserved 1114112K
  class space    used 8613K, committed 8896K, reserved 1048576K
}
Event: 25.370 GC heap after
{Heap after GC invocations=18 (full 0):
 garbage-first heap   total reserved 1007616K, committed 51200K, used 28140K [0x00000000c2800000, 0x0000000100000000)
  region size 1024K, 3 young (3072K), 3 survivors (3072K)
 Metaspace       used 62070K, committed 62720K, reserved 1114112K
  class space    used 8613K, committed 8896K, reserved 1048576K
}
Event: 26.301 GC heap before
{Heap before GC invocations=18 (full 0):
 garbage-first heap   total reserved 1007616K, committed 51200K, used 43500K [0x00000000c2800000, 0x0000000100000000)
  region size 1024K, 19 young (19456K), 3 survivors (3072K)
 Metaspace       used 64015K, committed 64704K, reserved 1114112K
  class space    used 8909K, committed 9216K, reserved 1048576K
}
Event: 26.311 GC heap after
{Heap after GC invocations=19 (full 0):
 garbage-first heap   total reserved 1007616K, committed 51200K, used 29824K [0x00000000c2800000, 0x0000000100000000)
  region size 1024K, 3 young (3072K), 3 survivors (3072K)
 Metaspace       used 64015K, committed 64704K, reserved 1114112K
  class space    used 8909K, committed 9216K, reserved 1048576K
}

Dll operation events (15 events):
Event: 0.035 Loaded shared library C:\Users\Ric\.jdks\openjdk-22.0.2\bin\java.dll
Event: 0.098 Loaded shared library C:\Users\Ric\.jdks\openjdk-22.0.2\bin\jsvml.dll
Event: 0.429 Loaded shared library C:\Users\Ric\.jdks\openjdk-22.0.2\bin\zip.dll
Event: 0.438 Loaded shared library C:\Users\Ric\.jdks\openjdk-22.0.2\bin\instrument.dll
Event: 0.449 Loaded shared library C:\Users\Ric\.jdks\openjdk-22.0.2\bin\net.dll
Event: 0.452 Loaded shared library C:\Users\Ric\.jdks\openjdk-22.0.2\bin\nio.dll
Event: 0.456 Loaded shared library C:\Users\Ric\.jdks\openjdk-22.0.2\bin\zip.dll
Event: 0.674 Loaded shared library C:\Users\Ric\.jdks\openjdk-22.0.2\bin\jimage.dll
Event: 0.725 Loaded shared library C:\Users\Ric\AppData\Local\Programs\IntelliJ IDEA Community Edition\bin\breakgen64.dll
Event: 0.753 Loaded shared library C:\Users\Ric\.jdks\openjdk-22.0.2\bin\extnet.dll
Event: 1.625 Loaded shared library C:\Users\Ric\.jdks\openjdk-22.0.2\bin\management.dll
Event: 1.629 Loaded shared library C:\Users\Ric\.jdks\openjdk-22.0.2\bin\management_ext.dll
Event: 3.004 Loaded shared library C:\Users\Ric\.jdks\openjdk-22.0.2\bin\le.dll
Event: 4.016 Loaded shared library C:\Users\Ric\.jdks\openjdk-22.0.2\bin\sunmscapi.dll
Event: 11.530 Loaded shared library C:\Users\Ric\.jdks\openjdk-22.0.2\bin\verify.dll

Deoptimization events (20 events):
Event: 26.355 Thread 0x000001f64cb08940 DEOPT PACKING pc=0x000001f6417205e0 sp=0x00000037a77fbf30
Event: 26.355 Thread 0x000001f64cb08940 DEOPT UNPACKING pc=0x000001f6411546a2 sp=0x00000037a77fbea8 mode 2
Event: 26.355 Thread 0x000001f64cb08940 Uncommon trap: trap_request=0xffffffde fr.pc=0x000001f6417205e0 relative=0x0000000000000180
Event: 26.355 Thread 0x000001f64cb08940 Uncommon trap: reason=class_check action=maybe_recompile pc=0x000001f6417205e0 method=org.springframework.boot.context.properties.source.ConfigurationPropertyName$Elements.charAt(II)C @ 43 c2
Event: 26.355 Thread 0x000001f64cb08940 DEOPT PACKING pc=0x000001f6417205e0 sp=0x00000037a77fbf30
Event: 26.355 Thread 0x000001f64cb08940 DEOPT UNPACKING pc=0x000001f6411546a2 sp=0x00000037a77fbea8 mode 2
Event: 26.602 Thread 0x000001f64cb08940 Uncommon trap: trap_request=0xffffff45 fr.pc=0x000001f6417387b8 relative=0x00000000000000f8
Event: 26.602 Thread 0x000001f64cb08940 Uncommon trap: reason=unstable_if action=reinterpret pc=0x000001f6417387b8 method=java.lang.ref.ReferenceQueue.poll()Ljava/lang/ref/Reference; @ 4 c2
Event: 26.602 Thread 0x000001f64cb08940 DEOPT PACKING pc=0x000001f6417387b8 sp=0x00000037a77fe990
Event: 26.602 Thread 0x000001f64cb08940 DEOPT UNPACKING pc=0x000001f6411546a2 sp=0x00000037a77fe858 mode 2
Event: 26.648 Thread 0x000001f64cb08940 Uncommon trap: trap_request=0xffffff45 fr.pc=0x000001f64192fd24 relative=0x0000000000000e64
Event: 26.648 Thread 0x000001f64cb08940 Uncommon trap: reason=unstable_if action=reinterpret pc=0x000001f64192fd24 method=java.lang.String.<init>(Ljava/nio/charset/Charset;[BII)V @ 6 c2
Event: 26.648 Thread 0x000001f64cb08940 DEOPT PACKING pc=0x000001f64192fd24 sp=0x00000037a77fdee0
Event: 26.648 Thread 0x000001f64cb08940 DEOPT UNPACKING pc=0x000001f6411546a2 sp=0x00000037a77fdeb0 mode 2
Event: 26.676 Thread 0x000001f64cb08940 DEOPT PACKING pc=0x000001f639d2a3ee sp=0x00000037a77fe760
Event: 26.676 Thread 0x000001f64cb08940 DEOPT UNPACKING pc=0x000001f641154e42 sp=0x00000037a77fdc38 mode 0
Event: 27.604 Thread 0x000001f695807080 DEOPT PACKING pc=0x000001f63a43cdbd sp=0x00000037a7dfecb0
Event: 27.604 Thread 0x000001f695807080 DEOPT UNPACKING pc=0x000001f641154e42 sp=0x00000037a7dfe178 mode 0
Event: 31.835 Thread 0x000001f695807080 DEOPT PACKING pc=0x000001f63a5b6832 sp=0x00000037a7dfed10
Event: 31.835 Thread 0x000001f695807080 DEOPT UNPACKING pc=0x000001f641154e42 sp=0x00000037a7dfe1d8 mode 0

Classes loaded (20 events):
Event: 38.600 Loading class java/nio/channels/WritePendingException
Event: 38.600 Loading class java/nio/channels/WritePendingException done
Event: 38.612 Loading class java/util/concurrent/Semaphore
Event: 38.615 Loading class java/util/concurrent/Semaphore done
Event: 38.615 Loading class java/util/concurrent/Semaphore$NonfairSync
Event: 38.616 Loading class java/util/concurrent/Semaphore$Sync
Event: 38.616 Loading class java/util/concurrent/Semaphore$Sync done
Event: 38.616 Loading class java/util/concurrent/Semaphore$NonfairSync done
Event: 38.617 Loading class sun/nio/ch/SocketAdaptor
Event: 38.620 Loading class sun/nio/ch/SocketAdaptor done
Event: 38.620 Loading class sun/nio/ch/SocketChannelImpl$DefaultOptionsHolder
Event: 38.623 Loading class sun/nio/ch/SocketChannelImpl$DefaultOptionsHolder done
Event: 38.625 Loading class sun/nio/ch/SelectionKeyImpl
Event: 38.628 Loading class java/nio/channels/spi/AbstractSelectionKey
Event: 38.629 Loading class java/nio/channels/SelectionKey
Event: 38.629 Loading class java/nio/channels/SelectionKey done
Event: 38.629 Loading class java/nio/channels/spi/AbstractSelectionKey done
Event: 38.629 Loading class sun/nio/ch/SelectionKeyImpl done
Event: 38.630 Loading class java/lang/invoke/ConstantBootstraps
Event: 38.635 Loading class java/lang/invoke/ConstantBootstraps done

Classes unloaded (0 events):
No events

Classes redefined (0 events):
No events

Internal exceptions (20 events):
Event: 22.559 Thread 0x000001f64cb08940 Exception <a 'java/lang/NoSuchMethodError'{0x00000000c4f48130}: 'java.lang.Object java.lang.invoke.DirectMethodHandle$Holder.newInvokeSpecial(java.lang.Object, java.lang.Object, java.lang.Object, java.lang.Object, java.lang.Object, java.lang.Object, java.lang.Object, int)'> (0x00000000c4f48130) 
thrown [s\open\src\hotspot\share\interpreter\linkResolver.cpp, line 774]
Event: 22.559 Thread 0x000001f64cb08940 Exception <a 'java/lang/NoSuchMethodError'{0x00000000c4f4c730}: 'java.lang.Object java.lang.invoke.DirectMethodHandle$Holder.invokeSpecial(java.lang.Object, java.lang.Object, java.lang.Object, java.lang.Object, java.lang.Object, java.lang.Object, java.lang.Object, java.lang.Object, int)'> (0x00000000c4f4c730) 
thrown [s\open\src\hotspot\share\interpreter\linkResolver.cpp, line 774]
Event: 22.559 Thread 0x000001f64cb08940 Exception <a 'java/lang/NoSuchMethodError'{0x00000000c4f50748}: 'java.lang.Object java.lang.invoke.Invokers$Holder.linkToTargetMethod(java.lang.Object, java.lang.Object, java.lang.Object, java.lang.Object, java.lang.Object, java.lang.Object, int, java.lang.Object)'> (0x00000000c4f50748) 
thrown [s\open\src\hotspot\share\interpreter\linkResolver.cpp, line 774]
Event: 22.652 Thread 0x000001f64cb08940 Exception <a 'java/lang/NoSuchMethodError'{0x00000000c4ffdea0}: 'void java.lang.invoke.DirectMethodHandle$Holder.invokeInterface(java.lang.Object, java.lang.Object)'> (0x00000000c4ffdea0) 
thrown [s\open\src\hotspot\share\interpreter\linkResolver.cpp, line 774]
Event: 23.378 Thread 0x000001f64cb08940 Exception <a 'java/lang/NoSuchMethodError'{0x00000000c4a0a2b0}: 'java.lang.Object java.lang.invoke.DirectMethodHandle$Holder.invokeSpecial(java.lang.Object, java.lang.Object, int, java.lang.Object, int)'> (0x00000000c4a0a2b0) 
thrown [s\open\src\hotspot\share\interpreter\linkResolver.cpp, line 774]
Event: 23.435 Thread 0x000001f64cb08940 Exception <a 'java/lang/NoSuchMethodError'{0x00000000c4ad2240}: 'void java.lang.invoke.Invokers$Holder.invokeExact_MT(java.lang.Object, java.lang.Object, java.lang.Object, java.lang.Object)'> (0x00000000c4ad2240) 
thrown [s\open\src\hotspot\share\interpreter\linkResolver.cpp, line 774]
Event: 23.494 Thread 0x000001f64cb08940 Implicit null exception at 0x000001f6418c1df3 to 0x000001f6418c2064
Event: 23.546 Thread 0x000001f64cb08940 Implicit null exception at 0x000001f641966b1a to 0x000001f641966b54
Event: 23.629 Thread 0x000001f64cb08940 Exception <a 'java/lang/IncompatibleClassChangeError'{0x00000000c43d3500}: Found class java.lang.Object, but interface was expected> (0x00000000c43d3500) 
thrown [s\open\src\hotspot\share\interpreter\linkResolver.cpp, line 841]
Event: 23.680 Thread 0x000001f64cb08940 Exception <a 'java/lang/IncompatibleClassChangeError'{0x00000000c656ae18}: Found class java.lang.Object, but interface was expected> (0x00000000c656ae18) 
thrown [s\open\src\hotspot\share\interpreter\linkResolver.cpp, line 841]
Event: 23.772 Thread 0x000001f64cb08940 Exception <a 'java/lang/IncompatibleClassChangeError'{0x00000000c61f3630}: Found class java.lang.Object, but interface was expected> (0x00000000c61f3630) 
thrown [s\open\src\hotspot\share\interpreter\linkResolver.cpp, line 841]
Event: 24.279 Thread 0x000001f64cb08940 Exception <a 'java/lang/IncompatibleClassChangeError'{0x00000000c50044b8}: Found class java.lang.Object, but interface was expected> (0x00000000c50044b8) 
thrown [s\open\src\hotspot\share\interpreter\linkResolver.cpp, line 841]
Event: 24.462 Thread 0x000001f64cb08940 Exception <a 'java/lang/IncompatibleClassChangeError'{0x00000000c6580898}: Found class java.lang.Object, but interface was expected> (0x00000000c6580898) 
thrown [s\open\src\hotspot\share\interpreter\linkResolver.cpp, line 841]
Event: 24.822 Thread 0x000001f64cb08940 Exception <a 'java/lang/NoSuchMethodError'{0x00000000c528c030}: 'java.lang.Object java.lang.invoke.DirectMethodHandle$Holder.newInvokeSpecial(java.lang.Object, java.lang.Object, java.lang.Object, java.lang.Object, java.lang.Object, java.lang.Object, java.lang.Object, java.lang.Object)'> (0x00000000c528c030) 
thrown [s\open\src\hotspot\share\interpreter\linkResolver.cpp, line 774]
Event: 25.628 Thread 0x000001f64cb08940 Exception <a 'java/lang/IncompatibleClassChangeError'{0x00000000c543cff0}: Found class java.lang.Object, but interface was expected> (0x00000000c543cff0) 
thrown [s\open\src\hotspot\share\interpreter\linkResolver.cpp, line 841]
Event: 26.084 Thread 0x000001f64cb08940 Exception <a 'java/lang/NoSuchMethodError'{0x00000000c4e74390}: 'void java.lang.invoke.DirectMethodHandle$Holder.invokeVirtual(java.lang.Object, java.lang.Object, long)'> (0x00000000c4e74390) 
thrown [s\open\src\hotspot\share\interpreter\linkResolver.cpp, line 774]
Event: 26.367 Thread 0x000001f64cb08940 Exception <a 'java/lang/IncompatibleClassChangeError'{0x00000000c65dc610}: Found class java.lang.Object, but interface was expected> (0x00000000c65dc610) 
thrown [s\open\src\hotspot\share\interpreter\linkResolver.cpp, line 841]
Event: 26.604 Thread 0x000001f64cb08940 Exception <a 'java/lang/NoSuchMethodError'{0x00000000c5327960}: 'java.lang.Object java.lang.invoke.DirectMethodHandle$Holder.newInvokeSpecial(java.lang.Object, java.lang.Object, int, java.lang.Object, java.lang.Object)'> (0x00000000c5327960) 
thrown [s\open\src\hotspot\share\interpreter\linkResolver.cpp, line 774]
Event: 38.743 Thread 0x000001f695eebce0 Exception <a 'java/lang/NoSuchMethodError'{0x00000000c4f743e8}: 'java.lang.Object java.lang.invoke.DirectMethodHandle$Holder.invokeSpecial(java.lang.Object, java.lang.Object, java.lang.Object, java.lang.Object, java.lang.Object, long)'> (0x00000000c4f743e8) 
thrown [s\open\src\hotspot\share\interpreter\linkResolver.cpp, line 774]
Event: 38.743 Thread 0x000001f695eebce0 Exception <a 'java/lang/NoSuchMethodError'{0x00000000c4f77ba8}: 'java.lang.Object java.lang.invoke.Invokers$Holder.linkToTargetMethod(java.lang.Object, java.lang.Object, java.lang.Object, long, java.lang.Object)'> (0x00000000c4f77ba8) 
thrown [s\open\src\hotspot\share\interpreter\linkResolver.cpp, line 774]

ZGC Phase Switch (0 events):
No events

VM Operations (20 events):
Event: 25.328 Executing VM operation: HandshakeAllThreads (Deoptimize)
Event: 25.328 Executing VM operation: HandshakeAllThreads (Deoptimize) done
Event: 25.329 Executing VM operation: HandshakeAllThreads (Deoptimize)
Event: 25.329 Executing VM operation: HandshakeAllThreads (Deoptimize) done
Event: 25.362 Executing VM operation: G1CollectForAllocation (G1 Evacuation Pause)
Event: 25.370 Executing VM operation: G1CollectForAllocation (G1 Evacuation Pause) done
Event: 26.119 Executing VM operation: HandshakeAllThreads (Deoptimize)
Event: 26.119 Executing VM operation: HandshakeAllThreads (Deoptimize) done
Event: 26.301 Executing VM operation: G1CollectForAllocation (G1 Evacuation Pause)
Event: 26.311 Executing VM operation: G1CollectForAllocation (G1 Evacuation Pause) done
Event: 26.601 Executing VM operation: HandshakeAllThreads (Deoptimize)
Event: 26.601 Executing VM operation: HandshakeAllThreads (Deoptimize) done
Event: 27.602 Executing VM operation: Cleanup
Event: 27.602 Executing VM operation: Cleanup done
Event: 28.607 Executing VM operation: Cleanup
Event: 28.607 Executing VM operation: Cleanup done
Event: 32.638 Executing VM operation: Cleanup
Event: 32.638 Executing VM operation: Cleanup done
Event: 38.684 Executing VM operation: Cleanup
Event: 38.685 Executing VM operation: Cleanup done

Memory protections (0 events):
No events

Nmethod flushes (20 events):
Event: 24.492 Thread 0x000001f63017d470 flushing  nmethod 0x000001f63a209410
Event: 24.492 Thread 0x000001f63017d470 flushing  nmethod 0x000001f63a209810
Event: 24.492 Thread 0x000001f63017d470 flushing  nmethod 0x000001f63a20a510
Event: 24.492 Thread 0x000001f63017d470 flushing  nmethod 0x000001f63a20b490
Event: 24.492 Thread 0x000001f63017d470 flushing  nmethod 0x000001f63a20b910
Event: 24.492 Thread 0x000001f63017d470 flushing  nmethod 0x000001f63a213190
Event: 24.492 Thread 0x000001f63017d470 flushing  nmethod 0x000001f63a215e90
Event: 24.492 Thread 0x000001f63017d470 flushing  nmethod 0x000001f63a217990
Event: 24.492 Thread 0x000001f63017d470 flushing  nmethod 0x000001f63a218e90
Event: 24.492 Thread 0x000001f63017d470 flushing  nmethod 0x000001f63a219590
Event: 24.492 Thread 0x000001f63017d470 flushing  nmethod 0x000001f63a248c90
Event: 24.492 Thread 0x000001f63017d470 flushing  nmethod 0x000001f63a24ef90
Event: 24.492 Thread 0x000001f63017d470 flushing  nmethod 0x000001f63a25e190
Event: 24.492 Thread 0x000001f63017d470 flushing  nmethod 0x000001f63a2ac190
Event: 24.492 Thread 0x000001f63017d470 flushing  nmethod 0x000001f63a330f10
Event: 24.492 Thread 0x000001f63017d470 flushing  nmethod 0x000001f63a3c7e90
Event: 24.492 Thread 0x000001f63017d470 flushing  nmethod 0x000001f63a3c8610
Event: 24.492 Thread 0x000001f63017d470 flushing  nmethod 0x000001f63a3ca690
Event: 24.492 Thread 0x000001f63017d470 flushing  nmethod 0x000001f63a3e2390
Event: 24.492 Thread 0x000001f63017d470 flushing  nmethod 0x000001f63a48bf90

Events (20 events):
Event: 26.564 Thread 0x000001f64cb08940 Thread added: 0x000001f695807080
Event: 26.574 Thread 0x000001f64cb08940 Thread added: 0x000001f695eeb650
Event: 26.575 Thread 0x000001f695eeb650 Thread exited: 0x000001f695eeb650
Event: 26.575 Thread 0x000001f64cb08940 Thread added: 0x000001f695eea930
Event: 26.624 Thread 0x000001f64cb08940 Thread added: 0x000001f695eebce0
Event: 26.624 Thread 0x000001f64cb08940 Thread added: 0x000001f695eec370
Event: 26.624 Thread 0x000001f64cb08940 Thread added: 0x000001f695eeafc0
Event: 26.624 Thread 0x000001f64cb08940 Thread added: 0x000001f695eeca00
Event: 26.624 Thread 0x000001f64cb08940 Thread added: 0x000001f695eed090
Event: 26.625 Thread 0x000001f64cb08940 Thread added: 0x000001f695eed720
Event: 26.625 Thread 0x000001f64cb08940 Thread added: 0x000001f695eeddb0
Event: 26.625 Thread 0x000001f64cb08940 Thread added: 0x000001f695eeb650
Event: 26.625 Thread 0x000001f64cb08940 Thread added: 0x000001f6937797c0
Event: 26.625 Thread 0x000001f64cb08940 Thread added: 0x000001f693778410
Event: 26.653 Thread 0x000001f64cb08940 Thread added: 0x000001f69377a4e0
Event: 26.656 Thread 0x000001f64cb08940 Thread added: 0x000001f69377c5b0
Event: 26.692 Thread 0x000001f64cb08940 Thread exited: 0x000001f64cb08940
Event: 26.698 Thread 0x000001f64cb0a380 Thread exited: 0x000001f64cb0a380
Event: 26.698 Thread 0x000001f62febb610 Thread exited: 0x000001f62febb610
Event: 26.698 Thread 0x000001f693777d80 Thread added: 0x000001f693777d80


Dynamic libraries:
0x00007ff6f66b0000 - 0x00007ff6f66be000 	C:\Users\Ric\.jdks\openjdk-22.0.2\bin\java.exe
0x00007ffba8310000 - 0x00007ffba8508000 	C:\Windows\SYSTEM32\ntdll.dll
0x00007ffba7800000 - 0x00007ffba78c1000 	C:\Windows\System32\KERNEL32.DLL
0x00007ffba5b20000 - 0x00007ffba5e1d000 	C:\Windows\System32\KERNELBASE.dll
0x00007ffba6010000 - 0x00007ffba6110000 	C:\Windows\System32\ucrtbase.dll
0x00007ffba24c0000 - 0x00007ffba24d7000 	C:\Users\Ric\.jdks\openjdk-22.0.2\bin\jli.dll
0x00007ffba24a0000 - 0x00007ffba24bb000 	C:\Users\Ric\.jdks\openjdk-22.0.2\bin\VCRUNTIME140.dll
0x00007ffba7170000 - 0x00007ffba730d000 	C:\Windows\System32\USER32.dll
0x00007ffba5e50000 - 0x00007ffba5e72000 	C:\Windows\System32\win32u.dll
0x00007ffba7e10000 - 0x00007ffba7e3b000 	C:\Windows\System32\GDI32.dll
0x00007ffba5ef0000 - 0x00007ffba6007000 	C:\Windows\System32\gdi32full.dll
0x00007ffba6160000 - 0x00007ffba61fd000 	C:\Windows\System32\msvcp_win.dll
0x00007ffb938e0000 - 0x00007ffb93b7a000 	C:\Windows\WinSxS\amd64_microsoft.windows.common-controls_6595b64144ccf1df_6.0.19041.4355_none_60b8b9eb71f62e16\COMCTL32.dll
0x00007ffba7320000 - 0x00007ffba73be000 	C:\Windows\System32\msvcrt.dll
0x00007ffba77d0000 - 0x00007ffba77ff000 	C:\Windows\System32\IMM32.DLL
0x00007ffba2030000 - 0x00007ffba203c000 	C:\Users\Ric\.jdks\openjdk-22.0.2\bin\vcruntime140_1.dll
0x00007ffb9ea60000 - 0x00007ffb9eaee000 	C:\Users\Ric\.jdks\openjdk-22.0.2\bin\msvcp140.dll
0x00007ffb76d50000 - 0x00007ffb77a99000 	C:\Users\Ric\.jdks\openjdk-22.0.2\bin\server\jvm.dll
0x00007ffba7a00000 - 0x00007ffba7ab0000 	C:\Windows\System32\ADVAPI32.dll
0x00007ffba7bc0000 - 0x00007ffba7c60000 	C:\Windows\System32\sechost.dll
0x00007ffba6bc0000 - 0x00007ffba6ce3000 	C:\Windows\System32\RPCRT4.dll
0x00007ffba5e20000 - 0x00007ffba5e47000 	C:\Windows\System32\bcrypt.dll
0x00007ffba7760000 - 0x00007ffba77cb000 	C:\Windows\System32\WS2_32.dll
0x00007ffba5770000 - 0x00007ffba57bb000 	C:\Windows\SYSTEM32\POWRPROF.dll
0x00007ffb936e0000 - 0x00007ffb93707000 	C:\Windows\SYSTEM32\WINMM.dll
0x00007ffb98890000 - 0x00007ffb9889a000 	C:\Windows\SYSTEM32\VERSION.dll
0x00007ffba5750000 - 0x00007ffba5762000 	C:\Windows\SYSTEM32\UMPDC.dll
0x00007ffba3800000 - 0x00007ffba3812000 	C:\Windows\SYSTEM32\kernel.appcore.dll
0x00007ffba1ad0000 - 0x00007ffba1ada000 	C:\Users\Ric\.jdks\openjdk-22.0.2\bin\jimage.dll
0x00007ffb8d780000 - 0x00007ffb8d964000 	C:\Windows\SYSTEM32\DBGHELP.DLL
0x00007ffb8d740000 - 0x00007ffb8d774000 	C:\Windows\SYSTEM32\dbgcore.DLL
0x00007ffba6200000 - 0x00007ffba6282000 	C:\Windows\System32\bcryptPrimitives.dll
0x00007ffba1ab0000 - 0x00007ffba1abf000 	C:\Users\Ric\.jdks\openjdk-22.0.2\bin\instrument.dll
0x00007ffba1a90000 - 0x00007ffba1aae000 	C:\Users\Ric\.jdks\openjdk-22.0.2\bin\java.dll
0x00007ffba6440000 - 0x00007ffba6baf000 	C:\Windows\System32\SHELL32.dll
0x00007ffba74a0000 - 0x00007ffba75cb000 	C:\Windows\System32\ole32.dll
0x00007ffba6cf0000 - 0x00007ffba7043000 	C:\Windows\System32\combase.dll
0x00007ffba3a00000 - 0x00007ffba41a3000 	C:\Windows\SYSTEM32\windows.storage.dll
0x00007ffba52a0000 - 0x00007ffba52ce000 	C:\Windows\SYSTEM32\Wldp.dll
0x00007ffba75d0000 - 0x00007ffba769d000 	C:\Windows\System32\OLEAUT32.dll
0x00007ffba78d0000 - 0x00007ffba797d000 	C:\Windows\System32\SHCORE.dll
0x00007ffba7700000 - 0x00007ffba7755000 	C:\Windows\System32\shlwapi.dll
0x00007ffba58f0000 - 0x00007ffba5914000 	C:\Windows\SYSTEM32\profapi.dll
0x00007ffb9bc10000 - 0x00007ffb9bce7000 	C:\Users\Ric\.jdks\openjdk-22.0.2\bin\jsvml.dll
0x00007ffba0e30000 - 0x00007ffba0e47000 	C:\Users\Ric\.jdks\openjdk-22.0.2\bin\zip.dll
0x00007ffba1a80000 - 0x00007ffba1a90000 	C:\Users\Ric\.jdks\openjdk-22.0.2\bin\net.dll
0x00007ffba5080000 - 0x00007ffba50ea000 	C:\Windows\system32\mswsock.dll
0x00007ffba0e10000 - 0x00007ffba0e26000 	C:\Users\Ric\.jdks\openjdk-22.0.2\bin\nio.dll
0x00007ffb9ed90000 - 0x00007ffb9edaa000 	C:\Users\Ric\AppData\Local\Programs\IntelliJ IDEA Community Edition\bin\breakgen64.dll
0x00007ffba0de0000 - 0x00007ffba0de9000 	C:\Users\Ric\.jdks\openjdk-22.0.2\bin\extnet.dll
0x00007ffb9eb00000 - 0x00007ffb9eb0a000 	C:\Users\Ric\.jdks\openjdk-22.0.2\bin\management.dll
0x00007ffb9ea50000 - 0x00007ffb9ea5b000 	C:\Users\Ric\.jdks\openjdk-22.0.2\bin\management_ext.dll
0x00007ffba63d0000 - 0x00007ffba63d8000 	C:\Windows\System32\PSAPI.DLL
0x00007ffb9e9e0000 - 0x00007ffb9e9eb000 	C:\Users\Ric\.jdks\openjdk-22.0.2\bin\le.dll
0x00007ffb9e9f0000 - 0x00007ffb9e9fe000 	C:\Users\Ric\.jdks\openjdk-22.0.2\bin\sunmscapi.dll
0x00007ffba59c0000 - 0x00007ffba5b1c000 	C:\Windows\System32\CRYPT32.dll
0x00007ffba5310000 - 0x00007ffba5339000 	C:\Windows\SYSTEM32\ncrypt.dll
0x00007ffba52d0000 - 0x00007ffba530b000 	C:\Windows\SYSTEM32\NTASN1.dll
0x00007ffba55f0000 - 0x00007ffba5608000 	C:\Windows\SYSTEM32\CRYPTSP.dll
0x00007ffba49c0000 - 0x00007ffba49f4000 	C:\Windows\system32\rsaenh.dll
0x00007ffba5870000 - 0x00007ffba589e000 	C:\Windows\SYSTEM32\USERENV.dll
0x00007ffba5210000 - 0x00007ffba521c000 	C:\Windows\SYSTEM32\CRYPTBASE.dll
0x00007ffba4d80000 - 0x00007ffba4dbb000 	C:\Windows\SYSTEM32\IPHLPAPI.DLL
0x00007ffba7310000 - 0x00007ffba7318000 	C:\Windows\System32\NSI.dll
0x00007ffb9e9d0000 - 0x00007ffb9e9e0000 	C:\Users\Ric\.jdks\openjdk-22.0.2\bin\verify.dll
0x00007ffba4dc0000 - 0x00007ffba4e8a000 	C:\Windows\SYSTEM32\DNSAPI.dll
0x00007ffb9b990000 - 0x00007ffb9b99a000 	C:\Windows\System32\rasadhlp.dll
0x00007ffb9df50000 - 0x00007ffb9dfd0000 	C:\Windows\System32\fwpuclnt.dll
0x00007ffb4e5b0000 - 0x00007ffb4e5b7000 	C:\Windows\system32\wshunix.dll

dbghelp: loaded successfully - version: 4.0.5 - missing functions: none
symbol engine: initialized successfully - sym options: 0x614 - pdb path: .;C:\Users\Ric\.jdks\openjdk-22.0.2\bin;C:\Windows\SYSTEM32;C:\Windows\WinSxS\amd64_microsoft.windows.common-controls_6595b64144ccf1df_6.0.19041.4355_none_60b8b9eb71f62e16;C:\Users\Ric\.jdks\openjdk-22.0.2\bin\server;C:\Users\Ric\AppData\Local\Programs\IntelliJ IDEA Community Edition\bin

VM Arguments:
jvm_args: -javaagent:C:\Users\Ric\AppData\Local\Programs\IntelliJ IDEA Community Edition\lib\idea_rt.jar=2310:C:\Users\Ric\AppData\Local\Programs\IntelliJ IDEA Community Edition\bin -Dfile.encoding=UTF-8 -Dsun.stdout.encoding=UTF-8 -Dsun.stderr.encoding=UTF-8 
java_command: com.hasnreziga.auteur.AuteurApplication
java_class_path (initial): C:\Users\Ric\Documents\projects\work\modules\modules\Auteur\target\classes;C:\Users\Ric\.m2\repository\org\springframework\boot\spring-boot-starter-web\3.3.3\spring-boot-starter-web-3.3.3.jar;C:\Users\Ric\.m2\repository\org\springframework\boot\spring-boot-starter\3.3.3\spring-boot-starter-3.3.3.jar;C:\Users\Ric\.m2\repository\org\springframework\boot\spring-boot-starter-logging\3.3.3\spring-boot-starter-logging-3.3.3.jar;C:\Users\Ric\.m2\repository\ch\qos\logback\logback-classic\1.5.7\logback-classic-1.5.7.jar;C:\Users\Ric\.m2\repository\ch\qos\logback\logback-core\1.5.7\logback-core-1.5.7.jar;C:\Users\Ric\.m2\repository\org\apache\logging\log4j\log4j-to-slf4j\2.23.1\log4j-to-slf4j-2.23.1.jar;C:\Users\Ric\.m2\repository\org\apache\logging\log4j\log4j-api\2.23.1\log4j-api-2.23.1.jar;C:\Users\Ric\.m2\repository\org\slf4j\jul-to-slf4j\2.0.16\jul-to-slf4j-2.0.16.jar;C:\Users\Ric\.m2\repository\jakarta\annotation\jakarta.annotation-api\2.1.1\jakarta.annotation-api-2.1.1.jar;C:\Users\Ric\.m2\repository\org\yaml\snakeyaml\2.2\snakeyaml-2.2.jar;C:\Users\Ric\.m2\repository\org\springframework\boot\spring-boot-starter-json\3.3.3\spring-boot-starter-json-3.3.3.jar;C:\Users\Ric\.m2\repository\com\fasterxml\jackson\core\jackson-databind\2.17.2\jackson-databind-2.17.2.jar;C:\Users\Ric\.m2\repository\com\fasterxml\jackson\core\jackson-annotations\2.17.2\jackson-annotations-2.17.2.jar;C:\Users\Ric\.m2\repository\com\fasterxml\jackson\core\jackson-core\2.17.2\jackson-core-2.17.2.jar;C:\Users\Ric\.m2\repository\com\fasterxml\jackson\datatype\jackson-datatype-jdk8\2.17.2\jackson-datatype-jdk8-2.17.2.jar;C:\Users\Ric\.m2\repository\com\fasterxml\jackson\datatype\jackson-datatype-jsr310\2.17.2\jackson-datatype-jsr310-2.17.2.jar;C:\Users\Ric\.m2\repository\com\fasterxml\jackson\module\jackson-module-parameter-names\2.17.2\jackson-module-parameter-names-2.17.2.jar;C:\Users\Ric\.m2\repository\org\springframework\boot\spring-boot-starter-tomcat\3.3.3\spring-boot-starter-tomcat-3.3.3.jar;C:\Users\Ric\.m2\repository\org\apache\tomcat\embed\tomcat-embed-core\10.1.28\tomcat-embed-core-10.1.28.jar;C:\Users\Ric\.m2\repository\org\apache\tomcat\embed\tomcat-embed-el\10.1.28\tomcat-embed-el-10.1.28.jar;C:\Users\Ric\.m2\repository\org\apache\tomcat\embed\tomcat-embed-websocket\10.1.28\tomcat-embed-websocket-10.1.28.jar;C:\Users\Ric\.m2\repository\org\springframework\spring-web\6.1.12\spring-web-6.1.12.jar;C:\Users\Ric\.m2\repository\org\springframework\spring-beans\6.1.12\spring-beans-6.1.12.jar;C:\Users\Ric\.m2\repository\io\micrometer\micrometer-observation\1.13.3\micrometer-observation-1.13.3.jar;C:\Users\Ric\.m2\repository\io\micrometer\micrometer-commons\1.13.3\micrometer-commons-1.13.3.jar;C:\Users\Ric\.m2\repository\org\springframework\spring-webmvc\6.1.12\spring-webmvc-6.1.12.jar;C:\Users\Ric\.m2\repository\org\springframework\spring-context\6.1.12\spring-context-6.1.12.jar;C:\Users\Ric\.m2\repository\org\springframework\spring-expression\6.1.12\spring-expression-6.1.12.jar;C:\Users\Ric\.m2\repository\org\springframework\boot\spring-boot-starter-thymeleaf\3.3.3\spring-boot-starter-thymeleaf-3.3.3.jar;C:\Users\Ric\.m2\repository\org\thymeleaf\thymeleaf-spring6\3.1.2.RELEASE\thymeleaf-spring6-3.1.2.RELEASE.jar;C:\Users\Ric\.m2\repository\org\thymeleaf\thymeleaf\3.1.2.RELEASE\thymeleaf-3.1.2.RELEASE.jar;C:\Users\Ric\.m2\repository\org\attoparser\attoparser\2.0.7.RELEASE\attoparser-2.0.7.RELEASE.jar;C:\Users\Ric\.m2\repository\org\unbescape\unbescape\1.1.6.RELEASE\unbescape-1.1.6.RELEASE.jar;C:\Users\Ric\.m2\repository\org\slf4j\slf4j-api\2.0.16\slf4j-api-2.0.16.jar;C:\Users\Ric\.m2\repository\org\springframework\boot\spring-boot-starter-security\3.3.3\spring-boot-starter-security-3.3.3.jar;C:\Users\Ric\.m2\repository\org\springframework\spring-aop\6.1.12\spring-aop-6.1.12.jar;C:\Users\Ric\.m2\repository\org\springframework\security\spring-security-config\6.3.3\spring-security-config-6.3.3.jar;C:\Users\Ric\.m2\repository\org\springframework\security\spring-security-web\6.3.3\spring-security-web-6.3.3.jar;C:\Users\Ric\.m2\repository\org\springframework\boot\spring-boot-starter-data-jpa\3.3.3\spring-boot-starter-data-jpa-3.3.3.jar;C:\Users\Ric\.m2\repository\org\springframework\boot\spring-boot-starter-aop\3.3.3\spring-boot-starter-aop-3.3.3.jar;C:\Users\Ric\.m2\repository\org\aspectj\aspectjweaver\1.9.22.1\aspectjweaver-1.9.22.1.jar;C:\Users\Ric\.m2\repository\org\springframework\boot\spring-boot-starter-jdbc\3.3.3\spring-boot-starter-jdbc-3.3.3.jar;C:\Users\Ric\.m2\repository\com\zaxxer\HikariCP\5.1.0\HikariCP-5.1.0.jar;C:\Users\Ric\.m2\repository\org\springframework\spring-jdbc\6.1.12\spring-jdbc-6.1.12.jar;C:\Users\Ric\.m2\repository\org\hibernate\orm\hibernate-core\6.5.2.Final\hibernate-core-6.5.2.Final.jar;C:\Users\Ric\.m2\repository\jakarta\persistence\jakarta.persistence-api\3.1.0\jakarta.persistence-api-3.1.0.jar;C:\Users\Ric\.m2\repository\jakarta\transaction\jakarta.transaction-api\2.0.1\jakarta.transaction-api-2.0.1.jar;C:\Users\Ric\.m2\repository\org\jboss\logging\jboss-logging\3.5.3.Final\jboss-logging-3.5.3.Final.jar;C:\Users\Ric\.m2\repository\org\hibernate\common\hibernate-commons-annotations\6.0.6.Final\hibernate-commons-annotations-6.0.6.Final.jar;C:\Users\Ric\.m2\repository\io\smallrye\jandex\3.1.2\jandex-3.1.2.jar;C:\Users\Ric\.m2\repository\com\fasterxml\classmate\1.7.0\classmate-1.7.0.jar;C:\Users\Ric\.m2\repository\net\bytebuddy\byte-buddy\1.14.19\byte-buddy-1.14.19.jar;C:\Users\Ric\.m2\repository\org\glassfish\jaxb\jaxb-runtime\4.0.5\jaxb-runtime-4.0.5.jar;C:\Users\Ric\.m2\repository\org\glassfish\jaxb\jaxb-core\4.0.5\jaxb-core-4.0.5.jar;C:\Users\Ric\.m2\repository\org\eclipse\angus\angus-activation\2.0.2\angus-activation-2.0.2.jar;C:\Users\Ric\.m2\repository\org\glassfish\jaxb\txw2\4.0.5\txw2-4.0.5.jar;C:\Users\Ric\.m2\repository\com\sun\istack\istack-commons-runtime\4.1.2\istack-commons-runtime-4.1.2.jar;C:\Users\Ric\.m2\repository\jakarta\inject\jakarta.inject-api\2.0.1\jakarta.inject-api-2.0.1.jar;C:\Users\Ric\.m2\repository\org\antlr\antlr4-runtime\4.13.0\antlr4-runtime-4.13.0.jar;C:\Users\Ric\.m2\repository\org\springframework\data\spring-data-jpa\3.3.3\spring-data-jpa-3.3.3.jar;C:\Users\Ric\.m2\repository\org\springframework\data\spring-data-commons\3.3.3\spring-data-commons-3.3.3.jar;C:\Users\Ric\.m2\repository\org\springframework\spring-orm\6.1.12\spring-orm-6.1.12.jar;C:\Users\Ric\.m2\repository\org\springframework\spring-tx\6.1.12\spring-tx-6.1.12.jar;C:\Users\Ric\.m2\repository\org\springframework\spring-aspects\6.1.12\spring-aspects-6.1.12.jar;C:\Users\Ric\.m2\repository\org\projectlombok\lombok\1.18.34\lombok-1.18.34.jar;C:\Users\Ric\.m2\repository\org\postgresql\postgresql\42.7.3\postgresql-42.7.3.jar;C:\Users\Ric\.m2\repository\org\checkerframework\checker-qual\3.42.0\checker-qual-3.42.0.jar;C:\Users\Ric\.m2\repository\org\springframework\boot\spring-boot-devtools\3.3.3\spring-boot-devtools-3.3.3.jar;C:\Users\Ric\.m2\repository\org\springframework\boot\spring-boot\3.3.3\spring-boot-3.3.3.jar;C:\Users\Ric\.m2\repository\org\springframework\boot\spring-boot-autoconfigure\3.3.3\spring-boot-autoconfigure-3.3.3.jar;C:\Users\Ric\.m2\repository\jakarta\xml\bind\jakarta.xml.bind-api\4.0.2\jakarta.xml.bind-api-4.0.2.jar;C:\Users\Ric\.m2\repository\jakarta\activation\jakarta.activation-api\2.1.3\jakarta.activation-api-2.1.3.jar;C:\Users\Ric\.m2\repository\org\springframework\spring-core\6.1.12\spring-core-6.1.12.jar;C:\Users\Ric\.m2\repository\org\springframework\spring-jcl\6.1.12\spring-jcl-6.1.12.jar;C:\Users\Ric\.m2\repository\org\springframework\security\spring-security-core\6.3.3\spring-security-core-6.3.3.jar;C:\Users\Ric\.m2\repository\org\springframework\security\spring-security-crypto\6.3.3\spring-security-crypto-6.3.3.jar
Launcher Type: SUN_STANDARD

[Global flags]
     intx CICompilerCount                          = 3                                         {product} {ergonomic}
     uint ConcGCThreads                            = 1                                         {product} {ergonomic}
     uint G1ConcRefinementThreads                  = 4                                         {product} {ergonomic}
   size_t G1HeapRegionSize                         = 1048576                                   {product} {ergonomic}
   size_t InitialHeapSize                          = 65011712                                  {product} {ergonomic}
   size_t MarkStackSize                            = 4194304                                   {product} {ergonomic}
   size_t MaxHeapSize                              = 1031798784                                {product} {ergonomic}
   size_t MaxNewSize                               = 618659840                                 {product} {ergonomic}
   size_t MinHeapDeltaBytes                        = 1048576                                   {product} {ergonomic}
   size_t MinHeapSize                              = 8388608                                   {product} {ergonomic}
    uintx NonNMethodCodeHeapSize                   = 5832780                                {pd product} {ergonomic}
    uintx NonProfiledCodeHeapSize                  = 122912730                              {pd product} {ergonomic}
    uintx ProfiledCodeHeapSize                     = 122912730                              {pd product} {ergonomic}
    uintx ReservedCodeCacheSize                    = 251658240                              {pd product} {ergonomic}
     bool SegmentedCodeCache                       = true                                      {product} {ergonomic}
   size_t SoftMaxHeapSize                          = 1031798784                             {manageable} {ergonomic}
     bool UseCompressedOops                        = true                           {product lp64_product} {ergonomic}
     bool UseG1GC                                  = true                                      {product} {ergonomic}
     bool UseLargePagesIndividualAllocation        = false                                  {pd product} {ergonomic}

Logging:
Log output configuration:
 #0: stdout all=warning uptime,level,tags foldmultilines=false
 #1: stderr all=off uptime,level,tags foldmultilines=false

Environment Variables:
PATH=C:\Program Files\Common Files\Oracle\Java\javapath;C:\Windows\system32;C:\Windows;C:\Windows\System32\Wbem;C:\Windows\System32\WindowsPowerShell\v1.0\;C:\Windows\System32\OpenSSH\;C:\Program Files\Microsoft SQL Server\150\Tools\Binn\;C:\Program Files\Git\bin;C:\Users\Ric\AppData\Roaming\nvm;C:\Program Files\nodejs;C:\Program Files\Docker\Docker\resources\bin;C:\Users\Ric\AppData\Local\Programs\Python\Python311\Scripts\;C:\Users\Ric\AppData\Local\Programs\Python\Python311\;C:\Users\Ric\AppData\Local\Microsoft\WindowsApps;C:\Users\Ric\.dotnet\tools;C:\Users\Ric\AppData\Local\Programs\Microsoft VS Code\bin;C:\dev\flutter\bin;C:\Users\Ric\AppData\Roaming\npm;C:\Users\Ric\AppData\Roaming\nvm;C:\Program Files\nodejs;C:\Users\Ric\AppData\Local\JetBrains\Toolbox\scripts;C:\Users\Ric\modelio\Modelio Open Source 5.4\plugins\org.apache.ant_1.10.9.v20201106-1946\META-INF;C:\Users\Ric\Documents\projects\work\biblio;C:\Program Files\PostgreSQL\16\bin;
USERNAME=Ric
OS=Windows_NT
PROCESSOR_IDENTIFIER=Intel64 Family 6 Model 58 Stepping 9, GenuineIntel
TMP=C:\Users\Ric\AppData\Local\Temp
TEMP=C:\Users\Ric\AppData\Local\Temp




Periodic native trim disabled

---------------  S Y S T E M  ---------------

OS:
 Windows 10 , 64 bit Build 19041 (10.0.19041.4842)
OS uptime: 0 days 0:37 hours
Hyper-V role detected

CPU: total 4 (initial active 4) (2 cores per cpu, 2 threads per core) family 6 model 58 stepping 9 microcode 0x21, cx8, cmov, fxsr, ht, mmx, sse, sse2, sse3, ssse3, sse4.1, sse4.2, popcnt, tsc, tscinvbit, avx, aes, erms, clmul, vzeroupper, clflush, hv, rdtscp, f16c
Processor Information for all 4 processors :
  Max Mhz: 2501, Current Mhz: 2501, Mhz Limit: 2501

Memory: 4k page, system-wide physical 3933M (303M free)
TotalPageFile size 8109M (AvailPageFile size 0M)
current process WorkingSet (physical memory assigned to process): 197M, peak: 232M
current process commit charge ("private bytes"): 246M, peak: 270M

vm_info: OpenJDK 64-Bit Server VM (22.0.2+9-70) for windows-amd64 JRE (22.0.2+9-70), built on 2024-06-04T16:52:23Z by "mach5one" with MS VC++ 17.6 (VS2022)

END.
