#
# There is insufficient memory for the Java Runtime Environment to continue.
# Native memory allocation (malloc) failed to allocate 427168 bytes. Error detail: Chunk::new
# Possible reasons:
#   The system is out of physical RAM or swap space
#   This process is running with CompressedOops enabled, and the Java Heap may be blocking the growth of the native heap
# Possible solutions:
#   Reduce memory load on the system
#   Increase physical memory or swap space
#   Check if swap backing store is full
#   Decrease Java heap size (-Xmx/-Xms)
#   Decrease number of Java threads
#   Decrease Java thread stack sizes (-Xss)
#   Set larger code cache with -XX:ReservedCodeCacheSize=
#   JVM is running with Unscaled Compressed Oops mode in which the Java heap is
#     placed in the first 4GB address space. The Java Heap base address is the
#     maximum limit for the native heap growth. Please use -XX:HeapBaseMinAddress
#     to set the Java Heap base and to place the Java Heap above 4GB virtual address.
# This output file may be truncated or incomplete.
#
#  Out of Memory Error (arena.cpp:150), pid=13224, tid=10584
#
# JRE version: OpenJDK Runtime Environment (22.0.2+9) (build 22.0.2+9-70)
# Java VM: OpenJDK 64-Bit Server VM (22.0.2+9-70, mixed mode, sharing, tiered, compressed oops, compressed class ptrs, g1 gc, windows-amd64)
# No core dump will be written. Minidumps are not enabled by default on client versions of Windows
#

---------------  S U M M A R Y ------------

Command Line: -javaagent:C:\Users\Ric\AppData\Local\Programs\IntelliJ IDEA Community Edition\lib\idea_rt.jar=2228:C:\Users\Ric\AppData\Local\Programs\IntelliJ IDEA Community Edition\bin -Dfile.encoding=UTF-8 -Dsun.stdout.encoding=UTF-8 -Dsun.stderr.encoding=UTF-8 com.hasnreziga.auteur.AuteurApplication

Host: Intel(R) Core(TM) i5-3210M CPU @ 2.50GHz, 4 cores, 3G,  Windows 10 , 64 bit Build 19041 (10.0.19041.4842)
Time: Thu Sep 19 11:31:48 2024 E. Africa Standard Time elapsed time: 59.094135 seconds (0d 0h 0m 59s)

---------------  T H R E A D  ---------------

Current thread (0x0000014dc113e0e0):  JavaThread "C2 CompilerThread0" daemon [_thread_in_native, id=10584, stack(0x0000000ab1d00000,0x0000000ab1e00000) (1024K)]


Current CompileTask:
C2:59095 7124       4       java.lang.reflect.Method::invoke (108 bytes)

Stack: [0x0000000ab1d00000,0x0000000ab1e00000]
Native frames: (J=compiled Java code, j=interpreted, Vv=VM code, C=native code)
V  [jvm.dll+0x6e26e9]  (no source info available)
V  [jvm.dll+0x875753]  (no source info available)
V  [jvm.dll+0x877b7e]  (no source info available)
V  [jvm.dll+0x878253]  (no source info available)
V  [jvm.dll+0x27fc86]  (no source info available)
V  [jvm.dll+0xc3d0f]  (no source info available)
V  [jvm.dll+0xc3f6b]  (no source info available)
V  [jvm.dll+0x3bb47c]  (no source info available)
V  [jvm.dll+0x387d4b]  (no source info available)
V  [jvm.dll+0x3871ba]  (no source info available)
V  [jvm.dll+0x2477f8]  (no source info available)
V  [jvm.dll+0x246e9f]  (no source info available)
V  [jvm.dll+0x1c4e80]  (no source info available)
V  [jvm.dll+0x2568f3]  (no source info available)
V  [jvm.dll+0x254baa]  (no source info available)
V  [jvm.dll+0x3f57a6]  (no source info available)
V  [jvm.dll+0x81dc0b]  (no source info available)
V  [jvm.dll+0x6e0d85]  (no source info available)
C  [ucrtbase.dll+0x21bb2]  (no source info available)
C  [KERNEL32.DLL+0x17374]  (no source info available)
C  [ntdll.dll+0x4cc91]  (no source info available)


---------------  P R O C E S S  ---------------

Threads class SMR info:
_java_thread_list=0x0000014dc99927c0, length=31, elements={
0x0000014dc1135ae0, 0x0000014dc11378b0, 0x0000014dc113b430, 0x0000014dc113be90,
0x0000014dc113c8f0, 0x0000014dc113d350, 0x0000014dc113e0e0, 0x0000014dc11655b0,
0x0000014dc13515b0, 0x0000014dc17530f0, 0x0000014dc170e250, 0x0000014dc7a812f0,
0x0000014dc79bf390, 0x0000014dc7b064f0, 0x0000014dc7b03070, 0x0000014dc7b057d0,
0x0000014dc7b04420, 0x0000014dc7b05e60, 0x0000014dc7b04ab0, 0x0000014dc7b05140,
0x0000014dc805ea40, 0x0000014dc805d000, 0x0000014dc805dd20, 0x0000014dc805d690,
0x0000014dc805e3b0, 0x0000014dc805f0d0, 0x0000014dc805f760, 0x0000014dc805c2e0,
0x0000014dc805c970, 0x0000014dc95fd420, 0x0000014dc95fc700
}

Java Threads: ( => current thread )
  0x0000014dc1135ae0 JavaThread "Reference Handler"          daemon [_thread_blocked, id=2700, stack(0x0000000ab1700000,0x0000000ab1800000) (1024K)]
  0x0000014dc11378b0 JavaThread "Finalizer"                  daemon [_thread_blocked, id=6428, stack(0x0000000ab1800000,0x0000000ab1900000) (1024K)]
  0x0000014dc113b430 JavaThread "Signal Dispatcher"          daemon [_thread_blocked, id=3640, stack(0x0000000ab1900000,0x0000000ab1a00000) (1024K)]
  0x0000014dc113be90 JavaThread "Attach Listener"            daemon [_thread_blocked, id=12988, stack(0x0000000ab1a00000,0x0000000ab1b00000) (1024K)]
  0x0000014dc113c8f0 JavaThread "Service Thread"             daemon [_thread_blocked, id=1068, stack(0x0000000ab1b00000,0x0000000ab1c00000) (1024K)]
  0x0000014dc113d350 JavaThread "Monitor Deflation Thread"   daemon [_thread_blocked, id=3536, stack(0x0000000ab1c00000,0x0000000ab1d00000) (1024K)]
=>0x0000014dc113e0e0 JavaThread "C2 CompilerThread0"         daemon [_thread_in_native, id=10584, stack(0x0000000ab1d00000,0x0000000ab1e00000) (1024K)]
  0x0000014dc11655b0 JavaThread "C1 CompilerThread0"         daemon [_thread_blocked, id=12772, stack(0x0000000ab1e00000,0x0000000ab1f00000) (1024K)]
  0x0000014dc13515b0 JavaThread "Common-Cleaner"             daemon [_thread_blocked, id=12808, stack(0x0000000ab1f00000,0x0000000ab2000000) (1024K)]
  0x0000014dc17530f0 JavaThread "Monitor Ctrl-Break"         daemon [_thread_in_native, id=1856, stack(0x0000000ab2000000,0x0000000ab2100000) (1024K)]
  0x0000014dc170e250 JavaThread "Notification Thread"        daemon [_thread_blocked, id=6024, stack(0x0000000ab2100000,0x0000000ab2200000) (1024K)]
  0x0000014dc7a812f0 JavaThread "Catalina-utility-1"                [_thread_blocked, id=9276, stack(0x0000000ab2700000,0x0000000ab2800000) (1024K)]
  0x0000014dc79bf390 JavaThread "Catalina-utility-2"                [_thread_blocked, id=60, stack(0x0000000ab2800000,0x0000000ab2900000) (1024K)]
  0x0000014dc7b064f0 JavaThread "container-0"                       [_thread_blocked, id=8816, stack(0x0000000ab2900000,0x0000000ab2a00000) (1024K)]
  0x0000014dc7b03070 JavaThread "PostgreSQL-JDBC-Cleaner"    daemon [_thread_blocked, id=8184, stack(0x0000000ab2b00000,0x0000000ab2c00000) (1024K)]
  0x0000014dc7b057d0 JavaThread "HikariPool-1 housekeeper"   daemon [_thread_blocked, id=3296, stack(0x0000000ab2c00000,0x0000000ab2d00000) (1024K)]
  0x0000014dc7b04420 JavaThread "File Watcher"               daemon [_thread_blocked, id=724, stack(0x0000000ab2e00000,0x0000000ab2f00000) (1024K)]
  0x0000014dc7b05e60 JavaThread "Live Reload Server"         daemon [_thread_in_native, id=11280, stack(0x0000000ab3000000,0x0000000ab3100000) (1024K)]
  0x0000014dc7b04ab0 JavaThread "http-nio-8087-exec-1"       daemon [_thread_blocked, id=12360, stack(0x0000000ab2f00000,0x0000000ab3000000) (1024K)]
  0x0000014dc7b05140 JavaThread "http-nio-8087-exec-2"       daemon [_thread_blocked, id=12060, stack(0x0000000ab3100000,0x0000000ab3200000) (1024K)]
  0x0000014dc805ea40 JavaThread "http-nio-8087-exec-3"       daemon [_thread_blocked, id=12860, stack(0x0000000ab3200000,0x0000000ab3300000) (1024K)]
  0x0000014dc805d000 JavaThread "http-nio-8087-exec-4"       daemon [_thread_blocked, id=8328, stack(0x0000000ab3300000,0x0000000ab3400000) (1024K)]
  0x0000014dc805dd20 JavaThread "http-nio-8087-exec-5"       daemon [_thread_blocked, id=12644, stack(0x0000000ab3400000,0x0000000ab3500000) (1024K)]
  0x0000014dc805d690 JavaThread "http-nio-8087-exec-6"       daemon [_thread_blocked, id=8000, stack(0x0000000ab3500000,0x0000000ab3600000) (1024K)]
  0x0000014dc805e3b0 JavaThread "http-nio-8087-exec-7"       daemon [_thread_blocked, id=7200, stack(0x0000000ab3600000,0x0000000ab3700000) (1024K)]
  0x0000014dc805f0d0 JavaThread "http-nio-8087-exec-8"       daemon [_thread_blocked, id=4020, stack(0x0000000ab3700000,0x0000000ab3800000) (1024K)]
  0x0000014dc805f760 JavaThread "http-nio-8087-exec-9"       daemon [_thread_blocked, id=7540, stack(0x0000000ab3800000,0x0000000ab3900000) (1024K)]
  0x0000014dc805c2e0 JavaThread "http-nio-8087-exec-10"      daemon [_thread_blocked, id=7572, stack(0x0000000ab3900000,0x0000000ab3a00000) (1024K)]
  0x0000014dc805c970 JavaThread "http-nio-8087-Poller"       daemon [_thread_in_native, id=3668, stack(0x0000000ab3a00000,0x0000000ab3b00000) (1024K)]
  0x0000014dc95fd420 JavaThread "http-nio-8087-Acceptor"     daemon [_thread_in_native, id=6900, stack(0x0000000ab3b00000,0x0000000ab3c00000) (1024K)]
  0x0000014dc95fc700 JavaThread "DestroyJavaVM"                     [_thread_blocked, id=8544, stack(0x0000000ab0f00000,0x0000000ab1000000) (1024K)]
Total: 31

Other Threads:
  0x0000014ddc19ddd0 VMThread "VM Thread"                           [id=13024, stack(0x0000000ab1600000,0x0000000ab1700000) (1024K)]
  0x0000014dc111b020 WatcherThread "VM Periodic Task Thread"        [id=3856, stack(0x0000000ab1500000,0x0000000ab1600000) (1024K)]
  0x0000014ddc113630 WorkerThread "GC Thread#0"                     [id=1464, stack(0x0000000ab1000000,0x0000000ab1100000) (1024K)]
  0x0000014dc1e918f0 WorkerThread "GC Thread#1"                     [id=10416, stack(0x0000000ab2200000,0x0000000ab2300000) (1024K)]
  0x0000014dc1a26980 WorkerThread "GC Thread#2"                     [id=6264, stack(0x0000000ab2300000,0x0000000ab2400000) (1024K)]
  0x0000014dc1992930 WorkerThread "GC Thread#3"                     [id=13028, stack(0x0000000ab2400000,0x0000000ab2500000) (1024K)]
  0x0000014ddc11c120 ConcurrentGCThread "G1 Main Marker"            [id=3348, stack(0x0000000ab1100000,0x0000000ab1200000) (1024K)]
  0x0000014ddc11cc30 WorkerThread "G1 Conc#0"                       [id=12564, stack(0x0000000ab1200000,0x0000000ab1300000) (1024K)]
  0x0000014ddc1770c0 ConcurrentGCThread "G1 Refine#0"               [id=9584, stack(0x0000000ab1300000,0x0000000ab1400000) (1024K)]
  0x0000014ddc177c40 ConcurrentGCThread "G1 Service"                [id=6128, stack(0x0000000ab1400000,0x0000000ab1500000) (1024K)]
Total: 10

Threads with active compile tasks:
C2 CompilerThread0  59341 7124       4       java.lang.reflect.Method::invoke (108 bytes)
Total: 1

VM state: not at safepoint (normal execution)

VM Mutex/Monitor currently owned by a thread: None

Heap address: 0x00000000c2800000, size: 984 MB, Compressed Oops mode: 32-bit

CDS archive(s) mapped at: [0x0000014d80000000-0x0000014d80c60000-0x0000014d80c60000), size 12976128, SharedBaseAddress: 0x0000014d80000000, ArchiveRelocationMode: 1.
Compressed class space mapped at: 0x0000014d81000000-0x0000014dc1000000, reserved size: 1073741824
Narrow klass base: 0x0000014d80000000, Narrow klass shift: 0, Narrow klass range: 0x41000000

GC Precious Log:
 CardTable entry size: 512
 Card Set container configuration: InlinePtr #cards 5 size 8 Array Of Cards #cards 12 size 40 Howl #buckets 4 coarsen threshold 1843 Howl Bitmap #cards 512 size 80 coarsen threshold 460 Card regions per heap region 1 cards per card region 2048
 CPUs: 4 total, 4 available
 Memory: 3933M
 Large Page Support: Disabled
 NUMA Support: Disabled
 Compressed Oops: Enabled (32-bit)
 Heap Region Size: 1M
 Heap Min Capacity: 8M
 Heap Initial Capacity: 62M
 Heap Max Capacity: 984M
 Pre-touch: Disabled
 Parallel Workers: 4
 Concurrent Workers: 1
 Concurrent Refinement Workers: 4
 Periodic GC: Disabled

Heap:
 garbage-first heap   total reserved 1007616K, committed 55296K, used 41072K [0x00000000c2800000, 0x0000000100000000)
  region size 1024K, 10 young (10240K), 2 survivors (2048K)
 Metaspace       used 69542K, committed 70336K, reserved 1114112K
  class space    used 9590K, committed 9984K, reserved 1048576K

Heap Regions: E=young(eden), S=young(survivor), O=old, HS=humongous(starts), HC=humongous(continues), CS=collection set, F=free, TAMS=top-at-mark-start, PB=parsable bottom
|   0|0x00000000c2800000, 0x00000000c2900000, 0x00000000c2900000|100%|HS|  |TAMS 0x00000000c2800000| PB 0x00000000c2800000| Complete |  0
|   1|0x00000000c2900000, 0x00000000c2a00000, 0x00000000c2a00000|100%| O|  |TAMS 0x00000000c2900000| PB 0x00000000c2900000| Untracked |  0
|   2|0x00000000c2a00000, 0x00000000c2b00000, 0x00000000c2b00000|100%| O|  |TAMS 0x00000000c2a00000| PB 0x00000000c2a00000| Untracked |  0
|   3|0x00000000c2b00000, 0x00000000c2c00000, 0x00000000c2c00000|100%| O|  |TAMS 0x00000000c2b00000| PB 0x00000000c2b00000| Untracked |  0
|   4|0x00000000c2c00000, 0x00000000c2d00000, 0x00000000c2d00000|100%| O|  |TAMS 0x00000000c2c00000| PB 0x00000000c2c00000| Untracked |  0
|   5|0x00000000c2d00000, 0x00000000c2e00000, 0x00000000c2e00000|100%| O|  |TAMS 0x00000000c2d00000| PB 0x00000000c2d00000| Untracked |  0
|   6|0x00000000c2e00000, 0x00000000c2f00000, 0x00000000c2f00000|100%| O|  |TAMS 0x00000000c2e00000| PB 0x00000000c2e00000| Untracked |  0
|   7|0x00000000c2f00000, 0x00000000c3000000, 0x00000000c3000000|100%| O|  |TAMS 0x00000000c2f00000| PB 0x00000000c2f00000| Untracked |  0
|   8|0x00000000c3000000, 0x00000000c3100000, 0x00000000c3100000|100%| O|  |TAMS 0x00000000c3000000| PB 0x00000000c3000000| Untracked |  0
|   9|0x00000000c3100000, 0x00000000c3200000, 0x00000000c3200000|100%| O|  |TAMS 0x00000000c3100000| PB 0x00000000c3100000| Untracked |  0
|  10|0x00000000c3200000, 0x00000000c3300000, 0x00000000c3300000|100%| O|  |TAMS 0x00000000c3200000| PB 0x00000000c3200000| Untracked |  0
|  11|0x00000000c3300000, 0x00000000c3400000, 0x00000000c3400000|100%| O|  |TAMS 0x00000000c3300000| PB 0x00000000c3300000| Untracked |  0
|  12|0x00000000c3400000, 0x00000000c3500000, 0x00000000c3500000|100%| O|  |TAMS 0x00000000c3400000| PB 0x00000000c3400000| Untracked |  0
|  13|0x00000000c3500000, 0x00000000c3600000, 0x00000000c3600000|100%| O|  |TAMS 0x00000000c3500000| PB 0x00000000c3500000| Untracked |  0
|  14|0x00000000c3600000, 0x00000000c3700000, 0x00000000c3700000|100%| O|  |TAMS 0x00000000c3600000| PB 0x00000000c3600000| Untracked |  0
|  15|0x00000000c3700000, 0x00000000c3800000, 0x00000000c3800000|100%| O|  |TAMS 0x00000000c3700000| PB 0x00000000c3700000| Untracked |  0
|  16|0x00000000c3800000, 0x00000000c3900000, 0x00000000c3900000|100%| O|  |TAMS 0x00000000c3800000| PB 0x00000000c3800000| Untracked |  0
|  17|0x00000000c3900000, 0x00000000c3a00000, 0x00000000c3a00000|100%| O|  |TAMS 0x00000000c3900000| PB 0x00000000c3900000| Untracked |  0
|  18|0x00000000c3a00000, 0x00000000c3b00000, 0x00000000c3b00000|100%| O|  |TAMS 0x00000000c3a00000| PB 0x00000000c3a00000| Untracked |  0
|  19|0x00000000c3b00000, 0x00000000c3c00000, 0x00000000c3c00000|100%| O|  |TAMS 0x00000000c3b00000| PB 0x00000000c3b00000| Untracked |  0
|  20|0x00000000c3c00000, 0x00000000c3d00000, 0x00000000c3d00000|100%| O|Cm|TAMS 0x00000000c3c00000| PB 0x00000000c3c00000| Complete |  0
|  21|0x00000000c3d00000, 0x00000000c3e00000, 0x00000000c3e00000|100%| O|  |TAMS 0x00000000c3d00000| PB 0x00000000c3d00000| Untracked |  0
|  22|0x00000000c3e00000, 0x00000000c3f00000, 0x00000000c3f00000|100%| O|  |TAMS 0x00000000c3e00000| PB 0x00000000c3e00000| Untracked |  0
|  23|0x00000000c3f00000, 0x00000000c4000000, 0x00000000c4000000|100%| O|  |TAMS 0x00000000c3f00000| PB 0x00000000c3f00000| Untracked |  0
|  24|0x00000000c4000000, 0x00000000c4100000, 0x00000000c4100000|100%| O|  |TAMS 0x00000000c4000000| PB 0x00000000c4000000| Untracked |  0
|  25|0x00000000c4100000, 0x00000000c4200000, 0x00000000c4200000|100%| O|  |TAMS 0x00000000c4100000| PB 0x00000000c4100000| Untracked |  0
|  26|0x00000000c4200000, 0x00000000c4300000, 0x00000000c4300000|100%| O|  |TAMS 0x00000000c4200000| PB 0x00000000c4200000| Untracked |  0
|  27|0x00000000c4300000, 0x00000000c4400000, 0x00000000c4400000|100%| O|  |TAMS 0x00000000c4300000| PB 0x00000000c4300000| Untracked |  0
|  28|0x00000000c4400000, 0x00000000c4500000, 0x00000000c4500000|100%| O|  |TAMS 0x00000000c4400000| PB 0x00000000c4400000| Untracked |  0
|  29|0x00000000c4500000, 0x00000000c4500000, 0x00000000c4600000|  0%| F|  |TAMS 0x00000000c4500000| PB 0x00000000c4500000| Untracked |  0
|  30|0x00000000c4600000, 0x00000000c4700000, 0x00000000c4700000|100%| O|  |TAMS 0x00000000c4600000| PB 0x00000000c4600000| Untracked |  0
|  31|0x00000000c4700000, 0x00000000c4800000, 0x00000000c4800000|100%| O|Cm|TAMS 0x00000000c4700000| PB 0x00000000c4700000| Complete |  0
|  32|0x00000000c4800000, 0x00000000c4826d08, 0x00000000c4900000| 15%| O|  |TAMS 0x00000000c4800000| PB 0x00000000c4800000| Untracked |  0
|  33|0x00000000c4900000, 0x00000000c4900000, 0x00000000c4a00000|  0%| F|  |TAMS 0x00000000c4900000| PB 0x00000000c4900000| Untracked |  0
|  34|0x00000000c4a00000, 0x00000000c4a00000, 0x00000000c4b00000|  0%| F|  |TAMS 0x00000000c4a00000| PB 0x00000000c4a00000| Untracked |  0
|  35|0x00000000c4b00000, 0x00000000c4b00000, 0x00000000c4c00000|  0%| F|  |TAMS 0x00000000c4b00000| PB 0x00000000c4b00000| Untracked |  0
|  36|0x00000000c4c00000, 0x00000000c4c00000, 0x00000000c4d00000|  0%| F|  |TAMS 0x00000000c4c00000| PB 0x00000000c4c00000| Untracked |  0
|  37|0x00000000c4d00000, 0x00000000c4d00000, 0x00000000c4e00000|  0%| F|  |TAMS 0x00000000c4d00000| PB 0x00000000c4d00000| Untracked |  0
|  38|0x00000000c4e00000, 0x00000000c4e00000, 0x00000000c4f00000|  0%| F|  |TAMS 0x00000000c4e00000| PB 0x00000000c4e00000| Untracked |  0
|  39|0x00000000c4f00000, 0x00000000c4f00000, 0x00000000c5000000|  0%| F|  |TAMS 0x00000000c4f00000| PB 0x00000000c4f00000| Untracked |  0
|  40|0x00000000c5000000, 0x00000000c50f53f8, 0x00000000c5100000| 95%| S|CS|TAMS 0x00000000c5000000| PB 0x00000000c5000000| Complete |  0
|  41|0x00000000c5100000, 0x00000000c5200000, 0x00000000c5200000|100%| S|CS|TAMS 0x00000000c5100000| PB 0x00000000c5100000| Complete |  0
|  42|0x00000000c5200000, 0x00000000c5200000, 0x00000000c5300000|  0%| F|  |TAMS 0x00000000c5200000| PB 0x00000000c5200000| Untracked |  0
|  43|0x00000000c5300000, 0x00000000c5300000, 0x00000000c5400000|  0%| F|  |TAMS 0x00000000c5300000| PB 0x00000000c5300000| Untracked |  0
|  44|0x00000000c5400000, 0x00000000c5400000, 0x00000000c5500000|  0%| F|  |TAMS 0x00000000c5400000| PB 0x00000000c5400000| Untracked |  0
|  45|0x00000000c5500000, 0x00000000c5500000, 0x00000000c5600000|  0%| F|  |TAMS 0x00000000c5500000| PB 0x00000000c5500000| Untracked |  0
|  46|0x00000000c5600000, 0x00000000c56a3320, 0x00000000c5700000| 63%| E|  |TAMS 0x00000000c5600000| PB 0x00000000c5600000| Complete |  0
|  47|0x00000000c5700000, 0x00000000c5800000, 0x00000000c5800000|100%| E|CS|TAMS 0x00000000c5700000| PB 0x00000000c5700000| Complete |  0
|  48|0x00000000c5800000, 0x00000000c5900000, 0x00000000c5900000|100%| E|CS|TAMS 0x00000000c5800000| PB 0x00000000c5800000| Complete |  0
|  49|0x00000000c5900000, 0x00000000c5a00000, 0x00000000c5a00000|100%| E|CS|TAMS 0x00000000c5900000| PB 0x00000000c5900000| Complete |  0
|  50|0x00000000c5a00000, 0x00000000c5b00000, 0x00000000c5b00000|100%| E|CS|TAMS 0x00000000c5a00000| PB 0x00000000c5a00000| Complete |  0
|  51|0x00000000c5b00000, 0x00000000c5c00000, 0x00000000c5c00000|100%| E|CS|TAMS 0x00000000c5b00000| PB 0x00000000c5b00000| Complete |  0
|  56|0x00000000c6000000, 0x00000000c6100000, 0x00000000c6100000|100%| E|CS|TAMS 0x00000000c6000000| PB 0x00000000c6000000| Complete |  0
|  61|0x00000000c6500000, 0x00000000c6600000, 0x00000000c6600000|100%| E|CS|TAMS 0x00000000c6500000| PB 0x00000000c6500000| Complete |  0

Card table byte_map: [0x0000014df3610000,0x0000014df3800000] _byte_map_base: 0x0000014df2ffc000

Marking Bits: (CMBitMap*) 0x0000014ddc113d40
 Bits: [0x0000014df3800000, 0x0000014df4760000)

Polling page: 0x0000014ddb8a0000

Metaspace:

Usage:
  Non-class:     58.55 MB used.
      Class:      9.37 MB used.
       Both:     67.91 MB used.

Virtual space:
  Non-class space:       64.00 MB reserved,      58.94 MB ( 92%) committed,  1 nodes.
      Class space:        1.00 GB reserved,       9.75 MB ( <1%) committed,  1 nodes.
             Both:        1.06 GB reserved,      68.69 MB (  6%) committed. 

Chunk freelists:
   Non-Class:  4.22 MB
       Class:  6.30 MB
        Both:  10.52 MB

MaxMetaspaceSize: unlimited
CompressedClassSpaceSize: 1.00 GB
Initial GC threshold: 21.00 MB
Current GC threshold: 109.62 MB
CDS: on
 - commit_granule_bytes: 65536.
 - commit_granule_words: 8192.
 - virtual_space_node_default_size: 8388608.
 - enlarge_chunks_in_place: 1.
 - use_allocation_guard: 0.


Internal statistics:

num_allocs_failed_limit: 9.
num_arena_births: 1004.
num_arena_deaths: 0.
num_vsnodes_births: 2.
num_vsnodes_deaths: 0.
num_space_committed: 1099.
num_space_uncommitted: 0.
num_chunks_returned_to_freelist: 9.
num_chunks_taken_from_freelist: 3536.
num_chunk_merges: 9.
num_chunk_splits: 2529.
num_chunks_enlarged: 1935.
num_inconsistent_stats: 0.

CodeHeap 'non-profiled nmethods': size=120000Kb used=3517Kb max_used=3517Kb free=116482Kb
 bounds [0x0000014debef0000, 0x0000014dec260000, 0x0000014df3420000]
CodeHeap 'profiled nmethods': size=120000Kb used=11389Kb max_used=11389Kb free=108610Kb
 bounds [0x0000014de4420000, 0x0000014de4f40000, 0x0000014deb950000]
CodeHeap 'non-nmethods': size=5760Kb used=1725Kb max_used=1748Kb free=4034Kb
 bounds [0x0000014deb950000, 0x0000014debbc0000, 0x0000014debef0000]
 total_blobs=6963 nmethods=6217 adapters=649
 compilation: enabled
              stopped_count=0, restarted_count=0
 full_count=0

Compilation events (20 events):
Event: 59.046 Thread 0x0000014dc11655b0 7125       3       jakarta.servlet.http.HttpServletResponseWrapper::getStatus (10 bytes)
Event: 59.046 Thread 0x0000014dc11655b0 nmethod 7125 0x0000014de4f25590 code [0x0000014de4f25740, 0x0000014de4f25a78]
Event: 59.047 Thread 0x0000014dc11655b0 7126       3       org.springframework.http.server.DefaultRequestPath::<init> (40 bytes)
Event: 59.047 Thread 0x0000014dc11655b0 nmethod 7126 0x0000014de4f25b90 code [0x0000014de4f25da0, 0x0000014de4f263d0]
Event: 59.047 Thread 0x0000014dc11655b0 7127       3       org.springframework.http.server.DefaultPathContainer::decodeAndParsePathSegment (62 bytes)
Event: 59.048 Thread 0x0000014dc11655b0 nmethod 7127 0x0000014de4f26610 code [0x0000014de4f26860, 0x0000014de4f26d80]
Event: 59.048 Thread 0x0000014dc11655b0 7128       3       org.springframework.http.server.DefaultPathContainer$DefaultPathSegment::from (13 bytes)
Event: 59.049 Thread 0x0000014dc11655b0 nmethod 7128 0x0000014de4f27090 code [0x0000014de4f27240, 0x0000014de4f27568]
Event: 59.050 Thread 0x0000014dc11655b0 7129       3       org.springframework.http.MediaType::parseMediaTypes (82 bytes)
Event: 59.051 Thread 0x0000014dc11655b0 nmethod 7129 0x0000014de4f27690 code [0x0000014de4f279a0, 0x0000014de4f28b30]
Event: 59.051 Thread 0x0000014dc11655b0 7131       3       jakarta.servlet.ServletRequestWrapper::getServerName (10 bytes)
Event: 59.052 Thread 0x0000014dc11655b0 nmethod 7131 0x0000014de4f29110 code [0x0000014de4f292c0, 0x0000014de4f29498]
Event: 59.052 Thread 0x0000014dc11655b0 7132       3       org.apache.tomcat.util.buf.UriUtil::isSchemeChar (31 bytes)
Event: 59.052 Thread 0x0000014dc11655b0 nmethod 7132 0x0000014de4f29590 code [0x0000014de4f29760, 0x0000014de4f29ba8]
Event: 59.052 Thread 0x0000014dc11655b0 7130       3       java.util.Collections$UnmodifiableMap$UnmodifiableEntrySet$1::hasNext (10 bytes)
Event: 59.052 Thread 0x0000014dc11655b0 nmethod 7130 0x0000014de4f29d10 code [0x0000014de4f29ec0, 0x0000014de4f2a098]
Event: 59.052 Thread 0x0000014dc11655b0 7133       3       org.springframework.core.log.LogMessage::<init> (5 bytes)
Event: 59.053 Thread 0x0000014dc11655b0 nmethod 7133 0x0000014de4f2a190 code [0x0000014de4f2a320, 0x0000014de4f2a488]
Event: 59.056 Thread 0x0000014dc11655b0 7134       3       org.apache.tomcat.util.net.AbstractEndpoint::getConnectionTimeout (8 bytes)
Event: 59.056 Thread 0x0000014dc11655b0 nmethod 7134 0x0000014de4f2a590 code [0x0000014de4f2a740, 0x0000014de4f2a8e8]

GC Heap History (20 events):
Event: 16.159 GC heap before
{Heap before GC invocations=9 (full 0):
 garbage-first heap   total reserved 1007616K, committed 51200K, used 24856K [0x00000000c2800000, 0x0000000100000000)
  region size 1024K, 7 young (7168K), 2 survivors (2048K)
 Metaspace       used 35373K, committed 35968K, reserved 1114112K
  class space    used 4576K, committed 4864K, reserved 1048576K
}
Event: 16.164 GC heap after
{Heap after GC invocations=10 (full 0):
 garbage-first heap   total reserved 1007616K, committed 51200K, used 20884K [0x00000000c2800000, 0x0000000100000000)
  region size 1024K, 2 young (2048K), 2 survivors (2048K)
 Metaspace       used 35373K, committed 35968K, reserved 1114112K
  class space    used 4576K, committed 4864K, reserved 1048576K
}
Event: 18.804 GC heap before
{Heap before GC invocations=11 (full 0):
 garbage-first heap   total reserved 1007616K, committed 51200K, used 42388K [0x00000000c2800000, 0x0000000100000000)
  region size 1024K, 24 young (24576K), 2 survivors (2048K)
 Metaspace       used 41708K, committed 42304K, reserved 1114112K
  class space    used 5498K, committed 5760K, reserved 1048576K
}
Event: 18.813 GC heap after
{Heap after GC invocations=12 (full 0):
 garbage-first heap   total reserved 1007616K, committed 51200K, used 22128K [0x00000000c2800000, 0x0000000100000000)
  region size 1024K, 2 young (2048K), 2 survivors (2048K)
 Metaspace       used 41708K, committed 42304K, reserved 1114112K
  class space    used 5498K, committed 5760K, reserved 1048576K
}
Event: 19.877 GC heap before
{Heap before GC invocations=12 (full 0):
 garbage-first heap   total reserved 1007616K, committed 51200K, used 43632K [0x00000000c2800000, 0x0000000100000000)
  region size 1024K, 23 young (23552K), 2 survivors (2048K)
 Metaspace       used 46451K, committed 47040K, reserved 1114112K
  class space    used 6144K, committed 6400K, reserved 1048576K
}
Event: 19.888 GC heap after
{Heap after GC invocations=13 (full 0):
 garbage-first heap   total reserved 1007616K, committed 51200K, used 23307K [0x00000000c2800000, 0x0000000100000000)
  region size 1024K, 3 young (3072K), 3 survivors (3072K)
 Metaspace       used 46451K, committed 47040K, reserved 1114112K
  class space    used 6144K, committed 6400K, reserved 1048576K
}
Event: 20.932 GC heap before
{Heap before GC invocations=13 (full 0):
 garbage-first heap   total reserved 1007616K, committed 51200K, used 43787K [0x00000000c2800000, 0x0000000100000000)
  region size 1024K, 24 young (24576K), 3 survivors (3072K)
 Metaspace       used 52845K, committed 53440K, reserved 1114112K
  class space    used 7198K, committed 7424K, reserved 1048576K
}
Event: 20.939 GC heap after
{Heap after GC invocations=14 (full 0):
 garbage-first heap   total reserved 1007616K, committed 51200K, used 24360K [0x00000000c2800000, 0x0000000100000000)
  region size 1024K, 3 young (3072K), 3 survivors (3072K)
 Metaspace       used 52845K, committed 53440K, reserved 1114112K
  class space    used 7198K, committed 7424K, reserved 1048576K
}
Event: 22.084 GC heap before
{Heap before GC invocations=14 (full 0):
 garbage-first heap   total reserved 1007616K, committed 51200K, used 42792K [0x00000000c2800000, 0x0000000100000000)
  region size 1024K, 22 young (22528K), 3 survivors (3072K)
 Metaspace       used 57188K, committed 57856K, reserved 1114112K
  class space    used 7862K, committed 8128K, reserved 1048576K
}
Event: 22.090 GC heap after
{Heap after GC invocations=15 (full 0):
 garbage-first heap   total reserved 1007616K, committed 51200K, used 25636K [0x00000000c2800000, 0x0000000100000000)
  region size 1024K, 3 young (3072K), 3 survivors (3072K)
 Metaspace       used 57188K, committed 57856K, reserved 1114112K
  class space    used 7862K, committed 8128K, reserved 1048576K
}
Event: 22.529 GC heap before
{Heap before GC invocations=15 (full 0):
 garbage-first heap   total reserved 1007616K, committed 51200K, used 36900K [0x00000000c2800000, 0x0000000100000000)
  region size 1024K, 15 young (15360K), 3 survivors (3072K)
 Metaspace       used 59478K, committed 60096K, reserved 1114112K
  class space    used 8132K, committed 8384K, reserved 1048576K
}
Event: 22.536 GC heap after
{Heap after GC invocations=16 (full 0):
 garbage-first heap   total reserved 1007616K, committed 51200K, used 26798K [0x00000000c2800000, 0x0000000100000000)
  region size 1024K, 3 young (3072K), 3 survivors (3072K)
 Metaspace       used 59478K, committed 60096K, reserved 1114112K
  class space    used 8132K, committed 8384K, reserved 1048576K
}
Event: 23.356 GC heap before
{Heap before GC invocations=17 (full 0):
 garbage-first heap   total reserved 1007616K, committed 51200K, used 44206K [0x00000000c2800000, 0x0000000100000000)
  region size 1024K, 20 young (20480K), 3 survivors (3072K)
 Metaspace       used 61844K, committed 62592K, reserved 1114112K
  class space    used 8583K, committed 8896K, reserved 1048576K
}
Event: 23.364 GC heap after
{Heap after GC invocations=18 (full 0):
 garbage-first heap   total reserved 1007616K, committed 51200K, used 28522K [0x00000000c2800000, 0x0000000100000000)
  region size 1024K, 3 young (3072K), 3 survivors (3072K)
 Metaspace       used 61844K, committed 62592K, reserved 1114112K
  class space    used 8583K, committed 8896K, reserved 1048576K
}
Event: 24.167 GC heap before
{Heap before GC invocations=18 (full 0):
 garbage-first heap   total reserved 1007616K, committed 51200K, used 44906K [0x00000000c2800000, 0x0000000100000000)
  region size 1024K, 19 young (19456K), 3 survivors (3072K)
 Metaspace       used 63934K, committed 64640K, reserved 1114112K
  class space    used 8887K, committed 9216K, reserved 1048576K
}
Event: 24.181 GC heap after
{Heap after GC invocations=19 (full 0):
 garbage-first heap   total reserved 1007616K, committed 51200K, used 30267K [0x00000000c2800000, 0x0000000100000000)
  region size 1024K, 2 young (2048K), 2 survivors (2048K)
 Metaspace       used 63934K, committed 64640K, reserved 1114112K
  class space    used 8887K, committed 9216K, reserved 1048576K
}
Event: 41.759 GC heap before
{Heap before GC invocations=19 (full 0):
 garbage-first heap   total reserved 1007616K, committed 51200K, used 45627K [0x00000000c2800000, 0x0000000100000000)
  region size 1024K, 17 young (17408K), 2 survivors (2048K)
 Metaspace       used 66243K, committed 67008K, reserved 1114112K
  class space    used 9196K, committed 9536K, reserved 1048576K
}
Event: 41.766 GC heap after
{Heap after GC invocations=20 (full 0):
 garbage-first heap   total reserved 1007616K, committed 51200K, used 31961K [0x00000000c2800000, 0x0000000100000000)
  region size 1024K, 2 young (2048K), 2 survivors (2048K)
 Metaspace       used 66243K, committed 67008K, reserved 1114112K
  class space    used 9196K, committed 9536K, reserved 1048576K
}
Event: 43.065 GC heap before
{Heap before GC invocations=21 (full 0):
 garbage-first heap   total reserved 1007616K, committed 55296K, used 43225K [0x00000000c2800000, 0x0000000100000000)
  region size 1024K, 14 young (14336K), 2 survivors (2048K)
 Metaspace       used 69035K, committed 69888K, reserved 1114112K
  class space    used 9587K, committed 9984K, reserved 1048576K
}
Event: 43.072 GC heap after
{Heap after GC invocations=22 (full 0):
 garbage-first heap   total reserved 1007616K, committed 55296K, used 33904K [0x00000000c2800000, 0x0000000100000000)
  region size 1024K, 2 young (2048K), 2 survivors (2048K)
 Metaspace       used 69035K, committed 69888K, reserved 1114112K
  class space    used 9587K, committed 9984K, reserved 1048576K
}

Dll operation events (15 events):
Event: 0.038 Loaded shared library C:\Users\Ric\.jdks\openjdk-22.0.2\bin\java.dll
Event: 0.102 Loaded shared library C:\Users\Ric\.jdks\openjdk-22.0.2\bin\jsvml.dll
Event: 0.373 Loaded shared library C:\Users\Ric\.jdks\openjdk-22.0.2\bin\zip.dll
Event: 0.386 Loaded shared library C:\Users\Ric\.jdks\openjdk-22.0.2\bin\instrument.dll
Event: 0.395 Loaded shared library C:\Users\Ric\.jdks\openjdk-22.0.2\bin\net.dll
Event: 0.398 Loaded shared library C:\Users\Ric\.jdks\openjdk-22.0.2\bin\nio.dll
Event: 0.404 Loaded shared library C:\Users\Ric\.jdks\openjdk-22.0.2\bin\zip.dll
Event: 0.647 Loaded shared library C:\Users\Ric\AppData\Local\Programs\IntelliJ IDEA Community Edition\bin\breakgen64.dll
Event: 0.669 Loaded shared library C:\Users\Ric\.jdks\openjdk-22.0.2\bin\extnet.dll
Event: 0.762 Loaded shared library C:\Users\Ric\.jdks\openjdk-22.0.2\bin\jimage.dll
Event: 1.698 Loaded shared library C:\Users\Ric\.jdks\openjdk-22.0.2\bin\management.dll
Event: 1.701 Loaded shared library C:\Users\Ric\.jdks\openjdk-22.0.2\bin\management_ext.dll
Event: 3.178 Loaded shared library C:\Users\Ric\.jdks\openjdk-22.0.2\bin\le.dll
Event: 4.357 Loaded shared library C:\Users\Ric\.jdks\openjdk-22.0.2\bin\sunmscapi.dll
Event: 16.326 Loaded shared library C:\Users\Ric\.jdks\openjdk-22.0.2\bin\verify.dll

Deoptimization events (20 events):
Event: 42.185 Thread 0x0000014dc7b04ab0 DEOPT PACKING pc=0x0000014debf9162c sp=0x0000000ab2ffadf0
Event: 42.185 Thread 0x0000014dc7b04ab0 DEOPT UNPACKING pc=0x0000014deb9a46a2 sp=0x0000000ab2ffacf0 mode 2
Event: 42.203 Thread 0x0000014dc7b04ab0 DEOPT PACKING pc=0x0000014de446d432 sp=0x0000000ab2ff8c70
Event: 42.203 Thread 0x0000014dc7b04ab0 DEOPT UNPACKING pc=0x0000014deb9a4e42 sp=0x0000000ab2ff8120 mode 0
Event: 42.217 Thread 0x0000014dc7b04ab0 DEOPT PACKING pc=0x0000014de48c7f95 sp=0x0000000ab2ff9e10
Event: 42.217 Thread 0x0000014dc7b04ab0 DEOPT UNPACKING pc=0x0000014deb9a4e42 sp=0x0000000ab2ff93f8 mode 0
Event: 42.221 Thread 0x0000014dc7b04ab0 Uncommon trap: trap_request=0xffffff6e fr.pc=0x0000014debf890c0 relative=0x0000000000000360
Event: 42.221 Thread 0x0000014dc7b04ab0 Uncommon trap: reason=loop_limit_check action=maybe_recompile pc=0x0000014debf890c0 method=org.attoparser.util.TextUtil.compareTo(Z[CII[CII)I @ 65 c2
Event: 42.221 Thread 0x0000014dc7b04ab0 DEOPT PACKING pc=0x0000014debf890c0 sp=0x0000000ab2ffb230
Event: 42.221 Thread 0x0000014dc7b04ab0 DEOPT UNPACKING pc=0x0000014deb9a46a2 sp=0x0000000ab2ffb1d0 mode 2
Event: 42.470 Thread 0x0000014dc7b04ab0 Uncommon trap: trap_request=0xffffff45 fr.pc=0x0000014debfb87c8 relative=0x00000000000001a8
Event: 42.470 Thread 0x0000014dc7b04ab0 Uncommon trap: reason=unstable_if action=reinterpret pc=0x0000014debfb87c8 method=java.lang.StringLatin1.indexOf([B[B)I @ 9 c2
Event: 42.470 Thread 0x0000014dc7b04ab0 DEOPT PACKING pc=0x0000014debfb87c8 sp=0x0000000ab2ffd750
Event: 42.470 Thread 0x0000014dc7b04ab0 DEOPT UNPACKING pc=0x0000014deb9a46a2 sp=0x0000000ab2ffd6d0 mode 2
Event: 43.625 Thread 0x0000014dc805f0d0 DEOPT PACKING pc=0x0000014de446aac2 sp=0x0000000ab37fc230
Event: 43.625 Thread 0x0000014dc805f0d0 DEOPT UNPACKING pc=0x0000014deb9a4e42 sp=0x0000000ab37fb6e0 mode 0
Event: 45.641 Thread 0x0000014dc7b04ab0 Uncommon trap: trap_request=0xffffff54 fr.pc=0x0000014debfd5810 relative=0x0000000000001f90
Event: 45.641 Thread 0x0000014dc7b04ab0 Uncommon trap: reason=speculate_null_assert action=make_not_entrant pc=0x0000014debfd5810 method=jdk.internal.util.ReferencedKeyMap.existingKey(Ljdk/internal/util/ReferencedKeyMap;Ljava/lang/Object;)Ljava/lang/Object; @ 18 c2
Event: 45.641 Thread 0x0000014dc7b04ab0 DEOPT PACKING pc=0x0000014debfd5810 sp=0x0000000ab2ffdf30
Event: 45.641 Thread 0x0000014dc7b04ab0 DEOPT UNPACKING pc=0x0000014deb9a46a2 sp=0x0000000ab2ffdc18 mode 2

Classes loaded (20 events):
Event: 42.062 Loading class java/util/EnumMap$EntryIterator$Entry
Event: 42.063 Loading class java/util/EnumMap$EntryIterator$Entry done
Event: 42.411 Loading class jdk/internal/loader/BootLoader$PackageHelper
Event: 42.412 Loading class jdk/internal/loader/BootLoader$PackageHelper done
Event: 42.460 Loading class java/util/stream/ReferencePipeline$4
Event: 42.461 Loading class java/util/stream/ReferencePipeline$4 done
Event: 42.461 Loading class java/util/function/IntBinaryOperator
Event: 42.461 Loading class java/util/function/IntBinaryOperator done
Event: 42.462 Loading class java/util/stream/ReduceOps$7
Event: 42.463 Loading class java/util/stream/ReduceOps$7 done
Event: 42.463 Loading class java/util/stream/ReduceOps$6ReducingSink
Event: 42.463 Loading class java/util/stream/ReduceOps$6ReducingSink done
Event: 42.463 Loading class java/util/stream/ReferencePipeline$4$1
Event: 42.463 Loading class java/util/stream/ReferencePipeline$4$1 done
Event: 43.033 Loading class java/util/ArrayList$SubList$2
Event: 43.034 Loading class java/util/ArrayList$SubList$2 done
Event: 43.053 Loading class java/time/format/DateTimeFormatterBuilder$ZoneTextPrinterParser
Event: 43.054 Loading class java/time/format/DateTimeFormatterBuilder$ZoneTextPrinterParser done
Event: 43.054 Loading class java/time/format/DateTimeFormatterBuilder$ReducedPrinterParser
Event: 43.055 Loading class java/time/format/DateTimeFormatterBuilder$ReducedPrinterParser done

Classes unloaded (0 events):
No events

Classes redefined (0 events):
No events

Internal exceptions (20 events):
Event: 21.506 Thread 0x0000014dc616a670 Exception <a 'java/lang/NoSuchMethodError'{0x00000000c4d49668}: 'void java.lang.invoke.DirectMethodHandle$Holder.invokeInterface(java.lang.Object, java.lang.Object)'> (0x00000000c4d49668) 
thrown [s\open\src\hotspot\share\interpreter\linkResolver.cpp, line 774]
Event: 21.965 Thread 0x0000014dc616a670 Exception <a 'java/lang/NoSuchMethodError'{0x00000000c4953b30}: 'java.lang.Object java.lang.invoke.DirectMethodHandle$Holder.invokeSpecial(java.lang.Object, java.lang.Object, int, java.lang.Object, int)'> (0x00000000c4953b30) 
thrown [s\open\src\hotspot\share\interpreter\linkResolver.cpp, line 774]
Event: 22.017 Thread 0x0000014dc616a670 Exception <a 'java/lang/NoSuchMethodError'{0x00000000c481abd8}: 'void java.lang.invoke.Invokers$Holder.invokeExact_MT(java.lang.Object, java.lang.Object, java.lang.Object, java.lang.Object)'> (0x00000000c481abd8) 
thrown [s\open\src\hotspot\share\interpreter\linkResolver.cpp, line 774]
Event: 22.056 Thread 0x0000014dc616a670 Implicit null exception at 0x0000014dec1d2873 to 0x0000014dec1d2adc
Event: 22.079 Thread 0x0000014dc616a670 Implicit null exception at 0x0000014dec1c52ad to 0x0000014dec1c57dc
Event: 22.079 Thread 0x0000014dc616a670 Implicit null exception at 0x0000014dec1beb1a to 0x0000014dec1beb54
Event: 22.135 Thread 0x0000014dc616a670 Exception <a 'java/lang/IncompatibleClassChangeError'{0x00000000c572fd98}: Found class java.lang.Object, but interface was expected> (0x00000000c572fd98) 
thrown [s\open\src\hotspot\share\interpreter\linkResolver.cpp, line 841]
Event: 22.152 Thread 0x0000014dc616a670 Exception <a 'java/lang/IncompatibleClassChangeError'{0x00000000c57a9c18}: Found class java.lang.Object, but interface was expected> (0x00000000c57a9c18) 
thrown [s\open\src\hotspot\share\interpreter\linkResolver.cpp, line 841]
Event: 22.204 Thread 0x0000014dc616a670 Exception <a 'java/lang/IncompatibleClassChangeError'{0x00000000c551d0b8}: Found class java.lang.Object, but interface was expected> (0x00000000c551d0b8) 
thrown [s\open\src\hotspot\share\interpreter\linkResolver.cpp, line 841]
Event: 22.542 Thread 0x0000014dc616a670 Exception <a 'java/lang/IncompatibleClassChangeError'{0x00000000c651bb48}: Found class java.lang.Object, but interface was expected> (0x00000000c651bb48) 
thrown [s\open\src\hotspot\share\interpreter\linkResolver.cpp, line 841]
Event: 22.691 Thread 0x0000014dc616a670 Exception <a 'java/lang/IncompatibleClassChangeError'{0x00000000c57eb058}: Found class java.lang.Object, but interface was expected> (0x00000000c57eb058) 
thrown [s\open\src\hotspot\share\interpreter\linkResolver.cpp, line 841]
Event: 22.974 Thread 0x0000014dc616a670 Implicit null exception at 0x0000014dec0f1404 to 0x0000014dec0f15b0
Event: 23.039 Thread 0x0000014dc616a670 Exception <a 'java/lang/NoSuchMethodError'{0x00000000c4f04d28}: 'java.lang.Object java.lang.invoke.DirectMethodHandle$Holder.newInvokeSpecial(java.lang.Object, java.lang.Object, java.lang.Object, java.lang.Object, java.lang.Object, java.lang.Object, java.lang.Object, java.lang.Object)'> (0x00000000c4f04d28) 
thrown [s\open\src\hotspot\share\interpreter\linkResolver.cpp, line 774]
Event: 23.632 Thread 0x0000014dc616a670 Exception <a 'java/lang/IncompatibleClassChangeError'{0x00000000c528d790}: Found class java.lang.Object, but interface was expected> (0x00000000c528d790) 
thrown [s\open\src\hotspot\share\interpreter\linkResolver.cpp, line 841]
Event: 24.060 Thread 0x0000014dc616a670 Exception <a 'java/lang/NoSuchMethodError'{0x00000000c4cb0728}: 'void java.lang.invoke.DirectMethodHandle$Holder.invokeVirtual(java.lang.Object, java.lang.Object, long)'> (0x00000000c4cb0728) 
thrown [s\open\src\hotspot\share\interpreter\linkResolver.cpp, line 774]
Event: 24.380 Thread 0x0000014dc616a670 Exception <a 'java/lang/IncompatibleClassChangeError'{0x00000000c560a590}: Found class java.lang.Object, but interface was expected> (0x00000000c560a590) 
thrown [s\open\src\hotspot\share\interpreter\linkResolver.cpp, line 841]
Event: 24.746 Thread 0x0000014dc616a670 Exception <a 'java/lang/NoSuchMethodError'{0x00000000c5151f38}: 'java.lang.Object java.lang.invoke.DirectMethodHandle$Holder.newInvokeSpecial(java.lang.Object, java.lang.Object, int, java.lang.Object, java.lang.Object)'> (0x00000000c5151f38) 
thrown [s\open\src\hotspot\share\interpreter\linkResolver.cpp, line 774]
Event: 41.663 Thread 0x0000014dc7b04ab0 Exception <a 'java/lang/NoSuchMethodError'{0x00000000c4c2c858}: 'java.lang.Object java.lang.invoke.DirectMethodHandle$Holder.invokeSpecial(java.lang.Object, java.lang.Object, java.lang.Object, java.lang.Object, java.lang.Object, long)'> (0x00000000c4c2c858) 
thrown [s\open\src\hotspot\share\interpreter\linkResolver.cpp, line 774]
Event: 41.664 Thread 0x0000014dc7b04ab0 Exception <a 'java/lang/NoSuchMethodError'{0x00000000c4c2ffd0}: 'java.lang.Object java.lang.invoke.Invokers$Holder.linkToTargetMethod(java.lang.Object, java.lang.Object, java.lang.Object, long, java.lang.Object)'> (0x00000000c4c2ffd0) 
thrown [s\open\src\hotspot\share\interpreter\linkResolver.cpp, line 774]
Event: 43.032 Thread 0x0000014dc7b05140 Exception <a 'java/lang/NoSuchMethodError'{0x00000000c52aa228}: 'java.lang.Object java.lang.invoke.DirectMethodHandle$Holder.invokeStatic(java.lang.Object, int, int)'> (0x00000000c52aa228) 
thrown [s\open\src\hotspot\share\interpreter\linkResolver.cpp, line 774]

ZGC Phase Switch (0 events):
No events

VM Operations (20 events):
Event: 41.846 Executing VM operation: G1PauseRemark
Event: 41.852 Executing VM operation: G1PauseRemark done
Event: 41.872 Executing VM operation: HandshakeAllThreads (Deoptimize)
Event: 41.872 Executing VM operation: HandshakeAllThreads (Deoptimize) done
Event: 41.897 Executing VM operation: G1PauseCleanup
Event: 41.897 Executing VM operation: G1PauseCleanup done
Event: 42.901 Executing VM operation: Cleanup
Event: 42.901 Executing VM operation: Cleanup done
Event: 43.065 Executing VM operation: G1CollectForAllocation (G1 Evacuation Pause)
Event: 43.072 Executing VM operation: G1CollectForAllocation (G1 Evacuation Pause) done
Event: 44.073 Executing VM operation: Cleanup
Event: 44.073 Executing VM operation: Cleanup done
Event: 46.087 Executing VM operation: Cleanup
Event: 46.087 Executing VM operation: Cleanup done
Event: 52.115 Executing VM operation: Cleanup
Event: 52.115 Executing VM operation: Cleanup done
Event: 53.118 Executing VM operation: Cleanup
Event: 53.118 Executing VM operation: Cleanup done
Event: 57.133 Executing VM operation: Cleanup
Event: 57.133 Executing VM operation: Cleanup done

Memory protections (0 events):
No events

Nmethod flushes (20 events):
Event: 41.851 Thread 0x0000014ddc19ddd0 flushing  nmethod 0x0000014de4753010
Event: 41.851 Thread 0x0000014ddc19ddd0 flushing  nmethod 0x0000014de4755710
Event: 41.851 Thread 0x0000014ddc19ddd0 flushing  nmethod 0x0000014de47dc310
Event: 41.851 Thread 0x0000014ddc19ddd0 flushing  nmethod 0x0000014de47dd010
Event: 41.851 Thread 0x0000014ddc19ddd0 flushing  nmethod 0x0000014de47e0490
Event: 41.851 Thread 0x0000014ddc19ddd0 flushing  nmethod 0x0000014de47e1e90
Event: 41.851 Thread 0x0000014ddc19ddd0 flushing  nmethod 0x0000014de47f6490
Event: 41.851 Thread 0x0000014ddc19ddd0 flushing  nmethod 0x0000014de4816b10
Event: 41.851 Thread 0x0000014ddc19ddd0 flushing  nmethod 0x0000014de4819290
Event: 41.851 Thread 0x0000014ddc19ddd0 flushing  nmethod 0x0000014de4819b10
Event: 41.851 Thread 0x0000014ddc19ddd0 flushing  nmethod 0x0000014de481ab10
Event: 41.851 Thread 0x0000014ddc19ddd0 flushing  nmethod 0x0000014de4837290
Event: 41.851 Thread 0x0000014ddc19ddd0 flushing  nmethod 0x0000014de485a010
Event: 41.851 Thread 0x0000014ddc19ddd0 flushing  nmethod 0x0000014de48c2410
Event: 41.851 Thread 0x0000014ddc19ddd0 flushing  nmethod 0x0000014de49c6e10
Event: 41.851 Thread 0x0000014ddc19ddd0 flushing  nmethod 0x0000014de4acf190
Event: 41.851 Thread 0x0000014ddc19ddd0 flushing  nmethod 0x0000014de4c33690
Event: 41.851 Thread 0x0000014ddc19ddd0 flushing  nmethod 0x0000014de4cc5210
Event: 41.851 Thread 0x0000014ddc19ddd0 flushing  nmethod 0x0000014de4cf2710
Event: 41.851 Thread 0x0000014ddc19ddd0 flushing  nmethod 0x0000014de4cfc090

Events (20 events):
Event: 24.726 Thread 0x0000014dc616a670 Thread added: 0x0000014dc7b04ab0
Event: 24.726 Thread 0x0000014dc7b04ab0 Thread exited: 0x0000014dc7b04ab0
Event: 24.726 Thread 0x0000014dc616a670 Thread added: 0x0000014dc7b05e60
Event: 24.762 Thread 0x0000014dc616a670 Thread added: 0x0000014dc7b04ab0
Event: 24.762 Thread 0x0000014dc616a670 Thread added: 0x0000014dc7b05140
Event: 24.763 Thread 0x0000014dc616a670 Thread added: 0x0000014dc805ea40
Event: 24.763 Thread 0x0000014dc616a670 Thread added: 0x0000014dc805d000
Event: 24.763 Thread 0x0000014dc616a670 Thread added: 0x0000014dc805dd20
Event: 24.763 Thread 0x0000014dc616a670 Thread added: 0x0000014dc805d690
Event: 24.763 Thread 0x0000014dc616a670 Thread added: 0x0000014dc805e3b0
Event: 24.763 Thread 0x0000014dc616a670 Thread added: 0x0000014dc805f0d0
Event: 24.764 Thread 0x0000014dc616a670 Thread added: 0x0000014dc805f760
Event: 24.764 Thread 0x0000014dc616a670 Thread added: 0x0000014dc805c2e0
Event: 24.806 Thread 0x0000014dc616a670 Thread added: 0x0000014dc805c970
Event: 24.809 Thread 0x0000014dc616a670 Thread added: 0x0000014dc95fd420
Event: 24.839 Thread 0x0000014dc616a670 Thread exited: 0x0000014dc616a670
Event: 24.846 Thread 0x0000014dc1ba21e0 Thread exited: 0x0000014dc1ba21e0
Event: 24.846 Thread 0x0000014ddc0db570 Thread exited: 0x0000014ddc0db570
Event: 24.846 Thread 0x0000014dc95fc700 Thread added: 0x0000014dc95fc700
Event: 25.155 Thread 0x0000014dc7b03700 Thread exited: 0x0000014dc7b03700


Dynamic libraries:
0x00007ff6f66b0000 - 0x00007ff6f66be000 	C:\Users\Ric\.jdks\openjdk-22.0.2\bin\java.exe
0x00007ffba8310000 - 0x00007ffba8508000 	C:\Windows\SYSTEM32\ntdll.dll
0x00007ffba7800000 - 0x00007ffba78c1000 	C:\Windows\System32\KERNEL32.DLL
0x00007ffba5b20000 - 0x00007ffba5e1d000 	C:\Windows\System32\KERNELBASE.dll
0x00007ffba6010000 - 0x00007ffba6110000 	C:\Windows\System32\ucrtbase.dll
0x00007ffba24c0000 - 0x00007ffba24d7000 	C:\Users\Ric\.jdks\openjdk-22.0.2\bin\jli.dll
0x00007ffba24a0000 - 0x00007ffba24bb000 	C:\Users\Ric\.jdks\openjdk-22.0.2\bin\VCRUNTIME140.dll
0x00007ffb938e0000 - 0x00007ffb93b7a000 	C:\Windows\WinSxS\amd64_microsoft.windows.common-controls_6595b64144ccf1df_6.0.19041.4355_none_60b8b9eb71f62e16\COMCTL32.dll
0x00007ffba7170000 - 0x00007ffba730d000 	C:\Windows\System32\USER32.dll
0x00007ffba7320000 - 0x00007ffba73be000 	C:\Windows\System32\msvcrt.dll
0x00007ffba5e50000 - 0x00007ffba5e72000 	C:\Windows\System32\win32u.dll
0x00007ffba7e10000 - 0x00007ffba7e3b000 	C:\Windows\System32\GDI32.dll
0x00007ffba5ef0000 - 0x00007ffba6007000 	C:\Windows\System32\gdi32full.dll
0x00007ffba6160000 - 0x00007ffba61fd000 	C:\Windows\System32\msvcp_win.dll
0x00007ffba77d0000 - 0x00007ffba77ff000 	C:\Windows\System32\IMM32.DLL
0x00007ffba2030000 - 0x00007ffba203c000 	C:\Users\Ric\.jdks\openjdk-22.0.2\bin\vcruntime140_1.dll
0x00007ffb9ea60000 - 0x00007ffb9eaee000 	C:\Users\Ric\.jdks\openjdk-22.0.2\bin\msvcp140.dll
0x00007ffb76d50000 - 0x00007ffb77a99000 	C:\Users\Ric\.jdks\openjdk-22.0.2\bin\server\jvm.dll
0x00007ffba7a00000 - 0x00007ffba7ab0000 	C:\Windows\System32\ADVAPI32.dll
0x00007ffba7bc0000 - 0x00007ffba7c60000 	C:\Windows\System32\sechost.dll
0x00007ffba6bc0000 - 0x00007ffba6ce3000 	C:\Windows\System32\RPCRT4.dll
0x00007ffba5e20000 - 0x00007ffba5e47000 	C:\Windows\System32\bcrypt.dll
0x00007ffba7760000 - 0x00007ffba77cb000 	C:\Windows\System32\WS2_32.dll
0x00007ffba5770000 - 0x00007ffba57bb000 	C:\Windows\SYSTEM32\POWRPROF.dll
0x00007ffb936e0000 - 0x00007ffb93707000 	C:\Windows\SYSTEM32\WINMM.dll
0x00007ffb98890000 - 0x00007ffb9889a000 	C:\Windows\SYSTEM32\VERSION.dll
0x00007ffba5750000 - 0x00007ffba5762000 	C:\Windows\SYSTEM32\UMPDC.dll
0x00007ffba3800000 - 0x00007ffba3812000 	C:\Windows\SYSTEM32\kernel.appcore.dll
0x00007ffba1ad0000 - 0x00007ffba1ada000 	C:\Users\Ric\.jdks\openjdk-22.0.2\bin\jimage.dll
0x00007ffb8d780000 - 0x00007ffb8d964000 	C:\Windows\SYSTEM32\DBGHELP.DLL
0x00007ffb8d740000 - 0x00007ffb8d774000 	C:\Windows\SYSTEM32\dbgcore.DLL
0x00007ffba6200000 - 0x00007ffba6282000 	C:\Windows\System32\bcryptPrimitives.dll
0x00007ffba1ac0000 - 0x00007ffba1acf000 	C:\Users\Ric\.jdks\openjdk-22.0.2\bin\instrument.dll
0x00007ffba1aa0000 - 0x00007ffba1abe000 	C:\Users\Ric\.jdks\openjdk-22.0.2\bin\java.dll
0x00007ffba6440000 - 0x00007ffba6baf000 	C:\Windows\System32\SHELL32.dll
0x00007ffba74a0000 - 0x00007ffba75cb000 	C:\Windows\System32\ole32.dll
0x00007ffba6cf0000 - 0x00007ffba7043000 	C:\Windows\System32\combase.dll
0x00007ffba3a00000 - 0x00007ffba41a3000 	C:\Windows\SYSTEM32\windows.storage.dll
0x00007ffba52a0000 - 0x00007ffba52ce000 	C:\Windows\SYSTEM32\Wldp.dll
0x00007ffba75d0000 - 0x00007ffba769d000 	C:\Windows\System32\OLEAUT32.dll
0x00007ffba78d0000 - 0x00007ffba797d000 	C:\Windows\System32\SHCORE.dll
0x00007ffba7700000 - 0x00007ffba7755000 	C:\Windows\System32\shlwapi.dll
0x00007ffba58f0000 - 0x00007ffba5914000 	C:\Windows\SYSTEM32\profapi.dll
0x00007ffb9bc10000 - 0x00007ffb9bce7000 	C:\Users\Ric\.jdks\openjdk-22.0.2\bin\jsvml.dll
0x00007ffba0e10000 - 0x00007ffba0e27000 	C:\Users\Ric\.jdks\openjdk-22.0.2\bin\zip.dll
0x00007ffba1a90000 - 0x00007ffba1aa0000 	C:\Users\Ric\.jdks\openjdk-22.0.2\bin\net.dll
0x00007ffba5080000 - 0x00007ffba50ea000 	C:\Windows\system32\mswsock.dll
0x00007ffba0e30000 - 0x00007ffba0e46000 	C:\Users\Ric\.jdks\openjdk-22.0.2\bin\nio.dll
0x00007ffba0df0000 - 0x00007ffba0e0a000 	C:\Users\Ric\AppData\Local\Programs\IntelliJ IDEA Community Edition\bin\breakgen64.dll
0x00007ffba1a80000 - 0x00007ffba1a89000 	C:\Users\Ric\.jdks\openjdk-22.0.2\bin\extnet.dll
0x00007ffba0de0000 - 0x00007ffba0dea000 	C:\Users\Ric\.jdks\openjdk-22.0.2\bin\management.dll
0x00007ffb9eda0000 - 0x00007ffb9edab000 	C:\Users\Ric\.jdks\openjdk-22.0.2\bin\management_ext.dll
0x00007ffba63d0000 - 0x00007ffba63d8000 	C:\Windows\System32\PSAPI.DLL
0x00007ffb9eb00000 - 0x00007ffb9eb0b000 	C:\Users\Ric\.jdks\openjdk-22.0.2\bin\le.dll
0x00007ffb9ed90000 - 0x00007ffb9ed9e000 	C:\Users\Ric\.jdks\openjdk-22.0.2\bin\sunmscapi.dll
0x00007ffba59c0000 - 0x00007ffba5b1c000 	C:\Windows\System32\CRYPT32.dll
0x00007ffba5310000 - 0x00007ffba5339000 	C:\Windows\SYSTEM32\ncrypt.dll
0x00007ffba52d0000 - 0x00007ffba530b000 	C:\Windows\SYSTEM32\NTASN1.dll
0x00007ffba55f0000 - 0x00007ffba5608000 	C:\Windows\SYSTEM32\CRYPTSP.dll
0x00007ffba49c0000 - 0x00007ffba49f4000 	C:\Windows\system32\rsaenh.dll
0x00007ffba5870000 - 0x00007ffba589e000 	C:\Windows\SYSTEM32\USERENV.dll
0x00007ffba5210000 - 0x00007ffba521c000 	C:\Windows\SYSTEM32\CRYPTBASE.dll
0x00007ffba4d80000 - 0x00007ffba4dbb000 	C:\Windows\SYSTEM32\IPHLPAPI.DLL
0x00007ffba7310000 - 0x00007ffba7318000 	C:\Windows\System32\NSI.dll
0x00007ffb9e9f0000 - 0x00007ffb9ea00000 	C:\Users\Ric\.jdks\openjdk-22.0.2\bin\verify.dll
0x00007ffba4dc0000 - 0x00007ffba4e8a000 	C:\Windows\SYSTEM32\DNSAPI.dll
0x00007ffb9b990000 - 0x00007ffb9b99a000 	C:\Windows\System32\rasadhlp.dll
0x00007ffb9df50000 - 0x00007ffb9dfd0000 	C:\Windows\System32\fwpuclnt.dll
0x00007ffb4e5b0000 - 0x00007ffb4e5b7000 	C:\Windows\system32\wshunix.dll

dbghelp: loaded successfully - version: 4.0.5 - missing functions: none
symbol engine: initialized successfully - sym options: 0x614 - pdb path: .;C:\Users\Ric\.jdks\openjdk-22.0.2\bin;C:\Windows\SYSTEM32;C:\Windows\WinSxS\amd64_microsoft.windows.common-controls_6595b64144ccf1df_6.0.19041.4355_none_60b8b9eb71f62e16;C:\Users\Ric\.jdks\openjdk-22.0.2\bin\server;C:\Users\Ric\AppData\Local\Programs\IntelliJ IDEA Community Edition\bin

VM Arguments:
jvm_args: -javaagent:C:\Users\Ric\AppData\Local\Programs\IntelliJ IDEA Community Edition\lib\idea_rt.jar=2228:C:\Users\Ric\AppData\Local\Programs\IntelliJ IDEA Community Edition\bin -Dfile.encoding=UTF-8 -Dsun.stdout.encoding=UTF-8 -Dsun.stderr.encoding=UTF-8 
java_command: com.hasnreziga.auteur.AuteurApplication
java_class_path (initial): C:\Users\Ric\Documents\projects\work\modules\modules\Auteur\target\classes;C:\Users\Ric\.m2\repository\org\springframework\boot\spring-boot-starter-web\3.3.3\spring-boot-starter-web-3.3.3.jar;C:\Users\Ric\.m2\repository\org\springframework\boot\spring-boot-starter\3.3.3\spring-boot-starter-3.3.3.jar;C:\Users\Ric\.m2\repository\org\springframework\boot\spring-boot-starter-logging\3.3.3\spring-boot-starter-logging-3.3.3.jar;C:\Users\Ric\.m2\repository\ch\qos\logback\logback-classic\1.5.7\logback-classic-1.5.7.jar;C:\Users\Ric\.m2\repository\ch\qos\logback\logback-core\1.5.7\logback-core-1.5.7.jar;C:\Users\Ric\.m2\repository\org\apache\logging\log4j\log4j-to-slf4j\2.23.1\log4j-to-slf4j-2.23.1.jar;C:\Users\Ric\.m2\repository\org\apache\logging\log4j\log4j-api\2.23.1\log4j-api-2.23.1.jar;C:\Users\Ric\.m2\repository\org\slf4j\jul-to-slf4j\2.0.16\jul-to-slf4j-2.0.16.jar;C:\Users\Ric\.m2\repository\jakarta\annotation\jakarta.annotation-api\2.1.1\jakarta.annotation-api-2.1.1.jar;C:\Users\Ric\.m2\repository\org\yaml\snakeyaml\2.2\snakeyaml-2.2.jar;C:\Users\Ric\.m2\repository\org\springframework\boot\spring-boot-starter-json\3.3.3\spring-boot-starter-json-3.3.3.jar;C:\Users\Ric\.m2\repository\com\fasterxml\jackson\core\jackson-databind\2.17.2\jackson-databind-2.17.2.jar;C:\Users\Ric\.m2\repository\com\fasterxml\jackson\core\jackson-annotations\2.17.2\jackson-annotations-2.17.2.jar;C:\Users\Ric\.m2\repository\com\fasterxml\jackson\core\jackson-core\2.17.2\jackson-core-2.17.2.jar;C:\Users\Ric\.m2\repository\com\fasterxml\jackson\datatype\jackson-datatype-jdk8\2.17.2\jackson-datatype-jdk8-2.17.2.jar;C:\Users\Ric\.m2\repository\com\fasterxml\jackson\datatype\jackson-datatype-jsr310\2.17.2\jackson-datatype-jsr310-2.17.2.jar;C:\Users\Ric\.m2\repository\com\fasterxml\jackson\module\jackson-module-parameter-names\2.17.2\jackson-module-parameter-names-2.17.2.jar;C:\Users\Ric\.m2\repository\org\springframework\boot\spring-boot-starter-tomcat\3.3.3\spring-boot-starter-tomcat-3.3.3.jar;C:\Users\Ric\.m2\repository\org\apache\tomcat\embed\tomcat-embed-core\10.1.28\tomcat-embed-core-10.1.28.jar;C:\Users\Ric\.m2\repository\org\apache\tomcat\embed\tomcat-embed-el\10.1.28\tomcat-embed-el-10.1.28.jar;C:\Users\Ric\.m2\repository\org\apache\tomcat\embed\tomcat-embed-websocket\10.1.28\tomcat-embed-websocket-10.1.28.jar;C:\Users\Ric\.m2\repository\org\springframework\spring-web\6.1.12\spring-web-6.1.12.jar;C:\Users\Ric\.m2\repository\org\springframework\spring-beans\6.1.12\spring-beans-6.1.12.jar;C:\Users\Ric\.m2\repository\io\micrometer\micrometer-observation\1.13.3\micrometer-observation-1.13.3.jar;C:\Users\Ric\.m2\repository\io\micrometer\micrometer-commons\1.13.3\micrometer-commons-1.13.3.jar;C:\Users\Ric\.m2\repository\org\springframework\spring-webmvc\6.1.12\spring-webmvc-6.1.12.jar;C:\Users\Ric\.m2\repository\org\springframework\spring-context\6.1.12\spring-context-6.1.12.jar;C:\Users\Ric\.m2\repository\org\springframework\spring-expression\6.1.12\spring-expression-6.1.12.jar;C:\Users\Ric\.m2\repository\org\springframework\boot\spring-boot-starter-thymeleaf\3.3.3\spring-boot-starter-thymeleaf-3.3.3.jar;C:\Users\Ric\.m2\repository\org\thymeleaf\thymeleaf-spring6\3.1.2.RELEASE\thymeleaf-spring6-3.1.2.RELEASE.jar;C:\Users\Ric\.m2\repository\org\thymeleaf\thymeleaf\3.1.2.RELEASE\thymeleaf-3.1.2.RELEASE.jar;C:\Users\Ric\.m2\repository\org\attoparser\attoparser\2.0.7.RELEASE\attoparser-2.0.7.RELEASE.jar;C:\Users\Ric\.m2\repository\org\unbescape\unbescape\1.1.6.RELEASE\unbescape-1.1.6.RELEASE.jar;C:\Users\Ric\.m2\repository\org\slf4j\slf4j-api\2.0.16\slf4j-api-2.0.16.jar;C:\Users\Ric\.m2\repository\org\springframework\boot\spring-boot-starter-security\3.3.3\spring-boot-starter-security-3.3.3.jar;C:\Users\Ric\.m2\repository\org\springframework\spring-aop\6.1.12\spring-aop-6.1.12.jar;C:\Users\Ric\.m2\repository\org\springframework\security\spring-security-config\6.3.3\spring-security-config-6.3.3.jar;C:\Users\Ric\.m2\repository\org\springframework\security\spring-security-web\6.3.3\spring-security-web-6.3.3.jar;C:\Users\Ric\.m2\repository\org\springframework\boot\spring-boot-starter-data-jpa\3.3.3\spring-boot-starter-data-jpa-3.3.3.jar;C:\Users\Ric\.m2\repository\org\springframework\boot\spring-boot-starter-aop\3.3.3\spring-boot-starter-aop-3.3.3.jar;C:\Users\Ric\.m2\repository\org\aspectj\aspectjweaver\1.9.22.1\aspectjweaver-1.9.22.1.jar;C:\Users\Ric\.m2\repository\org\springframework\boot\spring-boot-starter-jdbc\3.3.3\spring-boot-starter-jdbc-3.3.3.jar;C:\Users\Ric\.m2\repository\com\zaxxer\HikariCP\5.1.0\HikariCP-5.1.0.jar;C:\Users\Ric\.m2\repository\org\springframework\spring-jdbc\6.1.12\spring-jdbc-6.1.12.jar;C:\Users\Ric\.m2\repository\org\hibernate\orm\hibernate-core\6.5.2.Final\hibernate-core-6.5.2.Final.jar;C:\Users\Ric\.m2\repository\jakarta\persistence\jakarta.persistence-api\3.1.0\jakarta.persistence-api-3.1.0.jar;C:\Users\Ric\.m2\repository\jakarta\transaction\jakarta.transaction-api\2.0.1\jakarta.transaction-api-2.0.1.jar;C:\Users\Ric\.m2\repository\org\jboss\logging\jboss-logging\3.5.3.Final\jboss-logging-3.5.3.Final.jar;C:\Users\Ric\.m2\repository\org\hibernate\common\hibernate-commons-annotations\6.0.6.Final\hibernate-commons-annotations-6.0.6.Final.jar;C:\Users\Ric\.m2\repository\io\smallrye\jandex\3.1.2\jandex-3.1.2.jar;C:\Users\Ric\.m2\repository\com\fasterxml\classmate\1.7.0\classmate-1.7.0.jar;C:\Users\Ric\.m2\repository\net\bytebuddy\byte-buddy\1.14.19\byte-buddy-1.14.19.jar;C:\Users\Ric\.m2\repository\org\glassfish\jaxb\jaxb-runtime\4.0.5\jaxb-runtime-4.0.5.jar;C:\Users\Ric\.m2\repository\org\glassfish\jaxb\jaxb-core\4.0.5\jaxb-core-4.0.5.jar;C:\Users\Ric\.m2\repository\org\eclipse\angus\angus-activation\2.0.2\angus-activation-2.0.2.jar;C:\Users\Ric\.m2\repository\org\glassfish\jaxb\txw2\4.0.5\txw2-4.0.5.jar;C:\Users\Ric\.m2\repository\com\sun\istack\istack-commons-runtime\4.1.2\istack-commons-runtime-4.1.2.jar;C:\Users\Ric\.m2\repository\jakarta\inject\jakarta.inject-api\2.0.1\jakarta.inject-api-2.0.1.jar;C:\Users\Ric\.m2\repository\org\antlr\antlr4-runtime\4.13.0\antlr4-runtime-4.13.0.jar;C:\Users\Ric\.m2\repository\org\springframework\data\spring-data-jpa\3.3.3\spring-data-jpa-3.3.3.jar;C:\Users\Ric\.m2\repository\org\springframework\data\spring-data-commons\3.3.3\spring-data-commons-3.3.3.jar;C:\Users\Ric\.m2\repository\org\springframework\spring-orm\6.1.12\spring-orm-6.1.12.jar;C:\Users\Ric\.m2\repository\org\springframework\spring-tx\6.1.12\spring-tx-6.1.12.jar;C:\Users\Ric\.m2\repository\org\springframework\spring-aspects\6.1.12\spring-aspects-6.1.12.jar;C:\Users\Ric\.m2\repository\org\projectlombok\lombok\1.18.34\lombok-1.18.34.jar;C:\Users\Ric\.m2\repository\org\postgresql\postgresql\42.7.3\postgresql-42.7.3.jar;C:\Users\Ric\.m2\repository\org\checkerframework\checker-qual\3.42.0\checker-qual-3.42.0.jar;C:\Users\Ric\.m2\repository\org\springframework\boot\spring-boot-devtools\3.3.3\spring-boot-devtools-3.3.3.jar;C:\Users\Ric\.m2\repository\org\springframework\boot\spring-boot\3.3.3\spring-boot-3.3.3.jar;C:\Users\Ric\.m2\repository\org\springframework\boot\spring-boot-autoconfigure\3.3.3\spring-boot-autoconfigure-3.3.3.jar;C:\Users\Ric\.m2\repository\jakarta\xml\bind\jakarta.xml.bind-api\4.0.2\jakarta.xml.bind-api-4.0.2.jar;C:\Users\Ric\.m2\repository\jakarta\activation\jakarta.activation-api\2.1.3\jakarta.activation-api-2.1.3.jar;C:\Users\Ric\.m2\repository\org\springframework\spring-core\6.1.12\spring-core-6.1.12.jar;C:\Users\Ric\.m2\repository\org\springframework\spring-jcl\6.1.12\spring-jcl-6.1.12.jar;C:\Users\Ric\.m2\repository\org\springframework\security\spring-security-core\6.3.3\spring-security-core-6.3.3.jar;C:\Users\Ric\.m2\repository\org\springframework\security\spring-security-crypto\6.3.3\spring-security-crypto-6.3.3.jar
Launcher Type: SUN_STANDARD

[Global flags]
     intx CICompilerCount                          = 3                                         {product} {ergonomic}
     uint ConcGCThreads                            = 1                                         {product} {ergonomic}
     uint G1ConcRefinementThreads                  = 4                                         {product} {ergonomic}
   size_t G1HeapRegionSize                         = 1048576                                   {product} {ergonomic}
   size_t InitialHeapSize                          = 65011712                                  {product} {ergonomic}
   size_t MarkStackSize                            = 4194304                                   {product} {ergonomic}
   size_t MaxHeapSize                              = 1031798784                                {product} {ergonomic}
   size_t MaxNewSize                               = 618659840                                 {product} {ergonomic}
   size_t MinHeapDeltaBytes                        = 1048576                                   {product} {ergonomic}
   size_t MinHeapSize                              = 8388608                                   {product} {ergonomic}
    uintx NonNMethodCodeHeapSize                   = 5832780                                {pd product} {ergonomic}
    uintx NonProfiledCodeHeapSize                  = 122912730                              {pd product} {ergonomic}
    uintx ProfiledCodeHeapSize                     = 122912730                              {pd product} {ergonomic}
    uintx ReservedCodeCacheSize                    = 251658240                              {pd product} {ergonomic}
     bool SegmentedCodeCache                       = true                                      {product} {ergonomic}
   size_t SoftMaxHeapSize                          = 1031798784                             {manageable} {ergonomic}
     bool UseCompressedOops                        = true                           {product lp64_product} {ergonomic}
     bool UseG1GC                                  = true                                      {product} {ergonomic}
     bool UseLargePagesIndividualAllocation        = false                                  {pd product} {ergonomic}

Logging:
Log output configuration:
 #0: stdout all=warning uptime,level,tags foldmultilines=false
 #1: stderr all=off uptime,level,tags foldmultilines=false

Environment Variables:
PATH=C:\Program Files\Common Files\Oracle\Java\javapath;C:\Windows\system32;C:\Windows;C:\Windows\System32\Wbem;C:\Windows\System32\WindowsPowerShell\v1.0\;C:\Windows\System32\OpenSSH\;C:\Program Files\Microsoft SQL Server\150\Tools\Binn\;C:\Program Files\Git\bin;C:\Users\Ric\AppData\Roaming\nvm;C:\Program Files\nodejs;C:\Program Files\Docker\Docker\resources\bin;C:\Users\Ric\AppData\Local\Programs\Python\Python311\Scripts\;C:\Users\Ric\AppData\Local\Programs\Python\Python311\;C:\Users\Ric\AppData\Local\Microsoft\WindowsApps;C:\Users\Ric\.dotnet\tools;C:\Users\Ric\AppData\Local\Programs\Microsoft VS Code\bin;C:\dev\flutter\bin;C:\Users\Ric\AppData\Roaming\npm;C:\Users\Ric\AppData\Roaming\nvm;C:\Program Files\nodejs;C:\Users\Ric\AppData\Local\JetBrains\Toolbox\scripts;C:\Users\Ric\modelio\Modelio Open Source 5.4\plugins\org.apache.ant_1.10.9.v20201106-1946\META-INF;C:\Users\Ric\Documents\projects\work\biblio;C:\Program Files\PostgreSQL\16\bin;
USERNAME=Ric
OS=Windows_NT
PROCESSOR_IDENTIFIER=Intel64 Family 6 Model 58 Stepping 9, GenuineIntel
TMP=C:\Users\Ric\AppData\Local\Temp
TEMP=C:\Users\Ric\AppData\Local\Temp




Periodic native trim disabled

---------------  S Y S T E M  ---------------

OS:
 Windows 10 , 64 bit Build 19041 (10.0.19041.4842)
OS uptime: 0 days 0:35 hours
Hyper-V role detected

CPU: total 4 (initial active 4) (2 cores per cpu, 2 threads per core) family 6 model 58 stepping 9 microcode 0x21, cx8, cmov, fxsr, ht, mmx, sse, sse2, sse3, ssse3, sse4.1, sse4.2, popcnt, tsc, tscinvbit, avx, aes, erms, clmul, vzeroupper, clflush, hv, rdtscp, f16c
Processor Information for all 4 processors :
  Max Mhz: 2501, Current Mhz: 2501, Mhz Limit: 2501

Memory: 4k page, system-wide physical 3933M (254M free)
TotalPageFile size 8109M (AvailPageFile size 0M)
current process WorkingSet (physical memory assigned to process): 226M, peak: 239M
current process commit charge ("private bytes"): 262M, peak: 271M

vm_info: OpenJDK 64-Bit Server VM (22.0.2+9-70) for windows-amd64 JRE (22.0.2+9-70), built on 2024-06-04T16:52:23Z by "mach5one" with MS VC++ 17.6 (VS2022)

END.
