#
# There is insufficient memory for the Java Runtime Environment to continue.
# Native memory allocation (malloc) failed to allocate 264336 bytes. Error detail: Chunk::new
# Possible reasons:
#   The system is out of physical RAM or swap space
#   This process is running with CompressedOops enabled, and the Java Heap may be blocking the growth of the native heap
# Possible solutions:
#   Reduce memory load on the system
#   Increase physical memory or swap space
#   Check if swap backing store is full
#   Decrease Java heap size (-Xmx/-Xms)
#   Decrease number of Java threads
#   Decrease Java thread stack sizes (-Xss)
#   Set larger code cache with -XX:ReservedCodeCacheSize=
#   JVM is running with Unscaled Compressed Oops mode in which the Java heap is
#     placed in the first 4GB address space. The Java Heap base address is the
#     maximum limit for the native heap growth. Please use -XX:HeapBaseMinAddress
#     to set the Java Heap base and to place the Java Heap above 4GB virtual address.
# This output file may be truncated or incomplete.
#
#  Out of Memory Error (arena.cpp:150), pid=6220, tid=8308
#
# JRE version: OpenJDK Runtime Environment (22.0.2+9) (build 22.0.2+9-70)
# Java VM: OpenJDK 64-Bit Server VM (22.0.2+9-70, mixed mode, sharing, tiered, compressed oops, compressed class ptrs, g1 gc, windows-amd64)
# No core dump will be written. Minidumps are not enabled by default on client versions of Windows
#

---------------  S U M M A R Y ------------

Command Line: -javaagent:C:\Users\Ric\AppData\Local\Programs\IntelliJ IDEA Community Edition\lib\idea_rt.jar=11633:C:\Users\Ric\AppData\Local\Programs\IntelliJ IDEA Community Edition\bin -Dfile.encoding=UTF-8 -Dsun.stdout.encoding=UTF-8 -Dsun.stderr.encoding=UTF-8 com.hasnreziga.auteur.AuteurApplication

Host: Intel(R) Core(TM) i5-3210M CPU @ 2.50GHz, 4 cores, 3G,  Windows 10 , 64 bit Build 19041 (10.0.19041.4842)
Time: Thu Sep 19 12:42:27 2024 E. Africa Standard Time elapsed time: 32.777947 seconds (0d 0h 0m 32s)

---------------  T H R E A D  ---------------

Current thread (0x000001c07e149fd0):  JavaThread "C2 CompilerThread0" daemon [_thread_in_native, id=8308, stack(0x00000005cc500000,0x00000005cc600000) (1024K)]


Current CompileTask:
C2:32778 6078       4       java.lang.invoke.LambdaForm$Name::replaceNames (175 bytes)

Stack: [0x00000005cc500000,0x00000005cc600000]
Native frames: (J=compiled Java code, j=interpreted, Vv=VM code, C=native code)
V  [jvm.dll+0x6e26e9]  (no source info available)
V  [jvm.dll+0x875753]  (no source info available)
V  [jvm.dll+0x877b7e]  (no source info available)
V  [jvm.dll+0x878253]  (no source info available)
V  [jvm.dll+0x27fc86]  (no source info available)
V  [jvm.dll+0xc3d0f]  (no source info available)
V  [jvm.dll+0xc3f6b]  (no source info available)
V  [jvm.dll+0x3bb442]  (no source info available)
V  [jvm.dll+0x387d4b]  (no source info available)
V  [jvm.dll+0x3871ba]  (no source info available)
V  [jvm.dll+0x2477f8]  (no source info available)
V  [jvm.dll+0x246e9f]  (no source info available)
V  [jvm.dll+0x1c4e80]  (no source info available)
V  [jvm.dll+0x2568f3]  (no source info available)
V  [jvm.dll+0x254baa]  (no source info available)
V  [jvm.dll+0x3f57a6]  (no source info available)
V  [jvm.dll+0x81dc0b]  (no source info available)
V  [jvm.dll+0x6e0d85]  (no source info available)
C  [ucrtbase.dll+0x21bb2]  (no source info available)
C  [KERNEL32.DLL+0x17374]  (no source info available)
C  [ntdll.dll+0x4cc91]  (no source info available)


---------------  P R O C E S S  ---------------

Threads class SMR info:
_java_thread_list=0x000001c004cfde20, length=31, elements={
0x000001c07e134a20, 0x000001c07e138150, 0x000001c07e13dda0, 0x000001c07e13f1c0,
0x000001c07e1403c0, 0x000001c07e141180, 0x000001c07e149fd0, 0x000001c07e15bb80,
0x000001c07e23fce0, 0x000001c07e634f90, 0x000001c07e5f7080, 0x000001c07e446dc0,
0x000001c07e447ae0, 0x000001c07e445380, 0x000001c07e4460a0, 0x000001c07e446730,
0x000001c004b2fe50, 0x000001c004b2dd80, 0x000001c004b304e0, 0x000001c004b2eaa0,
0x000001c004b2d060, 0x000001c004b2d6f0, 0x000001c004b2e410, 0x000001c004b2f130,
0x000001c07e444660, 0x000001c00591b430, 0x000001c00591bac0, 0x000001c00591ef40,
0x000001c00591fc60, 0x000001c005921010, 0x000001c00591c150
}

Java Threads: ( => current thread )
  0x000001c07e134a20 JavaThread "Reference Handler"          daemon [_thread_blocked, id=1600, stack(0x00000005cbf00000,0x00000005cc000000) (1024K)]
  0x000001c07e138150 JavaThread "Finalizer"                  daemon [_thread_blocked, id=7888, stack(0x00000005cc000000,0x00000005cc100000) (1024K)]
  0x000001c07e13dda0 JavaThread "Signal Dispatcher"          daemon [_thread_blocked, id=4020, stack(0x00000005cc100000,0x00000005cc200000) (1024K)]
  0x000001c07e13f1c0 JavaThread "Attach Listener"            daemon [_thread_blocked, id=8532, stack(0x00000005cc200000,0x00000005cc300000) (1024K)]
  0x000001c07e1403c0 JavaThread "Service Thread"             daemon [_thread_blocked, id=740, stack(0x00000005cc300000,0x00000005cc400000) (1024K)]
  0x000001c07e141180 JavaThread "Monitor Deflation Thread"   daemon [_thread_blocked, id=4660, stack(0x00000005cc400000,0x00000005cc500000) (1024K)]
=>0x000001c07e149fd0 JavaThread "C2 CompilerThread0"         daemon [_thread_in_native, id=8308, stack(0x00000005cc500000,0x00000005cc600000) (1024K)]
  0x000001c07e15bb80 JavaThread "C1 CompilerThread0"         daemon [_thread_blocked, id=3340, stack(0x00000005cc600000,0x00000005cc700000) (1024K)]
  0x000001c07e23fce0 JavaThread "Common-Cleaner"             daemon [_thread_blocked, id=7500, stack(0x00000005cc700000,0x00000005cc800000) (1024K)]
  0x000001c07e634f90 JavaThread "Monitor Ctrl-Break"         daemon [_thread_in_native, id=4388, stack(0x00000005cc900000,0x00000005cca00000) (1024K)]
  0x000001c07e5f7080 JavaThread "Notification Thread"        daemon [_thread_blocked, id=4600, stack(0x00000005cca00000,0x00000005ccb00000) (1024K)]
  0x000001c07e446dc0 JavaThread "Catalina-utility-1"                [_thread_blocked, id=13116, stack(0x00000005ccf00000,0x00000005cd000000) (1024K)]
  0x000001c07e447ae0 JavaThread "Catalina-utility-2"                [_thread_blocked, id=12856, stack(0x00000005cd000000,0x00000005cd100000) (1024K)]
  0x000001c07e445380 JavaThread "container-0"                       [_thread_blocked, id=5448, stack(0x00000005cd100000,0x00000005cd200000) (1024K)]
  0x000001c07e4460a0 JavaThread "PostgreSQL-JDBC-Cleaner"    daemon [_thread_blocked, id=8328, stack(0x00000005cd300000,0x00000005cd400000) (1024K)]
  0x000001c07e446730 JavaThread "HikariPool-1 housekeeper"   daemon [_thread_blocked, id=6308, stack(0x00000005cd400000,0x00000005cd500000) (1024K)]
  0x000001c004b2fe50 JavaThread "File Watcher"               daemon [_thread_blocked, id=9960, stack(0x00000005cd500000,0x00000005cd600000) (1024K)]
  0x000001c004b2dd80 JavaThread "Live Reload Server"         daemon [_thread_in_native, id=8656, stack(0x00000005cd700000,0x00000005cd800000) (1024K)]
  0x000001c004b304e0 JavaThread "http-nio-8087-exec-1"       daemon [_thread_in_Java, id=7468, stack(0x00000005cd600000,0x00000005cd700000) (1024K)]
  0x000001c004b2eaa0 JavaThread "http-nio-8087-exec-2"       daemon [_thread_blocked, id=12556, stack(0x00000005cd800000,0x00000005cd900000) (1024K)]
  0x000001c004b2d060 JavaThread "http-nio-8087-exec-3"       daemon [_thread_blocked, id=12396, stack(0x00000005cd900000,0x00000005cda00000) (1024K)]
  0x000001c004b2d6f0 JavaThread "http-nio-8087-exec-4"       daemon [_thread_blocked, id=1068, stack(0x00000005cda00000,0x00000005cdb00000) (1024K)]
  0x000001c004b2e410 JavaThread "http-nio-8087-exec-5"       daemon [_thread_blocked, id=11984, stack(0x00000005cdb00000,0x00000005cdc00000) (1024K)]
  0x000001c004b2f130 JavaThread "http-nio-8087-exec-6"       daemon [_thread_blocked, id=9892, stack(0x00000005cdc00000,0x00000005cdd00000) (1024K)]
  0x000001c07e444660 JavaThread "http-nio-8087-exec-7"       daemon [_thread_blocked, id=3716, stack(0x00000005cdd00000,0x00000005cde00000) (1024K)]
  0x000001c00591b430 JavaThread "http-nio-8087-exec-8"       daemon [_thread_blocked, id=10704, stack(0x00000005cde00000,0x00000005cdf00000) (1024K)]
  0x000001c00591bac0 JavaThread "http-nio-8087-exec-9"       daemon [_thread_blocked, id=7772, stack(0x00000005cdf00000,0x00000005ce000000) (1024K)]
  0x000001c00591ef40 JavaThread "http-nio-8087-exec-10"      daemon [_thread_blocked, id=5748, stack(0x00000005ce000000,0x00000005ce100000) (1024K)]
  0x000001c00591fc60 JavaThread "http-nio-8087-Poller"       daemon [_thread_in_native, id=9532, stack(0x00000005ce100000,0x00000005ce200000) (1024K)]
  0x000001c005921010 JavaThread "http-nio-8087-Acceptor"     daemon [_thread_in_native, id=3680, stack(0x00000005ce200000,0x00000005ce300000) (1024K)]
  0x000001c00591c150 JavaThread "DestroyJavaVM"                     [_thread_blocked, id=11344, stack(0x00000005cb700000,0x00000005cb800000) (1024K)]
Total: 31

Other Threads:
  0x000001c02258c490 VMThread "VM Thread"                           [id=6864, stack(0x00000005cbe00000,0x00000005cbf00000) (1024K)]
  0x000001c07e11ae40 WatcherThread "VM Periodic Task Thread"        [id=10932, stack(0x00000005cbd00000,0x00000005cbe00000) (1024K)]
  0x000001c022504440 WorkerThread "GC Thread#0"                     [id=3836, stack(0x00000005cb800000,0x00000005cb900000) (1024K)]
  0x000001c07e9d5320 WorkerThread "GC Thread#1"                     [id=7016, stack(0x00000005cc800000,0x00000005cc900000) (1024K)]
  0x000001c07ecfc010 WorkerThread "GC Thread#2"                     [id=12832, stack(0x00000005ccb00000,0x00000005ccc00000) (1024K)]
  0x000001c07ecfd7e0 WorkerThread "GC Thread#3"                     [id=11704, stack(0x00000005ccc00000,0x00000005ccd00000) (1024K)]
  0x000001c02250cf30 ConcurrentGCThread "G1 Main Marker"            [id=11224, stack(0x00000005cb900000,0x00000005cba00000) (1024K)]
  0x000001c02250da40 WorkerThread "G1 Conc#0"                       [id=1620, stack(0x00000005cba00000,0x00000005cbb00000) (1024K)]
  0x000001c022563f70 ConcurrentGCThread "G1 Refine#0"               [id=10112, stack(0x00000005cbb00000,0x00000005cbc00000) (1024K)]
  0x000001c022564af0 ConcurrentGCThread "G1 Service"                [id=9148, stack(0x00000005cbc00000,0x00000005cbd00000) (1024K)]
Total: 10

Threads with active compile tasks:
C2 CompilerThread0  33231 6078       4       java.lang.invoke.LambdaForm$Name::replaceNames (175 bytes)
Total: 1

VM state: not at safepoint (normal execution)

VM Mutex/Monitor currently owned by a thread:  ([mutex/lock_event])
[0x00007ffb5b81af80] AdapterHandlerLibrary_lock - owner thread: 0x000001c004b304e0

Heap address: 0x00000000c2800000, size: 984 MB, Compressed Oops mode: 32-bit

CDS archive(s) mapped at: [0x000001c03d000000-0x000001c03dc60000-0x000001c03dc60000), size 12976128, SharedBaseAddress: 0x000001c03d000000, ArchiveRelocationMode: 1.
Compressed class space mapped at: 0x000001c03e000000-0x000001c07e000000, reserved size: 1073741824
Narrow klass base: 0x000001c03d000000, Narrow klass shift: 0, Narrow klass range: 0x41000000

GC Precious Log:
 CardTable entry size: 512
 Card Set container configuration: InlinePtr #cards 5 size 8 Array Of Cards #cards 12 size 40 Howl #buckets 4 coarsen threshold 1843 Howl Bitmap #cards 512 size 80 coarsen threshold 460 Card regions per heap region 1 cards per card region 2048
 CPUs: 4 total, 4 available
 Memory: 3933M
 Large Page Support: Disabled
 NUMA Support: Disabled
 Compressed Oops: Enabled (32-bit)
 Heap Region Size: 1M
 Heap Min Capacity: 8M
 Heap Initial Capacity: 62M
 Heap Max Capacity: 984M
 Pre-touch: Disabled
 Parallel Workers: 4
 Concurrent Workers: 1
 Concurrent Refinement Workers: 4
 Periodic GC: Disabled

Heap:
 garbage-first heap   total reserved 1007616K, committed 55296K, used 32600K [0x00000000c2800000, 0x0000000100000000)
  region size 1024K, 4 young (4096K), 2 survivors (2048K)
 Metaspace       used 66531K, committed 67200K, reserved 1114112K
  class space    used 9256K, committed 9536K, reserved 1048576K

Heap Regions: E=young(eden), S=young(survivor), O=old, HS=humongous(starts), HC=humongous(continues), CS=collection set, F=free, TAMS=top-at-mark-start, PB=parsable bottom
|   0|0x00000000c2800000, 0x00000000c2900000, 0x00000000c2900000|100%|HS|  |TAMS 0x00000000c2800000| PB 0x00000000c2800000| Complete |  0
|   1|0x00000000c2900000, 0x00000000c2a00000, 0x00000000c2a00000|100%| O|  |TAMS 0x00000000c2900000| PB 0x00000000c2900000| Untracked |  0
|   2|0x00000000c2a00000, 0x00000000c2b00000, 0x00000000c2b00000|100%| O|  |TAMS 0x00000000c2a00000| PB 0x00000000c2a00000| Untracked |  0
|   3|0x00000000c2b00000, 0x00000000c2c00000, 0x00000000c2c00000|100%| O|  |TAMS 0x00000000c2b00000| PB 0x00000000c2b00000| Untracked |  0
|   4|0x00000000c2c00000, 0x00000000c2d00000, 0x00000000c2d00000|100%| O|  |TAMS 0x00000000c2c00000| PB 0x00000000c2c00000| Untracked |  0
|   5|0x00000000c2d00000, 0x00000000c2e00000, 0x00000000c2e00000|100%| O|  |TAMS 0x00000000c2d00000| PB 0x00000000c2d00000| Untracked |  0
|   6|0x00000000c2e00000, 0x00000000c2f00000, 0x00000000c2f00000|100%| O|  |TAMS 0x00000000c2e00000| PB 0x00000000c2e00000| Untracked |  0
|   7|0x00000000c2f00000, 0x00000000c3000000, 0x00000000c3000000|100%| O|  |TAMS 0x00000000c2f00000| PB 0x00000000c2f00000| Untracked |  0
|   8|0x00000000c3000000, 0x00000000c3100000, 0x00000000c3100000|100%| O|  |TAMS 0x00000000c3000000| PB 0x00000000c3000000| Untracked |  0
|   9|0x00000000c3100000, 0x00000000c3200000, 0x00000000c3200000|100%| O|  |TAMS 0x00000000c3100000| PB 0x00000000c3100000| Untracked |  0
|  10|0x00000000c3200000, 0x00000000c3300000, 0x00000000c3300000|100%| O|  |TAMS 0x00000000c3200000| PB 0x00000000c3200000| Untracked |  0
|  11|0x00000000c3300000, 0x00000000c3400000, 0x00000000c3400000|100%| O|  |TAMS 0x00000000c3300000| PB 0x00000000c3300000| Untracked |  0
|  12|0x00000000c3400000, 0x00000000c3500000, 0x00000000c3500000|100%| O|  |TAMS 0x00000000c3400000| PB 0x00000000c3400000| Untracked |  0
|  13|0x00000000c3500000, 0x00000000c3600000, 0x00000000c3600000|100%| O|  |TAMS 0x00000000c3500000| PB 0x00000000c3500000| Untracked |  0
|  14|0x00000000c3600000, 0x00000000c3700000, 0x00000000c3700000|100%| O|  |TAMS 0x00000000c3600000| PB 0x00000000c3600000| Untracked |  0
|  15|0x00000000c3700000, 0x00000000c3800000, 0x00000000c3800000|100%| O|  |TAMS 0x00000000c3700000| PB 0x00000000c3700000| Untracked |  0
|  16|0x00000000c3800000, 0x00000000c3900000, 0x00000000c3900000|100%| O|Cm|TAMS 0x00000000c3800000| PB 0x00000000c3800000| Complete |  0
|  17|0x00000000c3900000, 0x00000000c3a00000, 0x00000000c3a00000|100%| O|  |TAMS 0x00000000c3900000| PB 0x00000000c3900000| Untracked |  0
|  18|0x00000000c3a00000, 0x00000000c3b00000, 0x00000000c3b00000|100%| O|  |TAMS 0x00000000c3a00000| PB 0x00000000c3a00000| Untracked |  0
|  19|0x00000000c3b00000, 0x00000000c3c00000, 0x00000000c3c00000|100%| O|  |TAMS 0x00000000c3b00000| PB 0x00000000c3b00000| Untracked |  0
|  20|0x00000000c3c00000, 0x00000000c3d00000, 0x00000000c3d00000|100%| O|  |TAMS 0x00000000c3c00000| PB 0x00000000c3c00000| Untracked |  0
|  21|0x00000000c3d00000, 0x00000000c3e00000, 0x00000000c3e00000|100%| O|  |TAMS 0x00000000c3d00000| PB 0x00000000c3d00000| Untracked |  0
|  22|0x00000000c3e00000, 0x00000000c3f00000, 0x00000000c3f00000|100%| O|  |TAMS 0x00000000c3e00000| PB 0x00000000c3e00000| Untracked |  0
|  23|0x00000000c3f00000, 0x00000000c4000000, 0x00000000c4000000|100%| O|  |TAMS 0x00000000c3f00000| PB 0x00000000c3f00000| Untracked |  0
|  24|0x00000000c4000000, 0x00000000c4100000, 0x00000000c4100000|100%| O|  |TAMS 0x00000000c4000000| PB 0x00000000c4000000| Untracked |  0
|  25|0x00000000c4100000, 0x00000000c4200000, 0x00000000c4200000|100%| O|  |TAMS 0x00000000c4100000| PB 0x00000000c4100000| Untracked |  0
|  26|0x00000000c4200000, 0x00000000c4300000, 0x00000000c4300000|100%| O|  |TAMS 0x00000000c4200000| PB 0x00000000c4200000| Untracked |  0
|  27|0x00000000c4300000, 0x00000000c436ce58, 0x00000000c4400000| 42%| O|  |TAMS 0x00000000c4300000| PB 0x00000000c4300000| Untracked |  0
|  28|0x00000000c4400000, 0x00000000c4400000, 0x00000000c4500000|  0%| F|  |TAMS 0x00000000c4400000| PB 0x00000000c4400000| Untracked |  0
|  29|0x00000000c4500000, 0x00000000c4500000, 0x00000000c4600000|  0%| F|  |TAMS 0x00000000c4500000| PB 0x00000000c4500000| Untracked |  0
|  30|0x00000000c4600000, 0x00000000c4700000, 0x00000000c4700000|100%| O|  |TAMS 0x00000000c4600000| PB 0x00000000c4600000| Untracked |  0
|  31|0x00000000c4700000, 0x00000000c4800000, 0x00000000c4800000|100%| O|Cm|TAMS 0x00000000c4700000| PB 0x00000000c4700000| Complete |  0
|  32|0x00000000c4800000, 0x00000000c4800000, 0x00000000c4900000|  0%| F|  |TAMS 0x00000000c4800000| PB 0x00000000c4800000| Untracked |  0
|  33|0x00000000c4900000, 0x00000000c4900000, 0x00000000c4a00000|  0%| F|  |TAMS 0x00000000c4900000| PB 0x00000000c4900000| Untracked |  0
|  34|0x00000000c4a00000, 0x00000000c4a00000, 0x00000000c4b00000|  0%| F|  |TAMS 0x00000000c4a00000| PB 0x00000000c4a00000| Untracked |  0
|  35|0x00000000c4b00000, 0x00000000c4b693e0, 0x00000000c4c00000| 41%| S|CS|TAMS 0x00000000c4b00000| PB 0x00000000c4b00000| Complete |  0
|  36|0x00000000c4c00000, 0x00000000c4d00000, 0x00000000c4d00000|100%| S|CS|TAMS 0x00000000c4c00000| PB 0x00000000c4c00000| Complete |  0
|  37|0x00000000c4d00000, 0x00000000c4d00000, 0x00000000c4e00000|  0%| F|  |TAMS 0x00000000c4d00000| PB 0x00000000c4d00000| Untracked |  0
|  38|0x00000000c4e00000, 0x00000000c4e00000, 0x00000000c4f00000|  0%| F|  |TAMS 0x00000000c4e00000| PB 0x00000000c4e00000| Untracked |  0
|  39|0x00000000c4f00000, 0x00000000c4f00000, 0x00000000c5000000|  0%| F|  |TAMS 0x00000000c4f00000| PB 0x00000000c4f00000| Untracked |  0
|  40|0x00000000c5000000, 0x00000000c5000000, 0x00000000c5100000|  0%| F|  |TAMS 0x00000000c5000000| PB 0x00000000c5000000| Untracked |  0
|  41|0x00000000c5100000, 0x00000000c5100000, 0x00000000c5200000|  0%| F|  |TAMS 0x00000000c5100000| PB 0x00000000c5100000| Untracked |  0
|  42|0x00000000c5200000, 0x00000000c5200000, 0x00000000c5300000|  0%| F|  |TAMS 0x00000000c5200000| PB 0x00000000c5200000| Untracked |  0
|  43|0x00000000c5300000, 0x00000000c5300000, 0x00000000c5400000|  0%| F|  |TAMS 0x00000000c5300000| PB 0x00000000c5300000| Untracked |  0
|  44|0x00000000c5400000, 0x00000000c5400000, 0x00000000c5500000|  0%| F|  |TAMS 0x00000000c5400000| PB 0x00000000c5400000| Untracked |  0
|  45|0x00000000c5500000, 0x00000000c5500000, 0x00000000c5600000|  0%| F|  |TAMS 0x00000000c5500000| PB 0x00000000c5500000| Untracked |  0
|  46|0x00000000c5600000, 0x00000000c5600000, 0x00000000c5700000|  0%| F|  |TAMS 0x00000000c5600000| PB 0x00000000c5600000| Untracked |  0
|  47|0x00000000c5700000, 0x00000000c5700000, 0x00000000c5800000|  0%| F|  |TAMS 0x00000000c5700000| PB 0x00000000c5700000| Untracked |  0
|  48|0x00000000c5800000, 0x00000000c5800000, 0x00000000c5900000|  0%| F|  |TAMS 0x00000000c5800000| PB 0x00000000c5800000| Untracked |  0
|  49|0x00000000c5900000, 0x00000000c5900000, 0x00000000c5a00000|  0%| F|  |TAMS 0x00000000c5900000| PB 0x00000000c5900000| Untracked |  0
|  50|0x00000000c5a00000, 0x00000000c5a00000, 0x00000000c5b00000|  0%| F|  |TAMS 0x00000000c5a00000| PB 0x00000000c5a00000| Untracked |  0
|  51|0x00000000c5b00000, 0x00000000c5b00000, 0x00000000c5c00000|  0%| F|  |TAMS 0x00000000c5b00000| PB 0x00000000c5b00000| Untracked |  0
|  56|0x00000000c6000000, 0x00000000c6094fc0, 0x00000000c6100000| 58%| E|  |TAMS 0x00000000c6000000| PB 0x00000000c6000000| Complete |  0
|  61|0x00000000c6500000, 0x00000000c6600000, 0x00000000c6600000|100%| E|CS|TAMS 0x00000000c6500000| PB 0x00000000c6500000| Complete |  0

Card table byte_map: [0x000001c039a00000,0x000001c039bf0000] _byte_map_base: 0x000001c0393ec000

Marking Bits: (CMBitMap*) 0x000001c022504b50
 Bits: [0x000001c039bf0000, 0x000001c03ab50000)

Polling page: 0x000001c020490000

Metaspace:

Usage:
  Non-class:     55.94 MB used.
      Class:      9.04 MB used.
       Both:     64.98 MB used.

Virtual space:
  Non-class space:       64.00 MB reserved,      56.38 MB ( 88%) committed,  1 nodes.
      Class space:        1.00 GB reserved,       9.31 MB ( <1%) committed,  1 nodes.
             Both:        1.06 GB reserved,      65.69 MB (  6%) committed. 

Chunk freelists:
   Non-Class:  7.61 MB
       Class:  6.62 MB
        Both:  14.23 MB

MaxMetaspaceSize: unlimited
CompressedClassSpaceSize: 1.00 GB
Initial GC threshold: 21.00 MB
Current GC threshold: 109.31 MB
CDS: on
 - commit_granule_bytes: 65536.
 - commit_granule_words: 8192.
 - virtual_space_node_default_size: 8388608.
 - enlarge_chunks_in_place: 1.
 - use_allocation_guard: 0.


Internal statistics:

num_allocs_failed_limit: 9.
num_arena_births: 1010.
num_arena_deaths: 0.
num_vsnodes_births: 2.
num_vsnodes_deaths: 0.
num_space_committed: 1051.
num_space_uncommitted: 0.
num_chunks_returned_to_freelist: 9.
num_chunks_taken_from_freelist: 3441.
num_chunk_merges: 9.
num_chunk_splits: 2451.
num_chunks_enlarged: 1862.
num_inconsistent_stats: 0.

CodeHeap 'non-profiled nmethods': size=120000Kb used=3091Kb max_used=3206Kb free=116908Kb
 bounds [0x000001c0322e0000, 0x000001c032610000, 0x000001c039810000]
CodeHeap 'profiled nmethods': size=120000Kb used=9490Kb max_used=10131Kb free=110509Kb
 bounds [0x000001c02a810000, 0x000001c02b200000, 0x000001c031d40000]
CodeHeap 'non-nmethods': size=5760Kb used=1695Kb max_used=1734Kb free=4064Kb
 bounds [0x000001c031d40000, 0x000001c031fb0000, 0x000001c0322e0000]
 total_blobs=5971 nmethods=5244 adapters=630
 compilation: enabled
              stopped_count=0, restarted_count=0
 full_count=0

Compilation events (20 events):
Event: 29.576 Thread 0x000001c07e149fd0 nmethod 6067 0x000001c0324b8010 code [0x000001c0324b82a0, 0x000001c0324b96a0]
Event: 31.628 Thread 0x000001c07e15bb80 6068       3       java.io.File::listFiles (52 bytes)
Event: 31.629 Thread 0x000001c07e15bb80 nmethod 6068 0x000001c02b1e6b90 code [0x000001c02b1e6d80, 0x000001c02b1e72c8]
Event: 31.630 Thread 0x000001c07e15bb80 6069       3       org.springframework.boot.devtools.filewatch.DirectorySnapshot::collectFiles (99 bytes)
Event: 31.631 Thread 0x000001c07e15bb80 nmethod 6069 0x000001c02b1e7490 code [0x000001c02b1e7760, 0x000001c02b1e84f0]
Event: 32.043 Thread 0x000001c07e149fd0 6070       4       java.util.Collections$UnmodifiableCollection$1::next (10 bytes)
Event: 32.044 Thread 0x000001c07e149fd0 nmethod 6070 0x000001c0324b7d10 code [0x000001c0324b7ea0, 0x000001c0324b7f50]
Event: 32.583 Thread 0x000001c07e15bb80 6071       3       jdk.internal.misc.Unsafe::getAndAddLong (27 bytes)
Event: 32.583 Thread 0x000001c07e15bb80 nmethod 6071 0x000001c02b1e8990 code [0x000001c02b1e8b40, 0x000001c02b1e8d80]
Event: 32.703 Thread 0x000001c07e149fd0 6074   !   4       java.lang.invoke.MemberName$Factory::resolve (159 bytes)
Event: 32.704 Thread 0x000001c07e15bb80 6076       3       java.lang.invoke.MethodHandles::dropArgumentChecks (92 bytes)
Event: 32.707 Thread 0x000001c07e15bb80 nmethod 6076 0x000001c02b1e8e90 code [0x000001c02b1e9280, 0x000001c02b1eb2e8]
Event: 32.707 Thread 0x000001c07e15bb80 6077       3       java.lang.invoke.LambdaForm$NamedFunction::<init> (95 bytes)
Event: 32.708 Thread 0x000001c07e15bb80 nmethod 6077 0x000001c02b1ebd10 code [0x000001c02b1ebf20, 0x000001c02b1ec418]
Event: 32.714 Thread 0x000001c07e15bb80 6082       3       java.nio.HeapByteBuffer::put (17 bytes)
Event: 32.714 Thread 0x000001c07e15bb80 nmethod 6082 0x000001c02b1ec610 code [0x000001c02b1ec7c0, 0x000001c02b1eca10]
Event: 32.714 Thread 0x000001c07e15bb80 6083   !   3       org.apache.tomcat.util.http.parser.HttpParser::isControl (9 bytes)
Event: 32.714 Thread 0x000001c07e15bb80 nmethod 6083 0x000001c02b1ecb90 code [0x000001c02b1ecd20, 0x000001c02b1ece90]
Event: 32.738 Thread 0x000001c07e149fd0 nmethod 6074 0x000001c032449290 code [0x000001c032449540, 0x000001c03244a330]
Event: 32.739 Thread 0x000001c07e149fd0 6078       4       java.lang.invoke.LambdaForm$Name::replaceNames (175 bytes)

GC Heap History (20 events):
Event: 8.346 GC heap before
{Heap before GC invocations=7 (full 0):
 garbage-first heap   total reserved 1007616K, committed 51200K, used 41292K [0x00000000c2800000, 0x0000000100000000)
  region size 1024K, 27 young (27648K), 3 survivors (3072K)
 Metaspace       used 29823K, committed 30336K, reserved 1114112K
  class space    used 3788K, committed 4032K, reserved 1048576K
}
Event: 8.356 GC heap after
{Heap after GC invocations=8 (full 0):
 garbage-first heap   total reserved 1007616K, committed 51200K, used 18830K [0x00000000c2800000, 0x0000000100000000)
  region size 1024K, 3 young (3072K), 3 survivors (3072K)
 Metaspace       used 29823K, committed 30336K, reserved 1114112K
  class space    used 3788K, committed 4032K, reserved 1048576K
}
Event: 9.449 GC heap before
{Heap before GC invocations=8 (full 0):
 garbage-first heap   total reserved 1007616K, committed 51200K, used 41358K [0x00000000c2800000, 0x0000000100000000)
  region size 1024K, 25 young (25600K), 3 survivors (3072K)
 Metaspace       used 34109K, committed 34752K, reserved 1114112K
  class space    used 4375K, committed 4672K, reserved 1048576K
}
Event: 9.460 GC heap after
{Heap after GC invocations=9 (full 0):
 garbage-first heap   total reserved 1007616K, committed 51200K, used 20299K [0x00000000c2800000, 0x0000000100000000)
  region size 1024K, 2 young (2048K), 2 survivors (2048K)
 Metaspace       used 34109K, committed 34752K, reserved 1114112K
  class space    used 4375K, committed 4672K, reserved 1048576K
}
Event: 9.690 GC heap before
{Heap before GC invocations=9 (full 0):
 garbage-first heap   total reserved 1007616K, committed 51200K, used 24395K [0x00000000c2800000, 0x0000000100000000)
  region size 1024K, 7 young (7168K), 2 survivors (2048K)
 Metaspace       used 35428K, committed 35968K, reserved 1114112K
  class space    used 4590K, committed 4864K, reserved 1048576K
}
Event: 9.694 GC heap after
{Heap after GC invocations=10 (full 0):
 garbage-first heap   total reserved 1007616K, committed 51200K, used 20452K [0x00000000c2800000, 0x0000000100000000)
  region size 1024K, 2 young (2048K), 2 survivors (2048K)
 Metaspace       used 35428K, committed 35968K, reserved 1114112K
  class space    used 4590K, committed 4864K, reserved 1048576K
}
Event: 12.072 GC heap before
{Heap before GC invocations=11 (full 0):
 garbage-first heap   total reserved 1007616K, committed 51200K, used 44004K [0x00000000c2800000, 0x0000000100000000)
  region size 1024K, 25 young (25600K), 2 survivors (2048K)
 Metaspace       used 41995K, committed 42496K, reserved 1114112K
  class space    used 5549K, committed 5760K, reserved 1048576K
}
Event: 12.079 GC heap after
{Heap after GC invocations=12 (full 0):
 garbage-first heap   total reserved 1007616K, committed 51200K, used 21969K [0x00000000c2800000, 0x0000000100000000)
  region size 1024K, 4 young (4096K), 4 survivors (4096K)
 Metaspace       used 41995K, committed 42496K, reserved 1114112K
  class space    used 5549K, committed 5760K, reserved 1048576K
}
Event: 13.189 GC heap before
{Heap before GC invocations=12 (full 0):
 garbage-first heap   total reserved 1007616K, committed 51200K, used 42449K [0x00000000c2800000, 0x0000000100000000)
  region size 1024K, 24 young (24576K), 4 survivors (4096K)
 Metaspace       used 46322K, committed 46848K, reserved 1114112K
  class space    used 6129K, committed 6336K, reserved 1048576K
}
Event: 13.197 GC heap after
{Heap after GC invocations=13 (full 0):
 garbage-first heap   total reserved 1007616K, committed 51200K, used 23104K [0x00000000c2800000, 0x0000000100000000)
  region size 1024K, 3 young (3072K), 3 survivors (3072K)
 Metaspace       used 46322K, committed 46848K, reserved 1114112K
  class space    used 6129K, committed 6336K, reserved 1048576K
}
Event: 14.402 GC heap before
{Heap before GC invocations=13 (full 0):
 garbage-first heap   total reserved 1007616K, committed 51200K, used 43584K [0x00000000c2800000, 0x0000000100000000)
  region size 1024K, 24 young (24576K), 3 survivors (3072K)
 Metaspace       used 52725K, committed 53248K, reserved 1114112K
  class space    used 7192K, committed 7424K, reserved 1048576K
}
Event: 14.408 GC heap after
{Heap after GC invocations=14 (full 0):
 garbage-first heap   total reserved 1007616K, committed 51200K, used 23984K [0x00000000c2800000, 0x0000000100000000)
  region size 1024K, 3 young (3072K), 3 survivors (3072K)
 Metaspace       used 52725K, committed 53248K, reserved 1114112K
  class space    used 7192K, committed 7424K, reserved 1048576K
}
Event: 15.387 GC heap before
{Heap before GC invocations=14 (full 0):
 garbage-first heap   total reserved 1007616K, committed 51200K, used 42416K [0x00000000c2800000, 0x0000000100000000)
  region size 1024K, 22 young (22528K), 3 survivors (3072K)
 Metaspace       used 57118K, committed 57728K, reserved 1114112K
  class space    used 7864K, committed 8128K, reserved 1048576K
}
Event: 15.396 GC heap after
{Heap after GC invocations=15 (full 0):
 garbage-first heap   total reserved 1007616K, committed 51200K, used 25125K [0x00000000c2800000, 0x0000000100000000)
  region size 1024K, 3 young (3072K), 3 survivors (3072K)
 Metaspace       used 57118K, committed 57728K, reserved 1114112K
  class space    used 7864K, committed 8128K, reserved 1048576K
}
Event: 16.133 GC heap before
{Heap before GC invocations=15 (full 0):
 garbage-first heap   total reserved 1007616K, committed 51200K, used 37413K [0x00000000c2800000, 0x0000000100000000)
  region size 1024K, 16 young (16384K), 3 survivors (3072K)
 Metaspace       used 59514K, committed 60096K, reserved 1114112K
  class space    used 8153K, committed 8384K, reserved 1048576K
}
Event: 16.140 GC heap after
{Heap after GC invocations=16 (full 0):
 garbage-first heap   total reserved 1007616K, committed 51200K, used 26550K [0x00000000c2800000, 0x0000000100000000)
  region size 1024K, 3 young (3072K), 3 survivors (3072K)
 Metaspace       used 59514K, committed 60096K, reserved 1114112K
  class space    used 8153K, committed 8384K, reserved 1048576K
}
Event: 17.187 GC heap before
{Heap before GC invocations=17 (full 0):
 garbage-first heap   total reserved 1007616K, committed 51200K, used 43958K [0x00000000c2800000, 0x0000000100000000)
  region size 1024K, 20 young (20480K), 3 survivors (3072K)
 Metaspace       used 62037K, committed 62784K, reserved 1114112K
  class space    used 8610K, committed 8960K, reserved 1048576K
}
Event: 17.195 GC heap after
{Heap after GC invocations=18 (full 0):
 garbage-first heap   total reserved 1007616K, committed 51200K, used 28307K [0x00000000c2800000, 0x0000000100000000)
  region size 1024K, 3 young (3072K), 3 survivors (3072K)
 Metaspace       used 62037K, committed 62784K, reserved 1114112K
  class space    used 8610K, committed 8960K, reserved 1048576K
}
Event: 18.018 GC heap before
{Heap before GC invocations=18 (full 0):
 garbage-first heap   total reserved 1007616K, committed 51200K, used 43667K [0x00000000c2800000, 0x0000000100000000)
  region size 1024K, 19 young (19456K), 3 survivors (3072K)
 Metaspace       used 64063K, committed 64832K, reserved 1114112K
  class space    used 8911K, committed 9280K, reserved 1048576K
}
Event: 18.029 GC heap after
{Heap after GC invocations=19 (full 0):
 garbage-first heap   total reserved 1007616K, committed 52224K, used 30152K [0x00000000c2800000, 0x0000000100000000)
  region size 1024K, 3 young (3072K), 3 survivors (3072K)
 Metaspace       used 64063K, committed 64832K, reserved 1114112K
  class space    used 8911K, committed 9280K, reserved 1048576K
}

Dll operation events (15 events):
Event: 0.043 Loaded shared library C:\Users\Ric\.jdks\openjdk-22.0.2\bin\java.dll
Event: 0.119 Loaded shared library C:\Users\Ric\.jdks\openjdk-22.0.2\bin\jsvml.dll
Event: 0.315 Loaded shared library C:\Users\Ric\.jdks\openjdk-22.0.2\bin\zip.dll
Event: 0.324 Loaded shared library C:\Users\Ric\.jdks\openjdk-22.0.2\bin\instrument.dll
Event: 0.334 Loaded shared library C:\Users\Ric\.jdks\openjdk-22.0.2\bin\net.dll
Event: 0.338 Loaded shared library C:\Users\Ric\.jdks\openjdk-22.0.2\bin\nio.dll
Event: 0.344 Loaded shared library C:\Users\Ric\.jdks\openjdk-22.0.2\bin\zip.dll
Event: 0.605 Loaded shared library C:\Users\Ric\AppData\Local\Programs\IntelliJ IDEA Community Edition\bin\breakgen64.dll
Event: 0.644 Loaded shared library C:\Users\Ric\.jdks\openjdk-22.0.2\bin\extnet.dll
Event: 0.722 Loaded shared library C:\Users\Ric\.jdks\openjdk-22.0.2\bin\jimage.dll
Event: 1.455 Loaded shared library C:\Users\Ric\.jdks\openjdk-22.0.2\bin\management.dll
Event: 1.459 Loaded shared library C:\Users\Ric\.jdks\openjdk-22.0.2\bin\management_ext.dll
Event: 2.690 Loaded shared library C:\Users\Ric\.jdks\openjdk-22.0.2\bin\le.dll
Event: 3.753 Loaded shared library C:\Users\Ric\.jdks\openjdk-22.0.2\bin\sunmscapi.dll
Event: 10.771 Loaded shared library C:\Users\Ric\.jdks\openjdk-22.0.2\bin\verify.dll

Deoptimization events (20 events):
Event: 18.032 Thread 0x000001c07ef6ea60 DEOPT PACKING pc=0x000001c0324b1778 sp=0x00000005ccefdb90
Event: 18.032 Thread 0x000001c07ef6ea60 DEOPT UNPACKING pc=0x000001c031d946a2 sp=0x00000005ccefdb28 mode 2
Event: 18.200 Thread 0x000001c07ef6ea60 Uncommon trap: trap_request=0xffffffde fr.pc=0x000001c032360854 relative=0x0000000000000174
Event: 18.200 Thread 0x000001c07ef6ea60 Uncommon trap: reason=class_check action=maybe_recompile pc=0x000001c032360854 method=org.springframework.boot.context.properties.source.ConfigurationPropertyName$Elements.charAt(II)C @ 43 c2
Event: 18.200 Thread 0x000001c07ef6ea60 DEOPT PACKING pc=0x000001c032360854 sp=0x00000005ccefbcd0
Event: 18.200 Thread 0x000001c07ef6ea60 DEOPT UNPACKING pc=0x000001c031d946a2 sp=0x00000005ccefbc48 mode 2
Event: 18.200 Thread 0x000001c07ef6ea60 Uncommon trap: trap_request=0xffffffde fr.pc=0x000001c032360854 relative=0x0000000000000174
Event: 18.200 Thread 0x000001c07ef6ea60 Uncommon trap: reason=class_check action=maybe_recompile pc=0x000001c032360854 method=org.springframework.boot.context.properties.source.ConfigurationPropertyName$Elements.charAt(II)C @ 43 c2
Event: 18.200 Thread 0x000001c07ef6ea60 DEOPT PACKING pc=0x000001c032360854 sp=0x00000005ccefbcd0
Event: 18.200 Thread 0x000001c07ef6ea60 DEOPT UNPACKING pc=0x000001c031d946a2 sp=0x00000005ccefbc48 mode 2
Event: 18.491 Thread 0x000001c07ef6ea60 Uncommon trap: trap_request=0xffffff45 fr.pc=0x000001c032373138 relative=0x00000000000000f8
Event: 18.491 Thread 0x000001c07ef6ea60 Uncommon trap: reason=unstable_if action=reinterpret pc=0x000001c032373138 method=java.lang.ref.ReferenceQueue.poll()Ljava/lang/ref/Reference; @ 4 c2
Event: 18.492 Thread 0x000001c07ef6ea60 DEOPT PACKING pc=0x000001c032373138 sp=0x00000005ccefe6b0
Event: 18.492 Thread 0x000001c07ef6ea60 DEOPT UNPACKING pc=0x000001c031d946a2 sp=0x00000005ccefe578 mode 2
Event: 18.540 Thread 0x000001c07ef6ea60 Uncommon trap: trap_request=0xffffff45 fr.pc=0x000001c0324a8fcc relative=0x00000000000010ec
Event: 18.540 Thread 0x000001c07ef6ea60 Uncommon trap: reason=unstable_if action=reinterpret pc=0x000001c0324a8fcc method=java.lang.String.<init>(Ljava/nio/charset/Charset;[BII)V @ 6 c2
Event: 18.540 Thread 0x000001c07ef6ea60 DEOPT PACKING pc=0x000001c0324a8fcc sp=0x00000005ccefdc10
Event: 18.540 Thread 0x000001c07ef6ea60 DEOPT UNPACKING pc=0x000001c031d946a2 sp=0x00000005ccefdbd0 mode 2
Event: 18.570 Thread 0x000001c07ef6ea60 DEOPT PACKING pc=0x000001c02b1dba6e sp=0x00000005ccefe480
Event: 18.570 Thread 0x000001c07ef6ea60 DEOPT UNPACKING pc=0x000001c031d94e42 sp=0x00000005ccefd958 mode 0

Classes loaded (20 events):
Event: 32.537 Loading class java/nio/channels/WritePendingException
Event: 32.537 Loading class java/nio/channels/WritePendingException done
Event: 32.560 Loading class java/util/concurrent/Semaphore
Event: 32.567 Loading class java/util/concurrent/Semaphore done
Event: 32.567 Loading class java/util/concurrent/Semaphore$NonfairSync
Event: 32.572 Loading class java/util/concurrent/Semaphore$Sync
Event: 32.572 Loading class java/util/concurrent/Semaphore$Sync done
Event: 32.572 Loading class java/util/concurrent/Semaphore$NonfairSync done
Event: 32.572 Loading class sun/nio/ch/SocketAdaptor
Event: 32.578 Loading class sun/nio/ch/SocketAdaptor done
Event: 32.578 Loading class sun/nio/ch/SocketChannelImpl$DefaultOptionsHolder
Event: 32.582 Loading class sun/nio/ch/SocketChannelImpl$DefaultOptionsHolder done
Event: 32.583 Loading class sun/nio/ch/SelectionKeyImpl
Event: 32.586 Loading class java/nio/channels/spi/AbstractSelectionKey
Event: 32.588 Loading class java/nio/channels/SelectionKey
Event: 32.588 Loading class java/nio/channels/SelectionKey done
Event: 32.588 Loading class java/nio/channels/spi/AbstractSelectionKey done
Event: 32.588 Loading class sun/nio/ch/SelectionKeyImpl done
Event: 32.589 Loading class java/lang/invoke/ConstantBootstraps
Event: 32.590 Loading class java/lang/invoke/ConstantBootstraps done

Classes unloaded (0 events):
No events

Classes redefined (0 events):
No events

Internal exceptions (20 events):
Event: 14.856 Thread 0x000001c07ef6ea60 Exception <a 'java/lang/NoSuchMethodError'{0x00000000c4eac368}: 'java.lang.Object java.lang.invoke.DirectMethodHandle$Holder.newInvokeSpecial(java.lang.Object, java.lang.Object, int, java.lang.Object, int, java.lang.Object, java.lang.Object)'> (0x00000000c4eac368) 
thrown [s\open\src\hotspot\share\interpreter\linkResolver.cpp, line 774]
Event: 14.867 Thread 0x000001c07ef6ea60 Exception <a 'java/lang/NoSuchMethodError'{0x00000000c4ef54b8}: 'java.lang.Object java.lang.invoke.DirectMethodHandle$Holder.newInvokeSpecial(java.lang.Object, java.lang.Object, java.lang.Object, java.lang.Object, java.lang.Object, java.lang.Object, java.lang.Object, int)'> (0x00000000c4ef54b8) 
thrown [s\open\src\hotspot\share\interpreter\linkResolver.cpp, line 774]
Event: 14.867 Thread 0x000001c07ef6ea60 Exception <a 'java/lang/NoSuchMethodError'{0x00000000c4ef9a48}: 'java.lang.Object java.lang.invoke.DirectMethodHandle$Holder.invokeSpecial(java.lang.Object, java.lang.Object, java.lang.Object, java.lang.Object, java.lang.Object, java.lang.Object, java.lang.Object, java.lang.Object, int)'> (0x00000000c4ef9a48) 
thrown [s\open\src\hotspot\share\interpreter\linkResolver.cpp, line 774]
Event: 14.868 Thread 0x000001c07ef6ea60 Exception <a 'java/lang/NoSuchMethodError'{0x00000000c4efda60}: 'java.lang.Object java.lang.invoke.Invokers$Holder.linkToTargetMethod(java.lang.Object, java.lang.Object, java.lang.Object, java.lang.Object, java.lang.Object, java.lang.Object, int, java.lang.Object)'> (0x00000000c4efda60) 
thrown [s\open\src\hotspot\share\interpreter\linkResolver.cpp, line 774]
Event: 14.905 Thread 0x000001c07ef6ea60 Exception <a 'java/lang/NoSuchMethodError'{0x00000000c4daae08}: 'void java.lang.invoke.DirectMethodHandle$Holder.invokeInterface(java.lang.Object, java.lang.Object)'> (0x00000000c4daae08) 
thrown [s\open\src\hotspot\share\interpreter\linkResolver.cpp, line 774]
Event: 15.278 Thread 0x000001c07ef6ea60 Exception <a 'java/lang/NoSuchMethodError'{0x00000000c49b75c0}: 'java.lang.Object java.lang.invoke.DirectMethodHandle$Holder.invokeSpecial(java.lang.Object, java.lang.Object, int, java.lang.Object, int)'> (0x00000000c49b75c0) 
thrown [s\open\src\hotspot\share\interpreter\linkResolver.cpp, line 774]
Event: 15.327 Thread 0x000001c07ef6ea60 Exception <a 'java/lang/NoSuchMethodError'{0x00000000c487fbc0}: 'void java.lang.invoke.Invokers$Holder.invokeExact_MT(java.lang.Object, java.lang.Object, java.lang.Object, java.lang.Object)'> (0x00000000c487fbc0) 
thrown [s\open\src\hotspot\share\interpreter\linkResolver.cpp, line 774]
Event: 15.371 Thread 0x000001c07ef6ea60 Implicit null exception at 0x000001c03256ca73 to 0x000001c03256ccdc
Event: 15.579 Thread 0x000001c07ef6ea60 Exception <a 'java/lang/IncompatibleClassChangeError'{0x00000000c579c930}: Found class java.lang.Object, but interface was expected> (0x00000000c579c930) 
thrown [s\open\src\hotspot\share\interpreter\linkResolver.cpp, line 841]
Event: 15.606 Thread 0x000001c07ef6ea60 Exception <a 'java/lang/IncompatibleClassChangeError'{0x00000000c563bd18}: Found class java.lang.Object, but interface was expected> (0x00000000c563bd18) 
thrown [s\open\src\hotspot\share\interpreter\linkResolver.cpp, line 841]
Event: 15.792 Thread 0x000001c07ef6ea60 Exception <a 'java/lang/IncompatibleClassChangeError'{0x00000000c55acc38}: Found class java.lang.Object, but interface was expected> (0x00000000c55acc38) 
thrown [s\open\src\hotspot\share\interpreter\linkResolver.cpp, line 841]
Event: 16.117 Thread 0x000001c07ef6ea60 Exception <a 'java/lang/IncompatibleClassChangeError'{0x00000000c4ec7950}: Found class java.lang.Object, but interface was expected> (0x00000000c4ec7950) 
thrown [s\open\src\hotspot\share\interpreter\linkResolver.cpp, line 841]
Event: 16.310 Thread 0x000001c07ef6ea60 Exception <a 'java/lang/IncompatibleClassChangeError'{0x00000000c5747808}: Found class java.lang.Object, but interface was expected> (0x00000000c5747808) 
thrown [s\open\src\hotspot\share\interpreter\linkResolver.cpp, line 841]
Event: 16.680 Thread 0x000001c07ef6ea60 Exception <a 'java/lang/NoSuchMethodError'{0x00000000c5038110}: 'java.lang.Object java.lang.invoke.DirectMethodHandle$Holder.newInvokeSpecial(java.lang.Object, java.lang.Object, java.lang.Object, java.lang.Object, java.lang.Object, java.lang.Object, java.lang.Object, java.lang.Object)'> (0x00000000c5038110) 
thrown [s\open\src\hotspot\share\interpreter\linkResolver.cpp, line 774]
Event: 17.606 Thread 0x000001c07ef6ea60 Exception <a 'java/lang/IncompatibleClassChangeError'{0x00000000c5384b60}: Found class java.lang.Object, but interface was expected> (0x00000000c5384b60) 
thrown [s\open\src\hotspot\share\interpreter\linkResolver.cpp, line 841]
Event: 17.888 Thread 0x000001c07ef6ea60 Exception <a 'java/lang/NoSuchMethodError'{0x00000000c4dbd868}: 'void java.lang.invoke.DirectMethodHandle$Holder.invokeVirtual(java.lang.Object, java.lang.Object, long)'> (0x00000000c4dbd868) 
thrown [s\open\src\hotspot\share\interpreter\linkResolver.cpp, line 774]
Event: 18.208 Thread 0x000001c07ef6ea60 Exception <a 'java/lang/IncompatibleClassChangeError'{0x00000000c5719b70}: Found class java.lang.Object, but interface was expected> (0x00000000c5719b70) 
thrown [s\open\src\hotspot\share\interpreter\linkResolver.cpp, line 841]
Event: 18.494 Thread 0x000001c07ef6ea60 Exception <a 'java/lang/NoSuchMethodError'{0x00000000c5247b58}: 'java.lang.Object java.lang.invoke.DirectMethodHandle$Holder.newInvokeSpecial(java.lang.Object, java.lang.Object, int, java.lang.Object, java.lang.Object)'> (0x00000000c5247b58) 
thrown [s\open\src\hotspot\share\interpreter\linkResolver.cpp, line 774]
Event: 32.710 Thread 0x000001c004b304e0 Exception <a 'java/lang/NoSuchMethodError'{0x00000000c4e9c928}: 'java.lang.Object java.lang.invoke.DirectMethodHandle$Holder.invokeSpecial(java.lang.Object, java.lang.Object, java.lang.Object, java.lang.Object, java.lang.Object, long)'> (0x00000000c4e9c928) 
thrown [s\open\src\hotspot\share\interpreter\linkResolver.cpp, line 774]
Event: 32.710 Thread 0x000001c004b304e0 Exception <a 'java/lang/NoSuchMethodError'{0x00000000c4ea00e8}: 'java.lang.Object java.lang.invoke.Invokers$Holder.linkToTargetMethod(java.lang.Object, java.lang.Object, java.lang.Object, long, java.lang.Object)'> (0x00000000c4ea00e8) 
thrown [s\open\src\hotspot\share\interpreter\linkResolver.cpp, line 774]

ZGC Phase Switch (0 events):
No events

VM Operations (20 events):
Event: 16.217 Executing VM operation: G1PauseCleanup
Event: 16.217 Executing VM operation: G1PauseCleanup done
Event: 17.166 Executing VM operation: HandshakeAllThreads (Deoptimize)
Event: 17.166 Executing VM operation: HandshakeAllThreads (Deoptimize) done
Event: 17.187 Executing VM operation: G1CollectForAllocation (G1 Evacuation Pause)
Event: 17.195 Executing VM operation: G1CollectForAllocation (G1 Evacuation Pause) done
Event: 17.252 Executing VM operation: HandshakeAllThreads (Deoptimize)
Event: 17.252 Executing VM operation: HandshakeAllThreads (Deoptimize) done
Event: 17.253 Executing VM operation: HandshakeAllThreads (Deoptimize)
Event: 17.253 Executing VM operation: HandshakeAllThreads (Deoptimize) done
Event: 17.927 Executing VM operation: HandshakeAllThreads (Deoptimize)
Event: 17.927 Executing VM operation: HandshakeAllThreads (Deoptimize) done
Event: 18.018 Executing VM operation: G1CollectForAllocation (G1 Evacuation Pause)
Event: 18.029 Executing VM operation: G1CollectForAllocation (G1 Evacuation Pause) done
Event: 18.491 Executing VM operation: HandshakeAllThreads (Deoptimize)
Event: 18.491 Executing VM operation: HandshakeAllThreads (Deoptimize) done
Event: 19.495 Executing VM operation: Cleanup
Event: 19.495 Executing VM operation: Cleanup done
Event: 24.509 Executing VM operation: Cleanup
Event: 24.509 Executing VM operation: Cleanup done

Memory protections (0 events):
No events

Nmethod flushes (20 events):
Event: 16.193 Thread 0x000001c02258c490 flushing  nmethod 0x000001c02ad11a10
Event: 16.193 Thread 0x000001c02258c490 flushing  nmethod 0x000001c02ad15290
Event: 16.193 Thread 0x000001c02258c490 flushing  nmethod 0x000001c02ad59810
Event: 16.193 Thread 0x000001c02258c490 flushing  nmethod 0x000001c02ad72e10
Event: 16.193 Thread 0x000001c02258c490 flushing  nmethod 0x000001c02ad73610
Event: 16.193 Thread 0x000001c02258c490 flushing  nmethod 0x000001c02ad73990
Event: 16.193 Thread 0x000001c02258c490 flushing  nmethod 0x000001c02ad73f10
Event: 16.193 Thread 0x000001c02258c490 flushing  nmethod 0x000001c02ad74890
Event: 16.193 Thread 0x000001c02258c490 flushing  nmethod 0x000001c02ad74d90
Event: 16.193 Thread 0x000001c02258c490 flushing  nmethod 0x000001c02ad8b190
Event: 16.193 Thread 0x000001c02258c490 flushing  nmethod 0x000001c02adb5b90
Event: 16.193 Thread 0x000001c02258c490 flushing  nmethod 0x000001c02ae5bb90
Event: 16.193 Thread 0x000001c02258c490 flushing  nmethod 0x000001c02aeec790
Event: 16.193 Thread 0x000001c02258c490 flushing  nmethod 0x000001c02aeedb90
Event: 16.193 Thread 0x000001c02258c490 flushing  nmethod 0x000001c02af41a90
Event: 16.193 Thread 0x000001c02258c490 flushing  nmethod 0x000001c02af43d10
Event: 16.193 Thread 0x000001c02258c490 flushing  nmethod 0x000001c02af45390
Event: 16.193 Thread 0x000001c02258c490 flushing  nmethod 0x000001c02af5ee90
Event: 16.193 Thread 0x000001c02258c490 flushing  nmethod 0x000001c02b03f790
Event: 16.193 Thread 0x000001c02258c490 flushing  nmethod 0x000001c02b043b10

Events (20 events):
Event: 18.454 Thread 0x000001c07ef6ea60 Thread added: 0x000001c004b2fe50
Event: 18.468 Thread 0x000001c07ef6ea60 Thread added: 0x000001c004b2d6f0
Event: 18.469 Thread 0x000001c004b2d6f0 Thread exited: 0x000001c004b2d6f0
Event: 18.469 Thread 0x000001c07ef6ea60 Thread added: 0x000001c004b2dd80
Event: 18.515 Thread 0x000001c07ef6ea60 Thread added: 0x000001c004b304e0
Event: 18.515 Thread 0x000001c07ef6ea60 Thread added: 0x000001c004b2eaa0
Event: 18.515 Thread 0x000001c07ef6ea60 Thread added: 0x000001c004b2d060
Event: 18.515 Thread 0x000001c07ef6ea60 Thread added: 0x000001c004b2d6f0
Event: 18.515 Thread 0x000001c07ef6ea60 Thread added: 0x000001c004b2e410
Event: 18.515 Thread 0x000001c07ef6ea60 Thread added: 0x000001c004b2f130
Event: 18.516 Thread 0x000001c07ef6ea60 Thread added: 0x000001c07e444660
Event: 18.516 Thread 0x000001c07ef6ea60 Thread added: 0x000001c00591b430
Event: 18.516 Thread 0x000001c07ef6ea60 Thread added: 0x000001c00591bac0
Event: 18.516 Thread 0x000001c07ef6ea60 Thread added: 0x000001c00591ef40
Event: 18.545 Thread 0x000001c07ef6ea60 Thread added: 0x000001c00591fc60
Event: 18.547 Thread 0x000001c07ef6ea60 Thread added: 0x000001c005921010
Event: 18.681 Thread 0x000001c07ef6ea60 Thread exited: 0x000001c07ef6ea60
Event: 18.690 Thread 0x000001c07ef6c510 Thread exited: 0x000001c07ef6c510
Event: 18.691 Thread 0x000001c0224cb460 Thread exited: 0x000001c0224cb460
Event: 18.691 Thread 0x000001c00591c150 Thread added: 0x000001c00591c150


Dynamic libraries:
0x00007ff647c90000 - 0x00007ff647c9e000 	C:\Users\Ric\.jdks\openjdk-22.0.2\bin\java.exe
0x00007ffba8310000 - 0x00007ffba8508000 	C:\Windows\SYSTEM32\ntdll.dll
0x00007ffba7800000 - 0x00007ffba78c1000 	C:\Windows\System32\KERNEL32.DLL
0x00007ffba5b20000 - 0x00007ffba5e1d000 	C:\Windows\System32\KERNELBASE.dll
0x00007ffba6010000 - 0x00007ffba6110000 	C:\Windows\System32\ucrtbase.dll
0x00007ffba1a80000 - 0x00007ffba1a97000 	C:\Users\Ric\.jdks\openjdk-22.0.2\bin\jli.dll
0x00007ffba0de0000 - 0x00007ffba0dfb000 	C:\Users\Ric\.jdks\openjdk-22.0.2\bin\VCRUNTIME140.dll
0x00007ffba7170000 - 0x00007ffba730d000 	C:\Windows\System32\USER32.dll
0x00007ffb938e0000 - 0x00007ffb93b7a000 	C:\Windows\WinSxS\amd64_microsoft.windows.common-controls_6595b64144ccf1df_6.0.19041.4355_none_60b8b9eb71f62e16\COMCTL32.dll
0x00007ffba5e50000 - 0x00007ffba5e72000 	C:\Windows\System32\win32u.dll
0x00007ffba7320000 - 0x00007ffba73be000 	C:\Windows\System32\msvcrt.dll
0x00007ffba7e10000 - 0x00007ffba7e3b000 	C:\Windows\System32\GDI32.dll
0x00007ffba5ef0000 - 0x00007ffba6007000 	C:\Windows\System32\gdi32full.dll
0x00007ffba6160000 - 0x00007ffba61fd000 	C:\Windows\System32\msvcp_win.dll
0x00007ffba77d0000 - 0x00007ffba77ff000 	C:\Windows\System32\IMM32.DLL
0x00007ffba2030000 - 0x00007ffba203c000 	C:\Users\Ric\.jdks\openjdk-22.0.2\bin\vcruntime140_1.dll
0x00007ffb965c0000 - 0x00007ffb9664e000 	C:\Users\Ric\.jdks\openjdk-22.0.2\bin\msvcp140.dll
0x00007ffb5abb0000 - 0x00007ffb5b8f9000 	C:\Users\Ric\.jdks\openjdk-22.0.2\bin\server\jvm.dll
0x00007ffba7a00000 - 0x00007ffba7ab0000 	C:\Windows\System32\ADVAPI32.dll
0x00007ffba7bc0000 - 0x00007ffba7c60000 	C:\Windows\System32\sechost.dll
0x00007ffba6bc0000 - 0x00007ffba6ce3000 	C:\Windows\System32\RPCRT4.dll
0x00007ffba5e20000 - 0x00007ffba5e47000 	C:\Windows\System32\bcrypt.dll
0x00007ffba7760000 - 0x00007ffba77cb000 	C:\Windows\System32\WS2_32.dll
0x00007ffba5770000 - 0x00007ffba57bb000 	C:\Windows\SYSTEM32\POWRPROF.dll
0x00007ffb936e0000 - 0x00007ffb93707000 	C:\Windows\SYSTEM32\WINMM.dll
0x00007ffb98890000 - 0x00007ffb9889a000 	C:\Windows\SYSTEM32\VERSION.dll
0x00007ffba5750000 - 0x00007ffba5762000 	C:\Windows\SYSTEM32\UMPDC.dll
0x00007ffba3800000 - 0x00007ffba3812000 	C:\Windows\SYSTEM32\kernel.appcore.dll
0x00007ffb9f950000 - 0x00007ffb9f95a000 	C:\Users\Ric\.jdks\openjdk-22.0.2\bin\jimage.dll
0x00007ffb8d780000 - 0x00007ffb8d964000 	C:\Windows\SYSTEM32\DBGHELP.DLL
0x00007ffb8d740000 - 0x00007ffb8d774000 	C:\Windows\SYSTEM32\dbgcore.DLL
0x00007ffba6200000 - 0x00007ffba6282000 	C:\Windows\System32\bcryptPrimitives.dll
0x00007ffb9eda0000 - 0x00007ffb9edaf000 	C:\Users\Ric\.jdks\openjdk-22.0.2\bin\instrument.dll
0x00007ffb9ed80000 - 0x00007ffb9ed9e000 	C:\Users\Ric\.jdks\openjdk-22.0.2\bin\java.dll
0x00007ffba6440000 - 0x00007ffba6baf000 	C:\Windows\System32\SHELL32.dll
0x00007ffba74a0000 - 0x00007ffba75cb000 	C:\Windows\System32\ole32.dll
0x00007ffba6cf0000 - 0x00007ffba7043000 	C:\Windows\System32\combase.dll
0x00007ffba3a00000 - 0x00007ffba41a3000 	C:\Windows\SYSTEM32\windows.storage.dll
0x00007ffba52a0000 - 0x00007ffba52ce000 	C:\Windows\SYSTEM32\Wldp.dll
0x00007ffba75d0000 - 0x00007ffba769d000 	C:\Windows\System32\OLEAUT32.dll
0x00007ffba78d0000 - 0x00007ffba797d000 	C:\Windows\System32\SHCORE.dll
0x00007ffba7700000 - 0x00007ffba7755000 	C:\Windows\System32\shlwapi.dll
0x00007ffba58f0000 - 0x00007ffba5914000 	C:\Windows\SYSTEM32\profapi.dll
0x00007ffb80d40000 - 0x00007ffb80e17000 	C:\Users\Ric\.jdks\openjdk-22.0.2\bin\jsvml.dll
0x00007ffb9eaf0000 - 0x00007ffb9eb07000 	C:\Users\Ric\.jdks\openjdk-22.0.2\bin\zip.dll
0x00007ffb9ed70000 - 0x00007ffb9ed80000 	C:\Users\Ric\.jdks\openjdk-22.0.2\bin\net.dll
0x00007ffba5080000 - 0x00007ffba50ea000 	C:\Windows\system32\mswsock.dll
0x00007ffb9ea90000 - 0x00007ffb9eaa6000 	C:\Users\Ric\.jdks\openjdk-22.0.2\bin\nio.dll
0x00007ffb9ea70000 - 0x00007ffb9ea8a000 	C:\Users\Ric\AppData\Local\Programs\IntelliJ IDEA Community Edition\bin\breakgen64.dll
0x00007ffb9ea60000 - 0x00007ffb9ea69000 	C:\Users\Ric\.jdks\openjdk-22.0.2\bin\extnet.dll
0x00007ffb9ea50000 - 0x00007ffb9ea5a000 	C:\Users\Ric\.jdks\openjdk-22.0.2\bin\management.dll
0x00007ffb9ea10000 - 0x00007ffb9ea1b000 	C:\Users\Ric\.jdks\openjdk-22.0.2\bin\management_ext.dll
0x00007ffba63d0000 - 0x00007ffba63d8000 	C:\Windows\System32\PSAPI.DLL
0x00007ffb9e9d0000 - 0x00007ffb9e9db000 	C:\Users\Ric\.jdks\openjdk-22.0.2\bin\le.dll
0x00007ffb9e9e0000 - 0x00007ffb9e9ee000 	C:\Users\Ric\.jdks\openjdk-22.0.2\bin\sunmscapi.dll
0x00007ffba59c0000 - 0x00007ffba5b1c000 	C:\Windows\System32\CRYPT32.dll
0x00007ffba5310000 - 0x00007ffba5339000 	C:\Windows\SYSTEM32\ncrypt.dll
0x00007ffba52d0000 - 0x00007ffba530b000 	C:\Windows\SYSTEM32\NTASN1.dll
0x00007ffba55f0000 - 0x00007ffba5608000 	C:\Windows\SYSTEM32\CRYPTSP.dll
0x00007ffba49c0000 - 0x00007ffba49f4000 	C:\Windows\system32\rsaenh.dll
0x00007ffba5870000 - 0x00007ffba589e000 	C:\Windows\SYSTEM32\USERENV.dll
0x00007ffba5210000 - 0x00007ffba521c000 	C:\Windows\SYSTEM32\CRYPTBASE.dll
0x00007ffba4d80000 - 0x00007ffba4dbb000 	C:\Windows\SYSTEM32\IPHLPAPI.DLL
0x00007ffba7310000 - 0x00007ffba7318000 	C:\Windows\System32\NSI.dll
0x00007ffb96910000 - 0x00007ffb96920000 	C:\Users\Ric\.jdks\openjdk-22.0.2\bin\verify.dll
0x00007ffba4dc0000 - 0x00007ffba4e8a000 	C:\Windows\SYSTEM32\DNSAPI.dll
0x00007ffb9b990000 - 0x00007ffb9b99a000 	C:\Windows\System32\rasadhlp.dll
0x00007ffb9df50000 - 0x00007ffb9dfd0000 	C:\Windows\System32\fwpuclnt.dll
0x00007ffb4e5b0000 - 0x00007ffb4e5b7000 	C:\Windows\system32\wshunix.dll

dbghelp: loaded successfully - version: 4.0.5 - missing functions: none
symbol engine: initialized successfully - sym options: 0x614 - pdb path: .;C:\Users\Ric\.jdks\openjdk-22.0.2\bin;C:\Windows\SYSTEM32;C:\Windows\WinSxS\amd64_microsoft.windows.common-controls_6595b64144ccf1df_6.0.19041.4355_none_60b8b9eb71f62e16;C:\Users\Ric\.jdks\openjdk-22.0.2\bin\server;C:\Users\Ric\AppData\Local\Programs\IntelliJ IDEA Community Edition\bin

VM Arguments:
jvm_args: -javaagent:C:\Users\Ric\AppData\Local\Programs\IntelliJ IDEA Community Edition\lib\idea_rt.jar=11633:C:\Users\Ric\AppData\Local\Programs\IntelliJ IDEA Community Edition\bin -Dfile.encoding=UTF-8 -Dsun.stdout.encoding=UTF-8 -Dsun.stderr.encoding=UTF-8 
java_command: com.hasnreziga.auteur.AuteurApplication
java_class_path (initial): C:\Users\Ric\Documents\projects\work\modules\modules\Auteur\target\classes;C:\Users\Ric\.m2\repository\org\springframework\boot\spring-boot-starter-web\3.3.3\spring-boot-starter-web-3.3.3.jar;C:\Users\Ric\.m2\repository\org\springframework\boot\spring-boot-starter\3.3.3\spring-boot-starter-3.3.3.jar;C:\Users\Ric\.m2\repository\org\springframework\boot\spring-boot-starter-logging\3.3.3\spring-boot-starter-logging-3.3.3.jar;C:\Users\Ric\.m2\repository\ch\qos\logback\logback-classic\1.5.7\logback-classic-1.5.7.jar;C:\Users\Ric\.m2\repository\ch\qos\logback\logback-core\1.5.7\logback-core-1.5.7.jar;C:\Users\Ric\.m2\repository\org\apache\logging\log4j\log4j-to-slf4j\2.23.1\log4j-to-slf4j-2.23.1.jar;C:\Users\Ric\.m2\repository\org\apache\logging\log4j\log4j-api\2.23.1\log4j-api-2.23.1.jar;C:\Users\Ric\.m2\repository\org\slf4j\jul-to-slf4j\2.0.16\jul-to-slf4j-2.0.16.jar;C:\Users\Ric\.m2\repository\jakarta\annotation\jakarta.annotation-api\2.1.1\jakarta.annotation-api-2.1.1.jar;C:\Users\Ric\.m2\repository\org\yaml\snakeyaml\2.2\snakeyaml-2.2.jar;C:\Users\Ric\.m2\repository\org\springframework\boot\spring-boot-starter-json\3.3.3\spring-boot-starter-json-3.3.3.jar;C:\Users\Ric\.m2\repository\com\fasterxml\jackson\core\jackson-databind\2.17.2\jackson-databind-2.17.2.jar;C:\Users\Ric\.m2\repository\com\fasterxml\jackson\core\jackson-annotations\2.17.2\jackson-annotations-2.17.2.jar;C:\Users\Ric\.m2\repository\com\fasterxml\jackson\core\jackson-core\2.17.2\jackson-core-2.17.2.jar;C:\Users\Ric\.m2\repository\com\fasterxml\jackson\datatype\jackson-datatype-jdk8\2.17.2\jackson-datatype-jdk8-2.17.2.jar;C:\Users\Ric\.m2\repository\com\fasterxml\jackson\datatype\jackson-datatype-jsr310\2.17.2\jackson-datatype-jsr310-2.17.2.jar;C:\Users\Ric\.m2\repository\com\fasterxml\jackson\module\jackson-module-parameter-names\2.17.2\jackson-module-parameter-names-2.17.2.jar;C:\Users\Ric\.m2\repository\org\springframework\boot\spring-boot-starter-tomcat\3.3.3\spring-boot-starter-tomcat-3.3.3.jar;C:\Users\Ric\.m2\repository\org\apache\tomcat\embed\tomcat-embed-core\10.1.28\tomcat-embed-core-10.1.28.jar;C:\Users\Ric\.m2\repository\org\apache\tomcat\embed\tomcat-embed-el\10.1.28\tomcat-embed-el-10.1.28.jar;C:\Users\Ric\.m2\repository\org\apache\tomcat\embed\tomcat-embed-websocket\10.1.28\tomcat-embed-websocket-10.1.28.jar;C:\Users\Ric\.m2\repository\org\springframework\spring-web\6.1.12\spring-web-6.1.12.jar;C:\Users\Ric\.m2\repository\org\springframework\spring-beans\6.1.12\spring-beans-6.1.12.jar;C:\Users\Ric\.m2\repository\io\micrometer\micrometer-observation\1.13.3\micrometer-observation-1.13.3.jar;C:\Users\Ric\.m2\repository\io\micrometer\micrometer-commons\1.13.3\micrometer-commons-1.13.3.jar;C:\Users\Ric\.m2\repository\org\springframework\spring-webmvc\6.1.12\spring-webmvc-6.1.12.jar;C:\Users\Ric\.m2\repository\org\springframework\spring-context\6.1.12\spring-context-6.1.12.jar;C:\Users\Ric\.m2\repository\org\springframework\spring-expression\6.1.12\spring-expression-6.1.12.jar;C:\Users\Ric\.m2\repository\org\springframework\boot\spring-boot-starter-thymeleaf\3.3.3\spring-boot-starter-thymeleaf-3.3.3.jar;C:\Users\Ric\.m2\repository\org\thymeleaf\thymeleaf-spring6\3.1.2.RELEASE\thymeleaf-spring6-3.1.2.RELEASE.jar;C:\Users\Ric\.m2\repository\org\thymeleaf\thymeleaf\3.1.2.RELEASE\thymeleaf-3.1.2.RELEASE.jar;C:\Users\Ric\.m2\repository\org\attoparser\attoparser\2.0.7.RELEASE\attoparser-2.0.7.RELEASE.jar;C:\Users\Ric\.m2\repository\org\unbescape\unbescape\1.1.6.RELEASE\unbescape-1.1.6.RELEASE.jar;C:\Users\Ric\.m2\repository\org\slf4j\slf4j-api\2.0.16\slf4j-api-2.0.16.jar;C:\Users\Ric\.m2\repository\org\springframework\boot\spring-boot-starter-security\3.3.3\spring-boot-starter-security-3.3.3.jar;C:\Users\Ric\.m2\repository\org\springframework\spring-aop\6.1.12\spring-aop-6.1.12.jar;C:\Users\Ric\.m2\repository\org\springframework\security\spring-security-config\6.3.3\spring-security-config-6.3.3.jar;C:\Users\Ric\.m2\repository\org\springframework\security\spring-security-web\6.3.3\spring-security-web-6.3.3.jar;C:\Users\Ric\.m2\repository\org\springframework\boot\spring-boot-starter-data-jpa\3.3.3\spring-boot-starter-data-jpa-3.3.3.jar;C:\Users\Ric\.m2\repository\org\springframework\boot\spring-boot-starter-aop\3.3.3\spring-boot-starter-aop-3.3.3.jar;C:\Users\Ric\.m2\repository\org\aspectj\aspectjweaver\1.9.22.1\aspectjweaver-1.9.22.1.jar;C:\Users\Ric\.m2\repository\org\springframework\boot\spring-boot-starter-jdbc\3.3.3\spring-boot-starter-jdbc-3.3.3.jar;C:\Users\Ric\.m2\repository\com\zaxxer\HikariCP\5.1.0\HikariCP-5.1.0.jar;C:\Users\Ric\.m2\repository\org\springframework\spring-jdbc\6.1.12\spring-jdbc-6.1.12.jar;C:\Users\Ric\.m2\repository\org\hibernate\orm\hibernate-core\6.5.2.Final\hibernate-core-6.5.2.Final.jar;C:\Users\Ric\.m2\repository\jakarta\persistence\jakarta.persistence-api\3.1.0\jakarta.persistence-api-3.1.0.jar;C:\Users\Ric\.m2\repository\jakarta\transaction\jakarta.transaction-api\2.0.1\jakarta.transaction-api-2.0.1.jar;C:\Users\Ric\.m2\repository\org\jboss\logging\jboss-logging\3.5.3.Final\jboss-logging-3.5.3.Final.jar;C:\Users\Ric\.m2\repository\org\hibernate\common\hibernate-commons-annotations\6.0.6.Final\hibernate-commons-annotations-6.0.6.Final.jar;C:\Users\Ric\.m2\repository\io\smallrye\jandex\3.1.2\jandex-3.1.2.jar;C:\Users\Ric\.m2\repository\com\fasterxml\classmate\1.7.0\classmate-1.7.0.jar;C:\Users\Ric\.m2\repository\net\bytebuddy\byte-buddy\1.14.19\byte-buddy-1.14.19.jar;C:\Users\Ric\.m2\repository\org\glassfish\jaxb\jaxb-runtime\4.0.5\jaxb-runtime-4.0.5.jar;C:\Users\Ric\.m2\repository\org\glassfish\jaxb\jaxb-core\4.0.5\jaxb-core-4.0.5.jar;C:\Users\Ric\.m2\repository\org\eclipse\angus\angus-activation\2.0.2\angus-activation-2.0.2.jar;C:\Users\Ric\.m2\repository\org\glassfish\jaxb\txw2\4.0.5\txw2-4.0.5.jar;C:\Users\Ric\.m2\repository\com\sun\istack\istack-commons-runtime\4.1.2\istack-commons-runtime-4.1.2.jar;C:\Users\Ric\.m2\repository\jakarta\inject\jakarta.inject-api\2.0.1\jakarta.inject-api-2.0.1.jar;C:\Users\Ric\.m2\repository\org\antlr\antlr4-runtime\4.13.0\antlr4-runtime-4.13.0.jar;C:\Users\Ric\.m2\repository\org\springframework\data\spring-data-jpa\3.3.3\spring-data-jpa-3.3.3.jar;C:\Users\Ric\.m2\repository\org\springframework\data\spring-data-commons\3.3.3\spring-data-commons-3.3.3.jar;C:\Users\Ric\.m2\repository\org\springframework\spring-orm\6.1.12\spring-orm-6.1.12.jar;C:\Users\Ric\.m2\repository\org\springframework\spring-tx\6.1.12\spring-tx-6.1.12.jar;C:\Users\Ric\.m2\repository\org\springframework\spring-aspects\6.1.12\spring-aspects-6.1.12.jar;C:\Users\Ric\.m2\repository\org\projectlombok\lombok\1.18.34\lombok-1.18.34.jar;C:\Users\Ric\.m2\repository\org\postgresql\postgresql\42.7.3\postgresql-42.7.3.jar;C:\Users\Ric\.m2\repository\org\checkerframework\checker-qual\3.42.0\checker-qual-3.42.0.jar;C:\Users\Ric\.m2\repository\org\springframework\boot\spring-boot-devtools\3.3.3\spring-boot-devtools-3.3.3.jar;C:\Users\Ric\.m2\repository\org\springframework\boot\spring-boot\3.3.3\spring-boot-3.3.3.jar;C:\Users\Ric\.m2\repository\org\springframework\boot\spring-boot-autoconfigure\3.3.3\spring-boot-autoconfigure-3.3.3.jar;C:\Users\Ric\.m2\repository\jakarta\xml\bind\jakarta.xml.bind-api\4.0.2\jakarta.xml.bind-api-4.0.2.jar;C:\Users\Ric\.m2\repository\jakarta\activation\jakarta.activation-api\2.1.3\jakarta.activation-api-2.1.3.jar;C:\Users\Ric\.m2\repository\org\springframework\spring-core\6.1.12\spring-core-6.1.12.jar;C:\Users\Ric\.m2\repository\org\springframework\spring-jcl\6.1.12\spring-jcl-6.1.12.jar;C:\Users\Ric\.m2\repository\org\springframework\security\spring-security-core\6.3.3\spring-security-core-6.3.3.jar;C:\Users\Ric\.m2\repository\org\springframework\security\spring-security-crypto\6.3.3\spring-security-crypto-6.3.3.jar
Launcher Type: SUN_STANDARD

[Global flags]
     intx CICompilerCount                          = 3                                         {product} {ergonomic}
     uint ConcGCThreads                            = 1                                         {product} {ergonomic}
     uint G1ConcRefinementThreads                  = 4                                         {product} {ergonomic}
   size_t G1HeapRegionSize                         = 1048576                                   {product} {ergonomic}
   size_t InitialHeapSize                          = 65011712                                  {product} {ergonomic}
   size_t MarkStackSize                            = 4194304                                   {product} {ergonomic}
   size_t MaxHeapSize                              = 1031798784                                {product} {ergonomic}
   size_t MaxNewSize                               = 618659840                                 {product} {ergonomic}
   size_t MinHeapDeltaBytes                        = 1048576                                   {product} {ergonomic}
   size_t MinHeapSize                              = 8388608                                   {product} {ergonomic}
    uintx NonNMethodCodeHeapSize                   = 5832780                                {pd product} {ergonomic}
    uintx NonProfiledCodeHeapSize                  = 122912730                              {pd product} {ergonomic}
    uintx ProfiledCodeHeapSize                     = 122912730                              {pd product} {ergonomic}
    uintx ReservedCodeCacheSize                    = 251658240                              {pd product} {ergonomic}
     bool SegmentedCodeCache                       = true                                      {product} {ergonomic}
   size_t SoftMaxHeapSize                          = 1031798784                             {manageable} {ergonomic}
     bool UseCompressedOops                        = true                           {product lp64_product} {ergonomic}
     bool UseG1GC                                  = true                                      {product} {ergonomic}
     bool UseLargePagesIndividualAllocation        = false                                  {pd product} {ergonomic}

Logging:
Log output configuration:
 #0: stdout all=warning uptime,level,tags foldmultilines=false
 #1: stderr all=off uptime,level,tags foldmultilines=false

Environment Variables:
PATH=C:\Program Files\Common Files\Oracle\Java\javapath;C:\Windows\system32;C:\Windows;C:\Windows\System32\Wbem;C:\Windows\System32\WindowsPowerShell\v1.0\;C:\Windows\System32\OpenSSH\;C:\Program Files\Microsoft SQL Server\150\Tools\Binn\;C:\Program Files\Git\bin;C:\Users\Ric\AppData\Roaming\nvm;C:\Program Files\nodejs;C:\Program Files\Docker\Docker\resources\bin;C:\Users\Ric\AppData\Local\Programs\Python\Python311\Scripts\;C:\Users\Ric\AppData\Local\Programs\Python\Python311\;C:\Users\Ric\AppData\Local\Microsoft\WindowsApps;C:\Users\Ric\.dotnet\tools;C:\Users\Ric\AppData\Local\Programs\Microsoft VS Code\bin;C:\dev\flutter\bin;C:\Users\Ric\AppData\Roaming\npm;C:\Users\Ric\AppData\Roaming\nvm;C:\Program Files\nodejs;C:\Users\Ric\AppData\Local\JetBrains\Toolbox\scripts;C:\Users\Ric\modelio\Modelio Open Source 5.4\plugins\org.apache.ant_1.10.9.v20201106-1946\META-INF;C:\Users\Ric\Documents\projects\work\biblio;C:\Program Files\PostgreSQL\16\bin;
USERNAME=Ric
OS=Windows_NT
PROCESSOR_IDENTIFIER=Intel64 Family 6 Model 58 Stepping 9, GenuineIntel
TMP=C:\Users\Ric\AppData\Local\Temp
TEMP=C:\Users\Ric\AppData\Local\Temp




Periodic native trim disabled

---------------  S Y S T E M  ---------------

OS:
 Windows 10 , 64 bit Build 19041 (10.0.19041.4842)
OS uptime: 0 days 1:46 hours
Hyper-V role detected

CPU: total 4 (initial active 4) (2 cores per cpu, 2 threads per core) family 6 model 58 stepping 9 microcode 0x21, cx8, cmov, fxsr, ht, mmx, sse, sse2, sse3, ssse3, sse4.1, sse4.2, popcnt, tsc, tscinvbit, avx, aes, erms, clmul, vzeroupper, clflush, hv, rdtscp, f16c
Processor Information for all 4 processors :
  Max Mhz: 2501, Current Mhz: 2501, Mhz Limit: 2501

Memory: 4k page, system-wide physical 3933M (303M free)
TotalPageFile size 8109M (AvailPageFile size 42M)
current process WorkingSet (physical memory assigned to process): 220M, peak: 247M
current process commit charge ("private bytes"): 255M, peak: 277M

vm_info: OpenJDK 64-Bit Server VM (22.0.2+9-70) for windows-amd64 JRE (22.0.2+9-70), built on 2024-06-04T16:52:23Z by "mach5one" with MS VC++ 17.6 (VS2022)

END.
